Fri Jul 29 23:28:47 2022       
+-----------------------------------------------------------------------------+
| NVIDIA-SMI 460.80       Driver Version: 460.80       CUDA Version: 11.2     |
|-------------------------------+----------------------+----------------------+
| GPU  Name        Persistence-M| Bus-Id        Disp.A | Volatile Uncorr. ECC |
| Fan  Temp  Perf  Pwr:Usage/Cap|         Memory-Usage | GPU-Util  Compute M. |
|                               |                      |               MIG M. |
|===============================+======================+======================|
|   0  GeForce RTX 3090    Off  | 00000000:3D:00.0 Off |                  N/A |
| 39%   25C    P8    26W / 350W |      0MiB / 24268MiB |      0%      Default |
|                               |                      |                  N/A |
+-------------------------------+----------------------+----------------------+
                                                                               
+-----------------------------------------------------------------------------+
| Processes:                                                                  |
|  GPU   GI   CI        PID   Type   Process name                  GPU Memory |
|        ID   ID                                                   Usage      |
|=============================================================================|
|  No running processes found                                                 |
+-----------------------------------------------------------------------------+
nvcc: NVIDIA (R) Cuda compiler driver
Copyright (c) 2005-2020 NVIDIA Corporation
Built on Mon_Oct_12_20:09:46_PDT_2020
Cuda compilation tools, release 11.1, V11.1.105
Build cuda_11.1.TC455_06.29190527_0
START
2022-07-29 23:30:30.895321
Namespace(batch_size=2, ckpt='/gpfsnyu/scratch/yw3642/hf-models/microsoft_deberta-large-mnli', epochs=30, exp=18, gradient_checkpointing=True, lr=1e-05, max_len=2048, mlm_prob=0.3, seed=-1, weight_decay=0.0)
seed= 2591
n_train=15594
{'loss': 10.473, 'learning_rate': 1.0580992689495961e-07, 'epoch': 0.06}
{'loss': 7.9418, 'learning_rate': 2.1268864093027235e-07, 'epoch': 0.13}
{'loss': 7.1988, 'learning_rate': 3.1956735496558503e-07, 'epoch': 0.19}
{'loss': 6.9933, 'learning_rate': 4.264460690008978e-07, 'epoch': 0.26}
{'loss': 6.8232, 'learning_rate': 5.333247830362105e-07, 'epoch': 0.32}
{'loss': 6.6093, 'learning_rate': 6.402034970715234e-07, 'epoch': 0.38}
{'loss': 6.169, 'learning_rate': 7.47082211106836e-07, 'epoch': 0.45}
{'loss': 5.6929, 'learning_rate': 8.539609251421488e-07, 'epoch': 0.51}
{'loss': 5.3113, 'learning_rate': 9.608396391774615e-07, 'epoch': 0.58}
{'loss': 5.0027, 'learning_rate': 1.0677183532127742e-06, 'epoch': 0.64}
{'loss': 4.765, 'learning_rate': 1.1745970672480868e-06, 'epoch': 0.71}
{'loss': 4.5321, 'learning_rate': 1.2814757812833997e-06, 'epoch': 0.77}
{'loss': 4.3064, 'learning_rate': 1.3883544953187126e-06, 'epoch': 0.83}
{'loss': 4.1427, 'learning_rate': 1.4950194519259544e-06, 'epoch': 0.9}
{'loss': 3.9478, 'learning_rate': 1.6018981659612673e-06, 'epoch': 0.96}
{'loss': 3.7851, 'learning_rate': 1.7087768799965801e-06, 'epoch': 1.03}
{'loss': 3.5949, 'learning_rate': 1.8156555940318926e-06, 'epoch': 1.09}
{'loss': 3.4952, 'learning_rate': 1.9225343080672055e-06, 'epoch': 1.15}
{'loss': 3.3494, 'learning_rate': 2.029413022102518e-06, 'epoch': 1.22}
{'loss': 3.2174, 'learning_rate': 2.136291736137831e-06, 'epoch': 1.28}
{'loss': 3.0741, 'learning_rate': 2.243170450173144e-06, 'epoch': 1.35}
{'loss': 2.9991, 'learning_rate': 2.3500491642084565e-06, 'epoch': 1.41}
{'loss': 2.8623, 'learning_rate': 2.456927878243769e-06, 'epoch': 1.47}
{'loss': 2.8054, 'learning_rate': 2.5635928348510114e-06, 'epoch': 1.54}
{'loss': 2.7342, 'learning_rate': 2.6702577914582533e-06, 'epoch': 1.6}
{'loss': 2.6497, 'learning_rate': 2.7771365054935663e-06, 'epoch': 1.67}
{'loss': 2.5774, 'learning_rate': 2.884015219528879e-06, 'epoch': 1.73}
{'loss': 2.5484, 'learning_rate': 2.9908939335641916e-06, 'epoch': 1.8}
{'loss': 2.4432, 'learning_rate': 3.0977726475995047e-06, 'epoch': 1.86}
{'loss': 2.3863, 'learning_rate': 3.204651361634817e-06, 'epoch': 1.92}
{'loss': 2.3747, 'learning_rate': 3.3113163182420592e-06, 'epoch': 1.99}
{'loss': 2.3287, 'learning_rate': 3.4181950322773723e-06, 'epoch': 2.05}
{'loss': 2.2921, 'learning_rate': 3.5250737463126845e-06, 'epoch': 2.12}
{'loss': 2.2293, 'learning_rate': 3.631952460347997e-06, 'epoch': 2.18}
{'loss': 2.1972, 'learning_rate': 3.73883117438331e-06, 'epoch': 2.24}
{'loss': 2.1384, 'learning_rate': 3.845709888418623e-06, 'epoch': 2.31}
{'loss': 2.1456, 'learning_rate': 3.952588602453936e-06, 'epoch': 2.37}
{'loss': 2.0853, 'learning_rate': 4.059467316489248e-06, 'epoch': 2.44}
{'loss': 2.082, 'learning_rate': 4.166346030524561e-06, 'epoch': 2.5}
{'loss': 2.0631, 'learning_rate': 4.273010987131803e-06, 'epoch': 2.57}
{'loss': 2.0342, 'learning_rate': 4.379889701167116e-06, 'epoch': 2.63}
{'loss': 2.0147, 'learning_rate': 4.486554657774358e-06, 'epoch': 2.69}
{'loss': 1.9753, 'learning_rate': 4.593433371809671e-06, 'epoch': 2.76}
{'loss': 1.9481, 'learning_rate': 4.700312085844983e-06, 'epoch': 2.82}
{'loss': 1.9751, 'learning_rate': 4.8071907998802964e-06, 'epoch': 2.89}
{'loss': 1.9391, 'learning_rate': 4.9140695139156095e-06, 'epoch': 2.95}
{'loss': 1.8909, 'learning_rate': 5.020948227950922e-06, 'epoch': 3.01}
{'loss': 1.8829, 'learning_rate': 5.127613184558164e-06, 'epoch': 3.08}
{'loss': 1.8557, 'learning_rate': 5.234491898593477e-06, 'epoch': 3.14}
{'loss': 1.8415, 'learning_rate': 5.341370612628789e-06, 'epoch': 3.21}
{'loss': 1.8293, 'learning_rate': 5.448249326664102e-06, 'epoch': 3.27}
{'loss': 1.808, 'learning_rate': 5.555128040699414e-06, 'epoch': 3.33}
{'loss': 1.8164, 'learning_rate': 5.662006754734728e-06, 'epoch': 3.4}
{'loss': 1.8037, 'learning_rate': 5.76888546877004e-06, 'epoch': 3.46}
{'loss': 1.7718, 'learning_rate': 5.875764182805353e-06, 'epoch': 3.53}
{'loss': 1.7594, 'learning_rate': 5.982642896840666e-06, 'epoch': 3.59}
{'loss': 1.7412, 'learning_rate': 6.089521610875978e-06, 'epoch': 3.66}
{'loss': 1.751, 'learning_rate': 6.195972810055149e-06, 'epoch': 3.72}
{'loss': 1.7175, 'learning_rate': 6.302851524090463e-06, 'epoch': 3.78}
{'loss': 1.7134, 'learning_rate': 6.4097302381257755e-06, 'epoch': 3.85}
{'loss': 1.6867, 'learning_rate': 6.516608952161088e-06, 'epoch': 3.91}
{'loss': 1.7029, 'learning_rate': 6.623487666196401e-06, 'epoch': 3.98}
{'loss': 1.6738, 'learning_rate': 6.730366380231713e-06, 'epoch': 4.04}
{'loss': 1.6789, 'learning_rate': 6.837245094267026e-06, 'epoch': 4.1}
{'loss': 1.6805, 'learning_rate': 6.943910050874269e-06, 'epoch': 4.17}
{'loss': 1.6254, 'learning_rate': 7.050788764909581e-06, 'epoch': 4.23}
{'loss': 1.6433, 'learning_rate': 7.157667478944894e-06, 'epoch': 4.3}
{'loss': 1.609, 'learning_rate': 7.264332435552136e-06, 'epoch': 4.36}
{'loss': 1.6208, 'learning_rate': 7.371211149587448e-06, 'epoch': 4.42}
{'loss': 1.6041, 'learning_rate': 7.478089863622761e-06, 'epoch': 4.49}
{'loss': 1.5935, 'learning_rate': 7.5849685776580735e-06, 'epoch': 4.55}
{'loss': 1.624, 'learning_rate': 7.691847291693387e-06, 'epoch': 4.62}
{'loss': 1.5871, 'learning_rate': 7.798726005728699e-06, 'epoch': 4.68}
{'loss': 1.5666, 'learning_rate': 7.905604719764013e-06, 'epoch': 4.75}
{'loss': 1.5708, 'learning_rate': 8.012483433799325e-06, 'epoch': 4.81}
{'loss': 1.579, 'learning_rate': 8.119362147834637e-06, 'epoch': 4.87}
{'loss': 1.5863, 'learning_rate': 8.22602710444188e-06, 'epoch': 4.94}
{'loss': 1.5625, 'learning_rate': 8.332905818477193e-06, 'epoch': 5.0}
{'loss': 1.5123, 'learning_rate': 8.439784532512505e-06, 'epoch': 5.07}
{'loss': 1.5418, 'learning_rate': 8.546663246547819e-06, 'epoch': 5.13}
{'loss': 1.5245, 'learning_rate': 8.653541960583131e-06, 'epoch': 5.19}
{'loss': 1.496, 'learning_rate': 8.760420674618444e-06, 'epoch': 5.26}
{'loss': 1.5428, 'learning_rate': 8.867299388653756e-06, 'epoch': 5.32}
{'loss': 1.5461, 'learning_rate': 8.97417810268907e-06, 'epoch': 5.39}
{'loss': 1.527, 'learning_rate': 9.080843059296312e-06, 'epoch': 5.45}
{'loss': 1.5131, 'learning_rate': 9.187294258475483e-06, 'epoch': 5.51}
{'loss': 1.5126, 'learning_rate': 9.294172972510795e-06, 'epoch': 5.58}
{'loss': 1.5033, 'learning_rate': 9.40105168654611e-06, 'epoch': 5.64}
{'loss': 1.4848, 'learning_rate': 9.507930400581421e-06, 'epoch': 5.71}
{'loss': 1.5114, 'learning_rate': 9.614595357188663e-06, 'epoch': 5.77}
{'loss': 1.4796, 'learning_rate': 9.721474071223977e-06, 'epoch': 5.84}
{'loss': 1.4829, 'learning_rate': 9.828139027831219e-06, 'epoch': 5.9}
{'loss': 1.4891, 'learning_rate': 9.934803984438461e-06, 'epoch': 5.96}
{'loss': 1.4727, 'learning_rate': 9.989579325381558e-06, 'epoch': 6.03}
{'loss': 1.4441, 'learning_rate': 9.96285964687273e-06, 'epoch': 6.09}
{'loss': 1.4631, 'learning_rate': 9.936139968363901e-06, 'epoch': 6.16}
{'loss': 1.4491, 'learning_rate': 9.909420289855073e-06, 'epoch': 6.22}
{'loss': 1.4358, 'learning_rate': 9.882700611346246e-06, 'epoch': 6.28}
{'loss': 1.438, 'learning_rate': 9.855980932837417e-06, 'epoch': 6.35}
{'loss': 1.4318, 'learning_rate': 9.829261254328589e-06, 'epoch': 6.41}
{'loss': 1.4373, 'learning_rate': 9.80254157581976e-06, 'epoch': 6.48}
{'loss': 1.4253, 'learning_rate': 9.775821897310932e-06, 'epoch': 6.54}
{'loss': 1.4374, 'learning_rate': 9.749102218802105e-06, 'epoch': 6.61}
{'loss': 1.429, 'learning_rate': 9.722382540293275e-06, 'epoch': 6.67}
{'loss': 1.4309, 'learning_rate': 9.695662861784447e-06, 'epoch': 6.73}
{'loss': 1.4333, 'learning_rate': 9.66894318327562e-06, 'epoch': 6.8}
{'loss': 1.4315, 'learning_rate': 9.642223504766791e-06, 'epoch': 6.86}
{'loss': 1.4265, 'learning_rate': 9.61555726561498e-06, 'epoch': 6.93}
{'loss': 1.3884, 'learning_rate': 9.588837587106152e-06, 'epoch': 6.99}
{'loss': 1.39, 'learning_rate': 9.562117908597326e-06, 'epoch': 7.05}
{'loss': 1.4068, 'learning_rate': 9.535398230088495e-06, 'epoch': 7.12}
{'loss': 1.4113, 'learning_rate': 9.508731990936687e-06, 'epoch': 7.18}
{'loss': 1.3748, 'learning_rate': 9.482012312427858e-06, 'epoch': 7.25}
{'loss': 1.3695, 'learning_rate': 9.45529263391903e-06, 'epoch': 7.31}
{'loss': 1.3785, 'learning_rate': 9.428572955410201e-06, 'epoch': 7.37}
{'loss': 1.3795, 'learning_rate': 9.401853276901373e-06, 'epoch': 7.44}
{'loss': 1.3685, 'learning_rate': 9.375187037749562e-06, 'epoch': 7.5}
{'loss': 1.3681, 'learning_rate': 9.348467359240735e-06, 'epoch': 7.57}
{'loss': 1.3874, 'learning_rate': 9.321747680731907e-06, 'epoch': 7.63}
{'loss': 1.3526, 'learning_rate': 9.295028002223078e-06, 'epoch': 7.7}
{'loss': 1.3606, 'learning_rate': 9.26830832371425e-06, 'epoch': 7.76}
{'loss': 1.3484, 'learning_rate': 9.241588645205422e-06, 'epoch': 7.82}
{'loss': 1.3692, 'learning_rate': 9.214922406053611e-06, 'epoch': 7.89}
{'loss': 1.3587, 'learning_rate': 9.188202727544783e-06, 'epoch': 7.95}
{'loss': 1.3489, 'learning_rate': 9.161483049035956e-06, 'epoch': 8.02}
{'loss': 1.338, 'learning_rate': 9.134763370527127e-06, 'epoch': 8.08}
{'loss': 1.3262, 'learning_rate': 9.108097131375317e-06, 'epoch': 8.14}
{'loss': 1.3434, 'learning_rate': 9.081377452866488e-06, 'epoch': 8.21}
{'loss': 1.3251, 'learning_rate': 9.05465777435766e-06, 'epoch': 8.27}
{'loss': 1.3466, 'learning_rate': 9.027938095848831e-06, 'epoch': 8.34}
{'loss': 1.3123, 'learning_rate': 9.001271856697021e-06, 'epoch': 8.4}
{'loss': 1.3414, 'learning_rate': 8.974552178188192e-06, 'epoch': 8.46}
{'loss': 1.3313, 'learning_rate': 8.947832499679364e-06, 'epoch': 8.53}
{'loss': 1.3172, 'learning_rate': 8.921166260527554e-06, 'epoch': 8.59}
{'loss': 1.3158, 'learning_rate': 8.894446582018725e-06, 'epoch': 8.66}
{'loss': 1.3181, 'learning_rate': 8.867726903509898e-06, 'epoch': 8.72}
{'loss': 1.34, 'learning_rate': 8.84100722500107e-06, 'epoch': 8.79}
{'loss': 1.3193, 'learning_rate': 8.814287546492241e-06, 'epoch': 8.85}
{'loss': 1.3101, 'learning_rate': 8.78762130734043e-06, 'epoch': 8.91}
{'loss': 1.2832, 'learning_rate': 8.760901628831602e-06, 'epoch': 8.98}
{'loss': 1.2998, 'learning_rate': 8.734181950322774e-06, 'epoch': 9.04}
{'loss': 1.2892, 'learning_rate': 8.707462271813947e-06, 'epoch': 9.11}
{'loss': 1.2872, 'learning_rate': 8.680742593305119e-06, 'epoch': 9.17}
{'loss': 1.3045, 'learning_rate': 8.65402291479629e-06, 'epoch': 9.23}
{'loss': 1.308, 'learning_rate': 8.627303236287462e-06, 'epoch': 9.3}
{'loss': 1.2944, 'learning_rate': 8.600583557778633e-06, 'epoch': 9.36}
{'loss': 1.3154, 'learning_rate': 8.573863879269805e-06, 'epoch': 9.43}
{'loss': 1.2811, 'learning_rate': 8.547144200760978e-06, 'epoch': 9.49}
{'loss': 1.3106, 'learning_rate': 8.520531400966184e-06, 'epoch': 9.55}
{'loss': 1.2913, 'learning_rate': 8.493811722457355e-06, 'epoch': 9.62}
{'loss': 1.3006, 'learning_rate': 8.467092043948529e-06, 'epoch': 9.68}
{'loss': 1.2667, 'learning_rate': 8.4403723654397e-06, 'epoch': 9.75}
{'loss': 1.3006, 'learning_rate': 8.413652686930872e-06, 'epoch': 9.81}
{'loss': 1.2792, 'learning_rate': 8.386933008422043e-06, 'epoch': 9.88}
{'loss': 1.2826, 'learning_rate': 8.360213329913215e-06, 'epoch': 9.94}
{'loss': 1.3145, 'learning_rate': 8.333600530118422e-06, 'epoch': 10.0}
{'loss': 1.2714, 'learning_rate': 8.306880851609594e-06, 'epoch': 10.07}
{'loss': 1.2692, 'learning_rate': 8.280161173100765e-06, 'epoch': 10.13}
{'loss': 1.2689, 'learning_rate': 8.253441494591937e-06, 'epoch': 10.2}
{'loss': 1.2699, 'learning_rate': 8.22672181608311e-06, 'epoch': 10.26}
{'loss': 1.2631, 'learning_rate': 8.200002137574281e-06, 'epoch': 10.32}
{'loss': 1.2568, 'learning_rate': 8.173282459065453e-06, 'epoch': 10.39}
{'loss': 1.2597, 'learning_rate': 8.146562780556624e-06, 'epoch': 10.45}
{'loss': 1.2725, 'learning_rate': 8.119843102047796e-06, 'epoch': 10.52}
{'loss': 1.2637, 'learning_rate': 8.09312342353897e-06, 'epoch': 10.58}
{'loss': 1.2395, 'learning_rate': 8.06640374503014e-06, 'epoch': 10.65}
{'loss': 1.2647, 'learning_rate': 8.039684066521312e-06, 'epoch': 10.71}
{'loss': 1.2316, 'learning_rate': 8.012964388012484e-06, 'epoch': 10.77}
{'loss': 1.2537, 'learning_rate': 7.986244709503655e-06, 'epoch': 10.84}
{'loss': 1.238, 'learning_rate': 7.959578470351845e-06, 'epoch': 10.9}
{'loss': 1.2551, 'learning_rate': 7.932912231200034e-06, 'epoch': 10.97}
{'loss': 1.2383, 'learning_rate': 7.906192552691206e-06, 'epoch': 11.03}
{'loss': 1.2452, 'learning_rate': 7.879472874182379e-06, 'epoch': 11.09}
{'loss': 1.2479, 'learning_rate': 7.85275319567355e-06, 'epoch': 11.16}
{'loss': 1.2261, 'learning_rate': 7.826033517164722e-06, 'epoch': 11.22}
{'loss': 1.2253, 'learning_rate': 7.799367278012912e-06, 'epoch': 11.29}
{'loss': 1.2504, 'learning_rate': 7.772647599504083e-06, 'epoch': 11.35}
{'loss': 1.2383, 'learning_rate': 7.745927920995255e-06, 'epoch': 11.41}
{'loss': 1.2358, 'learning_rate': 7.719208242486426e-06, 'epoch': 11.48}
{'loss': 1.2209, 'learning_rate': 7.6924885639776e-06, 'epoch': 11.54}
{'loss': 1.2585, 'learning_rate': 7.665822324825787e-06, 'epoch': 11.61}
{'loss': 1.2149, 'learning_rate': 7.63910264631696e-06, 'epoch': 11.67}
{'loss': 1.2329, 'learning_rate': 7.612382967808132e-06, 'epoch': 11.74}
{'loss': 1.2491, 'learning_rate': 7.5857167286563215e-06, 'epoch': 11.8}
{'loss': 1.2227, 'learning_rate': 7.558997050147493e-06, 'epoch': 11.86}
{'loss': 1.2186, 'learning_rate': 7.5322773716386654e-06, 'epoch': 11.93}
{'loss': 1.2187, 'learning_rate': 7.505557693129837e-06, 'epoch': 11.99}
{'loss': 1.1998, 'learning_rate': 7.4788380146210085e-06, 'epoch': 12.06}
{'loss': 1.2274, 'learning_rate': 7.452118336112181e-06, 'epoch': 12.12}
{'loss': 1.2084, 'learning_rate': 7.425398657603352e-06, 'epoch': 12.18}
{'loss': 1.2094, 'learning_rate': 7.398678979094525e-06, 'epoch': 12.25}
{'loss': 1.2192, 'learning_rate': 7.371959300585696e-06, 'epoch': 12.31}
{'loss': 1.2212, 'learning_rate': 7.345293061433886e-06, 'epoch': 12.38}
{'loss': 1.2085, 'learning_rate': 7.318573382925057e-06, 'epoch': 12.44}
{'loss': 1.236, 'learning_rate': 7.291907143773247e-06, 'epoch': 12.5}
{'loss': 1.2132, 'learning_rate': 7.265187465264418e-06, 'epoch': 12.57}
{'loss': 1.2056, 'learning_rate': 7.238467786755591e-06, 'epoch': 12.63}
{'loss': 1.2132, 'learning_rate': 7.211801547603779e-06, 'epoch': 12.7}
{'loss': 1.193, 'learning_rate': 7.185081869094952e-06, 'epoch': 12.76}
{'loss': 1.2164, 'learning_rate': 7.158362190586123e-06, 'epoch': 12.83}
{'loss': 1.221, 'learning_rate': 7.131642512077295e-06, 'epoch': 12.89}
{'loss': 1.1875, 'learning_rate': 7.104922833568467e-06, 'epoch': 12.95}
{'loss': 1.1976, 'learning_rate': 7.078203155059639e-06, 'epoch': 13.02}
{'loss': 1.1829, 'learning_rate': 7.051483476550811e-06, 'epoch': 13.08}
{'loss': 1.2146, 'learning_rate': 7.024763798041983e-06, 'epoch': 13.15}
{'loss': 1.2102, 'learning_rate': 6.998097558890172e-06, 'epoch': 13.21}
{'loss': 1.1771, 'learning_rate': 6.971377880381344e-06, 'epoch': 13.27}
{'loss': 1.1859, 'learning_rate': 6.944658201872516e-06, 'epoch': 13.34}
{'loss': 1.1719, 'learning_rate': 6.9179385233636875e-06, 'epoch': 13.4}
{'loss': 1.2067, 'learning_rate': 6.891218844854859e-06, 'epoch': 13.47}
{'loss': 1.1854, 'learning_rate': 6.864499166346031e-06, 'epoch': 13.53}
{'loss': 1.2049, 'learning_rate': 6.837779487837203e-06, 'epoch': 13.59}
{'loss': 1.1817, 'learning_rate': 6.8111132486853925e-06, 'epoch': 13.66}
{'loss': 1.1863, 'learning_rate': 6.784393570176564e-06, 'epoch': 13.72}
{'loss': 1.1969, 'learning_rate': 6.7577273310247535e-06, 'epoch': 13.79}
{'loss': 1.1916, 'learning_rate': 6.731007652515925e-06, 'epoch': 13.85}
{'loss': 1.1984, 'learning_rate': 6.704287974007097e-06, 'epoch': 13.92}
{'loss': 1.1809, 'learning_rate': 6.677568295498269e-06, 'epoch': 13.98}
{'loss': 1.1856, 'learning_rate': 6.6508486169894405e-06, 'epoch': 14.04}
{'loss': 1.1594, 'learning_rate': 6.624128938480613e-06, 'epoch': 14.11}
{'loss': 1.1947, 'learning_rate': 6.597409259971784e-06, 'epoch': 14.17}
{'loss': 1.1761, 'learning_rate': 6.570689581462957e-06, 'epoch': 14.24}
{'loss': 1.1559, 'learning_rate': 6.543969902954128e-06, 'epoch': 14.3}
{'loss': 1.1727, 'learning_rate': 6.5172502244453e-06, 'epoch': 14.36}
{'loss': 1.1569, 'learning_rate': 6.490530545936472e-06, 'epoch': 14.43}
{'loss': 1.1731, 'learning_rate': 6.463810867427644e-06, 'epoch': 14.49}
{'loss': 1.1867, 'learning_rate': 6.437091188918816e-06, 'epoch': 14.56}
{'loss': 1.1885, 'learning_rate': 6.410424949767005e-06, 'epoch': 14.62}
{'loss': 1.169, 'learning_rate': 6.383705271258177e-06, 'epoch': 14.69}
{'loss': 1.1601, 'learning_rate': 6.3569855927493486e-06, 'epoch': 14.75}
{'loss': 1.1882, 'learning_rate': 6.33026591424052e-06, 'epoch': 14.81}
{'loss': 1.1872, 'learning_rate': 6.3035462357316925e-06, 'epoch': 14.88}
{'loss': 1.1594, 'learning_rate': 6.276826557222864e-06, 'epoch': 14.94}
{'loss': 1.1767, 'learning_rate': 6.250106878714036e-06, 'epoch': 15.01}
{'loss': 1.1339, 'learning_rate': 6.223387200205208e-06, 'epoch': 15.07}
{'loss': 1.1682, 'learning_rate': 6.196667521696379e-06, 'epoch': 15.13}
{'loss': 1.1443, 'learning_rate': 6.169947843187552e-06, 'epoch': 15.2}
{'loss': 1.1575, 'learning_rate': 6.143228164678723e-06, 'epoch': 15.26}
{'loss': 1.1361, 'learning_rate': 6.116508486169896e-06, 'epoch': 15.33}
{'loss': 1.1595, 'learning_rate': 6.089788807661067e-06, 'epoch': 15.39}
{'loss': 1.1452, 'learning_rate': 6.063069129152238e-06, 'epoch': 15.45}
{'loss': 1.1705, 'learning_rate': 6.036402890000428e-06, 'epoch': 15.52}
{'loss': 1.1587, 'learning_rate': 6.009683211491599e-06, 'epoch': 15.58}
{'loss': 1.1685, 'learning_rate': 5.982963532982772e-06, 'epoch': 15.65}
{'loss': 1.1498, 'learning_rate': 5.956243854473943e-06, 'epoch': 15.71}
{'loss': 1.1577, 'learning_rate': 5.929577615322133e-06, 'epoch': 15.78}
{'loss': 1.1799, 'learning_rate': 5.902857936813305e-06, 'epoch': 15.84}
{'loss': 1.1356, 'learning_rate': 5.876138258304477e-06, 'epoch': 15.9}
{'loss': 1.1625, 'learning_rate': 5.8494185797956486e-06, 'epoch': 15.97}
{'loss': 1.1431, 'learning_rate': 5.822698901286821e-06, 'epoch': 16.03}
{'loss': 1.1394, 'learning_rate': 5.7959792227779924e-06, 'epoch': 16.1}
{'loss': 1.1607, 'learning_rate': 5.769312983626182e-06, 'epoch': 16.16}
{'loss': 1.135, 'learning_rate': 5.742646744474371e-06, 'epoch': 16.22}
{'loss': 1.1292, 'learning_rate': 5.715927065965543e-06, 'epoch': 16.29}
{'loss': 1.1318, 'learning_rate': 5.6892073874567146e-06, 'epoch': 16.35}
{'loss': 1.1423, 'learning_rate': 5.662487708947887e-06, 'epoch': 16.42}
{'loss': 1.138, 'learning_rate': 5.6357680304390584e-06, 'epoch': 16.48}
{'loss': 1.1514, 'learning_rate': 5.60904835193023e-06, 'epoch': 16.54}
{'loss': 1.1125, 'learning_rate': 5.582328673421402e-06, 'epoch': 16.61}
{'loss': 1.1192, 'learning_rate': 5.555608994912574e-06, 'epoch': 16.67}
{'loss': 1.1367, 'learning_rate': 5.528942755760763e-06, 'epoch': 16.74}
{'loss': 1.1339, 'learning_rate': 5.502223077251935e-06, 'epoch': 16.8}
{'loss': 1.1317, 'learning_rate': 5.475503398743107e-06, 'epoch': 16.87}
{'loss': 1.132, 'learning_rate': 5.448783720234279e-06, 'epoch': 16.93}
{'loss': 1.1456, 'learning_rate': 5.42206404172545e-06, 'epoch': 16.99}
{'loss': 1.1274, 'learning_rate': 5.395344363216623e-06, 'epoch': 17.06}
{'loss': 1.1133, 'learning_rate': 5.368624684707794e-06, 'epoch': 17.12}
{'loss': 1.1059, 'learning_rate': 5.3419050061989666e-06, 'epoch': 17.19}
{'loss': 1.1316, 'learning_rate': 5.315185327690138e-06, 'epoch': 17.25}
{'loss': 1.1221, 'learning_rate': 5.288465649181309e-06, 'epoch': 17.31}
{'loss': 1.1261, 'learning_rate': 5.261799410029499e-06, 'epoch': 17.38}
{'loss': 1.1262, 'learning_rate': 5.235079731520671e-06, 'epoch': 17.44}
{'loss': 1.1256, 'learning_rate': 5.208360053011843e-06, 'epoch': 17.51}
{'loss': 1.1405, 'learning_rate': 5.1816938138600326e-06, 'epoch': 17.57}
{'loss': 1.1343, 'learning_rate': 5.154974135351204e-06, 'epoch': 17.63}
{'loss': 1.1401, 'learning_rate': 5.128254456842376e-06, 'epoch': 17.7}
{'loss': 1.1152, 'learning_rate': 5.101588217690565e-06, 'epoch': 17.76}
{'loss': 1.1176, 'learning_rate': 5.074868539181737e-06, 'epoch': 17.83}
{'loss': 1.1358, 'learning_rate': 5.048148860672909e-06, 'epoch': 17.89}
{'loss': 1.1144, 'learning_rate': 5.0214291821640805e-06, 'epoch': 17.96}
{'loss': 1.1236, 'learning_rate': 4.994709503655252e-06, 'epoch': 18.02}
{'loss': 1.1079, 'learning_rate': 4.967989825146424e-06, 'epoch': 18.08}
{'loss': 1.0867, 'learning_rate': 4.941270146637596e-06, 'epoch': 18.15}
{'loss': 1.1013, 'learning_rate': 4.914550468128768e-06, 'epoch': 18.21}
{'loss': 1.1242, 'learning_rate': 4.88783078961994e-06, 'epoch': 18.28}
{'loss': 1.1151, 'learning_rate': 4.861111111111111e-06, 'epoch': 18.34}
{'loss': 1.1082, 'learning_rate': 4.834391432602284e-06, 'epoch': 18.4}
{'loss': 1.1122, 'learning_rate': 4.807671754093455e-06, 'epoch': 18.47}
{'loss': 1.1112, 'learning_rate': 4.780952075584627e-06, 'epoch': 18.53}
{'loss': 1.1136, 'learning_rate': 4.754285836432816e-06, 'epoch': 18.6}
{'loss': 1.1024, 'learning_rate': 4.727566157923989e-06, 'epoch': 18.66}
{'loss': 1.0892, 'learning_rate': 4.70084647941516e-06, 'epoch': 18.73}
{'loss': 1.1149, 'learning_rate': 4.674126800906332e-06, 'epoch': 18.79}
{'loss': 1.1056, 'learning_rate': 4.647460561754521e-06, 'epoch': 18.85}
{'loss': 1.1158, 'learning_rate': 4.620740883245693e-06, 'epoch': 18.92}
{'loss': 1.1129, 'learning_rate': 4.594021204736865e-06, 'epoch': 18.98}
{'loss': 1.1146, 'learning_rate': 4.567301526228037e-06, 'epoch': 19.05}
{'loss': 1.1007, 'learning_rate': 4.540581847719209e-06, 'epoch': 19.11}
{'loss': 1.1051, 'learning_rate': 4.513915608567398e-06, 'epoch': 19.17}
{'loss': 1.0881, 'learning_rate': 4.48719593005857e-06, 'epoch': 19.24}
{'loss': 1.1097, 'learning_rate': 4.460476251549742e-06, 'epoch': 19.3}
{'loss': 1.0845, 'learning_rate': 4.433756573040914e-06, 'epoch': 19.37}
{'loss': 1.0952, 'learning_rate': 4.4070368945320855e-06, 'epoch': 19.43}
{'loss': 1.0772, 'learning_rate': 4.380317216023257e-06, 'epoch': 19.49}
{'loss': 1.1033, 'learning_rate': 4.353597537514429e-06, 'epoch': 19.56}
{'loss': 1.0842, 'learning_rate': 4.326877859005601e-06, 'epoch': 19.62}
{'loss': 1.0942, 'learning_rate': 4.300158180496772e-06, 'epoch': 19.69}
{'loss': 1.0925, 'learning_rate': 4.273438501987944e-06, 'epoch': 19.75}
{'loss': 1.0899, 'learning_rate': 4.246772262836134e-06, 'epoch': 19.82}
{'loss': 1.0989, 'learning_rate': 4.220106023684323e-06, 'epoch': 19.88}
{'loss': 1.0953, 'learning_rate': 4.193439784532513e-06, 'epoch': 19.94}
{'loss': 1.0921, 'learning_rate': 4.166720106023685e-06, 'epoch': 20.01}
{'loss': 1.0993, 'learning_rate': 4.140000427514856e-06, 'epoch': 20.07}
{'loss': 1.0812, 'learning_rate': 4.113280749006029e-06, 'epoch': 20.14}
{'loss': 1.0731, 'learning_rate': 4.0865610704972e-06, 'epoch': 20.2}
{'loss': 1.0908, 'learning_rate': 4.059841391988372e-06, 'epoch': 20.26}
{'loss': 1.0935, 'learning_rate': 4.033121713479543e-06, 'epoch': 20.33}
{'loss': 1.0957, 'learning_rate': 4.006402034970716e-06, 'epoch': 20.39}
{'loss': 1.0806, 'learning_rate': 3.979735795818904e-06, 'epoch': 20.46}
{'loss': 1.0909, 'learning_rate': 3.953016117310077e-06, 'epoch': 20.52}
{'loss': 1.0777, 'learning_rate': 3.926296438801248e-06, 'epoch': 20.58}
{'loss': 1.0718, 'learning_rate': 3.899576760292421e-06, 'epoch': 20.65}
{'loss': 1.0983, 'learning_rate': 3.872857081783592e-06, 'epoch': 20.71}
{'loss': 1.0655, 'learning_rate': 3.846190842631782e-06, 'epoch': 20.78}
{'loss': 1.1037, 'learning_rate': 3.819471164122954e-06, 'epoch': 20.84}
{'loss': 1.0759, 'learning_rate': 3.7927514856141256e-06, 'epoch': 20.91}
{'loss': 1.0624, 'learning_rate': 3.766031807105297e-06, 'epoch': 20.97}
{'loss': 1.0698, 'learning_rate': 3.739312128596469e-06, 'epoch': 21.03}
{'loss': 1.0889, 'learning_rate': 3.712592450087641e-06, 'epoch': 21.1}
{'loss': 1.0844, 'learning_rate': 3.68592621093583e-06, 'epoch': 21.16}
{'loss': 1.0392, 'learning_rate': 3.659206532427002e-06, 'epoch': 21.23}
{'loss': 1.051, 'learning_rate': 3.632486853918174e-06, 'epoch': 21.29}
{'loss': 1.0875, 'learning_rate': 3.605767175409346e-06, 'epoch': 21.35}
{'loss': 1.0762, 'learning_rate': 3.579100936257535e-06, 'epoch': 21.42}
{'loss': 1.0786, 'learning_rate': 3.552381257748707e-06, 'epoch': 21.48}
{'loss': 1.0739, 'learning_rate': 3.525661579239879e-06, 'epoch': 21.55}
{'loss': 1.0769, 'learning_rate': 3.4989419007310504e-06, 'epoch': 21.61}
{'loss': 1.0626, 'learning_rate': 3.4722222222222224e-06, 'epoch': 21.68}
{'loss': 1.06, 'learning_rate': 3.4455025437133943e-06, 'epoch': 21.74}
{'loss': 1.0752, 'learning_rate': 3.4188363045615834e-06, 'epoch': 21.8}
{'loss': 1.0925, 'learning_rate': 3.3921166260527554e-06, 'epoch': 21.87}
{'loss': 1.0824, 'learning_rate': 3.3653969475439273e-06, 'epoch': 21.93}
{'loss': 1.0751, 'learning_rate': 3.3386772690350993e-06, 'epoch': 22.0}
{'loss': 1.0583, 'learning_rate': 3.3119575905262712e-06, 'epoch': 22.06}
{'loss': 1.0567, 'learning_rate': 3.2852379120174427e-06, 'epoch': 22.12}
{'loss': 1.0517, 'learning_rate': 3.2585182335086147e-06, 'epoch': 22.19}
{'loss': 1.0627, 'learning_rate': 3.2317985549997866e-06, 'epoch': 22.25}
{'loss': 1.0703, 'learning_rate': 3.2050788764909586e-06, 'epoch': 22.32}
{'loss': 1.0727, 'learning_rate': 3.17835919798213e-06, 'epoch': 22.38}
{'loss': 1.0531, 'learning_rate': 3.1516929588303196e-06, 'epoch': 22.44}
{'loss': 1.0592, 'learning_rate': 3.1249732803214916e-06, 'epoch': 22.51}
{'loss': 1.0676, 'learning_rate': 3.098253601812663e-06, 'epoch': 22.57}
{'loss': 1.063, 'learning_rate': 3.0715873626608526e-06, 'epoch': 22.64}
{'loss': 1.0545, 'learning_rate': 3.0448676841520246e-06, 'epoch': 22.7}
{'loss': 1.0674, 'learning_rate': 3.018148005643196e-06, 'epoch': 22.77}
{'loss': 1.059, 'learning_rate': 2.991428327134368e-06, 'epoch': 22.83}
{'loss': 1.0674, 'learning_rate': 2.96470864862554e-06, 'epoch': 22.89}
{'loss': 1.0571, 'learning_rate': 2.937988970116712e-06, 'epoch': 22.96}
{'loss': 1.0638, 'learning_rate': 2.911269291607884e-06, 'epoch': 23.02}
{'loss': 1.0594, 'learning_rate': 2.8845496130990554e-06, 'epoch': 23.09}
{'loss': 1.043, 'learning_rate': 2.8578299345902273e-06, 'epoch': 23.15}
{'loss': 1.0341, 'learning_rate': 2.831163695438417e-06, 'epoch': 23.21}
{'loss': 1.0727, 'learning_rate': 2.8044440169295884e-06, 'epoch': 23.28}
{'loss': 1.0597, 'learning_rate': 2.7777243384207603e-06, 'epoch': 23.34}
{'loss': 1.0499, 'learning_rate': 2.7510046599119323e-06, 'epoch': 23.41}
{'loss': 1.0607, 'learning_rate': 2.7243384207601214e-06, 'epoch': 23.47}
{'loss': 1.0566, 'learning_rate': 2.6976721816083113e-06, 'epoch': 23.53}
{'loss': 1.0663, 'learning_rate': 2.6709525030994833e-06, 'epoch': 23.6}
{'loss': 1.0595, 'learning_rate': 2.6442328245906544e-06, 'epoch': 23.66}
{'loss': 1.0462, 'learning_rate': 2.6175131460818263e-06, 'epoch': 23.73}
{'loss': 1.0744, 'learning_rate': 2.5908469069300163e-06, 'epoch': 23.79}
{'loss': 1.0628, 'learning_rate': 2.564127228421188e-06, 'epoch': 23.86}
{'loss': 1.0437, 'learning_rate': 2.5374075499123597e-06, 'epoch': 23.92}
{'loss': 1.0601, 'learning_rate': 2.5106878714035317e-06, 'epoch': 23.98}
{'loss': 1.0259, 'learning_rate': 2.483968192894703e-06, 'epoch': 24.05}
{'loss': 1.0274, 'learning_rate': 2.457248514385875e-06, 'epoch': 24.11}
{'loss': 1.0566, 'learning_rate': 2.4305288358770467e-06, 'epoch': 24.18}
{'loss': 1.0531, 'learning_rate': 2.4038091573682186e-06, 'epoch': 24.24}
{'loss': 1.0512, 'learning_rate': 2.3770894788593905e-06, 'epoch': 24.3}
{'loss': 1.0636, 'learning_rate': 2.3503698003505625e-06, 'epoch': 24.37}
{'loss': 1.0348, 'learning_rate': 2.3236501218417344e-06, 'epoch': 24.43}
{'loss': 1.0463, 'learning_rate': 2.296930443332906e-06, 'epoch': 24.5}
{'loss': 1.0307, 'learning_rate': 2.2702642041810955e-06, 'epoch': 24.56}
{'loss': 1.0375, 'learning_rate': 2.2435445256722674e-06, 'epoch': 24.62}
{'loss': 1.0491, 'learning_rate': 2.216878286520457e-06, 'epoch': 24.69}
{'loss': 1.062, 'learning_rate': 2.190212047368646e-06, 'epoch': 24.75}
{'loss': 1.0299, 'learning_rate': 2.163492368859818e-06, 'epoch': 24.82}
{'loss': 1.0487, 'learning_rate': 2.13677269035099e-06, 'epoch': 24.88}
{'loss': 1.0369, 'learning_rate': 2.1100530118421615e-06, 'epoch': 24.95}
{'loss': 1.0463, 'learning_rate': 2.0833333333333334e-06, 'epoch': 25.01}
{'loss': 1.0401, 'learning_rate': 2.0566136548245054e-06, 'epoch': 25.07}
{'loss': 1.0253, 'learning_rate': 2.0298939763156773e-06, 'epoch': 25.14}
{'loss': 1.035, 'learning_rate': 2.003174297806849e-06, 'epoch': 25.2}
{'loss': 1.0316, 'learning_rate': 1.9764546192980208e-06, 'epoch': 25.27}
{'loss': 1.047, 'learning_rate': 1.949841819503228e-06, 'epoch': 25.33}
{'loss': 1.0309, 'learning_rate': 1.9231221409944e-06, 'epoch': 25.39}
{'loss': 1.0446, 'learning_rate': 1.8964024624855714e-06, 'epoch': 25.46}
{'loss': 1.0285, 'learning_rate': 1.8696827839767433e-06, 'epoch': 25.52}
{'loss': 1.0306, 'learning_rate': 1.842963105467915e-06, 'epoch': 25.59}
{'loss': 1.0329, 'learning_rate': 1.816243426959087e-06, 'epoch': 25.65}
{'loss': 1.0357, 'learning_rate': 1.7895237484502587e-06, 'epoch': 25.72}
{'loss': 1.0336, 'learning_rate': 1.7628040699414307e-06, 'epoch': 25.78}
{'loss': 1.0553, 'learning_rate': 1.7360843914326026e-06, 'epoch': 25.84}
{'loss': 1.0328, 'learning_rate': 1.7093647129237741e-06, 'epoch': 25.91}
{'loss': 1.0435, 'learning_rate': 1.682645034414946e-06, 'epoch': 25.97}
{'loss': 1.0257, 'learning_rate': 1.6559253559061178e-06, 'epoch': 26.04}
{'loss': 1.0271, 'learning_rate': 1.6292056773972897e-06, 'epoch': 26.1}
{'loss': 1.0276, 'learning_rate': 1.6024859988884615e-06, 'epoch': 26.16}
{'loss': 1.0287, 'learning_rate': 1.5757663203796334e-06, 'epoch': 26.23}
{'loss': 1.0163, 'learning_rate': 1.5491535205848403e-06, 'epoch': 26.29}
{'loss': 1.041, 'learning_rate': 1.5224338420760123e-06, 'epoch': 26.36}
{'loss': 1.0223, 'learning_rate': 1.495714163567184e-06, 'epoch': 26.42}
{'loss': 1.0398, 'learning_rate': 1.468994485058356e-06, 'epoch': 26.48}
{'loss': 1.0091, 'learning_rate': 1.4422748065495277e-06, 'epoch': 26.55}
{'loss': 1.0224, 'learning_rate': 1.4155551280406996e-06, 'epoch': 26.61}
{'loss': 1.0517, 'learning_rate': 1.3888354495318711e-06, 'epoch': 26.68}
{'loss': 1.0344, 'learning_rate': 1.362115771023043e-06, 'epoch': 26.74}
{'loss': 1.035, 'learning_rate': 1.3354495318712326e-06, 'epoch': 26.81}
{'loss': 1.0452, 'learning_rate': 1.3087832927194222e-06, 'epoch': 26.87}
{'loss': 1.0343, 'learning_rate': 1.282063614210594e-06, 'epoch': 26.93}
{'loss': 1.0129, 'learning_rate': 1.2553439357017658e-06, 'epoch': 27.0}
{'loss': 1.0099, 'learning_rate': 1.2286242571929376e-06, 'epoch': 27.06}
{'loss': 1.0213, 'learning_rate': 1.2019045786841093e-06, 'epoch': 27.13}
{'loss': 1.0263, 'learning_rate': 1.1751849001752812e-06, 'epoch': 27.19}
{'loss': 1.0376, 'learning_rate': 1.1485186610234706e-06, 'epoch': 27.25}
{'loss': 1.0138, 'learning_rate': 1.1217989825146425e-06, 'epoch': 27.32}
{'loss': 1.041, 'learning_rate': 1.0950793040058142e-06, 'epoch': 27.38}
{'loss': 1.0184, 'learning_rate': 1.068359625496986e-06, 'epoch': 27.45}
{'loss': 1.0523, 'learning_rate': 1.041639946988158e-06, 'epoch': 27.51}
{'loss': 1.0153, 'learning_rate': 1.0149202684793296e-06, 'epoch': 27.57}
{'loss': 1.0128, 'learning_rate': 9.882540293275192e-07, 'epoch': 27.64}
{'loss': 1.0309, 'learning_rate': 9.615877901757087e-07, 'epoch': 27.7}
{'loss': 1.0244, 'learning_rate': 9.348681116668805e-07, 'epoch': 27.77}
{'loss': 1.0241, 'learning_rate': 9.081484331580523e-07, 'epoch': 27.83}
{'loss': 1.0157, 'learning_rate': 8.814287546492241e-07, 'epoch': 27.9}
{'loss': 1.0275, 'learning_rate': 8.547090761403959e-07, 'epoch': 27.96}
{'loss': 1.0124, 'learning_rate': 8.280428369885854e-07, 'epoch': 28.02}
{'loss': 1.0282, 'learning_rate': 8.013231584797572e-07, 'epoch': 28.09}
{'loss': 1.0163, 'learning_rate': 7.74603479970929e-07, 'epoch': 28.15}
{'loss': 1.0123, 'learning_rate': 7.478838014621009e-07, 'epoch': 28.22}
{'loss': 1.0202, 'learning_rate': 7.212175623102903e-07, 'epoch': 28.28}
{'loss': 1.0194, 'learning_rate': 6.944978838014621e-07, 'epoch': 28.34}
{'loss': 1.0153, 'learning_rate': 6.67778205292634e-07, 'epoch': 28.41}
{'loss': 1.0223, 'learning_rate': 6.410585267838059e-07, 'epoch': 28.47}
{'loss': 1.0198, 'learning_rate': 6.143388482749777e-07, 'epoch': 28.54}
{'loss': 1.0364, 'learning_rate': 5.876191697661494e-07, 'epoch': 28.6}
{'loss': 1.0421, 'learning_rate': 5.608994912573213e-07, 'epoch': 28.66}
{'loss': 1.0134, 'learning_rate': 5.34179812748493e-07, 'epoch': 28.73}
{'loss': 1.0039, 'learning_rate': 5.074601342396648e-07, 'epoch': 28.79}
{'loss': 1.0303, 'learning_rate': 4.807404557308367e-07, 'epoch': 28.86}
{'loss': 1.0136, 'learning_rate': 4.540207772220085e-07, 'epoch': 28.92}
{'loss': 1.0109, 'learning_rate': 4.273010987131803e-07, 'epoch': 28.99}
{'loss': 1.0259, 'learning_rate': 4.006348595613698e-07, 'epoch': 29.05}
{'loss': 1.019, 'learning_rate': 3.7396862040955925e-07, 'epoch': 29.11}
{'loss': 1.0236, 'learning_rate': 3.4724894190073104e-07, 'epoch': 29.18}
{'loss': 1.0113, 'learning_rate': 3.2052926339190293e-07, 'epoch': 29.24}
{'loss': 1.0097, 'learning_rate': 2.938095848830747e-07, 'epoch': 29.31}
{'loss': 1.013, 'learning_rate': 2.670899063742465e-07, 'epoch': 29.37}
{'loss': 1.0347, 'learning_rate': 2.4037022786541833e-07, 'epoch': 29.43}
{'loss': 1.0204, 'learning_rate': 2.1365054935659014e-07, 'epoch': 29.5}
{'loss': 1.027, 'learning_rate': 1.8693087084776198e-07, 'epoch': 29.56}
{'loss': 1.0357, 'learning_rate': 1.602111923389338e-07, 'epoch': 29.63}
{'loss': 1.0108, 'learning_rate': 1.334915138301056e-07, 'epoch': 29.69}
{'loss': 1.0061, 'learning_rate': 1.0677183532127742e-07, 'epoch': 29.76}
{'loss': 1.0142, 'learning_rate': 8.005215681244923e-08, 'epoch': 29.82}
{'loss': 1.0047, 'learning_rate': 5.338591766063871e-08, 'epoch': 29.88}
{'loss': 1.0269, 'learning_rate': 2.6666239151810528e-08, 'epoch': 29.95}
{'train_runtime': 97106.7113, 'train_samples_per_second': 4.818, 'train_steps_per_second': 2.409, 'train_loss': 1.4448887182012864, 'epoch': 30.0}
FINISH
