Thu Jul 14 23:49:38 2022       
+-----------------------------------------------------------------------------+
| NVIDIA-SMI 460.80       Driver Version: 460.80       CUDA Version: 11.2     |
|-------------------------------+----------------------+----------------------+
| GPU  Name        Persistence-M| Bus-Id        Disp.A | Volatile Uncorr. ECC |
| Fan  Temp  Perf  Pwr:Usage/Cap|         Memory-Usage | GPU-Util  Compute M. |
|                               |                      |               MIG M. |
|===============================+======================+======================|
|   0  GeForce RTX 3090    Off  | 00000000:47:00.0 Off |                  N/A |
| 39%   34C    P8    22W / 350W |      0MiB / 24268MiB |      0%      Default |
|                               |                      |                  N/A |
+-------------------------------+----------------------+----------------------+
                                                                               
+-----------------------------------------------------------------------------+
| Processes:                                                                  |
|  GPU   GI   CI        PID   Type   Process name                  GPU Memory |
|        ID   ID                                                   Usage      |
|=============================================================================|
|  No running processes found                                                 |
+-----------------------------------------------------------------------------+
nvcc: NVIDIA (R) Cuda compiler driver
Copyright (c) 2005-2020 NVIDIA Corporation
Built on Mon_Oct_12_20:09:46_PDT_2020
Cuda compilation tools, release 11.1, V11.1.105
Build cuda_11.1.TC455_06.29190527_0
START
2022-07-14 23:50:43.602925
Namespace(batch_size=2, ckpt='/gpfsnyu/scratch/yw3642/hf-models/funnel-transformer_intermediate-base', epochs=30, exp=14, gradient_checkpointing=False, lr=5e-06, max_len=1024, mlm_prob=0.3, seed=-1, weight_decay=0.0)
seed= 7186
n_train=15594
{'loss': 12.0023, 'learning_rate': 5.226369116326793e-08, 'epoch': 0.06}
{'loss': 10.6138, 'learning_rate': 1.0548929075285368e-07, 'epoch': 0.13}
{'loss': 8.3107, 'learning_rate': 1.587148903424394e-07, 'epoch': 0.19}
{'loss': 7.0955, 'learning_rate': 2.1215424736009579e-07, 'epoch': 0.26}
{'loss': 6.6226, 'learning_rate': 2.6559360437775217e-07, 'epoch': 0.32}
{'loss': 6.3743, 'learning_rate': 3.190329613954085e-07, 'epoch': 0.38}
{'loss': 6.1536, 'learning_rate': 3.724723184130649e-07, 'epoch': 0.45}
{'loss': 5.9124, 'learning_rate': 4.2591167543072125e-07, 'epoch': 0.51}
{'loss': 5.6784, 'learning_rate': 4.793510324483777e-07, 'epoch': 0.58}
{'loss': 5.4649, 'learning_rate': 5.32790389466034e-07, 'epoch': 0.64}
{'loss': 5.3537, 'learning_rate': 5.862297464836903e-07, 'epoch': 0.71}
{'loss': 5.2031, 'learning_rate': 6.396691035013468e-07, 'epoch': 0.77}
{'loss': 5.0893, 'learning_rate': 6.931084605190031e-07, 'epoch': 0.83}
{'loss': 4.9803, 'learning_rate': 7.465478175366594e-07, 'epoch': 0.9}
{'loss': 4.8776, 'learning_rate': 7.999871745543159e-07, 'epoch': 0.96}
{'loss': 4.8104, 'learning_rate': 8.534265315719723e-07, 'epoch': 1.03}
{'loss': 4.7047, 'learning_rate': 9.068658885896285e-07, 'epoch': 1.09}
{'loss': 4.6126, 'learning_rate': 9.60305245607285e-07, 'epoch': 1.15}
{'loss': 4.4976, 'learning_rate': 1.0137446026249413e-06, 'epoch': 1.22}
{'loss': 4.4549, 'learning_rate': 1.0671839596425978e-06, 'epoch': 1.28}
{'loss': 4.4059, 'learning_rate': 1.120623316660254e-06, 'epoch': 1.35}
{'loss': 4.3367, 'learning_rate': 1.1740626736779105e-06, 'epoch': 1.41}
{'loss': 4.2711, 'learning_rate': 1.2275020306955668e-06, 'epoch': 1.47}
{'loss': 4.23, 'learning_rate': 1.2809413877132231e-06, 'epoch': 1.54}
{'loss': 4.1772, 'learning_rate': 1.3343807447308797e-06, 'epoch': 1.6}
{'loss': 4.157, 'learning_rate': 1.387820101748536e-06, 'epoch': 1.67}
{'loss': 4.0987, 'learning_rate': 1.441259458766192e-06, 'epoch': 1.73}
{'loss': 4.0428, 'learning_rate': 1.4946988157838484e-06, 'epoch': 1.8}
{'loss': 4.0054, 'learning_rate': 1.548138172801505e-06, 'epoch': 1.86}
{'loss': 3.9378, 'learning_rate': 1.6015775298191613e-06, 'epoch': 1.92}
{'loss': 3.9201, 'learning_rate': 1.6550168868368176e-06, 'epoch': 1.99}
{'loss': 3.8696, 'learning_rate': 1.7084562438544741e-06, 'epoch': 2.05}
{'loss': 3.8055, 'learning_rate': 1.7618956008721305e-06, 'epoch': 2.12}
{'loss': 3.8045, 'learning_rate': 1.815334957889787e-06, 'epoch': 2.18}
{'loss': 3.7382, 'learning_rate': 1.8687743149074433e-06, 'epoch': 2.24}
{'loss': 3.7584, 'learning_rate': 1.9222136719250995e-06, 'epoch': 2.31}
{'loss': 3.712, 'learning_rate': 1.975653028942756e-06, 'epoch': 2.37}
{'loss': 3.6896, 'learning_rate': 2.029092385960412e-06, 'epoch': 2.44}
{'loss': 3.6761, 'learning_rate': 2.0825317429780686e-06, 'epoch': 2.5}
{'loss': 3.6465, 'learning_rate': 2.135971099995725e-06, 'epoch': 2.57}
{'loss': 3.6079, 'learning_rate': 2.1894104570133813e-06, 'epoch': 2.63}
{'loss': 3.5864, 'learning_rate': 2.242849814031038e-06, 'epoch': 2.69}
{'loss': 3.6198, 'learning_rate': 2.2962891710486944e-06, 'epoch': 2.76}
{'loss': 3.5341, 'learning_rate': 2.3497285280663505e-06, 'epoch': 2.82}
{'loss': 3.5188, 'learning_rate': 2.4031678850840066e-06, 'epoch': 2.89}
{'loss': 3.5068, 'learning_rate': 2.456607242101663e-06, 'epoch': 2.95}
{'loss': 3.4552, 'learning_rate': 2.5100465991193197e-06, 'epoch': 3.01}
{'loss': 3.4467, 'learning_rate': 2.563485956136976e-06, 'epoch': 3.08}
{'loss': 3.428, 'learning_rate': 2.6169253131546323e-06, 'epoch': 3.14}
{'loss': 3.424, 'learning_rate': 2.6703646701722885e-06, 'epoch': 3.21}
{'loss': 3.4244, 'learning_rate': 2.723804027189945e-06, 'epoch': 3.27}
{'loss': 3.3608, 'learning_rate': 2.777243384207601e-06, 'epoch': 3.33}
{'loss': 3.3395, 'learning_rate': 2.830682741225258e-06, 'epoch': 3.4}
{'loss': 3.3751, 'learning_rate': 2.884122098242914e-06, 'epoch': 3.46}
{'loss': 3.341, 'learning_rate': 2.9375614552605707e-06, 'epoch': 3.53}
{'loss': 3.329, 'learning_rate': 2.991000812278227e-06, 'epoch': 3.59}
{'loss': 3.3042, 'learning_rate': 3.044440169295883e-06, 'epoch': 3.66}
{'loss': 3.2591, 'learning_rate': 3.09787952631354e-06, 'epoch': 3.72}
{'loss': 3.2473, 'learning_rate': 3.151318883331196e-06, 'epoch': 3.78}
{'loss': 3.2587, 'learning_rate': 3.2047582403488526e-06, 'epoch': 3.85}
{'loss': 3.2228, 'learning_rate': 3.2581975973665087e-06, 'epoch': 3.91}
{'loss': 3.2369, 'learning_rate': 3.3115300756701296e-06, 'epoch': 3.98}
{'loss': 3.2272, 'learning_rate': 3.364969432687786e-06, 'epoch': 4.04}
{'loss': 3.2259, 'learning_rate': 3.4184087897054423e-06, 'epoch': 4.1}
{'loss': 3.2136, 'learning_rate': 3.4717412680090636e-06, 'epoch': 4.17}
{'loss': 3.1815, 'learning_rate': 3.52518062502672e-06, 'epoch': 4.23}
{'loss': 3.1528, 'learning_rate': 3.5786199820443763e-06, 'epoch': 4.3}
{'loss': 3.1309, 'learning_rate': 3.632059339062033e-06, 'epoch': 4.36}
{'loss': 3.145, 'learning_rate': 3.685498696079689e-06, 'epoch': 4.42}
{'loss': 3.1342, 'learning_rate': 3.738938053097346e-06, 'epoch': 4.49}
{'loss': 3.0884, 'learning_rate': 3.792377410115002e-06, 'epoch': 4.55}
{'loss': 3.1025, 'learning_rate': 3.845816767132658e-06, 'epoch': 4.62}
{'loss': 3.092, 'learning_rate': 3.899256124150314e-06, 'epoch': 4.68}
{'loss': 3.0719, 'learning_rate': 3.95269548116797e-06, 'epoch': 4.75}
{'loss': 3.0506, 'learning_rate': 4.006134838185627e-06, 'epoch': 4.81}
{'loss': 3.0896, 'learning_rate': 4.059574195203283e-06, 'epoch': 4.87}
{'loss': 3.0346, 'learning_rate': 4.11301355222094e-06, 'epoch': 4.94}
{'loss': 3.0193, 'learning_rate': 4.1664529092385965e-06, 'epoch': 5.0}
{'loss': 3.0396, 'learning_rate': 4.219892266256253e-06, 'epoch': 5.07}
{'loss': 3.0185, 'learning_rate': 4.2733316232739096e-06, 'epoch': 5.13}
{'loss': 3.0438, 'learning_rate': 4.326770980291566e-06, 'epoch': 5.19}
{'loss': 2.995, 'learning_rate': 4.380103458595187e-06, 'epoch': 5.26}
{'loss': 2.9802, 'learning_rate': 4.433329058184772e-06, 'epoch': 5.32}
{'loss': 2.9936, 'learning_rate': 4.4867684152024284e-06, 'epoch': 5.39}
{'loss': 2.9371, 'learning_rate': 4.5402077722200846e-06, 'epoch': 5.45}
{'loss': 2.9732, 'learning_rate': 4.5936471292377415e-06, 'epoch': 5.51}
{'loss': 2.9124, 'learning_rate': 4.647086486255398e-06, 'epoch': 5.58}
{'loss': 2.9595, 'learning_rate': 4.700525843273055e-06, 'epoch': 5.64}
{'loss': 2.9519, 'learning_rate': 4.753965200290711e-06, 'epoch': 5.71}
{'loss': 2.8928, 'learning_rate': 4.807404557308367e-06, 'epoch': 5.77}
{'loss': 2.9267, 'learning_rate': 4.860843914326023e-06, 'epoch': 5.84}
{'loss': 2.912, 'learning_rate': 4.914283271343679e-06, 'epoch': 5.9}
{'loss': 2.9156, 'learning_rate': 4.967722628361336e-06, 'epoch': 5.96}
{'loss': 2.9063, 'learning_rate': 4.994709503655252e-06, 'epoch': 6.03}
{'loss': 2.8841, 'learning_rate': 4.981349664400839e-06, 'epoch': 6.09}
{'loss': 2.869, 'learning_rate': 4.968016544824933e-06, 'epoch': 6.16}
{'loss': 2.8598, 'learning_rate': 4.954656705570519e-06, 'epoch': 6.22}
{'loss': 2.8409, 'learning_rate': 4.941296866316105e-06, 'epoch': 6.28}
{'loss': 2.852, 'learning_rate': 4.927937027061691e-06, 'epoch': 6.35}
{'loss': 2.8211, 'learning_rate': 4.914684066521312e-06, 'epoch': 6.41}
{'loss': 2.8485, 'learning_rate': 4.901324227266898e-06, 'epoch': 6.48}
{'loss': 2.826, 'learning_rate': 4.887964388012484e-06, 'epoch': 6.54}
{'loss': 2.8095, 'learning_rate': 4.87460454875807e-06, 'epoch': 6.61}
{'loss': 2.8157, 'learning_rate': 4.8612447095036555e-06, 'epoch': 6.67}
{'loss': 2.8288, 'learning_rate': 4.847884870249241e-06, 'epoch': 6.73}
{'loss': 2.8441, 'learning_rate': 4.834525030994828e-06, 'epoch': 6.8}
{'loss': 2.8211, 'learning_rate': 4.821165191740414e-06, 'epoch': 6.86}
{'loss': 2.7874, 'learning_rate': 4.8078053524859994e-06, 'epoch': 6.93}
{'loss': 2.8084, 'learning_rate': 4.794445513231585e-06, 'epoch': 6.99}
{'loss': 2.816, 'learning_rate': 4.781085673977171e-06, 'epoch': 7.05}
{'loss': 2.7681, 'learning_rate': 4.767725834722757e-06, 'epoch': 7.12}
{'loss': 2.7698, 'learning_rate': 4.754365995468343e-06, 'epoch': 7.18}
{'loss': 2.7734, 'learning_rate': 4.741059595570946e-06, 'epoch': 7.25}
{'loss': 2.7435, 'learning_rate': 4.727699756316532e-06, 'epoch': 7.31}
{'loss': 2.7345, 'learning_rate': 4.714339917062119e-06, 'epoch': 7.37}
{'loss': 2.7291, 'learning_rate': 4.7010067974862125e-06, 'epoch': 7.44}
{'loss': 2.7681, 'learning_rate': 4.687646958231799e-06, 'epoch': 7.5}
{'loss': 2.7342, 'learning_rate': 4.674287118977385e-06, 'epoch': 7.57}
{'loss': 2.723, 'learning_rate': 4.660927279722971e-06, 'epoch': 7.63}
{'loss': 2.7274, 'learning_rate': 4.647567440468556e-06, 'epoch': 7.7}
{'loss': 2.7435, 'learning_rate': 4.634207601214142e-06, 'epoch': 7.76}
{'loss': 2.6784, 'learning_rate': 4.620847761959729e-06, 'epoch': 7.82}
{'loss': 2.721, 'learning_rate': 4.6074879227053145e-06, 'epoch': 7.89}
{'loss': 2.7089, 'learning_rate': 4.5941280834509e-06, 'epoch': 7.95}
{'loss': 2.7358, 'learning_rate': 4.580768244196486e-06, 'epoch': 8.02}
{'loss': 2.6888, 'learning_rate': 4.567408404942072e-06, 'epoch': 8.08}
{'loss': 2.6816, 'learning_rate': 4.5540485656876584e-06, 'epoch': 8.14}
{'loss': 2.6862, 'learning_rate': 4.540688726433244e-06, 'epoch': 8.21}
{'loss': 2.6714, 'learning_rate': 4.52732888717883e-06, 'epoch': 8.27}
{'loss': 2.6904, 'learning_rate': 4.513969047924416e-06, 'epoch': 8.34}
{'loss': 2.6799, 'learning_rate': 4.5006092086700015e-06, 'epoch': 8.4}
{'loss': 2.682, 'learning_rate': 4.487249369415588e-06, 'epoch': 8.46}
{'loss': 2.679, 'learning_rate': 4.473916249839682e-06, 'epoch': 8.53}
{'loss': 2.661, 'learning_rate': 4.460556410585269e-06, 'epoch': 8.59}
{'loss': 2.6772, 'learning_rate': 4.447196571330854e-06, 'epoch': 8.66}
{'loss': 2.665, 'learning_rate': 4.43383673207644e-06, 'epoch': 8.72}
{'loss': 2.6859, 'learning_rate': 4.420530332179044e-06, 'epoch': 8.79}
{'loss': 2.6378, 'learning_rate': 4.40717049292463e-06, 'epoch': 8.85}
{'loss': 2.6526, 'learning_rate': 4.393810653670215e-06, 'epoch': 8.91}
{'loss': 2.6257, 'learning_rate': 4.380450814415801e-06, 'epoch': 8.98}
{'loss': 2.617, 'learning_rate': 4.367090975161387e-06, 'epoch': 9.04}
{'loss': 2.6608, 'learning_rate': 4.3537311359069735e-06, 'epoch': 9.11}
{'loss': 2.6294, 'learning_rate': 4.340371296652559e-06, 'epoch': 9.17}
{'loss': 2.607, 'learning_rate': 4.327011457398145e-06, 'epoch': 9.23}
{'loss': 2.6281, 'learning_rate': 4.31367833782224e-06, 'epoch': 9.3}
{'loss': 2.6194, 'learning_rate': 4.300318498567826e-06, 'epoch': 9.36}
{'loss': 2.6108, 'learning_rate': 4.286958659313411e-06, 'epoch': 9.43}
{'loss': 2.6037, 'learning_rate': 4.273598820058997e-06, 'epoch': 9.49}
{'loss': 2.6256, 'learning_rate': 4.260265700483092e-06, 'epoch': 9.55}
{'loss': 2.5988, 'learning_rate': 4.246905861228678e-06, 'epoch': 9.62}
{'loss': 2.6245, 'learning_rate': 4.233546021974264e-06, 'epoch': 9.68}
{'loss': 2.605, 'learning_rate': 4.22018618271985e-06, 'epoch': 9.75}
{'loss': 2.5858, 'learning_rate': 4.206826343465436e-06, 'epoch': 9.81}
{'loss': 2.5934, 'learning_rate': 4.1934665042110215e-06, 'epoch': 9.88}
{'loss': 2.5734, 'learning_rate': 4.180133384635116e-06, 'epoch': 9.94}
{'loss': 2.5987, 'learning_rate': 4.166773545380702e-06, 'epoch': 10.0}
{'loss': 2.5855, 'learning_rate': 4.153413706126288e-06, 'epoch': 10.07}
{'loss': 2.576, 'learning_rate': 4.1400538668718744e-06, 'epoch': 10.13}
{'loss': 2.5742, 'learning_rate': 4.12669402761746e-06, 'epoch': 10.2}
{'loss': 2.5688, 'learning_rate': 4.113334188363046e-06, 'epoch': 10.26}
{'loss': 2.5854, 'learning_rate': 4.099974349108632e-06, 'epoch': 10.32}
{'loss': 2.5691, 'learning_rate': 4.0866145098542175e-06, 'epoch': 10.39}
{'loss': 2.5655, 'learning_rate': 4.073281390278312e-06, 'epoch': 10.45}
{'loss': 2.562, 'learning_rate': 4.059921551023898e-06, 'epoch': 10.52}
{'loss': 2.5835, 'learning_rate': 4.046561711769485e-06, 'epoch': 10.58}
{'loss': 2.5685, 'learning_rate': 4.033228592193579e-06, 'epoch': 10.65}
{'loss': 2.5731, 'learning_rate': 4.019868752939165e-06, 'epoch': 10.71}
{'loss': 2.538, 'learning_rate': 4.006508913684751e-06, 'epoch': 10.77}
{'loss': 2.545, 'learning_rate': 3.993149074430337e-06, 'epoch': 10.84}
{'loss': 2.5609, 'learning_rate': 3.979789235175922e-06, 'epoch': 10.9}
{'loss': 2.5342, 'learning_rate': 3.966429395921508e-06, 'epoch': 10.97}
{'loss': 2.5106, 'learning_rate': 3.953069556667095e-06, 'epoch': 11.03}
{'loss': 2.5246, 'learning_rate': 3.9397097174126805e-06, 'epoch': 11.09}
{'loss': 2.5577, 'learning_rate': 3.926376597836775e-06, 'epoch': 11.16}
{'loss': 2.5367, 'learning_rate': 3.913016758582361e-06, 'epoch': 11.22}
{'loss': 2.5451, 'learning_rate': 3.899656919327947e-06, 'epoch': 11.29}
{'loss': 2.5265, 'learning_rate': 3.886323799752042e-06, 'epoch': 11.35}
{'loss': 2.5088, 'learning_rate': 3.872963960497627e-06, 'epoch': 11.41}
{'loss': 2.5228, 'learning_rate': 3.859604121243213e-06, 'epoch': 11.48}
{'loss': 2.5281, 'learning_rate': 3.8462442819888e-06, 'epoch': 11.54}
{'loss': 2.5213, 'learning_rate': 3.832911162412894e-06, 'epoch': 11.61}
{'loss': 2.5216, 'learning_rate': 3.81955132315848e-06, 'epoch': 11.67}
{'loss': 2.5156, 'learning_rate': 3.806191483904066e-06, 'epoch': 11.74}
{'loss': 2.5402, 'learning_rate': 3.792831644649652e-06, 'epoch': 11.8}
{'loss': 2.5168, 'learning_rate': 3.779471805395238e-06, 'epoch': 11.86}
{'loss': 2.539, 'learning_rate': 3.7661119661408237e-06, 'epoch': 11.93}
{'loss': 2.4876, 'learning_rate': 3.7527788465649185e-06, 'epoch': 11.99}
{'loss': 2.5001, 'learning_rate': 3.7394190073105042e-06, 'epoch': 12.06}
{'loss': 2.5187, 'learning_rate': 3.7260591680560904e-06, 'epoch': 12.12}
{'loss': 2.5001, 'learning_rate': 3.712699328801676e-06, 'epoch': 12.18}
{'loss': 2.4983, 'learning_rate': 3.6993394895472624e-06, 'epoch': 12.25}
{'loss': 2.4909, 'learning_rate': 3.685979650292848e-06, 'epoch': 12.31}
{'loss': 2.4793, 'learning_rate': 3.672619811038434e-06, 'epoch': 12.38}
{'loss': 2.4974, 'learning_rate': 3.6592866914625286e-06, 'epoch': 12.44}
{'loss': 2.5014, 'learning_rate': 3.6459268522081144e-06, 'epoch': 12.5}
{'loss': 2.4819, 'learning_rate': 3.6325670129537006e-06, 'epoch': 12.57}
{'loss': 2.4791, 'learning_rate': 3.6192071736992863e-06, 'epoch': 12.63}
{'loss': 2.4897, 'learning_rate': 3.6058473344448725e-06, 'epoch': 12.7}
{'loss': 2.493, 'learning_rate': 3.592514214868967e-06, 'epoch': 12.76}
{'loss': 2.4829, 'learning_rate': 3.579154375614553e-06, 'epoch': 12.83}
{'loss': 2.4803, 'learning_rate': 3.565794536360139e-06, 'epoch': 12.89}
{'loss': 2.4953, 'learning_rate': 3.552434697105725e-06, 'epoch': 12.95}
{'loss': 2.4449, 'learning_rate': 3.5390748578513108e-06, 'epoch': 13.02}
{'loss': 2.4681, 'learning_rate': 3.5257150185968965e-06, 'epoch': 13.08}
{'loss': 2.4708, 'learning_rate': 3.5123551793424827e-06, 'epoch': 13.15}
{'loss': 2.4608, 'learning_rate': 3.4989953400880685e-06, 'epoch': 13.21}
{'loss': 2.4697, 'learning_rate': 3.4856622205121632e-06, 'epoch': 13.27}
{'loss': 2.4647, 'learning_rate': 3.472302381257749e-06, 'epoch': 13.34}
{'loss': 2.4744, 'learning_rate': 3.458942542003335e-06, 'epoch': 13.4}
{'loss': 2.4731, 'learning_rate': 3.4456094224274295e-06, 'epoch': 13.47}
{'loss': 2.4251, 'learning_rate': 3.4322495831730157e-06, 'epoch': 13.53}
{'loss': 2.4596, 'learning_rate': 3.4188897439186015e-06, 'epoch': 13.59}
{'loss': 2.4721, 'learning_rate': 3.4055299046641872e-06, 'epoch': 13.66}
{'loss': 2.4549, 'learning_rate': 3.3921700654097734e-06, 'epoch': 13.72}
{'loss': 2.4494, 'learning_rate': 3.378810226155359e-06, 'epoch': 13.79}
{'loss': 2.4769, 'learning_rate': 3.365477106579454e-06, 'epoch': 13.85}
{'loss': 2.4337, 'learning_rate': 3.3521439870035487e-06, 'epoch': 13.92}
{'loss': 2.4391, 'learning_rate': 3.3387841477491345e-06, 'epoch': 13.98}
{'loss': 2.4605, 'learning_rate': 3.3254243084947202e-06, 'epoch': 14.04}
{'loss': 2.4521, 'learning_rate': 3.3120644692403064e-06, 'epoch': 14.11}
{'loss': 2.4443, 'learning_rate': 3.298704629985892e-06, 'epoch': 14.17}
{'loss': 2.4141, 'learning_rate': 3.2853447907314784e-06, 'epoch': 14.24}
{'loss': 2.469, 'learning_rate': 3.271984951477064e-06, 'epoch': 14.3}
{'loss': 2.4295, 'learning_rate': 3.25862511222265e-06, 'epoch': 14.36}
{'loss': 2.4267, 'learning_rate': 3.245265272968236e-06, 'epoch': 14.43}
{'loss': 2.437, 'learning_rate': 3.231905433713822e-06, 'epoch': 14.49}
{'loss': 2.4345, 'learning_rate': 3.2185723141379166e-06, 'epoch': 14.56}
{'loss': 2.4504, 'learning_rate': 3.2052124748835023e-06, 'epoch': 14.62}
{'loss': 2.4689, 'learning_rate': 3.1918526356290885e-06, 'epoch': 14.69}
{'loss': 2.4353, 'learning_rate': 3.1784927963746743e-06, 'epoch': 14.75}
{'loss': 2.407, 'learning_rate': 3.16513295712026e-06, 'epoch': 14.81}
{'loss': 2.458, 'learning_rate': 3.1517731178658462e-06, 'epoch': 14.88}
{'loss': 2.4234, 'learning_rate': 3.138413278611432e-06, 'epoch': 14.94}
{'loss': 2.3948, 'learning_rate': 3.125053439357018e-06, 'epoch': 15.01}
{'loss': 2.4442, 'learning_rate': 3.1117203197811125e-06, 'epoch': 15.07}
{'loss': 2.4429, 'learning_rate': 3.0983604805266987e-06, 'epoch': 15.13}
{'loss': 2.3951, 'learning_rate': 3.0850006412722845e-06, 'epoch': 15.2}
{'loss': 2.4331, 'learning_rate': 3.0716408020178706e-06, 'epoch': 15.26}
{'loss': 2.4154, 'learning_rate': 3.058307682441965e-06, 'epoch': 15.33}
{'loss': 2.4511, 'learning_rate': 3.0449745628660598e-06, 'epoch': 15.39}
{'loss': 2.3942, 'learning_rate': 3.0316147236116455e-06, 'epoch': 15.45}
{'loss': 2.4111, 'learning_rate': 3.0182548843572317e-06, 'epoch': 15.52}
{'loss': 2.4112, 'learning_rate': 3.0048950451028175e-06, 'epoch': 15.58}
{'loss': 2.3983, 'learning_rate': 2.9915352058484036e-06, 'epoch': 15.65}
{'loss': 2.402, 'learning_rate': 2.9781753665939894e-06, 'epoch': 15.71}
{'loss': 2.3935, 'learning_rate': 2.964815527339575e-06, 'epoch': 15.78}
{'loss': 2.3878, 'learning_rate': 2.9514556880851613e-06, 'epoch': 15.84}
{'loss': 2.419, 'learning_rate': 2.9381225685092557e-06, 'epoch': 15.9}
{'loss': 2.4155, 'learning_rate': 2.924762729254842e-06, 'epoch': 15.97}
{'loss': 2.4242, 'learning_rate': 2.9114028900004276e-06, 'epoch': 16.03}
{'loss': 2.3758, 'learning_rate': 2.898043050746014e-06, 'epoch': 16.1}
{'loss': 2.4067, 'learning_rate': 2.8846832114915996e-06, 'epoch': 16.16}
{'loss': 2.3878, 'learning_rate': 2.8713500919156943e-06, 'epoch': 16.22}
{'loss': 2.3978, 'learning_rate': 2.85799025266128e-06, 'epoch': 16.29}
{'loss': 2.3938, 'learning_rate': 2.844630413406866e-06, 'epoch': 16.35}
{'loss': 2.377, 'learning_rate': 2.831270574152452e-06, 'epoch': 16.42}
{'loss': 2.3934, 'learning_rate': 2.817910734898038e-06, 'epoch': 16.48}
{'loss': 2.3824, 'learning_rate': 2.8045776153221326e-06, 'epoch': 16.54}
{'loss': 2.4111, 'learning_rate': 2.7912177760677183e-06, 'epoch': 16.61}
{'loss': 2.3841, 'learning_rate': 2.7778579368133045e-06, 'epoch': 16.67}
{'loss': 2.3929, 'learning_rate': 2.7644980975588903e-06, 'epoch': 16.74}
{'loss': 2.3781, 'learning_rate': 2.7511382583044765e-06, 'epoch': 16.8}
{'loss': 2.3876, 'learning_rate': 2.7377784190500622e-06, 'epoch': 16.87}
{'loss': 2.3934, 'learning_rate': 2.724418579795648e-06, 'epoch': 16.93}
{'loss': 2.3885, 'learning_rate': 2.711058740541234e-06, 'epoch': 16.99}
{'loss': 2.3453, 'learning_rate': 2.6977256209653285e-06, 'epoch': 17.06}
{'loss': 2.4077, 'learning_rate': 2.6843657817109147e-06, 'epoch': 17.12}
{'loss': 2.4007, 'learning_rate': 2.6710059424565004e-06, 'epoch': 17.19}
{'loss': 2.3816, 'learning_rate': 2.6576461032020866e-06, 'epoch': 17.25}
{'loss': 2.3748, 'learning_rate': 2.644312983626181e-06, 'epoch': 17.31}
{'loss': 2.3976, 'learning_rate': 2.6309798640502757e-06, 'epoch': 17.38}
{'loss': 2.3729, 'learning_rate': 2.6176200247958615e-06, 'epoch': 17.44}
{'loss': 2.3668, 'learning_rate': 2.6042601855414477e-06, 'epoch': 17.51}
{'loss': 2.3655, 'learning_rate': 2.5909003462870334e-06, 'epoch': 17.57}
{'loss': 2.349, 'learning_rate': 2.5775672267111286e-06, 'epoch': 17.63}
{'loss': 2.3459, 'learning_rate': 2.564207387456714e-06, 'epoch': 17.7}
{'loss': 2.3833, 'learning_rate': 2.5508475482023006e-06, 'epoch': 17.76}
{'loss': 2.3841, 'learning_rate': 2.537487708947886e-06, 'epoch': 17.83}
{'loss': 2.3594, 'learning_rate': 2.524154589371981e-06, 'epoch': 17.89}
{'loss': 2.3161, 'learning_rate': 2.510794750117567e-06, 'epoch': 17.96}
{'loss': 2.3868, 'learning_rate': 2.4974349108631526e-06, 'epoch': 18.02}
{'loss': 2.3618, 'learning_rate': 2.484075071608739e-06, 'epoch': 18.08}
{'loss': 2.3862, 'learning_rate': 2.470741952032833e-06, 'epoch': 18.15}
{'loss': 2.3819, 'learning_rate': 2.4573821127784193e-06, 'epoch': 18.21}
{'loss': 2.3592, 'learning_rate': 2.444022273524005e-06, 'epoch': 18.28}
{'loss': 2.3688, 'learning_rate': 2.4306624342695913e-06, 'epoch': 18.34}
{'loss': 2.3378, 'learning_rate': 2.417302595015177e-06, 'epoch': 18.4}
{'loss': 2.3694, 'learning_rate': 2.403942755760763e-06, 'epoch': 18.47}
{'loss': 2.348, 'learning_rate': 2.3905829165063486e-06, 'epoch': 18.53}
{'loss': 2.3611, 'learning_rate': 2.3772230772519347e-06, 'epoch': 18.6}
{'loss': 2.3359, 'learning_rate': 2.3638899576760295e-06, 'epoch': 18.66}
{'loss': 2.3582, 'learning_rate': 2.3505568381001243e-06, 'epoch': 18.73}
{'loss': 2.3748, 'learning_rate': 2.33719699884571e-06, 'epoch': 18.79}
{'loss': 2.3553, 'learning_rate': 2.323837159591296e-06, 'epoch': 18.85}
{'loss': 2.3506, 'learning_rate': 2.310477320336882e-06, 'epoch': 18.92}
{'loss': 2.3397, 'learning_rate': 2.2971174810824677e-06, 'epoch': 18.98}
{'loss': 2.3421, 'learning_rate': 2.2837843615065625e-06, 'epoch': 19.05}
{'loss': 2.3398, 'learning_rate': 2.2704245222521483e-06, 'epoch': 19.11}
{'loss': 2.3488, 'learning_rate': 2.2570646829977345e-06, 'epoch': 19.17}
{'loss': 2.3572, 'learning_rate': 2.2437048437433202e-06, 'epoch': 19.24}
{'loss': 2.329, 'learning_rate': 2.230345004488906e-06, 'epoch': 19.3}
{'loss': 2.3492, 'learning_rate': 2.216985165234492e-06, 'epoch': 19.37}
{'loss': 2.3332, 'learning_rate': 2.203625325980078e-06, 'epoch': 19.43}
{'loss': 2.3452, 'learning_rate': 2.190265486725664e-06, 'epoch': 19.49}
{'loss': 2.3562, 'learning_rate': 2.1769590868282675e-06, 'epoch': 19.56}
{'loss': 2.3575, 'learning_rate': 2.1635992475738536e-06, 'epoch': 19.62}
{'loss': 2.3455, 'learning_rate': 2.150239408319439e-06, 'epoch': 19.69}
{'loss': 2.3477, 'learning_rate': 2.136879569065025e-06, 'epoch': 19.75}
{'loss': 2.3255, 'learning_rate': 2.123519729810611e-06, 'epoch': 19.82}
{'loss': 2.3569, 'learning_rate': 2.1101866102347057e-06, 'epoch': 19.88}
{'loss': 2.3538, 'learning_rate': 2.096826770980292e-06, 'epoch': 19.94}
{'loss': 2.3433, 'learning_rate': 2.0834669317258776e-06, 'epoch': 20.01}
{'loss': 2.3199, 'learning_rate': 2.070107092471464e-06, 'epoch': 20.07}
{'loss': 2.3232, 'learning_rate': 2.056773972895558e-06, 'epoch': 20.14}
{'loss': 2.3374, 'learning_rate': 2.0434141336411443e-06, 'epoch': 20.2}
{'loss': 2.3549, 'learning_rate': 2.03005429438673e-06, 'epoch': 20.26}
{'loss': 2.3358, 'learning_rate': 2.016694455132316e-06, 'epoch': 20.33}
{'loss': 2.3228, 'learning_rate': 2.003334615877902e-06, 'epoch': 20.39}
{'loss': 2.3396, 'learning_rate': 1.990001496301997e-06, 'epoch': 20.46}
{'loss': 2.339, 'learning_rate': 1.9766416570475826e-06, 'epoch': 20.52}
{'loss': 2.3392, 'learning_rate': 1.9633085374716773e-06, 'epoch': 20.58}
{'loss': 2.3354, 'learning_rate': 1.949948698217263e-06, 'epoch': 20.65}
{'loss': 2.3309, 'learning_rate': 1.936588858962849e-06, 'epoch': 20.71}
{'loss': 2.3125, 'learning_rate': 1.923229019708435e-06, 'epoch': 20.78}
{'loss': 2.3334, 'learning_rate': 1.909869180454021e-06, 'epoch': 20.84}
{'loss': 2.3125, 'learning_rate': 1.896509341199607e-06, 'epoch': 20.91}
{'loss': 2.3276, 'learning_rate': 1.883149501945193e-06, 'epoch': 20.97}
{'loss': 2.3353, 'learning_rate': 1.8697896626907785e-06, 'epoch': 21.03}
{'loss': 2.3157, 'learning_rate': 1.8564565431148735e-06, 'epoch': 21.1}
{'loss': 2.3192, 'learning_rate': 1.8430967038604595e-06, 'epoch': 21.16}
{'loss': 2.321, 'learning_rate': 1.829736864606045e-06, 'epoch': 21.23}
{'loss': 2.3489, 'learning_rate': 1.816377025351631e-06, 'epoch': 21.29}
{'loss': 2.3304, 'learning_rate': 1.803017186097217e-06, 'epoch': 21.35}
{'loss': 2.3196, 'learning_rate': 1.7896840665213117e-06, 'epoch': 21.42}
{'loss': 2.293, 'learning_rate': 1.7763242272668977e-06, 'epoch': 21.48}
{'loss': 2.3199, 'learning_rate': 1.7629643880124837e-06, 'epoch': 21.55}
{'loss': 2.3068, 'learning_rate': 1.7496045487580696e-06, 'epoch': 21.61}
{'loss': 2.3066, 'learning_rate': 1.7362447095036552e-06, 'epoch': 21.68}
{'loss': 2.3189, 'learning_rate': 1.7228848702492412e-06, 'epoch': 21.74}
{'loss': 2.3257, 'learning_rate': 1.7095517506733361e-06, 'epoch': 21.8}
{'loss': 2.3206, 'learning_rate': 1.696191911418922e-06, 'epoch': 21.87}
{'loss': 2.31, 'learning_rate': 1.6828320721645079e-06, 'epoch': 21.93}
{'loss': 2.3025, 'learning_rate': 1.6694722329100938e-06, 'epoch': 22.0}
{'loss': 2.2792, 'learning_rate': 1.6561391133341884e-06, 'epoch': 22.06}
{'loss': 2.3222, 'learning_rate': 1.6427792740797744e-06, 'epoch': 22.12}
{'loss': 2.3288, 'learning_rate': 1.6294194348253603e-06, 'epoch': 22.19}
{'loss': 2.3039, 'learning_rate': 1.6160595955709463e-06, 'epoch': 22.25}
{'loss': 2.3097, 'learning_rate': 1.6027264759950409e-06, 'epoch': 22.32}
{'loss': 2.3151, 'learning_rate': 1.5893666367406268e-06, 'epoch': 22.38}
{'loss': 2.2956, 'learning_rate': 1.5760067974862128e-06, 'epoch': 22.44}
{'loss': 2.3337, 'learning_rate': 1.5626469582317988e-06, 'epoch': 22.51}
{'loss': 2.3125, 'learning_rate': 1.5492871189773845e-06, 'epoch': 22.57}
{'loss': 2.2868, 'learning_rate': 1.5359539994014793e-06, 'epoch': 22.64}
{'loss': 2.2714, 'learning_rate': 1.5225941601470653e-06, 'epoch': 22.7}
{'loss': 2.3009, 'learning_rate': 1.509234320892651e-06, 'epoch': 22.77}
{'loss': 2.3132, 'learning_rate': 1.495874481638237e-06, 'epoch': 22.83}
{'loss': 2.3199, 'learning_rate': 1.482541362062332e-06, 'epoch': 22.89}
{'loss': 2.2971, 'learning_rate': 1.4691815228079175e-06, 'epoch': 22.96}
{'loss': 2.3226, 'learning_rate': 1.4558216835535035e-06, 'epoch': 23.02}
{'loss': 2.3164, 'learning_rate': 1.4424618442990895e-06, 'epoch': 23.09}
{'loss': 2.2978, 'learning_rate': 1.4291020050446755e-06, 'epoch': 23.15}
{'loss': 2.3217, 'learning_rate': 1.41576888546877e-06, 'epoch': 23.21}
{'loss': 2.3028, 'learning_rate': 1.402409046214356e-06, 'epoch': 23.28}
{'loss': 2.2776, 'learning_rate': 1.389049206959942e-06, 'epoch': 23.34}
{'loss': 2.3125, 'learning_rate': 1.3756893677055277e-06, 'epoch': 23.41}
{'loss': 2.2981, 'learning_rate': 1.3623295284511137e-06, 'epoch': 23.47}
{'loss': 2.2912, 'learning_rate': 1.3489964088752087e-06, 'epoch': 23.53}
{'loss': 2.2993, 'learning_rate': 1.3356365696207942e-06, 'epoch': 23.6}
{'loss': 2.3015, 'learning_rate': 1.3222767303663802e-06, 'epoch': 23.66}
{'loss': 2.2973, 'learning_rate': 1.3089168911119662e-06, 'epoch': 23.73}
{'loss': 2.3004, 'learning_rate': 1.295583771536061e-06, 'epoch': 23.79}
{'loss': 2.2828, 'learning_rate': 1.282223932281647e-06, 'epoch': 23.86}
{'loss': 2.277, 'learning_rate': 1.2688908127057417e-06, 'epoch': 23.92}
{'loss': 2.2658, 'learning_rate': 1.2555309734513274e-06, 'epoch': 23.98}
{'loss': 2.2864, 'learning_rate': 1.2421711341969134e-06, 'epoch': 24.05}
{'loss': 2.3088, 'learning_rate': 1.2288112949424994e-06, 'epoch': 24.11}
{'loss': 2.2798, 'learning_rate': 1.2154514556880853e-06, 'epoch': 24.18}
{'loss': 2.2973, 'learning_rate': 1.202091616433671e-06, 'epoch': 24.24}
{'loss': 2.3048, 'learning_rate': 1.188731777179257e-06, 'epoch': 24.3}
{'loss': 2.2743, 'learning_rate': 1.175371937924843e-06, 'epoch': 24.37}
{'loss': 2.3051, 'learning_rate': 1.162012098670429e-06, 'epoch': 24.43}
{'loss': 2.2758, 'learning_rate': 1.1486789790945236e-06, 'epoch': 24.5}
{'loss': 2.2852, 'learning_rate': 1.1353191398401095e-06, 'epoch': 24.56}
{'loss': 2.3152, 'learning_rate': 1.1219593005856955e-06, 'epoch': 24.62}
{'loss': 2.3084, 'learning_rate': 1.1085994613312813e-06, 'epoch': 24.69}
{'loss': 2.304, 'learning_rate': 1.095266341755376e-06, 'epoch': 24.75}
{'loss': 2.3034, 'learning_rate': 1.081906502500962e-06, 'epoch': 24.82}
{'loss': 2.2714, 'learning_rate': 1.0685466632465478e-06, 'epoch': 24.88}
{'loss': 2.3117, 'learning_rate': 1.0551868239921337e-06, 'epoch': 24.95}
{'loss': 2.2417, 'learning_rate': 1.0418537044162285e-06, 'epoch': 25.01}
{'loss': 2.2825, 'learning_rate': 1.0284938651618145e-06, 'epoch': 25.07}
{'loss': 2.2881, 'learning_rate': 1.0151340259074005e-06, 'epoch': 25.14}
{'loss': 2.2753, 'learning_rate': 1.0017741866529864e-06, 'epoch': 25.2}
{'loss': 2.2958, 'learning_rate': 9.88441067077081e-07, 'epoch': 25.27}
{'loss': 2.286, 'learning_rate': 9.75081227822667e-07, 'epoch': 25.33}
{'loss': 2.3043, 'learning_rate': 9.617213885682527e-07, 'epoch': 25.39}
{'loss': 2.2805, 'learning_rate': 9.483615493138387e-07, 'epoch': 25.46}
{'loss': 2.2681, 'learning_rate': 9.350017100594247e-07, 'epoch': 25.52}
{'loss': 2.2605, 'learning_rate': 9.216418708050105e-07, 'epoch': 25.59}
{'loss': 2.2963, 'learning_rate': 9.083087512291053e-07, 'epoch': 25.65}
{'loss': 2.2782, 'learning_rate': 8.949489119746913e-07, 'epoch': 25.72}
{'loss': 2.2764, 'learning_rate': 8.815890727202771e-07, 'epoch': 25.78}
{'loss': 2.2885, 'learning_rate': 8.68229233465863e-07, 'epoch': 25.84}
{'loss': 2.3051, 'learning_rate': 8.548693942114489e-07, 'epoch': 25.91}
{'loss': 2.2917, 'learning_rate': 8.415362746355436e-07, 'epoch': 25.97}
{'loss': 2.3033, 'learning_rate': 8.281764353811296e-07, 'epoch': 26.04}
{'loss': 2.3068, 'learning_rate': 8.148165961267155e-07, 'epoch': 26.1}
{'loss': 2.256, 'learning_rate': 8.014567568723014e-07, 'epoch': 26.16}
{'loss': 2.2724, 'learning_rate': 7.881236372963961e-07, 'epoch': 26.23}
{'loss': 2.3031, 'learning_rate': 7.74763798041982e-07, 'epoch': 26.29}
{'loss': 2.2579, 'learning_rate': 7.614039587875679e-07, 'epoch': 26.36}
{'loss': 2.2436, 'learning_rate': 7.480441195331538e-07, 'epoch': 26.42}
{'loss': 2.2782, 'learning_rate': 7.347109999572486e-07, 'epoch': 26.48}
{'loss': 2.2624, 'learning_rate': 7.213511607028345e-07, 'epoch': 26.55}
{'loss': 2.2757, 'learning_rate': 7.079913214484203e-07, 'epoch': 26.61}
{'loss': 2.2734, 'learning_rate': 6.946314821940063e-07, 'epoch': 26.68}
{'loss': 2.3107, 'learning_rate': 6.812716429395922e-07, 'epoch': 26.74}
{'loss': 2.2671, 'learning_rate': 6.679385233636869e-07, 'epoch': 26.81}
{'loss': 2.2636, 'learning_rate': 6.545786841092729e-07, 'epoch': 26.87}
{'loss': 2.3096, 'learning_rate': 6.412188448548586e-07, 'epoch': 26.93}
{'loss': 2.2628, 'learning_rate': 6.278590056004446e-07, 'epoch': 27.0}
{'loss': 2.2497, 'learning_rate': 6.145258860245394e-07, 'epoch': 27.06}
{'loss': 2.2983, 'learning_rate': 6.011660467701254e-07, 'epoch': 27.13}
{'loss': 2.2914, 'learning_rate': 5.878062075157112e-07, 'epoch': 27.19}
{'loss': 2.2513, 'learning_rate': 5.744463682612971e-07, 'epoch': 27.25}
{'loss': 2.2741, 'learning_rate': 5.611132486853919e-07, 'epoch': 27.32}
{'loss': 2.2681, 'learning_rate': 5.477534094309777e-07, 'epoch': 27.38}
{'loss': 2.2734, 'learning_rate': 5.343935701765637e-07, 'epoch': 27.45}
{'loss': 2.2815, 'learning_rate': 5.210337309221496e-07, 'epoch': 27.51}
{'loss': 2.2673, 'learning_rate': 5.076738916677354e-07, 'epoch': 27.57}
{'loss': 2.2808, 'learning_rate': 4.943407720918302e-07, 'epoch': 27.64}
{'loss': 2.2661, 'learning_rate': 4.809809328374162e-07, 'epoch': 27.7}
{'loss': 2.2627, 'learning_rate': 4.67621093583002e-07, 'epoch': 27.77}
{'loss': 2.2689, 'learning_rate': 4.54261254328588e-07, 'epoch': 27.83}
{'loss': 2.2785, 'learning_rate': 4.4090141507417386e-07, 'epoch': 27.9}
{'loss': 2.2815, 'learning_rate': 4.275682954982686e-07, 'epoch': 27.96}
{'loss': 2.2555, 'learning_rate': 4.142084562438545e-07, 'epoch': 28.02}
{'loss': 2.2644, 'learning_rate': 4.008486169894404e-07, 'epoch': 28.09}
{'loss': 2.2634, 'learning_rate': 3.8748877773502633e-07, 'epoch': 28.15}
{'loss': 2.2691, 'learning_rate': 3.7415565815912105e-07, 'epoch': 28.22}
{'loss': 2.2651, 'learning_rate': 3.60795818904707e-07, 'epoch': 28.28}
{'loss': 2.2694, 'learning_rate': 3.474359796502929e-07, 'epoch': 28.34}
{'loss': 2.2959, 'learning_rate': 3.340761403958788e-07, 'epoch': 28.41}
{'loss': 2.2749, 'learning_rate': 3.2071630114146467e-07, 'epoch': 28.47}
{'loss': 2.2628, 'learning_rate': 3.0738318156555944e-07, 'epoch': 28.54}
{'loss': 2.2618, 'learning_rate': 2.9402334231114536e-07, 'epoch': 28.6}
{'loss': 2.2737, 'learning_rate': 2.806635030567312e-07, 'epoch': 28.66}
{'loss': 2.2609, 'learning_rate': 2.6730366380231714e-07, 'epoch': 28.73}
{'loss': 2.2479, 'learning_rate': 2.5394382454790306e-07, 'epoch': 28.79}
{'loss': 2.2996, 'learning_rate': 2.406107049719978e-07, 'epoch': 28.86}
{'loss': 2.239, 'learning_rate': 2.272508657175837e-07, 'epoch': 28.92}
{'loss': 2.2759, 'learning_rate': 2.1389102646316961e-07, 'epoch': 28.99}
{'loss': 2.2823, 'learning_rate': 2.0053118720875553e-07, 'epoch': 29.05}
{'loss': 2.25, 'learning_rate': 1.8717134795434142e-07, 'epoch': 29.11}
{'loss': 2.2916, 'learning_rate': 1.7381150869992734e-07, 'epoch': 29.18}
{'loss': 2.2473, 'learning_rate': 1.6045166944551323e-07, 'epoch': 29.24}
{'loss': 2.2915, 'learning_rate': 1.4709183019109915e-07, 'epoch': 29.31}
{'loss': 2.2658, 'learning_rate': 1.3378543029370272e-07, 'epoch': 29.37}
{'loss': 2.2503, 'learning_rate': 1.2042559103928864e-07, 'epoch': 29.43}
{'loss': 2.2583, 'learning_rate': 1.0706575178487453e-07, 'epoch': 29.5}
{'loss': 2.268, 'learning_rate': 9.370591253046045e-08, 'epoch': 29.56}
{'loss': 2.2824, 'learning_rate': 8.034607327604634e-08, 'epoch': 29.63}
{'loss': 2.2623, 'learning_rate': 6.701295370014108e-08, 'epoch': 29.69}
{'loss': 2.2663, 'learning_rate': 5.3653114445726995e-08, 'epoch': 29.76}
{'loss': 2.2764, 'learning_rate': 4.029327519131291e-08, 'epoch': 29.82}
{'loss': 2.2662, 'learning_rate': 2.693343593689881e-08, 'epoch': 29.88}
{'loss': 2.2675, 'learning_rate': 1.3600316360993545e-08, 'epoch': 29.95}
{'train_runtime': 40654.1004, 'train_samples_per_second': 11.507, 'train_steps_per_second': 5.754, 'train_loss': 2.7350879454734027, 'epoch': 30.0}
FINISH
