Thu Aug  4 15:04:06 2022       
+-----------------------------------------------------------------------------+
| NVIDIA-SMI 460.73.01    Driver Version: 460.73.01    CUDA Version: 11.2     |
|-------------------------------+----------------------+----------------------+
| GPU  Name        Persistence-M| Bus-Id        Disp.A | Volatile Uncorr. ECC |
| Fan  Temp  Perf  Pwr:Usage/Cap|         Memory-Usage | GPU-Util  Compute M. |
|                               |                      |               MIG M. |
|===============================+======================+======================|
|   0  A10                 On   | 00000000:41:00.0 Off |                    0 |
|  0%   26C    P8    19W / 150W |      0MiB / 22731MiB |      1%      Default |
|                               |                      |                  N/A |
+-------------------------------+----------------------+----------------------+
                                                                               
+-----------------------------------------------------------------------------+
| Processes:                                                                  |
|  GPU   GI   CI        PID   Type   Process name                  GPU Memory |
|        ID   ID                                                   Usage      |
|=============================================================================|
|  No running processes found                                                 |
+-----------------------------------------------------------------------------+
nvcc: NVIDIA (R) Cuda compiler driver
Copyright (c) 2005-2020 NVIDIA Corporation
Built on Mon_Oct_12_20:09:46_PDT_2020
Cuda compilation tools, release 11.1, V11.1.105
Build cuda_11.1.TC455_06.29190527_0
START
2022-08-04 15:09:32.355874
Namespace(batch_size=2, ckpt='/gpfsnyu/scratch/yw3642/hf-models/microsoft_deberta-v2-xlarge', epochs=50, exp=24, gradient_checkpointing=True, lr=2.5e-06, max_len=1024, mlm_prob=0.2, seed=-1, weight_decay=0.0)
seed= 5366
n_train=15594
{'loss': 14.8797, 'learning_rate': 1.5454662049506224e-08, 'epoch': 0.06}
{'loss': 14.3682, 'learning_rate': 3.148646915480313e-08, 'epoch': 0.13}
{'loss': 12.9618, 'learning_rate': 4.7486212645889443e-08, 'epoch': 0.19}
{'loss': 11.6255, 'learning_rate': 6.351801975118635e-08, 'epoch': 0.26}
{'loss': 10.5131, 'learning_rate': 7.954982685648327e-08, 'epoch': 0.32}
{'loss': 9.0735, 'learning_rate': 9.558163396178018e-08, 'epoch': 0.38}
{'loss': 7.8846, 'learning_rate': 1.116134410670771e-07, 'epoch': 0.45}
{'loss': 7.425, 'learning_rate': 1.2764524817237399e-07, 'epoch': 0.51}
{'loss': 7.1979, 'learning_rate': 1.436770552776709e-07, 'epoch': 0.58}
{'loss': 7.0948, 'learning_rate': 1.5970886238296784e-07, 'epoch': 0.64}
{'loss': 7.0332, 'learning_rate': 1.7574066948826473e-07, 'epoch': 0.71}
{'loss': 6.9325, 'learning_rate': 1.9177247659356163e-07, 'epoch': 0.77}
{'loss': 6.8589, 'learning_rate': 2.0780428369885856e-07, 'epoch': 0.83}
{'loss': 6.8628, 'learning_rate': 2.2383609080415545e-07, 'epoch': 0.9}
{'loss': 6.8236, 'learning_rate': 2.398678979094524e-07, 'epoch': 0.96}
{'loss': 6.7711, 'learning_rate': 2.558997050147493e-07, 'epoch': 1.03}
{'loss': 6.7364, 'learning_rate': 2.719315121200462e-07, 'epoch': 1.09}
{'loss': 6.6971, 'learning_rate': 2.8796331922534307e-07, 'epoch': 1.15}
{'loss': 6.5409, 'learning_rate': 3.0399512633064e-07, 'epoch': 1.22}
{'loss': 6.1255, 'learning_rate': 3.200269334359369e-07, 'epoch': 1.28}
{'loss': 5.5901, 'learning_rate': 3.360587405412338e-07, 'epoch': 1.35}
{'loss': 5.2187, 'learning_rate': 3.5209054764653077e-07, 'epoch': 1.41}
{'loss': 4.8737, 'learning_rate': 3.681223547518276e-07, 'epoch': 1.47}
{'loss': 4.5275, 'learning_rate': 3.8415416185712457e-07, 'epoch': 1.54}
{'loss': 4.2931, 'learning_rate': 4.001859689624215e-07, 'epoch': 1.6}
{'loss': 4.0715, 'learning_rate': 4.1621777606771836e-07, 'epoch': 1.67}
{'loss': 3.9445, 'learning_rate': 4.322495831730153e-07, 'epoch': 1.73}
{'loss': 3.7024, 'learning_rate': 4.482813902783122e-07, 'epoch': 1.8}
{'loss': 3.5976, 'learning_rate': 4.643131973836091e-07, 'epoch': 1.86}
{'loss': 3.4912, 'learning_rate': 4.80345004488906e-07, 'epoch': 1.92}
{'loss': 3.3521, 'learning_rate': 4.96376811594203e-07, 'epoch': 1.99}
{'loss': 3.2254, 'learning_rate': 5.124086186994998e-07, 'epoch': 2.05}
{'loss': 3.115, 'learning_rate': 5.284404258047968e-07, 'epoch': 2.12}
{'loss': 3.0365, 'learning_rate': 5.444722329100937e-07, 'epoch': 2.18}
{'loss': 2.9618, 'learning_rate': 5.605040400153906e-07, 'epoch': 2.24}
{'loss': 2.8914, 'learning_rate': 5.765358471206875e-07, 'epoch': 2.31}
{'loss': 2.8273, 'learning_rate': 5.925676542259844e-07, 'epoch': 2.37}
{'loss': 2.741, 'learning_rate': 6.085994613312813e-07, 'epoch': 2.44}
{'loss': 2.7466, 'learning_rate': 6.246312684365782e-07, 'epoch': 2.5}
{'loss': 2.6292, 'learning_rate': 6.406310119276646e-07, 'epoch': 2.57}
{'loss': 2.6169, 'learning_rate': 6.566628190329615e-07, 'epoch': 2.63}
{'loss': 2.5244, 'learning_rate': 6.726946261382584e-07, 'epoch': 2.69}
{'loss': 2.48, 'learning_rate': 6.886623060151342e-07, 'epoch': 2.76}
{'loss': 2.4789, 'learning_rate': 7.04694113120431e-07, 'epoch': 2.82}
{'loss': 2.4619, 'learning_rate': 7.207259202257279e-07, 'epoch': 2.89}
{'loss': 2.3895, 'learning_rate': 7.367577273310249e-07, 'epoch': 2.95}
{'loss': 2.339, 'learning_rate': 7.527895344363218e-07, 'epoch': 3.01}
{'loss': 2.3226, 'learning_rate': 7.688213415416186e-07, 'epoch': 3.08}
{'loss': 2.2958, 'learning_rate': 7.848531486469156e-07, 'epoch': 3.14}
{'loss': 2.2775, 'learning_rate': 8.008849557522125e-07, 'epoch': 3.21}
{'loss': 2.2416, 'learning_rate': 8.169167628575094e-07, 'epoch': 3.27}
{'loss': 2.2227, 'learning_rate': 8.329485699628063e-07, 'epoch': 3.33}
{'loss': 2.1828, 'learning_rate': 8.489803770681033e-07, 'epoch': 3.4}
{'loss': 2.1804, 'learning_rate': 8.650121841734001e-07, 'epoch': 3.46}
{'loss': 2.1439, 'learning_rate': 8.81043991278697e-07, 'epoch': 3.53}
{'loss': 2.1219, 'learning_rate': 8.97075798383994e-07, 'epoch': 3.59}
{'loss': 2.0948, 'learning_rate': 9.131076054892909e-07, 'epoch': 3.66}
{'loss': 2.0874, 'learning_rate': 9.291394125945876e-07, 'epoch': 3.72}
{'loss': 2.0613, 'learning_rate': 9.451712196998847e-07, 'epoch': 3.78}
{'loss': 2.0418, 'learning_rate': 9.612030268051814e-07, 'epoch': 3.85}
{'loss': 2.0188, 'learning_rate': 9.772348339104784e-07, 'epoch': 3.91}
{'loss': 2.0098, 'learning_rate': 9.932666410157755e-07, 'epoch': 3.98}
{'loss': 1.9704, 'learning_rate': 1.0092984481210722e-06, 'epoch': 4.04}
{'loss': 1.97, 'learning_rate': 1.0253302552263692e-06, 'epoch': 4.1}
{'loss': 1.9473, 'learning_rate': 1.0413299987174554e-06, 'epoch': 4.17}
{'loss': 1.9055, 'learning_rate': 1.0573618058227524e-06, 'epoch': 4.23}
{'loss': 1.9112, 'learning_rate': 1.0733936129280494e-06, 'epoch': 4.3}
{'loss': 1.9012, 'learning_rate': 1.0894254200333462e-06, 'epoch': 4.36}
{'loss': 1.8875, 'learning_rate': 1.1054251635244326e-06, 'epoch': 4.42}
{'loss': 1.877, 'learning_rate': 1.1214569706297293e-06, 'epoch': 4.49}
{'loss': 1.8235, 'learning_rate': 1.1374567141208157e-06, 'epoch': 4.55}
{'loss': 1.8702, 'learning_rate': 1.1534885212261127e-06, 'epoch': 4.62}
{'loss': 1.8136, 'learning_rate': 1.1695203283314097e-06, 'epoch': 4.68}
{'loss': 1.8289, 'learning_rate': 1.1855521354367065e-06, 'epoch': 4.75}
{'loss': 1.7967, 'learning_rate': 1.2015839425420033e-06, 'epoch': 4.81}
{'loss': 1.7819, 'learning_rate': 1.2175836860330897e-06, 'epoch': 4.87}
{'loss': 1.7714, 'learning_rate': 1.233583429524176e-06, 'epoch': 4.94}
{'loss': 1.8022, 'learning_rate': 1.2495831730152624e-06, 'epoch': 5.0}
{'loss': 1.7385, 'learning_rate': 1.2656149801205592e-06, 'epoch': 5.07}
{'loss': 1.7509, 'learning_rate': 1.2816467872258562e-06, 'epoch': 5.13}
{'loss': 1.6939, 'learning_rate': 1.2976785943311532e-06, 'epoch': 5.19}
{'loss': 1.7296, 'learning_rate': 1.3136783378222395e-06, 'epoch': 5.26}
{'loss': 1.7054, 'learning_rate': 1.3297101449275363e-06, 'epoch': 5.32}
{'loss': 1.6611, 'learning_rate': 1.3457419520328333e-06, 'epoch': 5.39}
{'loss': 1.6684, 'learning_rate': 1.3617416955239197e-06, 'epoch': 5.45}
{'loss': 1.666, 'learning_rate': 1.3777735026292167e-06, 'epoch': 5.51}
{'loss': 1.6734, 'learning_rate': 1.3938053097345133e-06, 'epoch': 5.58}
{'loss': 1.6361, 'learning_rate': 1.4098371168398103e-06, 'epoch': 5.64}
{'loss': 1.661, 'learning_rate': 1.4258689239451073e-06, 'epoch': 5.71}
{'loss': 1.6118, 'learning_rate': 1.441900731050404e-06, 'epoch': 5.77}
{'loss': 1.6109, 'learning_rate': 1.4579004745414905e-06, 'epoch': 5.84}
{'loss': 1.5738, 'learning_rate': 1.4739322816467875e-06, 'epoch': 5.9}
{'loss': 1.5953, 'learning_rate': 1.4899640887520842e-06, 'epoch': 5.96}
{'loss': 1.5791, 'learning_rate': 1.5059958958573813e-06, 'epoch': 6.03}
{'loss': 1.603, 'learning_rate': 1.5220277029626783e-06, 'epoch': 6.09}
{'loss': 1.5405, 'learning_rate': 1.5380595100679748e-06, 'epoch': 6.16}
{'loss': 1.5282, 'learning_rate': 1.5540913171732718e-06, 'epoch': 6.22}
{'loss': 1.5396, 'learning_rate': 1.5701231242785688e-06, 'epoch': 6.28}
{'loss': 1.5288, 'learning_rate': 1.5861549313838656e-06, 'epoch': 6.35}
{'loss': 1.5531, 'learning_rate': 1.6021867384891626e-06, 'epoch': 6.41}
{'loss': 1.5096, 'learning_rate': 1.6182185455944596e-06, 'epoch': 6.48}
{'loss': 1.5106, 'learning_rate': 1.6342503526997564e-06, 'epoch': 6.54}
{'loss': 1.5008, 'learning_rate': 1.6502821598050534e-06, 'epoch': 6.61}
{'loss': 1.5069, 'learning_rate': 1.6663139669103504e-06, 'epoch': 6.67}
{'loss': 1.4935, 'learning_rate': 1.682345774015647e-06, 'epoch': 6.73}
{'loss': 1.4972, 'learning_rate': 1.698377581120944e-06, 'epoch': 6.8}
{'loss': 1.4684, 'learning_rate': 1.714409388226241e-06, 'epoch': 6.86}
{'loss': 1.4639, 'learning_rate': 1.7304411953315378e-06, 'epoch': 6.93}
{'loss': 1.4829, 'learning_rate': 1.7464730024368348e-06, 'epoch': 6.99}
{'loss': 1.4652, 'learning_rate': 1.7625048095421318e-06, 'epoch': 7.05}
{'loss': 1.452, 'learning_rate': 1.7785366166474286e-06, 'epoch': 7.12}
{'loss': 1.4362, 'learning_rate': 1.7945684237527256e-06, 'epoch': 7.18}
{'loss': 1.4571, 'learning_rate': 1.810568167243812e-06, 'epoch': 7.25}
{'loss': 1.4164, 'learning_rate': 1.826599974349109e-06, 'epoch': 7.31}
{'loss': 1.4233, 'learning_rate': 1.8425676542259845e-06, 'epoch': 7.37}
{'loss': 1.4078, 'learning_rate': 1.8585994613312813e-06, 'epoch': 7.44}
{'loss': 1.3978, 'learning_rate': 1.8746312684365783e-06, 'epoch': 7.5}
{'loss': 1.4077, 'learning_rate': 1.8906630755418753e-06, 'epoch': 7.57}
{'loss': 1.4048, 'learning_rate': 1.906694882647172e-06, 'epoch': 7.63}
{'loss': 1.3841, 'learning_rate': 1.922726689752469e-06, 'epoch': 7.7}
{'loss': 1.4031, 'learning_rate': 1.938758496857766e-06, 'epoch': 7.76}
{'loss': 1.3831, 'learning_rate': 1.954790303963063e-06, 'epoch': 7.82}
{'loss': 1.3894, 'learning_rate': 1.97082211106836e-06, 'epoch': 7.89}
{'loss': 1.4041, 'learning_rate': 1.9868218545594463e-06, 'epoch': 7.95}
{'loss': 1.3827, 'learning_rate': 2.002853661664743e-06, 'epoch': 8.02}
{'loss': 1.354, 'learning_rate': 2.01888546877004e-06, 'epoch': 8.08}
{'loss': 1.3581, 'learning_rate': 2.034917275875337e-06, 'epoch': 8.14}
{'loss': 1.3463, 'learning_rate': 2.050917019366423e-06, 'epoch': 8.21}
{'loss': 1.3482, 'learning_rate': 2.0669488264717198e-06, 'epoch': 8.27}
{'loss': 1.3502, 'learning_rate': 2.082980633577017e-06, 'epoch': 8.34}
{'loss': 1.3564, 'learning_rate': 2.099012440682314e-06, 'epoch': 8.4}
{'loss': 1.3526, 'learning_rate': 2.115044247787611e-06, 'epoch': 8.46}
{'loss': 1.3263, 'learning_rate': 2.131076054892908e-06, 'epoch': 8.53}
{'loss': 1.3188, 'learning_rate': 2.147107861998205e-06, 'epoch': 8.59}
{'loss': 1.3451, 'learning_rate': 2.1631396691035014e-06, 'epoch': 8.66}
{'loss': 1.3402, 'learning_rate': 2.1791394125945877e-06, 'epoch': 8.72}
{'loss': 1.3412, 'learning_rate': 2.1951712196998848e-06, 'epoch': 8.79}
{'loss': 1.3273, 'learning_rate': 2.2112030268051818e-06, 'epoch': 8.85}
{'loss': 1.3135, 'learning_rate': 2.2272348339104783e-06, 'epoch': 8.91}
{'loss': 1.3486, 'learning_rate': 2.2432666410157753e-06, 'epoch': 8.98}
{'loss': 1.3496, 'learning_rate': 2.2592663845068617e-06, 'epoch': 9.04}
{'loss': 1.317, 'learning_rate': 2.2752981916121587e-06, 'epoch': 9.11}
{'loss': 1.2882, 'learning_rate': 2.2913299987174557e-06, 'epoch': 9.17}
{'loss': 1.3045, 'learning_rate': 2.3073618058227527e-06, 'epoch': 9.23}
{'loss': 1.2844, 'learning_rate': 2.3233936129280493e-06, 'epoch': 9.3}
{'loss': 1.2991, 'learning_rate': 2.3394254200333463e-06, 'epoch': 9.36}
{'loss': 1.2962, 'learning_rate': 2.3554572271386433e-06, 'epoch': 9.43}
{'loss': 1.2807, 'learning_rate': 2.37148903424394e-06, 'epoch': 9.49}
{'loss': 1.3097, 'learning_rate': 2.387520841349237e-06, 'epoch': 9.55}
{'loss': 1.2778, 'learning_rate': 2.403552648454534e-06, 'epoch': 9.62}
{'loss': 1.2947, 'learning_rate': 2.419584455559831e-06, 'epoch': 9.68}
{'loss': 1.2739, 'learning_rate': 2.4355841990509173e-06, 'epoch': 9.75}
{'loss': 1.2396, 'learning_rate': 2.4515839425420036e-06, 'epoch': 9.81}
{'loss': 1.2816, 'learning_rate': 2.4676157496473006e-06, 'epoch': 9.88}
{'loss': 1.257, 'learning_rate': 2.483647556752597e-06, 'epoch': 9.94}
{'loss': 1.2436, 'learning_rate': 2.499679363857894e-06, 'epoch': 10.0}
{'loss': 1.2584, 'learning_rate': 2.4960722072592025e-06, 'epoch': 10.07}
{'loss': 1.2661, 'learning_rate': 2.492072271386431e-06, 'epoch': 10.13}
{'loss': 1.2201, 'learning_rate': 2.4880643196101066e-06, 'epoch': 10.2}
{'loss': 1.2392, 'learning_rate': 2.4840563678337823e-06, 'epoch': 10.26}
{'loss': 1.2579, 'learning_rate': 2.480048416057458e-06, 'epoch': 10.32}
{'loss': 1.2335, 'learning_rate': 2.4760564960882393e-06, 'epoch': 10.39}
{'loss': 1.2169, 'learning_rate': 2.472048544311915e-06, 'epoch': 10.45}
{'loss': 1.2368, 'learning_rate': 2.4680405925355906e-06, 'epoch': 10.52}
{'loss': 1.2655, 'learning_rate': 2.4640326407592666e-06, 'epoch': 10.58}
{'loss': 1.2166, 'learning_rate': 2.4600246889829423e-06, 'epoch': 10.65}
{'loss': 1.23, 'learning_rate': 2.4560167372066183e-06, 'epoch': 10.71}
{'loss': 1.218, 'learning_rate': 2.452008785430294e-06, 'epoch': 10.77}
{'loss': 1.2243, 'learning_rate': 2.4480008336539696e-06, 'epoch': 10.84}
{'loss': 1.2223, 'learning_rate': 2.4439928818776453e-06, 'epoch': 10.9}
{'loss': 1.2518, 'learning_rate': 2.4399849301013213e-06, 'epoch': 10.97}
{'loss': 1.2505, 'learning_rate': 2.435976978324997e-06, 'epoch': 11.03}
{'loss': 1.2131, 'learning_rate': 2.4319690265486726e-06, 'epoch': 11.09}
{'loss': 1.1966, 'learning_rate': 2.4279610747723487e-06, 'epoch': 11.16}
{'loss': 1.2119, 'learning_rate': 2.4239531229960243e-06, 'epoch': 11.22}
{'loss': 1.2056, 'learning_rate': 2.4199451712197e-06, 'epoch': 11.29}
{'loss': 1.2101, 'learning_rate': 2.4159372194433756e-06, 'epoch': 11.35}
{'loss': 1.2253, 'learning_rate': 2.4119292676670517e-06, 'epoch': 11.41}
{'loss': 1.2142, 'learning_rate': 2.4079213158907273e-06, 'epoch': 11.48}
{'loss': 1.1852, 'learning_rate': 2.4039133641144034e-06, 'epoch': 11.54}
{'loss': 1.2181, 'learning_rate': 2.3999214441451844e-06, 'epoch': 11.61}
{'loss': 1.2243, 'learning_rate': 2.39591349236886e-06, 'epoch': 11.67}
{'loss': 1.1808, 'learning_rate': 2.3919055405925357e-06, 'epoch': 11.74}
{'loss': 1.1991, 'learning_rate': 2.3878975888162113e-06, 'epoch': 11.8}
{'loss': 1.1831, 'learning_rate': 2.3838896370398874e-06, 'epoch': 11.86}
{'loss': 1.1908, 'learning_rate': 2.379881685263563e-06, 'epoch': 11.93}
{'loss': 1.1945, 'learning_rate': 2.375873733487239e-06, 'epoch': 11.99}
{'loss': 1.1704, 'learning_rate': 2.3718657817109147e-06, 'epoch': 12.06}
{'loss': 1.1726, 'learning_rate': 2.3678578299345904e-06, 'epoch': 12.12}
{'loss': 1.2037, 'learning_rate': 2.363857894061819e-06, 'epoch': 12.18}
{'loss': 1.1547, 'learning_rate': 2.3598579581890474e-06, 'epoch': 12.25}
{'loss': 1.1742, 'learning_rate': 2.355850006412723e-06, 'epoch': 12.31}
{'loss': 1.166, 'learning_rate': 2.3518420546363987e-06, 'epoch': 12.38}
{'loss': 1.1878, 'learning_rate': 2.3478341028600747e-06, 'epoch': 12.44}
{'loss': 1.1756, 'learning_rate': 2.3438261510837504e-06, 'epoch': 12.5}
{'loss': 1.1611, 'learning_rate': 2.339818199307426e-06, 'epoch': 12.57}
{'loss': 1.1662, 'learning_rate': 2.335810247531102e-06, 'epoch': 12.63}
{'loss': 1.1679, 'learning_rate': 2.3318103116583306e-06, 'epoch': 12.7}
{'loss': 1.1696, 'learning_rate': 2.327802359882006e-06, 'epoch': 12.76}
{'loss': 1.1577, 'learning_rate': 2.3238024240092343e-06, 'epoch': 12.83}
{'loss': 1.1634, 'learning_rate': 2.3197944722329104e-06, 'epoch': 12.89}
{'loss': 1.1507, 'learning_rate': 2.315786520456586e-06, 'epoch': 12.95}
{'loss': 1.1644, 'learning_rate': 2.3117785686802617e-06, 'epoch': 13.02}
{'loss': 1.147, 'learning_rate': 2.3077706169039378e-06, 'epoch': 13.08}
{'loss': 1.1291, 'learning_rate': 2.3037626651276134e-06, 'epoch': 13.15}
{'loss': 1.1633, 'learning_rate': 2.299754713351289e-06, 'epoch': 13.21}
{'loss': 1.1398, 'learning_rate': 2.2957467615749647e-06, 'epoch': 13.27}
{'loss': 1.1434, 'learning_rate': 2.2917388097986408e-06, 'epoch': 13.34}
{'loss': 1.1517, 'learning_rate': 2.2877308580223164e-06, 'epoch': 13.4}
{'loss': 1.1419, 'learning_rate': 2.2837229062459925e-06, 'epoch': 13.47}
{'loss': 1.1478, 'learning_rate': 2.279714954469668e-06, 'epoch': 13.53}
{'loss': 1.1601, 'learning_rate': 2.2757070026933438e-06, 'epoch': 13.59}
{'loss': 1.1447, 'learning_rate': 2.2716990509170194e-06, 'epoch': 13.66}
{'loss': 1.153, 'learning_rate': 2.2676910991406955e-06, 'epoch': 13.72}
{'loss': 1.1342, 'learning_rate': 2.263683147364371e-06, 'epoch': 13.79}
{'loss': 1.1353, 'learning_rate': 2.2596751955880468e-06, 'epoch': 13.85}
{'loss': 1.1145, 'learning_rate': 2.2556752597152753e-06, 'epoch': 13.92}
{'loss': 1.1438, 'learning_rate': 2.2516673079389513e-06, 'epoch': 13.98}
{'loss': 1.1424, 'learning_rate': 2.2476673720661794e-06, 'epoch': 14.04}
{'loss': 1.1299, 'learning_rate': 2.2436594202898555e-06, 'epoch': 14.11}
{'loss': 1.0979, 'learning_rate': 2.239651468513531e-06, 'epoch': 14.17}
{'loss': 1.1304, 'learning_rate': 2.2356435167372068e-06, 'epoch': 14.24}
{'loss': 1.1425, 'learning_rate': 2.2316435808644353e-06, 'epoch': 14.3}
{'loss': 1.1251, 'learning_rate': 2.227635629088111e-06, 'epoch': 14.36}
{'loss': 1.1008, 'learning_rate': 2.223627677311787e-06, 'epoch': 14.43}
{'loss': 1.1187, 'learning_rate': 2.2196197255354627e-06, 'epoch': 14.49}
{'loss': 1.1283, 'learning_rate': 2.2156117737591383e-06, 'epoch': 14.56}
{'loss': 1.1165, 'learning_rate': 2.211603821982814e-06, 'epoch': 14.62}
{'loss': 1.1174, 'learning_rate': 2.2076038861100425e-06, 'epoch': 14.69}
{'loss': 1.1102, 'learning_rate': 2.203595934333718e-06, 'epoch': 14.75}
{'loss': 1.1285, 'learning_rate': 2.199587982557394e-06, 'epoch': 14.81}
{'loss': 1.1321, 'learning_rate': 2.19558003078107e-06, 'epoch': 14.88}
{'loss': 1.0974, 'learning_rate': 2.191572079004746e-06, 'epoch': 14.94}
{'loss': 1.124, 'learning_rate': 2.1875641272284215e-06, 'epoch': 15.01}
{'loss': 1.1057, 'learning_rate': 2.183556175452097e-06, 'epoch': 15.07}
{'loss': 1.1242, 'learning_rate': 2.179548223675773e-06, 'epoch': 15.13}
{'loss': 1.093, 'learning_rate': 2.175540271899449e-06, 'epoch': 15.2}
{'loss': 1.1098, 'learning_rate': 2.1715323201231245e-06, 'epoch': 15.26}
{'loss': 1.1017, 'learning_rate': 2.1675243683468e-06, 'epoch': 15.33}
{'loss': 1.1043, 'learning_rate': 2.1635244324740287e-06, 'epoch': 15.39}
{'loss': 1.1136, 'learning_rate': 2.1595164806977047e-06, 'epoch': 15.45}
{'loss': 1.1032, 'learning_rate': 2.15550852892138e-06, 'epoch': 15.52}
{'loss': 1.1109, 'learning_rate': 2.151500577145056e-06, 'epoch': 15.58}
{'loss': 1.0995, 'learning_rate': 2.1474926253687317e-06, 'epoch': 15.65}
{'loss': 1.1268, 'learning_rate': 2.14349268949596e-06, 'epoch': 15.71}
{'loss': 1.0974, 'learning_rate': 2.139484737719636e-06, 'epoch': 15.78}
{'loss': 1.0954, 'learning_rate': 2.135476785943312e-06, 'epoch': 15.84}
{'loss': 1.1112, 'learning_rate': 2.1314688341669875e-06, 'epoch': 15.9}
{'loss': 1.0942, 'learning_rate': 2.127460882390663e-06, 'epoch': 15.97}
{'loss': 1.0796, 'learning_rate': 2.1234609465178917e-06, 'epoch': 16.03}
{'loss': 1.1058, 'learning_rate': 2.1194529947415673e-06, 'epoch': 16.1}
{'loss': 1.0961, 'learning_rate': 2.115445042965243e-06, 'epoch': 16.16}
{'loss': 1.0634, 'learning_rate': 2.111437091188919e-06, 'epoch': 16.22}
{'loss': 1.0795, 'learning_rate': 2.1074291394125947e-06, 'epoch': 16.29}
{'loss': 1.0644, 'learning_rate': 2.1034211876362708e-06, 'epoch': 16.35}
{'loss': 1.0827, 'learning_rate': 2.099421251763499e-06, 'epoch': 16.42}
{'loss': 1.0776, 'learning_rate': 2.095413299987175e-06, 'epoch': 16.48}
{'loss': 1.0986, 'learning_rate': 2.0914053482108506e-06, 'epoch': 16.54}
{'loss': 1.0733, 'learning_rate': 2.0874054123380787e-06, 'epoch': 16.61}
{'loss': 1.0826, 'learning_rate': 2.0833974605617547e-06, 'epoch': 16.67}
{'loss': 1.0947, 'learning_rate': 2.0793895087854304e-06, 'epoch': 16.74}
{'loss': 1.0767, 'learning_rate': 2.0753815570091064e-06, 'epoch': 16.8}
{'loss': 1.1093, 'learning_rate': 2.071373605232782e-06, 'epoch': 16.87}
{'loss': 1.0978, 'learning_rate': 2.0673656534564577e-06, 'epoch': 16.93}
{'loss': 1.1018, 'learning_rate': 2.0633577016801334e-06, 'epoch': 16.99}
{'loss': 1.108, 'learning_rate': 2.0593497499038094e-06, 'epoch': 17.06}
{'loss': 1.0829, 'learning_rate': 2.055341798127485e-06, 'epoch': 17.12}
{'loss': 1.0624, 'learning_rate': 2.0513338463511607e-06, 'epoch': 17.19}
{'loss': 1.0815, 'learning_rate': 2.047341926381942e-06, 'epoch': 17.25}
{'loss': 1.0677, 'learning_rate': 2.0433339746056177e-06, 'epoch': 17.31}
{'loss': 1.0712, 'learning_rate': 2.0393260228292934e-06, 'epoch': 17.38}
{'loss': 1.065, 'learning_rate': 2.0353180710529695e-06, 'epoch': 17.44}
{'loss': 1.0853, 'learning_rate': 2.031310119276645e-06, 'epoch': 17.51}
{'loss': 1.0864, 'learning_rate': 2.0273021675003207e-06, 'epoch': 17.57}
{'loss': 1.0734, 'learning_rate': 2.0232942157239964e-06, 'epoch': 17.63}
{'loss': 1.0574, 'learning_rate': 2.019294279851225e-06, 'epoch': 17.7}
{'loss': 1.0716, 'learning_rate': 2.015286328074901e-06, 'epoch': 17.76}
{'loss': 1.0893, 'learning_rate': 2.0112783762985766e-06, 'epoch': 17.83}
{'loss': 1.0697, 'learning_rate': 2.0072704245222522e-06, 'epoch': 17.89}
{'loss': 1.076, 'learning_rate': 2.0032624727459283e-06, 'epoch': 17.96}
{'loss': 1.0517, 'learning_rate': 1.999254520969604e-06, 'epoch': 18.02}
{'loss': 1.0565, 'learning_rate': 1.9952465691932796e-06, 'epoch': 18.08}
{'loss': 1.0859, 'learning_rate': 1.9912386174169552e-06, 'epoch': 18.15}
{'loss': 1.0631, 'learning_rate': 1.9872306656406313e-06, 'epoch': 18.21}
{'loss': 1.0466, 'learning_rate': 1.983222713864307e-06, 'epoch': 18.28}
{'loss': 1.0391, 'learning_rate': 1.979214762087983e-06, 'epoch': 18.34}
{'loss': 1.0719, 'learning_rate': 1.9752068103116582e-06, 'epoch': 18.4}
{'loss': 1.0633, 'learning_rate': 1.9712068744388868e-06, 'epoch': 18.47}
{'loss': 1.0639, 'learning_rate': 1.9672069385661153e-06, 'epoch': 18.53}
{'loss': 1.0503, 'learning_rate': 1.963198986789791e-06, 'epoch': 18.6}
{'loss': 1.0742, 'learning_rate': 1.959191035013467e-06, 'epoch': 18.66}
{'loss': 1.0575, 'learning_rate': 1.9551830832371426e-06, 'epoch': 18.73}
{'loss': 1.0757, 'learning_rate': 1.951183147364371e-06, 'epoch': 18.79}
{'loss': 1.0594, 'learning_rate': 1.9471751955880468e-06, 'epoch': 18.85}
{'loss': 1.0489, 'learning_rate': 1.943167243811723e-06, 'epoch': 18.92}
{'loss': 1.0659, 'learning_rate': 1.939159292035398e-06, 'epoch': 18.98}
{'loss': 1.0572, 'learning_rate': 1.935151340259074e-06, 'epoch': 19.05}
{'loss': 1.0547, 'learning_rate': 1.9311514043863027e-06, 'epoch': 19.11}
{'loss': 1.0537, 'learning_rate': 1.9271514685135307e-06, 'epoch': 19.17}
{'loss': 1.0527, 'learning_rate': 1.923143516737207e-06, 'epoch': 19.24}
{'loss': 1.0456, 'learning_rate': 1.9191355649608825e-06, 'epoch': 19.3}
{'loss': 1.0592, 'learning_rate': 1.9151276131845585e-06, 'epoch': 19.37}
{'loss': 1.0376, 'learning_rate': 1.911119661408234e-06, 'epoch': 19.43}
{'loss': 1.0673, 'learning_rate': 1.90711170963191e-06, 'epoch': 19.49}
{'loss': 1.0324, 'learning_rate': 1.9031037578555855e-06, 'epoch': 19.56}
{'loss': 1.0459, 'learning_rate': 1.8990958060792613e-06, 'epoch': 19.62}
{'loss': 1.0244, 'learning_rate': 1.8950878543029372e-06, 'epoch': 19.69}
{'loss': 1.0481, 'learning_rate': 1.8910879184301657e-06, 'epoch': 19.75}
{'loss': 1.0621, 'learning_rate': 1.8870799666538413e-06, 'epoch': 19.82}
{'loss': 1.0478, 'learning_rate': 1.8830720148775172e-06, 'epoch': 19.88}
{'loss': 1.0538, 'learning_rate': 1.879064063101193e-06, 'epoch': 19.94}
{'loss': 1.0477, 'learning_rate': 1.8750561113248687e-06, 'epoch': 20.01}
{'loss': 1.0252, 'learning_rate': 1.8710481595485443e-06, 'epoch': 20.07}
{'loss': 1.0836, 'learning_rate': 1.8670402077722202e-06, 'epoch': 20.14}
{'loss': 1.0763, 'learning_rate': 1.863032255995896e-06, 'epoch': 20.2}
{'loss': 1.0387, 'learning_rate': 1.8590243042195719e-06, 'epoch': 20.26}
{'loss': 1.0481, 'learning_rate': 1.8550243683468002e-06, 'epoch': 20.33}
{'loss': 1.0325, 'learning_rate': 1.851016416570476e-06, 'epoch': 20.39}
{'loss': 1.0332, 'learning_rate': 1.8470084647941517e-06, 'epoch': 20.46}
{'loss': 1.0467, 'learning_rate': 1.8430005130178275e-06, 'epoch': 20.52}
{'loss': 1.0455, 'learning_rate': 1.8389925612415032e-06, 'epoch': 20.58}
{'loss': 1.0367, 'learning_rate': 1.8349926253687317e-06, 'epoch': 20.65}
{'loss': 1.0412, 'learning_rate': 1.8309846735924075e-06, 'epoch': 20.71}
{'loss': 1.0256, 'learning_rate': 1.8269847377196359e-06, 'epoch': 20.78}
{'loss': 1.0155, 'learning_rate': 1.8229767859433117e-06, 'epoch': 20.84}
{'loss': 1.0347, 'learning_rate': 1.8189688341669876e-06, 'epoch': 20.91}
{'loss': 1.047, 'learning_rate': 1.814960882390663e-06, 'epoch': 20.97}
{'loss': 1.0335, 'learning_rate': 1.8109529306143388e-06, 'epoch': 21.03}
{'loss': 1.0259, 'learning_rate': 1.8069449788380147e-06, 'epoch': 21.1}
{'loss': 1.0208, 'learning_rate': 1.8029370270616906e-06, 'epoch': 21.16}
{'loss': 1.0263, 'learning_rate': 1.7989290752853664e-06, 'epoch': 21.23}
{'loss': 1.0435, 'learning_rate': 1.7949291394125947e-06, 'epoch': 21.29}
{'loss': 1.036, 'learning_rate': 1.7909211876362706e-06, 'epoch': 21.35}
{'loss': 1.0394, 'learning_rate': 1.786921251763499e-06, 'epoch': 21.42}
{'loss': 1.0099, 'learning_rate': 1.7829132999871747e-06, 'epoch': 21.48}
{'loss': 1.0281, 'learning_rate': 1.7789053482108504e-06, 'epoch': 21.55}
{'loss': 1.0183, 'learning_rate': 1.7748973964345262e-06, 'epoch': 21.61}
{'loss': 1.0234, 'learning_rate': 1.770889444658202e-06, 'epoch': 21.68}
{'loss': 1.006, 'learning_rate': 1.7668814928818777e-06, 'epoch': 21.74}
{'loss': 1.0426, 'learning_rate': 1.7628735411055536e-06, 'epoch': 21.8}
{'loss': 1.0307, 'learning_rate': 1.7588655893292294e-06, 'epoch': 21.87}
{'loss': 1.0247, 'learning_rate': 1.754857637552905e-06, 'epoch': 21.93}
{'loss': 1.019, 'learning_rate': 1.7508577016801334e-06, 'epoch': 22.0}
{'loss': 1.015, 'learning_rate': 1.7468497499038092e-06, 'epoch': 22.06}
{'loss': 1.0245, 'learning_rate': 1.742841798127485e-06, 'epoch': 22.12}
{'loss': 1.0171, 'learning_rate': 1.738833846351161e-06, 'epoch': 22.19}
{'loss': 1.0257, 'learning_rate': 1.7348258945748366e-06, 'epoch': 22.25}
{'loss': 1.0244, 'learning_rate': 1.7308179427985124e-06, 'epoch': 22.32}
{'loss': 1.0302, 'learning_rate': 1.726818006925741e-06, 'epoch': 22.38}
{'loss': 1.0303, 'learning_rate': 1.7228100551494164e-06, 'epoch': 22.44}
{'loss': 1.0244, 'learning_rate': 1.7188021033730922e-06, 'epoch': 22.51}
{'loss': 1.0332, 'learning_rate': 1.714794151596768e-06, 'epoch': 22.57}
{'loss': 1.0163, 'learning_rate': 1.710786199820444e-06, 'epoch': 22.64}
{'loss': 1.004, 'learning_rate': 1.7067782480441198e-06, 'epoch': 22.7}
{'loss': 1.0279, 'learning_rate': 1.7027783121713481e-06, 'epoch': 22.77}
{'loss': 1.0006, 'learning_rate': 1.6987783762985766e-06, 'epoch': 22.83}
{'loss': 1.0156, 'learning_rate': 1.694778440425805e-06, 'epoch': 22.89}
{'loss': 1.0036, 'learning_rate': 1.6907704886494808e-06, 'epoch': 22.96}
{'loss': 1.0029, 'learning_rate': 1.6867625368731566e-06, 'epoch': 23.02}
{'loss': 1.0178, 'learning_rate': 1.682754585096832e-06, 'epoch': 23.09}
{'loss': 1.0014, 'learning_rate': 1.678746633320508e-06, 'epoch': 23.15}
{'loss': 0.9928, 'learning_rate': 1.6747386815441838e-06, 'epoch': 23.21}
{'loss': 1.015, 'learning_rate': 1.6707387456714123e-06, 'epoch': 23.28}
{'loss': 1.0084, 'learning_rate': 1.666730793895088e-06, 'epoch': 23.34}
{'loss': 1.0152, 'learning_rate': 1.6627228421187638e-06, 'epoch': 23.41}
{'loss': 1.006, 'learning_rate': 1.6587148903424397e-06, 'epoch': 23.47}
{'loss': 1.0037, 'learning_rate': 1.6547069385661153e-06, 'epoch': 23.53}
{'loss': 0.9888, 'learning_rate': 1.650698986789791e-06, 'epoch': 23.6}
{'loss': 1.006, 'learning_rate': 1.6466910350134668e-06, 'epoch': 23.66}
{'loss': 1.0099, 'learning_rate': 1.6426830832371427e-06, 'epoch': 23.73}
{'loss': 0.9959, 'learning_rate': 1.6386831473643712e-06, 'epoch': 23.79}
{'loss': 1.0105, 'learning_rate': 1.6346751955880468e-06, 'epoch': 23.86}
{'loss': 0.9917, 'learning_rate': 1.6306672438117227e-06, 'epoch': 23.92}
{'loss': 1.0229, 'learning_rate': 1.6266592920353983e-06, 'epoch': 23.98}
{'loss': 0.9966, 'learning_rate': 1.6226513402590742e-06, 'epoch': 24.05}
{'loss': 0.9811, 'learning_rate': 1.6186433884827498e-06, 'epoch': 24.11}
{'loss': 1.0397, 'learning_rate': 1.6146354367064257e-06, 'epoch': 24.18}
{'loss': 0.9979, 'learning_rate': 1.6106274849301015e-06, 'epoch': 24.24}
{'loss': 0.9919, 'learning_rate': 1.6066195331537774e-06, 'epoch': 24.3}
{'loss': 1.0038, 'learning_rate': 1.6026115813774528e-06, 'epoch': 24.37}
{'loss': 1.0076, 'learning_rate': 1.5986036296011287e-06, 'epoch': 24.43}
{'loss': 0.9994, 'learning_rate': 1.5946036937283572e-06, 'epoch': 24.5}
{'loss': 0.9987, 'learning_rate': 1.5906037578555855e-06, 'epoch': 24.56}
{'loss': 0.9862, 'learning_rate': 1.5865958060792613e-06, 'epoch': 24.62}
{'loss': 1.0012, 'learning_rate': 1.5825878543029372e-06, 'epoch': 24.69}
{'loss': 1.001, 'learning_rate': 1.578579902526613e-06, 'epoch': 24.75}
{'loss': 0.9939, 'learning_rate': 1.574571950750289e-06, 'epoch': 24.82}
{'loss': 0.9963, 'learning_rate': 1.5705639989739645e-06, 'epoch': 24.88}
{'loss': 1.0124, 'learning_rate': 1.566564063101193e-06, 'epoch': 24.95}
{'loss': 0.9932, 'learning_rate': 1.5625561113248685e-06, 'epoch': 25.01}
{'loss': 1.0171, 'learning_rate': 1.5585481595485443e-06, 'epoch': 25.07}
{'loss': 1.0155, 'learning_rate': 1.5545402077722202e-06, 'epoch': 25.14}
{'loss': 0.9892, 'learning_rate': 1.550532255995896e-06, 'epoch': 25.2}
{'loss': 0.9968, 'learning_rate': 1.546524304219572e-06, 'epoch': 25.27}
{'loss': 0.9943, 'learning_rate': 1.5425163524432475e-06, 'epoch': 25.33}
{'loss': 0.9802, 'learning_rate': 1.5385084006669232e-06, 'epoch': 25.39}
{'loss': 0.9875, 'learning_rate': 1.5345084647941517e-06, 'epoch': 25.46}
{'loss': 0.9785, 'learning_rate': 1.5305005130178274e-06, 'epoch': 25.52}
{'loss': 0.9884, 'learning_rate': 1.5265005771450559e-06, 'epoch': 25.59}
{'loss': 0.9966, 'learning_rate': 1.5224926253687317e-06, 'epoch': 25.65}
{'loss': 0.9894, 'learning_rate': 1.5184846735924076e-06, 'epoch': 25.72}
{'loss': 0.9796, 'learning_rate': 1.5144767218160832e-06, 'epoch': 25.78}
{'loss': 0.9789, 'learning_rate': 1.510468770039759e-06, 'epoch': 25.84}
{'loss': 1.0012, 'learning_rate': 1.5064688341669876e-06, 'epoch': 25.91}
{'loss': 0.9933, 'learning_rate': 1.502460882390663e-06, 'epoch': 25.97}
{'loss': 1.0106, 'learning_rate': 1.4984529306143389e-06, 'epoch': 26.04}
{'loss': 0.9894, 'learning_rate': 1.4944449788380147e-06, 'epoch': 26.1}
{'loss': 0.9785, 'learning_rate': 1.490445042965243e-06, 'epoch': 26.16}
{'loss': 0.999, 'learning_rate': 1.4864451070924716e-06, 'epoch': 26.23}
{'loss': 0.9719, 'learning_rate': 1.4824371553161474e-06, 'epoch': 26.29}
{'loss': 0.9857, 'learning_rate': 1.4784292035398233e-06, 'epoch': 26.36}
{'loss': 0.9735, 'learning_rate': 1.474421251763499e-06, 'epoch': 26.42}
{'loss': 0.9689, 'learning_rate': 1.4704132999871748e-06, 'epoch': 26.48}
{'loss': 0.986, 'learning_rate': 1.4664133641144033e-06, 'epoch': 26.55}
{'loss': 0.974, 'learning_rate': 1.4624054123380787e-06, 'epoch': 26.61}
{'loss': 0.9675, 'learning_rate': 1.4583974605617546e-06, 'epoch': 26.68}
{'loss': 1.0, 'learning_rate': 1.4543895087854304e-06, 'epoch': 26.74}
{'loss': 0.969, 'learning_rate': 1.4503815570091063e-06, 'epoch': 26.81}
{'loss': 1.0034, 'learning_rate': 1.4463736052327821e-06, 'epoch': 26.87}
{'loss': 0.9956, 'learning_rate': 1.4423656534564578e-06, 'epoch': 26.93}
{'loss': 0.9939, 'learning_rate': 1.4383577016801334e-06, 'epoch': 27.0}
{'loss': 0.9912, 'learning_rate': 1.4343497499038093e-06, 'epoch': 27.06}
{'loss': 0.9869, 'learning_rate': 1.4303417981274851e-06, 'epoch': 27.13}
{'loss': 0.9713, 'learning_rate': 1.4263338463511608e-06, 'epoch': 27.19}
{'loss': 0.9808, 'learning_rate': 1.4223339104783893e-06, 'epoch': 27.25}
{'loss': 1.0011, 'learning_rate': 1.4183259587020651e-06, 'epoch': 27.32}
{'loss': 0.9832, 'learning_rate': 1.414318006925741e-06, 'epoch': 27.38}
{'loss': 0.972, 'learning_rate': 1.4103180710529693e-06, 'epoch': 27.45}
{'loss': 0.9647, 'learning_rate': 1.406310119276645e-06, 'epoch': 27.51}
{'loss': 0.9862, 'learning_rate': 1.4023021675003206e-06, 'epoch': 27.57}
{'loss': 0.9827, 'learning_rate': 1.3982942157239964e-06, 'epoch': 27.64}
{'loss': 0.9745, 'learning_rate': 1.3942862639476723e-06, 'epoch': 27.7}
{'loss': 0.9829, 'learning_rate': 1.3902783121713481e-06, 'epoch': 27.77}
{'loss': 0.9962, 'learning_rate': 1.386270360395024e-06, 'epoch': 27.83}
{'loss': 0.9828, 'learning_rate': 1.3822624086186994e-06, 'epoch': 27.9}
{'loss': 0.9795, 'learning_rate': 1.3782544568423753e-06, 'epoch': 27.96}
{'loss': 0.9697, 'learning_rate': 1.3742545209696038e-06, 'epoch': 28.02}
{'loss': 1.0014, 'learning_rate': 1.3702465691932794e-06, 'epoch': 28.09}
{'loss': 0.969, 'learning_rate': 1.3662386174169553e-06, 'epoch': 28.15}
{'loss': 0.9747, 'learning_rate': 1.3622386815441838e-06, 'epoch': 28.22}
{'loss': 0.9772, 'learning_rate': 1.3582307297678597e-06, 'epoch': 28.28}
{'loss': 0.9665, 'learning_rate': 1.3542227779915353e-06, 'epoch': 28.34}
{'loss': 0.9869, 'learning_rate': 1.3502148262152112e-06, 'epoch': 28.41}
{'loss': 0.9802, 'learning_rate': 1.3462148903424397e-06, 'epoch': 28.47}
{'loss': 0.9595, 'learning_rate': 1.3422069385661151e-06, 'epoch': 28.54}
{'loss': 0.9617, 'learning_rate': 1.338198986789791e-06, 'epoch': 28.6}
{'loss': 0.9608, 'learning_rate': 1.3341910350134668e-06, 'epoch': 28.66}
{'loss': 0.9563, 'learning_rate': 1.3301830832371427e-06, 'epoch': 28.73}
{'loss': 0.9802, 'learning_rate': 1.3261751314608185e-06, 'epoch': 28.79}
{'loss': 0.9778, 'learning_rate': 1.3221671796844942e-06, 'epoch': 28.86}
{'loss': 0.9948, 'learning_rate': 1.3181592279081698e-06, 'epoch': 28.92}
{'loss': 0.9691, 'learning_rate': 1.3141512761318457e-06, 'epoch': 28.99}
{'loss': 0.9758, 'learning_rate': 1.3101433243555215e-06, 'epoch': 29.05}
{'loss': 0.9562, 'learning_rate': 1.3061353725791972e-06, 'epoch': 29.11}
{'loss': 0.9428, 'learning_rate': 1.3021354367064257e-06, 'epoch': 29.18}
{'loss': 0.9526, 'learning_rate': 1.2981274849301015e-06, 'epoch': 29.24}
{'loss': 0.9708, 'learning_rate': 1.2941195331537774e-06, 'epoch': 29.31}
{'loss': 0.9595, 'learning_rate': 1.2901195972810057e-06, 'epoch': 29.37}
{'loss': 0.9517, 'learning_rate': 1.2861116455046813e-06, 'epoch': 29.43}
{'loss': 0.9927, 'learning_rate': 1.282103693728357e-06, 'epoch': 29.5}
{'loss': 0.9742, 'learning_rate': 1.2780957419520328e-06, 'epoch': 29.56}
{'loss': 0.9806, 'learning_rate': 1.2740877901757087e-06, 'epoch': 29.63}
{'loss': 0.969, 'learning_rate': 1.2700798383993846e-06, 'epoch': 29.69}
{'loss': 0.9559, 'learning_rate': 1.2660799025266129e-06, 'epoch': 29.76}
{'loss': 0.9859, 'learning_rate': 1.2620799666538414e-06, 'epoch': 29.82}
{'loss': 0.9903, 'learning_rate': 1.2580720148775172e-06, 'epoch': 29.88}
{'loss': 0.9702, 'learning_rate': 1.254064063101193e-06, 'epoch': 29.95}
{'loss': 0.9748, 'learning_rate': 1.2500561113248685e-06, 'epoch': 30.01}
{'loss': 0.9716, 'learning_rate': 1.2460481595485444e-06, 'epoch': 30.08}
{'loss': 0.975, 'learning_rate': 1.2420402077722202e-06, 'epoch': 30.14}
{'loss': 0.9645, 'learning_rate': 1.238032255995896e-06, 'epoch': 30.2}
{'loss': 0.9773, 'learning_rate': 1.2340243042195717e-06, 'epoch': 30.27}
{'loss': 0.9683, 'learning_rate': 1.2300163524432476e-06, 'epoch': 30.33}
{'loss': 0.9626, 'learning_rate': 1.2260084006669232e-06, 'epoch': 30.4}
{'loss': 0.9635, 'learning_rate': 1.222000448890599e-06, 'epoch': 30.46}
{'loss': 0.964, 'learning_rate': 1.2179924971142747e-06, 'epoch': 30.52}
{'loss': 0.9548, 'learning_rate': 1.2139845453379506e-06, 'epoch': 30.59}
{'loss': 0.9573, 'learning_rate': 1.2099926253687315e-06, 'epoch': 30.65}
{'loss': 0.966, 'learning_rate': 1.2059846735924074e-06, 'epoch': 30.72}
{'loss': 0.9647, 'learning_rate': 1.2019767218160832e-06, 'epoch': 30.78}
{'loss': 0.9854, 'learning_rate': 1.1979767859433118e-06, 'epoch': 30.85}
{'loss': 0.979, 'learning_rate': 1.1939688341669874e-06, 'epoch': 30.91}
{'loss': 0.9525, 'learning_rate': 1.1899608823906633e-06, 'epoch': 30.97}
{'loss': 0.9361, 'learning_rate': 1.185952930614339e-06, 'epoch': 31.04}
{'loss': 0.9556, 'learning_rate': 1.1819449788380148e-06, 'epoch': 31.1}
{'loss': 0.9715, 'learning_rate': 1.1779370270616904e-06, 'epoch': 31.17}
{'loss': 0.9544, 'learning_rate': 1.1739290752853663e-06, 'epoch': 31.23}
{'loss': 0.9556, 'learning_rate': 1.169921123509042e-06, 'epoch': 31.29}
{'loss': 0.9593, 'learning_rate': 1.1659131717327178e-06, 'epoch': 31.36}
{'loss': 0.9661, 'learning_rate': 1.1619052199563936e-06, 'epoch': 31.42}
{'loss': 0.9782, 'learning_rate': 1.1579052840836221e-06, 'epoch': 31.49}
{'loss': 0.9502, 'learning_rate': 1.1538973323072978e-06, 'epoch': 31.55}
{'loss': 0.9565, 'learning_rate': 1.1498893805309736e-06, 'epoch': 31.61}
{'loss': 0.9641, 'learning_rate': 1.145889444658202e-06, 'epoch': 31.68}
{'loss': 0.951, 'learning_rate': 1.1418814928818778e-06, 'epoch': 31.74}
{'loss': 0.9557, 'learning_rate': 1.1378735411055534e-06, 'epoch': 31.81}
{'loss': 0.9506, 'learning_rate': 1.1338655893292293e-06, 'epoch': 31.87}
{'loss': 0.9539, 'learning_rate': 1.1298576375529051e-06, 'epoch': 31.94}
{'loss': 0.9558, 'learning_rate': 1.1258496857765808e-06, 'epoch': 32.0}
{'loss': 0.9476, 'learning_rate': 1.1218417340002566e-06, 'epoch': 32.06}
{'loss': 0.9556, 'learning_rate': 1.117841798127485e-06, 'epoch': 32.13}
{'loss': 0.9538, 'learning_rate': 1.1138338463511608e-06, 'epoch': 32.19}
{'loss': 0.9562, 'learning_rate': 1.1098258945748364e-06, 'epoch': 32.26}
{'loss': 0.9592, 'learning_rate': 1.1058179427985123e-06, 'epoch': 32.32}
{'loss': 0.9677, 'learning_rate': 1.1018099910221881e-06, 'epoch': 32.38}
{'loss': 0.947, 'learning_rate': 1.0978020392458638e-06, 'epoch': 32.45}
{'loss': 0.9683, 'learning_rate': 1.0937940874695396e-06, 'epoch': 32.51}
{'loss': 0.9458, 'learning_rate': 1.0897861356932155e-06, 'epoch': 32.58}
{'loss': 0.949, 'learning_rate': 1.0857781839168911e-06, 'epoch': 32.64}
{'loss': 0.9461, 'learning_rate': 1.081770232140567e-06, 'epoch': 32.7}
{'loss': 0.9501, 'learning_rate': 1.0777622803642429e-06, 'epoch': 32.77}
{'loss': 0.9528, 'learning_rate': 1.0737623444914712e-06, 'epoch': 32.83}
{'loss': 0.9293, 'learning_rate': 1.0697624086186997e-06, 'epoch': 32.9}
{'loss': 0.9647, 'learning_rate': 1.0657544568423753e-06, 'epoch': 32.96}
{'loss': 0.9397, 'learning_rate': 1.0617465050660512e-06, 'epoch': 33.03}
{'loss': 0.9758, 'learning_rate': 1.0577465691932795e-06, 'epoch': 33.09}
{'loss': 0.9537, 'learning_rate': 1.0537386174169553e-06, 'epoch': 33.15}
{'loss': 0.9793, 'learning_rate': 1.0497306656406312e-06, 'epoch': 33.22}
{'loss': 0.9373, 'learning_rate': 1.0457227138643068e-06, 'epoch': 33.28}
{'loss': 0.935, 'learning_rate': 1.0417147620879827e-06, 'epoch': 33.35}
{'loss': 0.9257, 'learning_rate': 1.0377068103116585e-06, 'epoch': 33.41}
{'loss': 0.9583, 'learning_rate': 1.0336988585353342e-06, 'epoch': 33.47}
{'loss': 0.9496, 'learning_rate': 1.02969090675901e-06, 'epoch': 33.54}
{'loss': 0.9576, 'learning_rate': 1.0256829549826857e-06, 'epoch': 33.6}
{'loss': 0.9311, 'learning_rate': 1.0216750032063615e-06, 'epoch': 33.67}
{'loss': 0.9477, 'learning_rate': 1.0176670514300372e-06, 'epoch': 33.73}
{'loss': 0.9444, 'learning_rate': 1.013659099653713e-06, 'epoch': 33.8}
{'loss': 0.9465, 'learning_rate': 1.0096511478773887e-06, 'epoch': 33.86}
{'loss': 0.964, 'learning_rate': 1.0056431961010645e-06, 'epoch': 33.92}
{'loss': 0.959, 'learning_rate': 1.0016352443247404e-06, 'epoch': 33.99}
{'loss': 0.9339, 'learning_rate': 9.97627292548416e-07, 'epoch': 34.05}
{'loss': 0.9293, 'learning_rate': 9.936193407720919e-07, 'epoch': 34.12}
{'loss': 0.9362, 'learning_rate': 9.896113889957677e-07, 'epoch': 34.18}
{'loss': 0.9319, 'learning_rate': 9.85611453122996e-07, 'epoch': 34.24}
{'loss': 0.9462, 'learning_rate': 9.816035013466719e-07, 'epoch': 34.31}
{'loss': 0.9254, 'learning_rate': 9.775955495703475e-07, 'epoch': 34.37}
{'loss': 0.9377, 'learning_rate': 9.735875977940234e-07, 'epoch': 34.44}
{'loss': 0.9396, 'learning_rate': 9.69579646017699e-07, 'epoch': 34.5}
{'loss': 0.9288, 'learning_rate': 9.655716942413749e-07, 'epoch': 34.56}
{'loss': 0.9443, 'learning_rate': 9.615637424650507e-07, 'epoch': 34.63}
{'loss': 0.9752, 'learning_rate': 9.575557906887264e-07, 'epoch': 34.69}
{'loss': 0.9526, 'learning_rate': 9.535478389124022e-07, 'epoch': 34.76}
{'loss': 0.9509, 'learning_rate': 9.495559189431834e-07, 'epoch': 34.82}
{'loss': 0.9418, 'learning_rate': 9.455479671668591e-07, 'epoch': 34.89}
{'loss': 0.9475, 'learning_rate': 9.415400153905349e-07, 'epoch': 34.95}
{'loss': 0.9492, 'learning_rate': 9.375400795177633e-07, 'epoch': 35.01}
{'loss': 0.9316, 'learning_rate': 9.335321277414392e-07, 'epoch': 35.08}
{'loss': 0.9463, 'learning_rate': 9.295241759651148e-07, 'epoch': 35.14}
{'loss': 0.9373, 'learning_rate': 9.255162241887907e-07, 'epoch': 35.21}
{'loss': 0.9394, 'learning_rate': 9.215082724124664e-07, 'epoch': 35.27}
{'loss': 0.9628, 'learning_rate': 9.175003206361422e-07, 'epoch': 35.33}
{'loss': 0.9337, 'learning_rate': 9.134923688598179e-07, 'epoch': 35.4}
{'loss': 0.942, 'learning_rate': 9.094844170834938e-07, 'epoch': 35.46}
{'loss': 0.9444, 'learning_rate': 9.054764653071694e-07, 'epoch': 35.53}
{'loss': 0.9526, 'learning_rate': 9.014685135308453e-07, 'epoch': 35.59}
{'loss': 0.9334, 'learning_rate': 8.974685776580737e-07, 'epoch': 35.65}
{'loss': 0.9438, 'learning_rate': 8.934606258817495e-07, 'epoch': 35.72}
{'loss': 0.947, 'learning_rate': 8.89460690008978e-07, 'epoch': 35.78}
{'loss': 0.9294, 'learning_rate': 8.854527382326536e-07, 'epoch': 35.85}
{'loss': 0.9423, 'learning_rate': 8.814447864563295e-07, 'epoch': 35.91}
{'loss': 0.9481, 'learning_rate': 8.774368346800052e-07, 'epoch': 35.98}
{'loss': 0.9265, 'learning_rate': 8.73428882903681e-07, 'epoch': 36.04}
{'loss': 0.9563, 'learning_rate': 8.694209311273567e-07, 'epoch': 36.1}
{'loss': 0.9295, 'learning_rate': 8.654129793510326e-07, 'epoch': 36.17}
{'loss': 0.9471, 'learning_rate': 8.614050275747082e-07, 'epoch': 36.23}
{'loss': 0.9432, 'learning_rate': 8.57397075798384e-07, 'epoch': 36.3}
{'loss': 0.9374, 'learning_rate': 8.533891240220599e-07, 'epoch': 36.36}
{'loss': 0.942, 'learning_rate': 8.493891881492883e-07, 'epoch': 36.42}
{'loss': 0.9334, 'learning_rate': 8.453812363729641e-07, 'epoch': 36.49}
{'loss': 0.9197, 'learning_rate': 8.413813005001925e-07, 'epoch': 36.55}
{'loss': 0.9406, 'learning_rate': 8.373733487238682e-07, 'epoch': 36.62}
{'loss': 0.9546, 'learning_rate': 8.33365396947544e-07, 'epoch': 36.68}
{'loss': 0.9142, 'learning_rate': 8.293574451712198e-07, 'epoch': 36.74}
{'loss': 0.9218, 'learning_rate': 8.253494933948955e-07, 'epoch': 36.81}
{'loss': 0.9325, 'learning_rate': 8.213415416185713e-07, 'epoch': 36.87}
{'loss': 0.9247, 'learning_rate': 8.173335898422472e-07, 'epoch': 36.94}
{'loss': 0.9365, 'learning_rate': 8.133256380659228e-07, 'epoch': 37.0}
{'loss': 0.9306, 'learning_rate': 8.093257021931512e-07, 'epoch': 37.07}
{'loss': 0.9182, 'learning_rate': 8.053177504168271e-07, 'epoch': 37.13}
{'loss': 0.9392, 'learning_rate': 8.013097986405028e-07, 'epoch': 37.19}
{'loss': 0.9352, 'learning_rate': 7.973098627677312e-07, 'epoch': 37.26}
{'loss': 0.9457, 'learning_rate': 7.93301910991407e-07, 'epoch': 37.32}
{'loss': 0.9088, 'learning_rate': 7.892939592150827e-07, 'epoch': 37.39}
{'loss': 0.9194, 'learning_rate': 7.852860074387586e-07, 'epoch': 37.45}
{'loss': 0.9461, 'learning_rate': 7.812780556624342e-07, 'epoch': 37.51}
{'loss': 0.9324, 'learning_rate': 7.772781197896627e-07, 'epoch': 37.58}
{'loss': 0.9366, 'learning_rate': 7.732701680133385e-07, 'epoch': 37.64}
{'loss': 0.9413, 'learning_rate': 7.692622162370144e-07, 'epoch': 37.71}
{'loss': 0.9288, 'learning_rate': 7.6525426446069e-07, 'epoch': 37.77}
{'loss': 0.9433, 'learning_rate': 7.612543285879185e-07, 'epoch': 37.84}
{'loss': 0.9338, 'learning_rate': 7.572543927151469e-07, 'epoch': 37.9}
{'loss': 0.913, 'learning_rate': 7.532464409388227e-07, 'epoch': 37.96}
{'loss': 0.9197, 'learning_rate': 7.492384891624984e-07, 'epoch': 38.03}
{'loss': 0.9218, 'learning_rate': 7.452305373861743e-07, 'epoch': 38.09}
{'loss': 0.9311, 'learning_rate': 7.412225856098499e-07, 'epoch': 38.16}
{'loss': 0.955, 'learning_rate': 7.372146338335258e-07, 'epoch': 38.22}
{'loss': 0.9309, 'learning_rate': 7.332066820572016e-07, 'epoch': 38.28}
{'loss': 0.9432, 'learning_rate': 7.291987302808773e-07, 'epoch': 38.35}
{'loss': 0.9278, 'learning_rate': 7.251907785045531e-07, 'epoch': 38.41}
{'loss': 0.9406, 'learning_rate': 7.211828267282289e-07, 'epoch': 38.48}
{'loss': 0.9297, 'learning_rate': 7.171748749519046e-07, 'epoch': 38.54}
{'loss': 0.9174, 'learning_rate': 7.131669231755804e-07, 'epoch': 38.6}
{'loss': 0.9209, 'learning_rate': 7.091669873028088e-07, 'epoch': 38.67}
{'loss': 0.9289, 'learning_rate': 7.051590355264846e-07, 'epoch': 38.73}
{'loss': 0.9215, 'learning_rate': 7.011510837501603e-07, 'epoch': 38.8}
{'loss': 0.938, 'learning_rate': 6.971431319738361e-07, 'epoch': 38.86}
{'loss': 0.9142, 'learning_rate': 6.931431961010646e-07, 'epoch': 38.93}
{'loss': 0.91, 'learning_rate': 6.891352443247404e-07, 'epoch': 38.99}
{'loss': 0.9329, 'learning_rate': 6.85127292548416e-07, 'epoch': 39.05}
{'loss': 0.9276, 'learning_rate': 6.811193407720919e-07, 'epoch': 39.12}
{'loss': 0.9417, 'learning_rate': 6.771113889957677e-07, 'epoch': 39.18}
{'loss': 0.9077, 'learning_rate': 6.731034372194434e-07, 'epoch': 39.25}
{'loss': 0.9114, 'learning_rate': 6.690954854431192e-07, 'epoch': 39.31}
{'loss': 0.9339, 'learning_rate': 6.65087533666795e-07, 'epoch': 39.37}
{'loss': 0.9511, 'learning_rate': 6.610795818904707e-07, 'epoch': 39.44}
{'loss': 0.9416, 'learning_rate': 6.570796460176991e-07, 'epoch': 39.5}
{'loss': 0.9232, 'learning_rate': 6.530716942413749e-07, 'epoch': 39.57}
{'loss': 0.9256, 'learning_rate': 6.490717583686033e-07, 'epoch': 39.63}
{'loss': 0.9369, 'learning_rate': 6.450638065922792e-07, 'epoch': 39.69}
{'loss': 0.9178, 'learning_rate': 6.410558548159549e-07, 'epoch': 39.76}
{'loss': 0.9248, 'learning_rate': 6.370479030396307e-07, 'epoch': 39.82}
{'loss': 0.9356, 'learning_rate': 6.330399512633064e-07, 'epoch': 39.89}
{'loss': 0.9157, 'learning_rate': 6.290319994869823e-07, 'epoch': 39.95}
{'loss': 0.9222, 'learning_rate': 6.250400795177632e-07, 'epoch': 40.02}
{'loss': 0.9248, 'learning_rate': 6.21032127741439e-07, 'epoch': 40.08}
{'loss': 0.9387, 'learning_rate': 6.170241759651149e-07, 'epoch': 40.14}
{'loss': 0.9191, 'learning_rate': 6.130162241887906e-07, 'epoch': 40.21}
{'loss': 0.9175, 'learning_rate': 6.090082724124664e-07, 'epoch': 40.27}
{'loss': 0.9314, 'learning_rate': 6.050003206361422e-07, 'epoch': 40.34}
{'loss': 0.9131, 'learning_rate': 6.010003847633706e-07, 'epoch': 40.4}
{'loss': 0.9232, 'learning_rate': 5.969924329870464e-07, 'epoch': 40.46}
{'loss': 0.9255, 'learning_rate': 5.929844812107221e-07, 'epoch': 40.53}
{'loss': 0.9096, 'learning_rate': 5.889765294343979e-07, 'epoch': 40.59}
{'loss': 0.9159, 'learning_rate': 5.849685776580736e-07, 'epoch': 40.66}
{'loss': 0.9174, 'learning_rate': 5.809606258817494e-07, 'epoch': 40.72}
{'loss': 0.9367, 'learning_rate': 5.769526741054252e-07, 'epoch': 40.78}
{'loss': 0.918, 'learning_rate': 5.72944722329101e-07, 'epoch': 40.85}
{'loss': 0.9149, 'learning_rate': 5.689447864563294e-07, 'epoch': 40.91}
{'loss': 0.9186, 'learning_rate': 5.649368346800052e-07, 'epoch': 40.98}
{'loss': 0.9192, 'learning_rate': 5.60928882903681e-07, 'epoch': 41.04}
{'loss': 0.9306, 'learning_rate': 5.569209311273567e-07, 'epoch': 41.11}
{'loss': 0.9284, 'learning_rate': 5.529129793510325e-07, 'epoch': 41.17}
{'loss': 0.9429, 'learning_rate': 5.489050275747082e-07, 'epoch': 41.23}
{'loss': 0.9372, 'learning_rate': 5.449050917019366e-07, 'epoch': 41.3}
{'loss': 0.9207, 'learning_rate': 5.408971399256124e-07, 'epoch': 41.36}
{'loss': 0.9204, 'learning_rate': 5.368891881492882e-07, 'epoch': 41.43}
{'loss': 0.9464, 'learning_rate': 5.32881236372964e-07, 'epoch': 41.49}
{'loss': 0.9251, 'learning_rate': 5.288732845966397e-07, 'epoch': 41.55}
{'loss': 0.9152, 'learning_rate': 5.248653328203156e-07, 'epoch': 41.62}
{'loss': 0.8999, 'learning_rate': 5.20865396947544e-07, 'epoch': 41.68}
{'loss': 0.9069, 'learning_rate': 5.168574451712197e-07, 'epoch': 41.75}
{'loss': 0.9111, 'learning_rate': 5.128494933948955e-07, 'epoch': 41.81}
{'loss': 0.9057, 'learning_rate': 5.088415416185712e-07, 'epoch': 41.88}
{'loss': 0.9105, 'learning_rate': 5.04833589842247e-07, 'epoch': 41.94}
{'loss': 0.914, 'learning_rate': 5.008256380659227e-07, 'epoch': 42.0}
{'loss': 0.9095, 'learning_rate': 4.968176862895986e-07, 'epoch': 42.07}
{'loss': 0.9243, 'learning_rate': 4.92817750416827e-07, 'epoch': 42.13}
{'loss': 0.9306, 'learning_rate': 4.888097986405028e-07, 'epoch': 42.2}
{'loss': 0.9317, 'learning_rate': 4.848018468641786e-07, 'epoch': 42.26}
{'loss': 0.9327, 'learning_rate': 4.807938950878544e-07, 'epoch': 42.32}
{'loss': 0.9244, 'learning_rate': 4.767859433115301e-07, 'epoch': 42.39}
{'loss': 0.9045, 'learning_rate': 4.727779915352059e-07, 'epoch': 42.45}
{'loss': 0.9122, 'learning_rate': 4.687780556624343e-07, 'epoch': 42.52}
{'loss': 0.9256, 'learning_rate': 4.6477010388611007e-07, 'epoch': 42.58}
{'loss': 0.906, 'learning_rate': 4.607701680133385e-07, 'epoch': 42.64}
{'loss': 0.9277, 'learning_rate': 4.567622162370143e-07, 'epoch': 42.71}
{'loss': 0.9275, 'learning_rate': 4.5275426446069003e-07, 'epoch': 42.77}
{'loss': 0.9106, 'learning_rate': 4.487463126843658e-07, 'epoch': 42.84}
{'loss': 0.9155, 'learning_rate': 4.4473836090804164e-07, 'epoch': 42.9}
{'loss': 0.908, 'learning_rate': 4.407304091317174e-07, 'epoch': 42.97}
{'loss': 0.9233, 'learning_rate': 4.3672245735539314e-07, 'epoch': 43.03}
{'loss': 0.9316, 'learning_rate': 4.3271450557906894e-07, 'epoch': 43.09}
{'loss': 0.9129, 'learning_rate': 4.2872258560984995e-07, 'epoch': 43.16}
{'loss': 0.892, 'learning_rate': 4.2471463383352576e-07, 'epoch': 43.22}
{'loss': 0.9199, 'learning_rate': 4.207066820572015e-07, 'epoch': 43.29}
{'loss': 0.9276, 'learning_rate': 4.1669873028087725e-07, 'epoch': 43.35}
{'loss': 0.8965, 'learning_rate': 4.1269077850455306e-07, 'epoch': 43.41}
{'loss': 0.9217, 'learning_rate': 4.086828267282288e-07, 'epoch': 43.48}
{'loss': 0.8999, 'learning_rate': 4.0467487495190455e-07, 'epoch': 43.54}
{'loss': 0.9329, 'learning_rate': 4.006669231755804e-07, 'epoch': 43.61}
{'loss': 0.9176, 'learning_rate': 3.9665897139925616e-07, 'epoch': 43.67}
{'loss': 0.9186, 'learning_rate': 3.926510196229319e-07, 'epoch': 43.73}
{'loss': 0.917, 'learning_rate': 3.886430678466077e-07, 'epoch': 43.8}
{'loss': 0.9196, 'learning_rate': 3.846431319738361e-07, 'epoch': 43.86}
{'loss': 0.8906, 'learning_rate': 3.8063518019751187e-07, 'epoch': 43.93}
{'loss': 0.9285, 'learning_rate': 3.7662722842118767e-07, 'epoch': 43.99}
{'loss': 0.9074, 'learning_rate': 3.726272925484161e-07, 'epoch': 44.06}
{'loss': 0.9161, 'learning_rate': 3.6861934077209183e-07, 'epoch': 44.12}
{'loss': 0.9304, 'learning_rate': 3.646113889957676e-07, 'epoch': 44.18}
{'loss': 0.908, 'learning_rate': 3.6060343721944343e-07, 'epoch': 44.25}
{'loss': 0.9226, 'learning_rate': 3.565954854431192e-07, 'epoch': 44.31}
{'loss': 0.9262, 'learning_rate': 3.5258753366679493e-07, 'epoch': 44.38}
{'loss': 0.9061, 'learning_rate': 3.485875977940234e-07, 'epoch': 44.44}
{'loss': 0.9136, 'learning_rate': 3.4457964601769914e-07, 'epoch': 44.5}
{'loss': 0.9046, 'learning_rate': 3.405716942413749e-07, 'epoch': 44.57}
{'loss': 0.8926, 'learning_rate': 3.365637424650507e-07, 'epoch': 44.63}
{'loss': 0.9255, 'learning_rate': 3.3255579068872644e-07, 'epoch': 44.7}
{'loss': 0.9185, 'learning_rate': 3.285478389124022e-07, 'epoch': 44.76}
{'loss': 0.9279, 'learning_rate': 3.2453988713607805e-07, 'epoch': 44.82}
{'loss': 0.9079, 'learning_rate': 3.205319353597538e-07, 'epoch': 44.89}
{'loss': 0.925, 'learning_rate': 3.1652398358342954e-07, 'epoch': 44.95}
{'loss': 0.9002, 'learning_rate': 3.1251603180710535e-07, 'epoch': 45.02}
{'loss': 0.9317, 'learning_rate': 3.085080800307811e-07, 'epoch': 45.08}
{'loss': 0.9233, 'learning_rate': 3.045081441580095e-07, 'epoch': 45.15}
{'loss': 0.9164, 'learning_rate': 3.005001923816853e-07, 'epoch': 45.21}
{'loss': 0.874, 'learning_rate': 2.9649224060536106e-07, 'epoch': 45.27}
{'loss': 0.9237, 'learning_rate': 2.924842888290368e-07, 'epoch': 45.34}
{'loss': 0.9312, 'learning_rate': 2.884763370527126e-07, 'epoch': 45.4}
{'loss': 0.9074, 'learning_rate': 2.84476401179941e-07, 'epoch': 45.47}
{'loss': 0.8925, 'learning_rate': 2.804684494036168e-07, 'epoch': 45.53}
{'loss': 0.9118, 'learning_rate': 2.7646049762729257e-07, 'epoch': 45.59}
{'loss': 0.915, 'learning_rate': 2.724525458509683e-07, 'epoch': 45.66}
{'loss': 0.9049, 'learning_rate': 2.684526099781968e-07, 'epoch': 45.72}
{'loss': 0.9062, 'learning_rate': 2.644526741054252e-07, 'epoch': 45.79}
{'loss': 0.9078, 'learning_rate': 2.6044472232910094e-07, 'epoch': 45.85}
{'loss': 0.9139, 'learning_rate': 2.5643677055277674e-07, 'epoch': 45.92}
{'loss': 0.9031, 'learning_rate': 2.5242881877645254e-07, 'epoch': 45.98}
{'loss': 0.9197, 'learning_rate': 2.484208670001283e-07, 'epoch': 46.04}
{'loss': 0.8918, 'learning_rate': 2.4441291522380404e-07, 'epoch': 46.11}
{'loss': 0.9078, 'learning_rate': 2.4040496344747984e-07, 'epoch': 46.17}
{'loss': 0.9054, 'learning_rate': 2.3640502757470825e-07, 'epoch': 46.24}
{'loss': 0.896, 'learning_rate': 2.32397075798384e-07, 'epoch': 46.3}
{'loss': 0.9215, 'learning_rate': 2.2838912402205978e-07, 'epoch': 46.36}
{'loss': 0.9105, 'learning_rate': 2.2438117224573558e-07, 'epoch': 46.43}
{'loss': 0.8995, 'learning_rate': 2.2037322046941133e-07, 'epoch': 46.49}
{'loss': 0.9179, 'learning_rate': 2.163652686930871e-07, 'epoch': 46.56}
{'loss': 0.8946, 'learning_rate': 2.1235731691676288e-07, 'epoch': 46.62}
{'loss': 0.8853, 'learning_rate': 2.0834936514043863e-07, 'epoch': 46.68}
{'loss': 0.8758, 'learning_rate': 2.043494292676671e-07, 'epoch': 46.75}
{'loss': 0.907, 'learning_rate': 2.0034147749134284e-07, 'epoch': 46.81}
{'loss': 0.9203, 'learning_rate': 1.9633352571501861e-07, 'epoch': 46.88}
{'loss': 0.8958, 'learning_rate': 1.923255739386944e-07, 'epoch': 46.94}
{'loss': 0.9028, 'learning_rate': 1.8831762216237014e-07, 'epoch': 47.01}
{'loss': 0.9167, 'learning_rate': 1.8430967038604591e-07, 'epoch': 47.07}
{'loss': 0.9308, 'learning_rate': 1.8030171860972172e-07, 'epoch': 47.13}
{'loss': 0.8894, 'learning_rate': 1.7630178273695013e-07, 'epoch': 47.2}
{'loss': 0.9114, 'learning_rate': 1.722938309606259e-07, 'epoch': 47.26}
{'loss': 0.898, 'learning_rate': 1.6828587918430165e-07, 'epoch': 47.33}
{'loss': 0.9119, 'learning_rate': 1.6427792740797745e-07, 'epoch': 47.39}
{'loss': 0.9033, 'learning_rate': 1.6026997563165323e-07, 'epoch': 47.45}
{'loss': 0.9042, 'learning_rate': 1.5627003975888164e-07, 'epoch': 47.52}
{'loss': 0.8902, 'learning_rate': 1.5226208798255741e-07, 'epoch': 47.58}
{'loss': 0.9264, 'learning_rate': 1.482541362062332e-07, 'epoch': 47.65}
{'loss': 0.924, 'learning_rate': 1.4424618442990896e-07, 'epoch': 47.71}
{'loss': 0.9153, 'learning_rate': 1.4023823265358471e-07, 'epoch': 47.77}
{'loss': 0.9034, 'learning_rate': 1.3623028087726052e-07, 'epoch': 47.84}
{'loss': 0.8847, 'learning_rate': 1.3222232910093626e-07, 'epoch': 47.9}
{'loss': 0.8964, 'learning_rate': 1.2821437732461204e-07, 'epoch': 47.97}
{'loss': 0.8978, 'learning_rate': 1.2420642554828782e-07, 'epoch': 48.03}
{'loss': 0.9117, 'learning_rate': 1.201984737719636e-07, 'epoch': 48.1}
{'loss': 0.9209, 'learning_rate': 1.16198537899192e-07, 'epoch': 48.16}
{'loss': 0.9083, 'learning_rate': 1.1219058612286779e-07, 'epoch': 48.22}
{'loss': 0.8849, 'learning_rate': 1.081906502500962e-07, 'epoch': 48.29}
{'loss': 0.9117, 'learning_rate': 1.0418269847377197e-07, 'epoch': 48.35}
{'loss': 0.9103, 'learning_rate': 1.0017474669744775e-07, 'epoch': 48.42}
{'loss': 0.8943, 'learning_rate': 9.616679492112351e-08, 'epoch': 48.48}
{'loss': 0.9184, 'learning_rate': 9.21588431447993e-08, 'epoch': 48.54}
{'loss': 0.9029, 'learning_rate': 8.815089136847506e-08, 'epoch': 48.61}
{'loss': 0.8887, 'learning_rate': 8.414293959215083e-08, 'epoch': 48.67}
{'loss': 0.9204, 'learning_rate': 8.013498781582661e-08, 'epoch': 48.74}
{'loss': 0.8844, 'learning_rate': 7.612703603950238e-08, 'epoch': 48.8}
{'loss': 0.9077, 'learning_rate': 7.21271001667308e-08, 'epoch': 48.86}
{'loss': 0.9193, 'learning_rate': 6.811914839040657e-08, 'epoch': 48.93}
{'loss': 0.8901, 'learning_rate': 6.411119661408234e-08, 'epoch': 48.99}
{'loss': 0.9105, 'learning_rate': 6.010324483775811e-08, 'epoch': 49.06}
{'loss': 0.9184, 'learning_rate': 5.6103308964986535e-08, 'epoch': 49.12}
{'loss': 0.9075, 'learning_rate': 5.209535718866231e-08, 'epoch': 49.19}
{'loss': 0.9021, 'learning_rate': 4.808740541233808e-08, 'epoch': 49.25}
{'loss': 0.9057, 'learning_rate': 4.4079453636013855e-08, 'epoch': 49.31}
{'loss': 0.9204, 'learning_rate': 4.008753366679492e-08, 'epoch': 49.38}
{'loss': 0.8967, 'learning_rate': 3.6079581890470694e-08, 'epoch': 49.44}
{'loss': 0.8981, 'learning_rate': 3.207163011414647e-08, 'epoch': 49.51}
{'loss': 0.9305, 'learning_rate': 2.8063678337822242e-08, 'epoch': 49.57}
{'loss': 0.9135, 'learning_rate': 2.406374246505066e-08, 'epoch': 49.63}
{'loss': 0.8937, 'learning_rate': 2.0055790688726434e-08, 'epoch': 49.7}
{'loss': 0.907, 'learning_rate': 1.6047838912402206e-08, 'epoch': 49.76}
{'loss': 0.8966, 'learning_rate': 1.203988713607798e-08, 'epoch': 49.83}
{'loss': 0.9111, 'learning_rate': 8.031935359753752e-09, 'epoch': 49.89}
{'loss': 0.911, 'learning_rate': 4.023983583429524e-09, 'epoch': 49.96}
{'train_runtime': 306977.3891, 'train_samples_per_second': 2.54, 'train_steps_per_second': 1.27, 'train_loss': 1.3543854919879792, 'epoch': 50.0}
FINISH
