Mon Aug  1 03:52:35 2022       
+-----------------------------------------------------------------------------+
| NVIDIA-SMI 460.73.01    Driver Version: 460.73.01    CUDA Version: 11.2     |
|-------------------------------+----------------------+----------------------+
| GPU  Name        Persistence-M| Bus-Id        Disp.A | Volatile Uncorr. ECC |
| Fan  Temp  Perf  Pwr:Usage/Cap|         Memory-Usage | GPU-Util  Compute M. |
|                               |                      |               MIG M. |
|===============================+======================+======================|
|   0  A10                 On   | 00000000:41:00.0 Off |                    0 |
|  0%   32C    P8    15W / 150W |      0MiB / 22731MiB |      0%      Default |
|                               |                      |                  N/A |
+-------------------------------+----------------------+----------------------+
                                                                               
+-----------------------------------------------------------------------------+
| Processes:                                                                  |
|  GPU   GI   CI        PID   Type   Process name                  GPU Memory |
|        ID   ID                                                   Usage      |
|=============================================================================|
|  No running processes found                                                 |
+-----------------------------------------------------------------------------+
nvcc: NVIDIA (R) Cuda compiler driver
Copyright (c) 2005-2020 NVIDIA Corporation
Built on Mon_Oct_12_20:09:46_PDT_2020
Cuda compilation tools, release 11.1, V11.1.105
Build cuda_11.1.TC455_06.29190527_0
START
2022-08-01 03:53:28.379956
Namespace(batch_size=2, ckpt='/gpfsnyu/scratch/yw3642/hf-models/google_bigbird-roberta-large', epochs=35, exp=23, gradient_checkpointing=True, lr=5e-06, max_len=4096, mlm_prob=0.3, seed=-1, weight_decay=0.0)
seed= 8205
n_train=15594
{'loss': 13.5624, 'learning_rate': 4.452261858956742e-08, 'epoch': 0.06}
{'loss': 12.2203, 'learning_rate': 9.02361714212426e-08, 'epoch': 0.13}
{'loss': 10.1999, 'learning_rate': 1.3604133457923378e-07, 'epoch': 0.19}
{'loss': 8.3596, 'learning_rate': 1.8184649773722495e-07, 'epoch': 0.26}
{'loss': 7.5214, 'learning_rate': 2.2765166089521614e-07, 'epoch': 0.32}
{'loss': 7.1171, 'learning_rate': 2.734568240532073e-07, 'epoch': 0.38}
{'loss': 6.8831, 'learning_rate': 3.192619872111985e-07, 'epoch': 0.45}
{'loss': 6.5789, 'learning_rate': 3.6506715036918964e-07, 'epoch': 0.51}
{'loss': 6.1751, 'learning_rate': 4.108723135271808e-07, 'epoch': 0.58}
{'loss': 5.7824, 'learning_rate': 4.56677476685172e-07, 'epoch': 0.64}
{'loss': 5.4802, 'learning_rate': 5.024826398431631e-07, 'epoch': 0.71}
{'loss': 5.2246, 'learning_rate': 5.482878030011543e-07, 'epoch': 0.77}
{'loss': 4.977, 'learning_rate': 5.940929661591456e-07, 'epoch': 0.83}
{'loss': 4.8058, 'learning_rate': 6.398981293171366e-07, 'epoch': 0.9}
{'loss': 4.5949, 'learning_rate': 6.857032924751278e-07, 'epoch': 0.96}
{'loss': 4.4632, 'learning_rate': 7.315084556331191e-07, 'epoch': 1.03}
{'loss': 4.2782, 'learning_rate': 7.773136187911103e-07, 'epoch': 1.09}
{'loss': 4.1772, 'learning_rate': 8.231187819491014e-07, 'epoch': 1.15}
{'loss': 3.9823, 'learning_rate': 8.689239451070926e-07, 'epoch': 1.22}
{'loss': 3.8162, 'learning_rate': 9.147291082650838e-07, 'epoch': 1.28}
{'loss': 3.7657, 'learning_rate': 9.605342714230748e-07, 'epoch': 1.35}
{'loss': 3.6183, 'learning_rate': 1.006339434581066e-06, 'epoch': 1.41}
{'loss': 3.5419, 'learning_rate': 1.0521445977390572e-06, 'epoch': 1.47}
{'loss': 3.4357, 'learning_rate': 1.0979497608970483e-06, 'epoch': 1.54}
{'loss': 3.3134, 'learning_rate': 1.1437549240550395e-06, 'epoch': 1.6}
{'loss': 3.2431, 'learning_rate': 1.1895600872130307e-06, 'epoch': 1.67}
{'loss': 3.1846, 'learning_rate': 1.2353652503710218e-06, 'epoch': 1.73}
{'loss': 3.0991, 'learning_rate': 1.2811704135290132e-06, 'epoch': 1.8}
{'loss': 2.9797, 'learning_rate': 1.3269755766870044e-06, 'epoch': 1.86}
{'loss': 2.9774, 'learning_rate': 1.3727807398449955e-06, 'epoch': 1.92}
{'loss': 2.8471, 'learning_rate': 1.4185859030029867e-06, 'epoch': 1.99}
{'loss': 2.8233, 'learning_rate': 1.4643910661609779e-06, 'epoch': 2.05}
{'loss': 2.7909, 'learning_rate': 1.510196229318969e-06, 'epoch': 2.12}
{'loss': 2.7076, 'learning_rate': 1.5560013924769602e-06, 'epoch': 2.18}
{'loss': 2.6799, 'learning_rate': 1.6018065556349514e-06, 'epoch': 2.24}
{'loss': 2.6515, 'learning_rate': 1.6475201084666264e-06, 'epoch': 2.31}
{'loss': 2.5669, 'learning_rate': 1.6933252716246176e-06, 'epoch': 2.37}
{'loss': 2.5249, 'learning_rate': 1.7391304347826088e-06, 'epoch': 2.44}
{'loss': 2.5761, 'learning_rate': 1.7849355979406e-06, 'epoch': 2.5}
{'loss': 2.4613, 'learning_rate': 1.830740761098591e-06, 'epoch': 2.57}
{'loss': 2.4327, 'learning_rate': 1.8765459242565823e-06, 'epoch': 2.63}
{'loss': 2.3974, 'learning_rate': 1.9223510874145736e-06, 'epoch': 2.69}
{'loss': 2.3548, 'learning_rate': 1.9681562505725646e-06, 'epoch': 2.76}
{'loss': 2.3448, 'learning_rate': 2.0139614137305555e-06, 'epoch': 2.82}
{'loss': 2.3444, 'learning_rate': 2.059674966562231e-06, 'epoch': 2.89}
{'loss': 2.3116, 'learning_rate': 2.105480129720222e-06, 'epoch': 2.95}
{'loss': 2.2865, 'learning_rate': 2.1512852928782136e-06, 'epoch': 3.01}
{'loss': 2.2584, 'learning_rate': 2.196998845709889e-06, 'epoch': 3.08}
{'loss': 2.2124, 'learning_rate': 2.2428040088678798e-06, 'epoch': 3.14}
{'loss': 2.2221, 'learning_rate': 2.288517561699555e-06, 'epoch': 3.21}
{'loss': 2.187, 'learning_rate': 2.334322724857546e-06, 'epoch': 3.27}
{'loss': 2.2135, 'learning_rate': 2.3800362776892212e-06, 'epoch': 3.33}
{'loss': 2.2016, 'learning_rate': 2.4257498305208965e-06, 'epoch': 3.4}
{'loss': 2.1767, 'learning_rate': 2.471554993678888e-06, 'epoch': 3.46}
{'loss': 2.126, 'learning_rate': 2.517360156836879e-06, 'epoch': 3.53}
{'loss': 2.1285, 'learning_rate': 2.5631653199948702e-06, 'epoch': 3.59}
{'loss': 2.0739, 'learning_rate': 2.608970483152861e-06, 'epoch': 3.66}
{'loss': 2.0529, 'learning_rate': 2.6547756463108526e-06, 'epoch': 3.72}
{'loss': 2.041, 'learning_rate': 2.7005808094688435e-06, 'epoch': 3.78}
{'loss': 2.0248, 'learning_rate': 2.746385972626835e-06, 'epoch': 3.85}
{'loss': 2.0298, 'learning_rate': 2.792191135784826e-06, 'epoch': 3.91}
{'loss': 2.0383, 'learning_rate': 2.8379962989428172e-06, 'epoch': 3.98}
{'loss': 2.0093, 'learning_rate': 2.883801462100808e-06, 'epoch': 4.04}
{'loss': 2.0338, 'learning_rate': 2.9296066252587996e-06, 'epoch': 4.1}
{'loss': 1.9609, 'learning_rate': 2.9754117884167905e-06, 'epoch': 4.17}
{'loss': 1.9714, 'learning_rate': 3.021216951574782e-06, 'epoch': 4.23}
{'loss': 1.9316, 'learning_rate': 3.067022114732773e-06, 'epoch': 4.3}
{'loss': 1.9509, 'learning_rate': 3.1128272778907642e-06, 'epoch': 4.36}
{'loss': 1.9282, 'learning_rate': 3.158632441048755e-06, 'epoch': 4.42}
{'loss': 1.9087, 'learning_rate': 3.2044376042067466e-06, 'epoch': 4.49}
{'loss': 1.9048, 'learning_rate': 3.2502427673647375e-06, 'epoch': 4.55}
{'loss': 1.9155, 'learning_rate': 3.296047930522729e-06, 'epoch': 4.62}
{'loss': 1.8765, 'learning_rate': 3.34185309368072e-06, 'epoch': 4.68}
{'loss': 1.8609, 'learning_rate': 3.3876582568387112e-06, 'epoch': 4.75}
{'loss': 1.8753, 'learning_rate': 3.433463419996702e-06, 'epoch': 4.81}
{'loss': 1.8239, 'learning_rate': 3.4791769728283774e-06, 'epoch': 4.87}
{'loss': 1.8233, 'learning_rate': 3.5249821359863684e-06, 'epoch': 4.94}
{'loss': 1.8613, 'learning_rate': 3.5707872991443598e-06, 'epoch': 5.0}
{'loss': 1.7979, 'learning_rate': 3.616592462302351e-06, 'epoch': 5.07}
{'loss': 1.8193, 'learning_rate': 3.662397625460342e-06, 'epoch': 5.13}
{'loss': 1.8265, 'learning_rate': 3.7082027886183335e-06, 'epoch': 5.19}
{'loss': 1.8031, 'learning_rate': 3.7540079517763245e-06, 'epoch': 5.26}
{'loss': 1.779, 'learning_rate': 3.799721504608e-06, 'epoch': 5.32}
{'loss': 1.797, 'learning_rate': 3.8454350574396745e-06, 'epoch': 5.39}
{'loss': 1.7687, 'learning_rate': 3.891240220597666e-06, 'epoch': 5.45}
{'loss': 1.7681, 'learning_rate': 3.937045383755657e-06, 'epoch': 5.51}
{'loss': 1.7777, 'learning_rate': 3.982758936587333e-06, 'epoch': 5.58}
{'loss': 1.7547, 'learning_rate': 4.028564099745323e-06, 'epoch': 5.64}
{'loss': 1.7494, 'learning_rate': 4.074369262903315e-06, 'epoch': 5.71}
{'loss': 1.7506, 'learning_rate': 4.120174426061306e-06, 'epoch': 5.77}
{'loss': 1.7267, 'learning_rate': 4.165979589219298e-06, 'epoch': 5.84}
{'loss': 1.7339, 'learning_rate': 4.211784752377288e-06, 'epoch': 5.9}
{'loss': 1.7612, 'learning_rate': 4.2575899155352796e-06, 'epoch': 5.96}
{'loss': 1.7258, 'learning_rate': 4.3033950786932705e-06, 'epoch': 6.03}
{'loss': 1.6987, 'learning_rate': 4.3492002418512615e-06, 'epoch': 6.09}
{'loss': 1.72, 'learning_rate': 4.3950054050092524e-06, 'epoch': 6.16}
{'loss': 1.6842, 'learning_rate': 4.440810568167244e-06, 'epoch': 6.22}
{'loss': 1.7213, 'learning_rate': 4.486615731325235e-06, 'epoch': 6.28}
{'loss': 1.6819, 'learning_rate': 4.532420894483226e-06, 'epoch': 6.35}
{'loss': 1.6833, 'learning_rate': 4.578226057641218e-06, 'epoch': 6.41}
{'loss': 1.6728, 'learning_rate': 4.623939610472893e-06, 'epoch': 6.48}
{'loss': 1.686, 'learning_rate': 4.669744773630885e-06, 'epoch': 6.54}
{'loss': 1.624, 'learning_rate': 4.7155499367888755e-06, 'epoch': 6.61}
{'loss': 1.6514, 'learning_rate': 4.7613550999468665e-06, 'epoch': 6.67}
{'loss': 1.6621, 'learning_rate': 4.8071602631048575e-06, 'epoch': 6.73}
{'loss': 1.6581, 'learning_rate': 4.852965426262849e-06, 'epoch': 6.8}
{'loss': 1.6713, 'learning_rate': 4.898678979094524e-06, 'epoch': 6.86}
{'loss': 1.6662, 'learning_rate': 4.944484142252515e-06, 'epoch': 6.93}
{'loss': 1.6538, 'learning_rate': 4.990289305410506e-06, 'epoch': 6.99}
{'loss': 1.6322, 'learning_rate': 4.990976382857876e-06, 'epoch': 7.05}
{'loss': 1.605, 'learning_rate': 4.979547994649958e-06, 'epoch': 7.12}
{'loss': 1.6283, 'learning_rate': 4.96809670386046e-06, 'epoch': 7.18}
{'loss': 1.5994, 'learning_rate': 4.9566683156525405e-06, 'epoch': 7.25}
{'loss': 1.6284, 'learning_rate': 4.945239927444622e-06, 'epoch': 7.31}
{'loss': 1.6117, 'learning_rate': 4.933788636655124e-06, 'epoch': 7.37}
{'loss': 1.5919, 'learning_rate': 4.922337345865627e-06, 'epoch': 7.44}
{'loss': 1.6031, 'learning_rate': 4.9108860550761286e-06, 'epoch': 7.5}
{'loss': 1.6222, 'learning_rate': 4.89943476428663e-06, 'epoch': 7.57}
{'loss': 1.6229, 'learning_rate': 4.887983473497133e-06, 'epoch': 7.63}
{'loss': 1.595, 'learning_rate': 4.876532182707635e-06, 'epoch': 7.7}
{'loss': 1.6005, 'learning_rate': 4.865080891918138e-06, 'epoch': 7.76}
{'loss': 1.5868, 'learning_rate': 4.8536296011286394e-06, 'epoch': 7.82}
{'loss': 1.5949, 'learning_rate': 4.842178310339142e-06, 'epoch': 7.89}
{'loss': 1.5548, 'learning_rate': 4.830727019549644e-06, 'epoch': 7.95}
{'loss': 1.5978, 'learning_rate': 4.819275728760146e-06, 'epoch': 8.02}
{'loss': 1.5667, 'learning_rate': 4.8078244379706485e-06, 'epoch': 8.08}
{'loss': 1.5921, 'learning_rate': 4.796373147181151e-06, 'epoch': 8.14}
{'loss': 1.558, 'learning_rate': 4.784921856391653e-06, 'epoch': 8.21}
{'loss': 1.5644, 'learning_rate': 4.773470565602155e-06, 'epoch': 8.27}
{'loss': 1.5463, 'learning_rate': 4.762042177394236e-06, 'epoch': 8.34}
{'loss': 1.5429, 'learning_rate': 4.750590886604738e-06, 'epoch': 8.4}
{'loss': 1.5603, 'learning_rate': 4.739139595815241e-06, 'epoch': 8.46}
{'loss': 1.5672, 'learning_rate': 4.727688305025743e-06, 'epoch': 8.53}
{'loss': 1.523, 'learning_rate': 4.716237014236245e-06, 'epoch': 8.59}
{'loss': 1.5542, 'learning_rate': 4.7047857234467474e-06, 'epoch': 8.66}
{'loss': 1.5519, 'learning_rate': 4.693334432657249e-06, 'epoch': 8.72}
{'loss': 1.5567, 'learning_rate': 4.681883141867752e-06, 'epoch': 8.79}
{'loss': 1.5539, 'learning_rate': 4.670454753659833e-06, 'epoch': 8.85}
{'loss': 1.4957, 'learning_rate': 4.659049268033493e-06, 'epoch': 8.91}
{'loss': 1.5269, 'learning_rate': 4.647597977243995e-06, 'epoch': 8.98}
{'loss': 1.5353, 'learning_rate': 4.636146686454497e-06, 'epoch': 9.04}
{'loss': 1.4917, 'learning_rate': 4.624695395665e-06, 'epoch': 9.11}
{'loss': 1.5145, 'learning_rate': 4.613244104875502e-06, 'epoch': 9.17}
{'loss': 1.5258, 'learning_rate': 4.6017928140860045e-06, 'epoch': 9.23}
{'loss': 1.5117, 'learning_rate': 4.590341523296506e-06, 'epoch': 9.3}
{'loss': 1.5234, 'learning_rate': 4.578890232507008e-06, 'epoch': 9.36}
{'loss': 1.5005, 'learning_rate': 4.567438941717511e-06, 'epoch': 9.43}
{'loss': 1.5204, 'learning_rate': 4.5559876509280135e-06, 'epoch': 9.49}
{'loss': 1.514, 'learning_rate': 4.544536360138515e-06, 'epoch': 9.55}
{'loss': 1.5255, 'learning_rate': 4.533085069349017e-06, 'epoch': 9.62}
{'loss': 1.4974, 'learning_rate': 4.521656681141098e-06, 'epoch': 9.68}
{'loss': 1.4957, 'learning_rate': 4.510205390351601e-06, 'epoch': 9.75}
{'loss': 1.5127, 'learning_rate': 4.4987770021436824e-06, 'epoch': 9.81}
{'loss': 1.47, 'learning_rate': 4.487348613935763e-06, 'epoch': 9.88}
{'loss': 1.5052, 'learning_rate': 4.475897323146265e-06, 'epoch': 9.94}
{'loss': 1.4947, 'learning_rate': 4.464446032356768e-06, 'epoch': 10.0}
{'loss': 1.4856, 'learning_rate': 4.453017644148849e-06, 'epoch': 10.07}
{'loss': 1.4629, 'learning_rate': 4.441566353359351e-06, 'epoch': 10.13}
{'loss': 1.4889, 'learning_rate': 4.430115062569853e-06, 'epoch': 10.2}
{'loss': 1.4758, 'learning_rate': 4.418663771780355e-06, 'epoch': 10.26}
{'loss': 1.4827, 'learning_rate': 4.407212480990858e-06, 'epoch': 10.32}
{'loss': 1.4793, 'learning_rate': 4.395784092782939e-06, 'epoch': 10.39}
{'loss': 1.4626, 'learning_rate': 4.384332801993441e-06, 'epoch': 10.45}
{'loss': 1.4574, 'learning_rate': 4.372881511203943e-06, 'epoch': 10.52}
{'loss': 1.4972, 'learning_rate': 4.361430220414446e-06, 'epoch': 10.58}
{'loss': 1.4589, 'learning_rate': 4.349978929624948e-06, 'epoch': 10.65}
{'loss': 1.4529, 'learning_rate': 4.3385276388354495e-06, 'epoch': 10.71}
{'loss': 1.478, 'learning_rate': 4.327076348045952e-06, 'epoch': 10.77}
{'loss': 1.4893, 'learning_rate': 4.315625057256455e-06, 'epoch': 10.84}
{'loss': 1.4635, 'learning_rate': 4.304173766466957e-06, 'epoch': 10.9}
{'loss': 1.4707, 'learning_rate': 4.2927224756774585e-06, 'epoch': 10.97}
{'loss': 1.4575, 'learning_rate': 4.28127118488796e-06, 'epoch': 11.03}
{'loss': 1.43, 'learning_rate': 4.269819894098463e-06, 'epoch': 11.09}
{'loss': 1.4725, 'learning_rate': 4.258368603308966e-06, 'epoch': 11.16}
{'loss': 1.4634, 'learning_rate': 4.246917312519468e-06, 'epoch': 11.22}
{'loss': 1.4811, 'learning_rate': 4.235466021729969e-06, 'epoch': 11.29}
{'loss': 1.422, 'learning_rate': 4.224014730940472e-06, 'epoch': 11.35}
{'loss': 1.4287, 'learning_rate': 4.212563440150974e-06, 'epoch': 11.41}
{'loss': 1.4601, 'learning_rate': 4.201135051943056e-06, 'epoch': 11.48}
{'loss': 1.4501, 'learning_rate': 4.1896837611535575e-06, 'epoch': 11.54}
{'loss': 1.4665, 'learning_rate': 4.17823247036406e-06, 'epoch': 11.61}
{'loss': 1.4653, 'learning_rate': 4.166781179574562e-06, 'epoch': 11.67}
{'loss': 1.4281, 'learning_rate': 4.155329888785064e-06, 'epoch': 11.74}
{'loss': 1.4333, 'learning_rate': 4.143924403158725e-06, 'epoch': 11.8}
{'loss': 1.4637, 'learning_rate': 4.1324731123692264e-06, 'epoch': 11.86}
{'loss': 1.4439, 'learning_rate': 4.121044724161308e-06, 'epoch': 11.93}
{'loss': 1.4498, 'learning_rate': 4.10959343337181e-06, 'epoch': 11.99}
{'loss': 1.4334, 'learning_rate': 4.098142142582312e-06, 'epoch': 12.06}
{'loss': 1.4342, 'learning_rate': 4.0866908517928145e-06, 'epoch': 12.12}
{'loss': 1.4281, 'learning_rate': 4.075239561003317e-06, 'epoch': 12.18}
{'loss': 1.4273, 'learning_rate': 4.063788270213819e-06, 'epoch': 12.25}
{'loss': 1.414, 'learning_rate': 4.052336979424321e-06, 'epoch': 12.31}
{'loss': 1.434, 'learning_rate': 4.040908591216402e-06, 'epoch': 12.38}
{'loss': 1.44, 'learning_rate': 4.0294573004269044e-06, 'epoch': 12.44}
{'loss': 1.4264, 'learning_rate': 4.018006009637407e-06, 'epoch': 12.5}
{'loss': 1.4319, 'learning_rate': 4.006554718847909e-06, 'epoch': 12.57}
{'loss': 1.4257, 'learning_rate': 3.995103428058411e-06, 'epoch': 12.63}
{'loss': 1.4251, 'learning_rate': 3.9836521372689135e-06, 'epoch': 12.7}
{'loss': 1.4233, 'learning_rate': 3.972200846479415e-06, 'epoch': 12.76}
{'loss': 1.3998, 'learning_rate': 3.960749555689918e-06, 'epoch': 12.83}
{'loss': 1.4207, 'learning_rate': 3.94929826490042e-06, 'epoch': 12.89}
{'loss': 1.4143, 'learning_rate': 3.9378469741109225e-06, 'epoch': 12.95}
{'loss': 1.4125, 'learning_rate': 3.926418585903003e-06, 'epoch': 13.02}
{'loss': 1.4268, 'learning_rate': 3.914967295113505e-06, 'epoch': 13.08}
{'loss': 1.4179, 'learning_rate': 3.903516004324008e-06, 'epoch': 13.15}
{'loss': 1.3886, 'learning_rate': 3.89206471353451e-06, 'epoch': 13.21}
{'loss': 1.399, 'learning_rate': 3.8806134227450124e-06, 'epoch': 13.27}
{'loss': 1.4136, 'learning_rate': 3.869162131955514e-06, 'epoch': 13.34}
{'loss': 1.4087, 'learning_rate': 3.857710841166016e-06, 'epoch': 13.4}
{'loss': 1.4079, 'learning_rate': 3.846259550376519e-06, 'epoch': 13.47}
{'loss': 1.3946, 'learning_rate': 3.8348311621686005e-06, 'epoch': 13.53}
{'loss': 1.425, 'learning_rate': 3.823379871379102e-06, 'epoch': 13.59}
{'loss': 1.3936, 'learning_rate': 3.8119285805896046e-06, 'epoch': 13.66}
{'loss': 1.4027, 'learning_rate': 3.8004772898001064e-06, 'epoch': 13.72}
{'loss': 1.3687, 'learning_rate': 3.7890489015921877e-06, 'epoch': 13.79}
{'loss': 1.4227, 'learning_rate': 3.77759761080269e-06, 'epoch': 13.85}
{'loss': 1.3974, 'learning_rate': 3.766146320013192e-06, 'epoch': 13.92}
{'loss': 1.3931, 'learning_rate': 3.7546950292236945e-06, 'epoch': 13.98}
{'loss': 1.3766, 'learning_rate': 3.7432437384341968e-06, 'epoch': 14.04}
{'loss': 1.4081, 'learning_rate': 3.7317924476446986e-06, 'epoch': 14.11}
{'loss': 1.3974, 'learning_rate': 3.7203411568552013e-06, 'epoch': 14.17}
{'loss': 1.3852, 'learning_rate': 3.708889866065703e-06, 'epoch': 14.24}
{'loss': 1.3928, 'learning_rate': 3.6974614778577844e-06, 'epoch': 14.3}
{'loss': 1.3672, 'learning_rate': 3.6860330896498657e-06, 'epoch': 14.36}
{'loss': 1.3875, 'learning_rate': 3.6746047014419466e-06, 'epoch': 14.43}
{'loss': 1.3942, 'learning_rate': 3.6631534106524493e-06, 'epoch': 14.49}
{'loss': 1.3869, 'learning_rate': 3.651702119862951e-06, 'epoch': 14.56}
{'loss': 1.3845, 'learning_rate': 3.6402508290734534e-06, 'epoch': 14.62}
{'loss': 1.3725, 'learning_rate': 3.6287995382839556e-06, 'epoch': 14.69}
{'loss': 1.3819, 'learning_rate': 3.617348247494458e-06, 'epoch': 14.75}
{'loss': 1.3863, 'learning_rate': 3.60589695670496e-06, 'epoch': 14.81}
{'loss': 1.3945, 'learning_rate': 3.5944456659154624e-06, 'epoch': 14.88}
{'loss': 1.3961, 'learning_rate': 3.5830172777075433e-06, 'epoch': 14.94}
{'loss': 1.3725, 'learning_rate': 3.571565986918046e-06, 'epoch': 15.01}
{'loss': 1.3766, 'learning_rate': 3.560114696128548e-06, 'epoch': 15.07}
{'loss': 1.3754, 'learning_rate': 3.54866340533905e-06, 'epoch': 15.13}
{'loss': 1.366, 'learning_rate': 3.5372121145495523e-06, 'epoch': 15.2}
{'loss': 1.3834, 'learning_rate': 3.525760823760054e-06, 'epoch': 15.26}
{'loss': 1.3984, 'learning_rate': 3.514309532970557e-06, 'epoch': 15.33}
{'loss': 1.3534, 'learning_rate': 3.502858242181059e-06, 'epoch': 15.39}
{'loss': 1.3639, 'learning_rate': 3.491406951391561e-06, 'epoch': 15.45}
{'loss': 1.3773, 'learning_rate': 3.4799556606020636e-06, 'epoch': 15.52}
{'loss': 1.3552, 'learning_rate': 3.4685043698125655e-06, 'epoch': 15.58}
{'loss': 1.3503, 'learning_rate': 3.4570530790230677e-06, 'epoch': 15.65}
{'loss': 1.3749, 'learning_rate': 3.445624690815149e-06, 'epoch': 15.71}
{'loss': 1.3444, 'learning_rate': 3.434173400025651e-06, 'epoch': 15.78}
{'loss': 1.3681, 'learning_rate': 3.4227221092361535e-06, 'epoch': 15.84}
{'loss': 1.3852, 'learning_rate': 3.411270818446656e-06, 'epoch': 15.9}
{'loss': 1.3633, 'learning_rate': 3.3998195276571576e-06, 'epoch': 15.97}
{'loss': 1.3514, 'learning_rate': 3.3883682368676603e-06, 'epoch': 16.03}
{'loss': 1.3452, 'learning_rate': 3.376916946078162e-06, 'epoch': 16.1}
{'loss': 1.3427, 'learning_rate': 3.3654885578702435e-06, 'epoch': 16.16}
{'loss': 1.3725, 'learning_rate': 3.3540372670807457e-06, 'epoch': 16.22}
{'loss': 1.3817, 'learning_rate': 3.3425859762912476e-06, 'epoch': 16.29}
{'loss': 1.3567, 'learning_rate': 3.3311346855017502e-06, 'epoch': 16.35}
{'loss': 1.3531, 'learning_rate': 3.319706297293831e-06, 'epoch': 16.42}
{'loss': 1.3281, 'learning_rate': 3.3082550065043334e-06, 'epoch': 16.48}
{'loss': 1.3576, 'learning_rate': 3.2968037157148356e-06, 'epoch': 16.54}
{'loss': 1.3495, 'learning_rate': 3.285352424925338e-06, 'epoch': 16.61}
{'loss': 1.3812, 'learning_rate': 3.27390113413584e-06, 'epoch': 16.67}
{'loss': 1.3445, 'learning_rate': 3.2624498433463424e-06, 'epoch': 16.74}
{'loss': 1.3637, 'learning_rate': 3.2509985525568442e-06, 'epoch': 16.8}
{'loss': 1.324, 'learning_rate': 3.239547261767347e-06, 'epoch': 16.87}
{'loss': 1.3548, 'learning_rate': 3.228118873559428e-06, 'epoch': 16.93}
{'loss': 1.354, 'learning_rate': 3.21666758276993e-06, 'epoch': 16.99}
{'loss': 1.3486, 'learning_rate': 3.2052162919804323e-06, 'epoch': 17.06}
{'loss': 1.345, 'learning_rate': 3.193765001190934e-06, 'epoch': 17.12}
{'loss': 1.3539, 'learning_rate': 3.182313710401437e-06, 'epoch': 17.19}
{'loss': 1.3669, 'learning_rate': 3.170862419611939e-06, 'epoch': 17.25}
{'loss': 1.3411, 'learning_rate': 3.159411128822441e-06, 'epoch': 17.31}
{'loss': 1.3665, 'learning_rate': 3.1479598380329436e-06, 'epoch': 17.38}
{'loss': 1.3478, 'learning_rate': 3.1365543524066035e-06, 'epoch': 17.44}
{'loss': 1.3276, 'learning_rate': 3.1251030616171058e-06, 'epoch': 17.51}
{'loss': 1.3563, 'learning_rate': 3.113651770827608e-06, 'epoch': 17.57}
{'loss': 1.3426, 'learning_rate': 3.10220048003811e-06, 'epoch': 17.63}
{'loss': 1.3461, 'learning_rate': 3.0907491892486126e-06, 'epoch': 17.7}
{'loss': 1.3406, 'learning_rate': 3.0792978984591144e-06, 'epoch': 17.76}
{'loss': 1.3415, 'learning_rate': 3.0678466076696167e-06, 'epoch': 17.83}
{'loss': 1.3264, 'learning_rate': 3.0563953168801194e-06, 'epoch': 17.89}
{'loss': 1.3522, 'learning_rate': 3.044944026090621e-06, 'epoch': 17.96}
{'loss': 1.3485, 'learning_rate': 3.0334927353011235e-06, 'epoch': 18.02}
{'loss': 1.3145, 'learning_rate': 3.0220643470932047e-06, 'epoch': 18.08}
{'loss': 1.3449, 'learning_rate': 3.0106130563037066e-06, 'epoch': 18.15}
{'loss': 1.3541, 'learning_rate': 2.9991846680957883e-06, 'epoch': 18.21}
{'loss': 1.3286, 'learning_rate': 2.98773337730629e-06, 'epoch': 18.28}
{'loss': 1.3358, 'learning_rate': 2.9762820865167924e-06, 'epoch': 18.34}
{'loss': 1.3485, 'learning_rate': 2.9648307957272947e-06, 'epoch': 18.4}
{'loss': 1.3216, 'learning_rate': 2.9533795049377965e-06, 'epoch': 18.47}
{'loss': 1.3018, 'learning_rate': 2.941951116729878e-06, 'epoch': 18.53}
{'loss': 1.3287, 'learning_rate': 2.9304998259403805e-06, 'epoch': 18.6}
{'loss': 1.3449, 'learning_rate': 2.9190485351508823e-06, 'epoch': 18.66}
{'loss': 1.3357, 'learning_rate': 2.9076201469429636e-06, 'epoch': 18.73}
{'loss': 1.3229, 'learning_rate': 2.896168856153466e-06, 'epoch': 18.79}
{'loss': 1.3153, 'learning_rate': 2.884717565363968e-06, 'epoch': 18.85}
{'loss': 1.3133, 'learning_rate': 2.8732662745744704e-06, 'epoch': 18.92}
{'loss': 1.3497, 'learning_rate': 2.8618149837849722e-06, 'epoch': 18.98}
{'loss': 1.3446, 'learning_rate': 2.850363692995475e-06, 'epoch': 19.05}
{'loss': 1.3242, 'learning_rate': 2.8389124022059767e-06, 'epoch': 19.11}
{'loss': 1.3543, 'learning_rate': 2.827461111416479e-06, 'epoch': 19.17}
{'loss': 1.3174, 'learning_rate': 2.8160098206269813e-06, 'epoch': 19.24}
{'loss': 1.3149, 'learning_rate': 2.8045585298374835e-06, 'epoch': 19.3}
{'loss': 1.3444, 'learning_rate': 2.7931072390479858e-06, 'epoch': 19.37}
{'loss': 1.3346, 'learning_rate': 2.781655948258488e-06, 'epoch': 19.43}
{'loss': 1.3216, 'learning_rate': 2.77020465746899e-06, 'epoch': 19.49}
{'loss': 1.3558, 'learning_rate': 2.7587762692610716e-06, 'epoch': 19.56}
{'loss': 1.3006, 'learning_rate': 2.7473249784715734e-06, 'epoch': 19.62}
{'loss': 1.3104, 'learning_rate': 2.7358965902636547e-06, 'epoch': 19.69}
{'loss': 1.3403, 'learning_rate': 2.724445299474157e-06, 'epoch': 19.75}
{'loss': 1.3073, 'learning_rate': 2.712994008684659e-06, 'epoch': 19.82}
{'loss': 1.3124, 'learning_rate': 2.7015427178951615e-06, 'epoch': 19.88}
{'loss': 1.3057, 'learning_rate': 2.6900914271056638e-06, 'epoch': 19.94}
{'loss': 1.3173, 'learning_rate': 2.6786401363161656e-06, 'epoch': 20.01}
{'loss': 1.3121, 'learning_rate': 2.6671888455266683e-06, 'epoch': 20.07}
{'loss': 1.304, 'learning_rate': 2.65573755473717e-06, 'epoch': 20.14}
{'loss': 1.2953, 'learning_rate': 2.6442862639476724e-06, 'epoch': 20.2}
{'loss': 1.2978, 'learning_rate': 2.6328578757397537e-06, 'epoch': 20.26}
{'loss': 1.3428, 'learning_rate': 2.6214065849502555e-06, 'epoch': 20.33}
{'loss': 1.3202, 'learning_rate': 2.609955294160758e-06, 'epoch': 20.39}
{'loss': 1.3003, 'learning_rate': 2.598572711115997e-06, 'epoch': 20.46}
{'loss': 1.3285, 'learning_rate': 2.5871214203264994e-06, 'epoch': 20.52}
{'loss': 1.3261, 'learning_rate': 2.5756701295370017e-06, 'epoch': 20.58}
{'loss': 1.3029, 'learning_rate': 2.5642188387475035e-06, 'epoch': 20.65}
{'loss': 1.2847, 'learning_rate': 2.552767547958006e-06, 'epoch': 20.71}
{'loss': 1.3285, 'learning_rate': 2.5413162571685084e-06, 'epoch': 20.78}
{'loss': 1.3201, 'learning_rate': 2.5298649663790103e-06, 'epoch': 20.84}
{'loss': 1.3179, 'learning_rate': 2.518413675589513e-06, 'epoch': 20.91}
{'loss': 1.3165, 'learning_rate': 2.506962384800015e-06, 'epoch': 20.97}
{'loss': 1.3047, 'learning_rate': 2.495511094010517e-06, 'epoch': 21.03}
{'loss': 1.3216, 'learning_rate': 2.4840598032210193e-06, 'epoch': 21.1}
{'loss': 1.2736, 'learning_rate': 2.4726085124315216e-06, 'epoch': 21.16}
{'loss': 1.2981, 'learning_rate': 2.461180124223603e-06, 'epoch': 21.23}
{'loss': 1.3017, 'learning_rate': 2.4497288334341047e-06, 'epoch': 21.29}
{'loss': 1.2925, 'learning_rate': 2.438300445226186e-06, 'epoch': 21.35}
{'loss': 1.3158, 'learning_rate': 2.4268491544366883e-06, 'epoch': 21.42}
{'loss': 1.2846, 'learning_rate': 2.4153978636471905e-06, 'epoch': 21.48}
{'loss': 1.3079, 'learning_rate': 2.4039465728576928e-06, 'epoch': 21.55}
{'loss': 1.284, 'learning_rate': 2.392495282068195e-06, 'epoch': 21.61}
{'loss': 1.297, 'learning_rate': 2.381066893860276e-06, 'epoch': 21.68}
{'loss': 1.3022, 'learning_rate': 2.3696156030707786e-06, 'epoch': 21.74}
{'loss': 1.3286, 'learning_rate': 2.3581643122812804e-06, 'epoch': 21.8}
{'loss': 1.2964, 'learning_rate': 2.3467130214917827e-06, 'epoch': 21.87}
{'loss': 1.3054, 'learning_rate': 2.335261730702285e-06, 'epoch': 21.93}
{'loss': 1.3041, 'learning_rate': 2.3238104399127872e-06, 'epoch': 22.0}
{'loss': 1.2982, 'learning_rate': 2.3123591491232895e-06, 'epoch': 22.06}
{'loss': 1.2963, 'learning_rate': 2.3009078583337917e-06, 'epoch': 22.12}
{'loss': 1.3037, 'learning_rate': 2.2894565675442936e-06, 'epoch': 22.19}
{'loss': 1.2676, 'learning_rate': 2.2780052767547963e-06, 'epoch': 22.25}
{'loss': 1.2933, 'learning_rate': 2.266553985965298e-06, 'epoch': 22.32}
{'loss': 1.2837, 'learning_rate': 2.2551026951758004e-06, 'epoch': 22.38}
{'loss': 1.3123, 'learning_rate': 2.2436514043863026e-06, 'epoch': 22.44}
{'loss': 1.3127, 'learning_rate': 2.232223016178384e-06, 'epoch': 22.51}
{'loss': 1.3086, 'learning_rate': 2.220771725388886e-06, 'epoch': 22.57}
{'loss': 1.2935, 'learning_rate': 2.209320434599388e-06, 'epoch': 22.64}
{'loss': 1.3165, 'learning_rate': 2.1978691438098903e-06, 'epoch': 22.7}
{'loss': 1.2731, 'learning_rate': 2.1864178530203925e-06, 'epoch': 22.77}
{'loss': 1.2871, 'learning_rate': 2.174966562230895e-06, 'epoch': 22.83}
{'loss': 1.2847, 'learning_rate': 2.163515271441397e-06, 'epoch': 22.89}
{'loss': 1.3222, 'learning_rate': 2.1520639806518993e-06, 'epoch': 22.96}
{'loss': 1.2828, 'learning_rate': 2.140612689862401e-06, 'epoch': 23.02}
{'loss': 1.2922, 'learning_rate': 2.129161399072904e-06, 'epoch': 23.09}
{'loss': 1.264, 'learning_rate': 2.1177330108649847e-06, 'epoch': 23.15}
{'loss': 1.2955, 'learning_rate': 2.106304622657066e-06, 'epoch': 23.21}
{'loss': 1.2768, 'learning_rate': 2.0948991370307263e-06, 'epoch': 23.28}
{'loss': 1.2893, 'learning_rate': 2.0834478462412286e-06, 'epoch': 23.34}
{'loss': 1.2853, 'learning_rate': 2.071996555451731e-06, 'epoch': 23.41}
{'loss': 1.2881, 'learning_rate': 2.0605452646622327e-06, 'epoch': 23.47}
{'loss': 1.2777, 'learning_rate': 2.049093973872735e-06, 'epoch': 23.53}
{'loss': 1.2874, 'learning_rate': 2.0376426830832376e-06, 'epoch': 23.6}
{'loss': 1.3049, 'learning_rate': 2.0261913922937395e-06, 'epoch': 23.66}
{'loss': 1.2911, 'learning_rate': 2.0147401015042417e-06, 'epoch': 23.73}
{'loss': 1.2819, 'learning_rate': 2.003288810714744e-06, 'epoch': 23.79}
{'loss': 1.2795, 'learning_rate': 1.9918375199252462e-06, 'epoch': 23.86}
{'loss': 1.2842, 'learning_rate': 1.9803862291357485e-06, 'epoch': 23.92}
{'loss': 1.2951, 'learning_rate': 1.9689349383462503e-06, 'epoch': 23.98}
{'loss': 1.2697, 'learning_rate': 1.9574836475567526e-06, 'epoch': 24.05}
{'loss': 1.2913, 'learning_rate': 1.946032356767255e-06, 'epoch': 24.11}
{'loss': 1.2799, 'learning_rate': 1.934581065977757e-06, 'epoch': 24.18}
{'loss': 1.2847, 'learning_rate': 1.9231297751882594e-06, 'epoch': 24.24}
{'loss': 1.2702, 'learning_rate': 1.9116784843987617e-06, 'epoch': 24.3}
{'loss': 1.2806, 'learning_rate': 1.9002271936092637e-06, 'epoch': 24.37}
{'loss': 1.252, 'learning_rate': 1.8887759028197662e-06, 'epoch': 24.43}
{'loss': 1.2888, 'learning_rate': 1.8773933197750053e-06, 'epoch': 24.5}
{'loss': 1.2555, 'learning_rate': 1.8659420289855074e-06, 'epoch': 24.56}
{'loss': 1.2769, 'learning_rate': 1.8544907381960094e-06, 'epoch': 24.62}
{'loss': 1.2908, 'learning_rate': 1.8430394474065119e-06, 'epoch': 24.69}
{'loss': 1.2674, 'learning_rate': 1.8315881566170141e-06, 'epoch': 24.75}
{'loss': 1.2531, 'learning_rate': 1.8201368658275162e-06, 'epoch': 24.82}
{'loss': 1.2998, 'learning_rate': 1.8086855750380182e-06, 'epoch': 24.88}
{'loss': 1.2794, 'learning_rate': 1.7972571868300998e-06, 'epoch': 24.95}
{'loss': 1.2963, 'learning_rate': 1.7858058960406018e-06, 'epoch': 25.01}
{'loss': 1.2817, 'learning_rate': 1.774354605251104e-06, 'epoch': 25.07}
{'loss': 1.2665, 'learning_rate': 1.7629033144616061e-06, 'epoch': 25.14}
{'loss': 1.2599, 'learning_rate': 1.7514520236721086e-06, 'epoch': 25.2}
{'loss': 1.2867, 'learning_rate': 1.7400007328826106e-06, 'epoch': 25.27}
{'loss': 1.2677, 'learning_rate': 1.7285494420931129e-06, 'epoch': 25.33}
{'loss': 1.2922, 'learning_rate': 1.717098151303615e-06, 'epoch': 25.39}
{'loss': 1.2844, 'learning_rate': 1.7056468605141172e-06, 'epoch': 25.46}
{'loss': 1.2576, 'learning_rate': 1.6941955697246197e-06, 'epoch': 25.52}
{'loss': 1.2725, 'learning_rate': 1.6827442789351217e-06, 'epoch': 25.59}
{'loss': 1.246, 'learning_rate': 1.6713158907272028e-06, 'epoch': 25.65}
{'loss': 1.278, 'learning_rate': 1.6598875025192839e-06, 'epoch': 25.72}
{'loss': 1.2539, 'learning_rate': 1.6484362117297864e-06, 'epoch': 25.78}
{'loss': 1.2846, 'learning_rate': 1.6369849209402886e-06, 'epoch': 25.84}
{'loss': 1.2691, 'learning_rate': 1.6255336301507907e-06, 'epoch': 25.91}
{'loss': 1.2908, 'learning_rate': 1.6141052419428717e-06, 'epoch': 25.97}
{'loss': 1.2783, 'learning_rate': 1.6026539511533742e-06, 'epoch': 26.04}
{'loss': 1.2802, 'learning_rate': 1.5912026603638765e-06, 'epoch': 26.1}
{'loss': 1.2536, 'learning_rate': 1.5797513695743785e-06, 'epoch': 26.16}
{'loss': 1.274, 'learning_rate': 1.5683000787848806e-06, 'epoch': 26.23}
{'loss': 1.2677, 'learning_rate': 1.556848787995383e-06, 'epoch': 26.29}
{'loss': 1.2661, 'learning_rate': 1.5453974972058853e-06, 'epoch': 26.36}
{'loss': 1.2674, 'learning_rate': 1.5339462064163874e-06, 'epoch': 26.42}
{'loss': 1.2509, 'learning_rate': 1.5224949156268894e-06, 'epoch': 26.48}
{'loss': 1.2652, 'learning_rate': 1.5110436248373919e-06, 'epoch': 26.55}
{'loss': 1.2666, 'learning_rate': 1.4995923340478941e-06, 'epoch': 26.61}
{'loss': 1.2591, 'learning_rate': 1.4881410432583962e-06, 'epoch': 26.68}
{'loss': 1.2423, 'learning_rate': 1.4766897524688982e-06, 'epoch': 26.74}
{'loss': 1.2861, 'learning_rate': 1.4652384616794007e-06, 'epoch': 26.81}
{'loss': 1.272, 'learning_rate': 1.453787170889903e-06, 'epoch': 26.87}
{'loss': 1.2421, 'learning_rate': 1.442335880100405e-06, 'epoch': 26.93}
{'loss': 1.2801, 'learning_rate': 1.430884589310907e-06, 'epoch': 27.0}
{'loss': 1.2532, 'learning_rate': 1.4194562011029884e-06, 'epoch': 27.06}
{'loss': 1.2536, 'learning_rate': 1.4080049103134906e-06, 'epoch': 27.13}
{'loss': 1.257, 'learning_rate': 1.3965536195239929e-06, 'epoch': 27.19}
{'loss': 1.2831, 'learning_rate': 1.385102328734495e-06, 'epoch': 27.25}
{'loss': 1.2407, 'learning_rate': 1.3736510379449972e-06, 'epoch': 27.32}
{'loss': 1.2739, 'learning_rate': 1.3622455523186575e-06, 'epoch': 27.38}
{'loss': 1.2318, 'learning_rate': 1.3507942615291598e-06, 'epoch': 27.45}
{'loss': 1.266, 'learning_rate': 1.3393429707396618e-06, 'epoch': 27.51}
{'loss': 1.2585, 'learning_rate': 1.327891679950164e-06, 'epoch': 27.57}
{'loss': 1.2514, 'learning_rate': 1.3164403891606664e-06, 'epoch': 27.64}
{'loss': 1.2525, 'learning_rate': 1.3049890983711686e-06, 'epoch': 27.7}
{'loss': 1.2671, 'learning_rate': 1.2935607101632497e-06, 'epoch': 27.77}
{'loss': 1.2562, 'learning_rate': 1.2821094193737517e-06, 'epoch': 27.83}
{'loss': 1.2662, 'learning_rate': 1.2706581285842542e-06, 'epoch': 27.9}
{'loss': 1.2992, 'learning_rate': 1.2592297403763353e-06, 'epoch': 27.96}
{'loss': 1.2688, 'learning_rate': 1.2477784495868376e-06, 'epoch': 28.02}
{'loss': 1.2613, 'learning_rate': 1.2363271587973398e-06, 'epoch': 28.09}
{'loss': 1.2596, 'learning_rate': 1.2248758680078419e-06, 'epoch': 28.15}
{'loss': 1.2703, 'learning_rate': 1.2134245772183441e-06, 'epoch': 28.22}
{'loss': 1.2487, 'learning_rate': 1.2019732864288464e-06, 'epoch': 28.28}
{'loss': 1.2675, 'learning_rate': 1.1905448982209275e-06, 'epoch': 28.34}
{'loss': 1.2697, 'learning_rate': 1.1790936074314297e-06, 'epoch': 28.41}
{'loss': 1.272, 'learning_rate': 1.167642316641932e-06, 'epoch': 28.47}
{'loss': 1.2384, 'learning_rate': 1.1561910258524343e-06, 'epoch': 28.54}
{'loss': 1.2465, 'learning_rate': 1.1447397350629363e-06, 'epoch': 28.6}
{'loss': 1.2451, 'learning_rate': 1.1332884442734386e-06, 'epoch': 28.66}
{'loss': 1.2576, 'learning_rate': 1.1218371534839408e-06, 'epoch': 28.73}
{'loss': 1.2845, 'learning_rate': 1.110385862694443e-06, 'epoch': 28.79}
{'loss': 1.2415, 'learning_rate': 1.0989345719049451e-06, 'epoch': 28.86}
{'loss': 1.2639, 'learning_rate': 1.0874832811154474e-06, 'epoch': 28.92}
{'loss': 1.266, 'learning_rate': 1.0760319903259497e-06, 'epoch': 28.99}
{'loss': 1.2842, 'learning_rate': 1.064580699536452e-06, 'epoch': 29.05}
{'loss': 1.2533, 'learning_rate': 1.053129408746954e-06, 'epoch': 29.11}
{'loss': 1.2603, 'learning_rate': 1.0416781179574562e-06, 'epoch': 29.18}
{'loss': 1.2621, 'learning_rate': 1.0302268271679585e-06, 'epoch': 29.24}
{'loss': 1.2428, 'learning_rate': 1.0187755363784608e-06, 'epoch': 29.31}
{'loss': 1.2406, 'learning_rate': 1.0073242455889628e-06, 'epoch': 29.37}
{'loss': 1.2466, 'learning_rate': 9.95872954799465e-07, 'epoch': 29.43}
{'loss': 1.2797, 'learning_rate': 9.844674691731252e-07, 'epoch': 29.5}
{'loss': 1.232, 'learning_rate': 9.730161783836274e-07, 'epoch': 29.56}
{'loss': 1.2364, 'learning_rate': 9.615648875941297e-07, 'epoch': 29.63}
{'loss': 1.2563, 'learning_rate': 9.501135968046319e-07, 'epoch': 29.69}
{'loss': 1.2481, 'learning_rate': 9.386623060151341e-07, 'epoch': 29.76}
{'loss': 1.2437, 'learning_rate': 9.272339178072153e-07, 'epoch': 29.82}
{'loss': 1.2527, 'learning_rate': 9.157826270177176e-07, 'epoch': 29.88}
{'loss': 1.2368, 'learning_rate': 9.043542388097986e-07, 'epoch': 29.95}
{'loss': 1.2452, 'learning_rate': 8.929029480203009e-07, 'epoch': 30.01}
{'loss': 1.2429, 'learning_rate': 8.814516572308031e-07, 'epoch': 30.08}
{'loss': 1.2566, 'learning_rate': 8.700003664413053e-07, 'epoch': 30.14}
{'loss': 1.2614, 'learning_rate': 8.585490756518075e-07, 'epoch': 30.2}
{'loss': 1.2553, 'learning_rate': 8.471206874438888e-07, 'epoch': 30.27}
{'loss': 1.2293, 'learning_rate': 8.356693966543909e-07, 'epoch': 30.33}
{'loss': 1.2523, 'learning_rate': 8.242181058648932e-07, 'epoch': 30.4}
{'loss': 1.2376, 'learning_rate': 8.127668150753953e-07, 'epoch': 30.46}
{'loss': 1.2532, 'learning_rate': 8.013155242858976e-07, 'epoch': 30.52}
{'loss': 1.2461, 'learning_rate': 7.898871360779788e-07, 'epoch': 30.59}
{'loss': 1.2578, 'learning_rate': 7.78435845288481e-07, 'epoch': 30.65}
{'loss': 1.2489, 'learning_rate': 7.669845544989832e-07, 'epoch': 30.72}
{'loss': 1.243, 'learning_rate': 7.555332637094855e-07, 'epoch': 30.78}
{'loss': 1.2485, 'learning_rate': 7.440819729199876e-07, 'epoch': 30.85}
{'loss': 1.2454, 'learning_rate': 7.326306821304898e-07, 'epoch': 30.91}
{'loss': 1.2623, 'learning_rate': 7.21179391340992e-07, 'epoch': 30.97}
{'loss': 1.232, 'learning_rate': 7.097281005514942e-07, 'epoch': 31.04}
{'loss': 1.2462, 'learning_rate': 6.982768097619964e-07, 'epoch': 31.1}
{'loss': 1.241, 'learning_rate': 6.868255189724986e-07, 'epoch': 31.17}
{'loss': 1.2417, 'learning_rate': 6.753742281830009e-07, 'epoch': 31.23}
{'loss': 1.2627, 'learning_rate': 6.63922937393503e-07, 'epoch': 31.29}
{'loss': 1.2411, 'learning_rate': 6.524716466040053e-07, 'epoch': 31.36}
{'loss': 1.2541, 'learning_rate': 6.410203558145074e-07, 'epoch': 31.42}
{'loss': 1.2213, 'learning_rate': 6.295919676065887e-07, 'epoch': 31.49}
{'loss': 1.2616, 'learning_rate': 6.181406768170909e-07, 'epoch': 31.55}
{'loss': 1.2489, 'learning_rate': 6.066893860275931e-07, 'epoch': 31.61}
{'loss': 1.2332, 'learning_rate': 5.952380952380953e-07, 'epoch': 31.68}
{'loss': 1.26, 'learning_rate': 5.837868044485975e-07, 'epoch': 31.74}
{'loss': 1.2372, 'learning_rate': 5.723355136590997e-07, 'epoch': 31.81}
{'loss': 1.248, 'learning_rate': 5.609071254511809e-07, 'epoch': 31.87}
{'loss': 1.256, 'learning_rate': 5.494558346616831e-07, 'epoch': 31.94}
{'loss': 1.2512, 'learning_rate': 5.380274464537643e-07, 'epoch': 32.0}
{'loss': 1.2445, 'learning_rate': 5.265761556642665e-07, 'epoch': 32.06}
{'loss': 1.2516, 'learning_rate': 5.151248648747688e-07, 'epoch': 32.13}
{'loss': 1.2349, 'learning_rate': 5.036735740852709e-07, 'epoch': 32.19}
{'loss': 1.2678, 'learning_rate': 4.922222832957732e-07, 'epoch': 32.26}
{'loss': 1.249, 'learning_rate': 4.807938950878544e-07, 'epoch': 32.32}
{'loss': 1.2097, 'learning_rate': 4.6936550687993555e-07, 'epoch': 32.38}
{'loss': 1.2401, 'learning_rate': 4.5791421609043776e-07, 'epoch': 32.45}
{'loss': 1.2477, 'learning_rate': 4.4646292530093997e-07, 'epoch': 32.51}
{'loss': 1.2639, 'learning_rate': 4.3501163451144217e-07, 'epoch': 32.58}
{'loss': 1.244, 'learning_rate': 4.235603437219444e-07, 'epoch': 32.64}
{'loss': 1.234, 'learning_rate': 4.121090529324466e-07, 'epoch': 32.7}
{'loss': 1.2271, 'learning_rate': 4.006577621429488e-07, 'epoch': 32.77}
{'loss': 1.2852, 'learning_rate': 3.8922937393503004e-07, 'epoch': 32.83}
{'loss': 1.2302, 'learning_rate': 3.7777808314553224e-07, 'epoch': 32.9}
{'loss': 1.2426, 'learning_rate': 3.6632679235603435e-07, 'epoch': 32.96}
{'loss': 1.2476, 'learning_rate': 3.5487550156653655e-07, 'epoch': 33.03}
{'loss': 1.2535, 'learning_rate': 3.4342421077703876e-07, 'epoch': 33.09}
{'loss': 1.275, 'learning_rate': 3.31972919987541e-07, 'epoch': 33.15}
{'loss': 1.2323, 'learning_rate': 3.205445317796222e-07, 'epoch': 33.22}
{'loss': 1.2339, 'learning_rate': 3.090932409901244e-07, 'epoch': 33.28}
{'loss': 1.2371, 'learning_rate': 2.976419502006266e-07, 'epoch': 33.35}
{'loss': 1.2381, 'learning_rate': 2.8619065941112883e-07, 'epoch': 33.41}
{'loss': 1.2416, 'learning_rate': 2.7476227120321e-07, 'epoch': 33.47}
{'loss': 1.2472, 'learning_rate': 2.6331098041371223e-07, 'epoch': 33.54}
{'loss': 1.2264, 'learning_rate': 2.518596896242145e-07, 'epoch': 33.6}
{'loss': 1.2427, 'learning_rate': 2.404313014162957e-07, 'epoch': 33.67}
{'loss': 1.2657, 'learning_rate': 2.2898001062679788e-07, 'epoch': 33.73}
{'loss': 1.22, 'learning_rate': 2.175287198373001e-07, 'epoch': 33.8}
{'loss': 1.2445, 'learning_rate': 2.060774290478023e-07, 'epoch': 33.86}
{'loss': 1.2682, 'learning_rate': 1.946261382583045e-07, 'epoch': 33.92}
{'loss': 1.2263, 'learning_rate': 1.831748474688067e-07, 'epoch': 33.99}
{'loss': 1.2354, 'learning_rate': 1.717235566793089e-07, 'epoch': 34.05}
{'loss': 1.2265, 'learning_rate': 1.602722658898111e-07, 'epoch': 34.12}
{'loss': 1.2373, 'learning_rate': 1.488209751003133e-07, 'epoch': 34.18}
{'loss': 1.2391, 'learning_rate': 1.3736968431081552e-07, 'epoch': 34.24}
{'loss': 1.2432, 'learning_rate': 1.2591839352131773e-07, 'epoch': 34.31}
{'loss': 1.2379, 'learning_rate': 1.1446710273181994e-07, 'epoch': 34.37}
{'loss': 1.2323, 'learning_rate': 1.0301581194232215e-07, 'epoch': 34.44}
{'loss': 1.2359, 'learning_rate': 9.156452115282437e-08, 'epoch': 34.5}
{'loss': 1.2401, 'learning_rate': 8.013613294490555e-08, 'epoch': 34.56}
{'loss': 1.2403, 'learning_rate': 6.868484215540776e-08, 'epoch': 34.63}
{'loss': 1.2048, 'learning_rate': 5.723355136590997e-08, 'epoch': 34.69}
{'loss': 1.2471, 'learning_rate': 4.5782260576412183e-08, 'epoch': 34.76}
{'loss': 1.2471, 'learning_rate': 3.4330969786914385e-08, 'epoch': 34.82}
{'loss': 1.2314, 'learning_rate': 2.287967899741659e-08, 'epoch': 34.89}
{'loss': 1.2425, 'learning_rate': 1.1451290789497792e-08, 'epoch': 34.95}
{'train_runtime': 88349.2254, 'train_samples_per_second': 6.178, 'train_steps_per_second': 3.089, 'train_loss': 1.663773805690311, 'epoch': 35.0}
FINISH
