Fri Jul 29 23:37:19 2022       
+-----------------------------------------------------------------------------+
| NVIDIA-SMI 460.80       Driver Version: 460.80       CUDA Version: 11.2     |
|-------------------------------+----------------------+----------------------+
| GPU  Name        Persistence-M| Bus-Id        Disp.A | Volatile Uncorr. ECC |
| Fan  Temp  Perf  Pwr:Usage/Cap|         Memory-Usage | GPU-Util  Compute M. |
|                               |                      |               MIG M. |
|===============================+======================+======================|
|   0  GeForce RTX 3090    Off  | 00000000:45:00.0 Off |                  N/A |
| 38%   22C    P8    18W / 350W |      0MiB / 24268MiB |      0%      Default |
|                               |                      |                  N/A |
+-------------------------------+----------------------+----------------------+
                                                                               
+-----------------------------------------------------------------------------+
| Processes:                                                                  |
|  GPU   GI   CI        PID   Type   Process name                  GPU Memory |
|        ID   ID                                                   Usage      |
|=============================================================================|
|  No running processes found                                                 |
+-----------------------------------------------------------------------------+
nvcc: NVIDIA (R) Cuda compiler driver
Copyright (c) 2005-2020 NVIDIA Corporation
Built on Mon_Oct_12_20:09:46_PDT_2020
Cuda compilation tools, release 11.1, V11.1.105
Build cuda_11.1.TC455_06.29190527_0
START
2022-07-29 23:38:30.299259
Namespace(batch_size=2, ckpt='/gpfsnyu/scratch/yw3642/hf-models/microsoft_deberta-xlarge', epochs=35, exp=19, gradient_checkpointing=True, lr=5e-06, max_len=1024, mlm_prob=0.3, seed=-1, weight_decay=0.0)
seed= 7522
n_train=15594
{'loss': 11.0058, 'learning_rate': 4.51638908737793e-08, 'epoch': 0.06}
{'loss': 9.722, 'learning_rate': 9.07858333791385e-08, 'epoch': 0.13}
{'loss': 7.9814, 'learning_rate': 1.364993862108137e-07, 'epoch': 0.19}
{'loss': 7.3367, 'learning_rate': 1.823045493688049e-07, 'epoch': 0.26}
{'loss': 7.1206, 'learning_rate': 2.2810971252679603e-07, 'epoch': 0.32}
{'loss': 6.9814, 'learning_rate': 2.739148756847872e-07, 'epoch': 0.38}
{'loss': 6.9584, 'learning_rate': 3.197200388427784e-07, 'epoch': 0.45}
{'loss': 6.8694, 'learning_rate': 3.6552520200076956e-07, 'epoch': 0.51}
{'loss': 6.7989, 'learning_rate': 4.1133036515876073e-07, 'epoch': 0.58}
{'loss': 6.7221, 'learning_rate': 4.571355283167519e-07, 'epoch': 0.64}
{'loss': 6.4621, 'learning_rate': 5.02940691474743e-07, 'epoch': 0.71}
{'loss': 6.035, 'learning_rate': 5.487458546327343e-07, 'epoch': 0.77}
{'loss': 5.6245, 'learning_rate': 5.945510177907254e-07, 'epoch': 0.83}
{'loss': 5.2979, 'learning_rate': 6.403561809487166e-07, 'epoch': 0.9}
{'loss': 4.9345, 'learning_rate': 6.861613441067078e-07, 'epoch': 0.96}
{'loss': 4.6867, 'learning_rate': 7.31966507264699e-07, 'epoch': 1.03}
{'loss': 4.5729, 'learning_rate': 7.776800600963741e-07, 'epoch': 1.09}
{'loss': 4.2871, 'learning_rate': 8.234852232543653e-07, 'epoch': 1.15}
{'loss': 4.0693, 'learning_rate': 8.692903864123564e-07, 'epoch': 1.22}
{'loss': 3.8925, 'learning_rate': 9.150955495703477e-07, 'epoch': 1.28}
{'loss': 3.7607, 'learning_rate': 9.609007127283389e-07, 'epoch': 1.35}
{'loss': 3.6701, 'learning_rate': 1.00670587588633e-06, 'epoch': 1.41}
{'loss': 3.6243, 'learning_rate': 1.0524194287180053e-06, 'epoch': 1.47}
{'loss': 3.466, 'learning_rate': 1.0982245918759963e-06, 'epoch': 1.54}
{'loss': 3.3381, 'learning_rate': 1.1440297550339874e-06, 'epoch': 1.6}
{'loss': 3.5449, 'learning_rate': 1.1898349181919786e-06, 'epoch': 1.67}
{'loss': 3.198, 'learning_rate': 1.2356400813499698e-06, 'epoch': 1.73}
{'loss': 3.1157, 'learning_rate': 1.2814452445079611e-06, 'epoch': 1.8}
{'loss': 3.0345, 'learning_rate': 1.3272504076659523e-06, 'epoch': 1.86}
{'loss': 3.0064, 'learning_rate': 1.3730555708239435e-06, 'epoch': 1.92}
{'loss': 3.1158, 'learning_rate': 1.4188607339819346e-06, 'epoch': 1.99}
{'loss': 2.8781, 'learning_rate': 1.4646658971399258e-06, 'epoch': 2.05}
{'loss': 2.8339, 'learning_rate': 1.510471060297917e-06, 'epoch': 2.12}
{'loss': 2.706, 'learning_rate': 1.5562762234559081e-06, 'epoch': 2.18}
{'loss': 2.6962, 'learning_rate': 1.6020813866138993e-06, 'epoch': 2.24}
{'loss': 2.7128, 'learning_rate': 1.6477949394455744e-06, 'epoch': 2.31}
{'loss': 2.5945, 'learning_rate': 1.6936001026035655e-06, 'epoch': 2.37}
{'loss': 2.5391, 'learning_rate': 1.7394052657615567e-06, 'epoch': 2.44}
{'loss': 2.5534, 'learning_rate': 1.7852104289195479e-06, 'epoch': 2.5}
{'loss': 2.4834, 'learning_rate': 1.831015592077539e-06, 'epoch': 2.57}
{'loss': 2.5004, 'learning_rate': 1.8767291449092143e-06, 'epoch': 2.63}
{'loss': 2.4954, 'learning_rate': 1.9225343080672055e-06, 'epoch': 2.69}
{'loss': 2.4641, 'learning_rate': 1.9682478608988807e-06, 'epoch': 2.76}
{'loss': 2.4224, 'learning_rate': 2.0140530240568717e-06, 'epoch': 2.82}
{'loss': 2.3783, 'learning_rate': 2.059858187214863e-06, 'epoch': 2.89}
{'loss': 2.3892, 'learning_rate': 2.105663350372854e-06, 'epoch': 2.95}
{'loss': 2.3777, 'learning_rate': 2.1514685135308454e-06, 'epoch': 3.01}
{'loss': 2.3203, 'learning_rate': 2.1972736766888368e-06, 'epoch': 3.08}
{'loss': 2.3114, 'learning_rate': 2.242987229520512e-06, 'epoch': 3.14}
{'loss': 2.2242, 'learning_rate': 2.288792392678503e-06, 'epoch': 3.21}
{'loss': 2.2255, 'learning_rate': 2.3345975558364944e-06, 'epoch': 3.27}
{'loss': 2.1621, 'learning_rate': 2.3804027189944853e-06, 'epoch': 3.33}
{'loss': 2.1548, 'learning_rate': 2.4262078821524767e-06, 'epoch': 3.4}
{'loss': 2.1158, 'learning_rate': 2.4719214349841515e-06, 'epoch': 3.46}
{'loss': 2.1123, 'learning_rate': 2.517726598142143e-06, 'epoch': 3.53}
{'loss': 2.1086, 'learning_rate': 2.5634401509738177e-06, 'epoch': 3.59}
{'loss': 2.1278, 'learning_rate': 2.609245314131809e-06, 'epoch': 3.66}
{'loss': 2.1166, 'learning_rate': 2.6550504772898005e-06, 'epoch': 3.72}
{'loss': 2.066, 'learning_rate': 2.7008556404477915e-06, 'epoch': 3.78}
{'loss': 2.0835, 'learning_rate': 2.746660803605783e-06, 'epoch': 3.85}
{'loss': 2.0444, 'learning_rate': 2.7924659667637738e-06, 'epoch': 3.91}
{'loss': 2.0283, 'learning_rate': 2.838271129921765e-06, 'epoch': 3.98}
{'loss': 2.0458, 'learning_rate': 2.88398468275344e-06, 'epoch': 4.04}
{'loss': 2.074, 'learning_rate': 2.9296982355851157e-06, 'epoch': 4.1}
{'loss': 2.0125, 'learning_rate': 2.9755033987431066e-06, 'epoch': 4.17}
{'loss': 1.9519, 'learning_rate': 3.021308561901098e-06, 'epoch': 4.23}
{'loss': 1.9562, 'learning_rate': 3.067113725059089e-06, 'epoch': 4.3}
{'loss': 1.946, 'learning_rate': 3.1129188882170804e-06, 'epoch': 4.36}
{'loss': 1.9393, 'learning_rate': 3.1587240513750713e-06, 'epoch': 4.42}
{'loss': 1.9702, 'learning_rate': 3.2045292145330627e-06, 'epoch': 4.49}
{'loss': 1.9038, 'learning_rate': 3.2503343776910532e-06, 'epoch': 4.55}
{'loss': 1.872, 'learning_rate': 3.296139540849045e-06, 'epoch': 4.62}
{'loss': 1.8728, 'learning_rate': 3.3419447040070356e-06, 'epoch': 4.68}
{'loss': 1.8454, 'learning_rate': 3.3877498671650274e-06, 'epoch': 4.75}
{'loss': 1.8412, 'learning_rate': 3.433463419996702e-06, 'epoch': 4.81}
{'loss': 1.8413, 'learning_rate': 3.4792685831546936e-06, 'epoch': 4.87}
{'loss': 1.8286, 'learning_rate': 3.5250737463126845e-06, 'epoch': 4.94}
{'loss': 1.8503, 'learning_rate': 3.570878909470676e-06, 'epoch': 5.0}
{'loss': 1.8042, 'learning_rate': 3.6166840726286673e-06, 'epoch': 5.07}
{'loss': 1.8128, 'learning_rate': 3.6624892357866582e-06, 'epoch': 5.13}
{'loss': 1.7978, 'learning_rate': 3.7082943989446496e-06, 'epoch': 5.19}
{'loss': 1.7847, 'learning_rate': 3.7540995621026406e-06, 'epoch': 5.26}
{'loss': 1.7806, 'learning_rate': 3.799904725260632e-06, 'epoch': 5.32}
{'loss': 1.7724, 'learning_rate': 3.845709888418623e-06, 'epoch': 5.39}
{'loss': 1.7391, 'learning_rate': 3.891515051576614e-06, 'epoch': 5.45}
{'loss': 1.7208, 'learning_rate': 3.937320214734605e-06, 'epoch': 5.51}
{'loss': 1.7463, 'learning_rate': 3.9830337675662805e-06, 'epoch': 5.58}
{'loss': 1.731, 'learning_rate': 4.028747320397955e-06, 'epoch': 5.64}
{'loss': 1.733, 'learning_rate': 4.074552483555947e-06, 'epoch': 5.71}
{'loss': 1.7296, 'learning_rate': 4.120357646713938e-06, 'epoch': 5.77}
{'loss': 1.6988, 'learning_rate': 4.166162809871929e-06, 'epoch': 5.84}
{'loss': 1.739, 'learning_rate': 4.21196797302992e-06, 'epoch': 5.9}
{'loss': 1.6852, 'learning_rate': 4.257681525861596e-06, 'epoch': 5.96}
{'loss': 1.69, 'learning_rate': 4.303486689019587e-06, 'epoch': 6.03}
{'loss': 1.6545, 'learning_rate': 4.349291852177578e-06, 'epoch': 6.09}
{'loss': 1.6879, 'learning_rate': 4.3950970153355686e-06, 'epoch': 6.16}
{'loss': 1.6567, 'learning_rate': 4.44090217849356e-06, 'epoch': 6.22}
{'loss': 1.6703, 'learning_rate': 4.486707341651551e-06, 'epoch': 6.28}
{'loss': 1.6447, 'learning_rate': 4.532512504809542e-06, 'epoch': 6.35}
{'loss': 1.6325, 'learning_rate': 4.578317667967533e-06, 'epoch': 6.41}
{'loss': 1.6552, 'learning_rate': 4.624122831125525e-06, 'epoch': 6.48}
{'loss': 1.6205, 'learning_rate': 4.669836383957201e-06, 'epoch': 6.54}
{'loss': 1.637, 'learning_rate': 4.715641547115191e-06, 'epoch': 6.61}
{'loss': 1.6192, 'learning_rate': 4.7613550999468665e-06, 'epoch': 6.67}
{'loss': 1.6223, 'learning_rate': 4.8071602631048575e-06, 'epoch': 6.73}
{'loss': 1.6043, 'learning_rate': 4.852965426262849e-06, 'epoch': 6.8}
{'loss': 1.6359, 'learning_rate': 4.898587368768208e-06, 'epoch': 6.86}
{'loss': 1.6131, 'learning_rate': 4.944392531926199e-06, 'epoch': 6.93}
{'loss': 1.6195, 'learning_rate': 4.99019769508419e-06, 'epoch': 6.99}
{'loss': 1.5517, 'learning_rate': 4.990999285439455e-06, 'epoch': 7.05}
{'loss': 1.5888, 'learning_rate': 4.979547994649958e-06, 'epoch': 7.12}
{'loss': 1.5672, 'learning_rate': 4.96809670386046e-06, 'epoch': 7.18}
{'loss': 1.5508, 'learning_rate': 4.9566454130709615e-06, 'epoch': 7.25}
{'loss': 1.5917, 'learning_rate': 4.945194122281464e-06, 'epoch': 7.31}
{'loss': 1.5573, 'learning_rate': 4.933742831491966e-06, 'epoch': 7.37}
{'loss': 1.5665, 'learning_rate': 4.922291540702469e-06, 'epoch': 7.44}
{'loss': 1.5695, 'learning_rate': 4.9108402499129705e-06, 'epoch': 7.5}
{'loss': 1.5476, 'learning_rate': 4.899388959123473e-06, 'epoch': 7.57}
{'loss': 1.5635, 'learning_rate': 4.887937668333975e-06, 'epoch': 7.63}
{'loss': 1.566, 'learning_rate': 4.876486377544477e-06, 'epoch': 7.7}
{'loss': 1.542, 'learning_rate': 4.8650350867549795e-06, 'epoch': 7.76}
{'loss': 1.5687, 'learning_rate': 4.853583795965482e-06, 'epoch': 7.82}
{'loss': 1.5512, 'learning_rate': 4.842132505175984e-06, 'epoch': 7.89}
{'loss': 1.512, 'learning_rate': 4.830681214386486e-06, 'epoch': 7.95}
{'loss': 1.4968, 'learning_rate': 4.819229923596988e-06, 'epoch': 8.02}
{'loss': 1.5278, 'learning_rate': 4.80777863280749e-06, 'epoch': 8.08}
{'loss': 1.5089, 'learning_rate': 4.796327342017993e-06, 'epoch': 8.14}
{'loss': 1.4952, 'learning_rate': 4.784876051228495e-06, 'epoch': 8.21}
{'loss': 1.518, 'learning_rate': 4.773424760438997e-06, 'epoch': 8.27}
{'loss': 1.4823, 'learning_rate': 4.762019274812657e-06, 'epoch': 8.34}
{'loss': 1.4871, 'learning_rate': 4.750567984023159e-06, 'epoch': 8.4}
{'loss': 1.5046, 'learning_rate': 4.739139595815241e-06, 'epoch': 8.46}
{'loss': 1.5007, 'learning_rate': 4.727688305025743e-06, 'epoch': 8.53}
{'loss': 1.4806, 'learning_rate': 4.716237014236245e-06, 'epoch': 8.59}
{'loss': 1.4626, 'learning_rate': 4.7047857234467474e-06, 'epoch': 8.66}
{'loss': 1.479, 'learning_rate': 4.693334432657249e-06, 'epoch': 8.72}
{'loss': 1.4746, 'learning_rate': 4.681906044449331e-06, 'epoch': 8.79}
{'loss': 1.4676, 'learning_rate': 4.670477656241412e-06, 'epoch': 8.85}
{'loss': 1.4813, 'learning_rate': 4.659026365451914e-06, 'epoch': 8.91}
{'loss': 1.4592, 'learning_rate': 4.647575074662416e-06, 'epoch': 8.98}
{'loss': 1.4549, 'learning_rate': 4.636123783872918e-06, 'epoch': 9.04}
{'loss': 1.4269, 'learning_rate': 4.624672493083421e-06, 'epoch': 9.11}
{'loss': 1.4671, 'learning_rate': 4.613221202293923e-06, 'epoch': 9.17}
{'loss': 1.4481, 'learning_rate': 4.6017699115044254e-06, 'epoch': 9.23}
{'loss': 1.4477, 'learning_rate': 4.590318620714927e-06, 'epoch': 9.3}
{'loss': 1.4317, 'learning_rate': 4.578890232507008e-06, 'epoch': 9.36}
{'loss': 1.4351, 'learning_rate': 4.567438941717511e-06, 'epoch': 9.43}
{'loss': 1.4449, 'learning_rate': 4.5559876509280135e-06, 'epoch': 9.49}
{'loss': 1.4211, 'learning_rate': 4.544536360138515e-06, 'epoch': 9.55}
{'loss': 1.4497, 'learning_rate': 4.533085069349017e-06, 'epoch': 9.62}
{'loss': 1.4303, 'learning_rate': 4.521633778559519e-06, 'epoch': 9.68}
{'loss': 1.4321, 'learning_rate': 4.510182487770022e-06, 'epoch': 9.75}
{'loss': 1.4144, 'learning_rate': 4.498754099562103e-06, 'epoch': 9.81}
{'loss': 1.431, 'learning_rate': 4.487302808772605e-06, 'epoch': 9.88}
{'loss': 1.4352, 'learning_rate': 4.475851517983107e-06, 'epoch': 9.94}
{'loss': 1.3971, 'learning_rate': 4.46440022719361e-06, 'epoch': 10.0}
{'loss': 1.3865, 'learning_rate': 4.452948936404112e-06, 'epoch': 10.07}
{'loss': 1.3979, 'learning_rate': 4.441497645614614e-06, 'epoch': 10.13}
{'loss': 1.3843, 'learning_rate': 4.430046354825116e-06, 'epoch': 10.2}
{'loss': 1.4188, 'learning_rate': 4.418595064035619e-06, 'epoch': 10.26}
{'loss': 1.3934, 'learning_rate': 4.407143773246121e-06, 'epoch': 10.32}
{'loss': 1.4111, 'learning_rate': 4.3957153850382015e-06, 'epoch': 10.39}
{'loss': 1.4253, 'learning_rate': 4.384264094248704e-06, 'epoch': 10.45}
{'loss': 1.3986, 'learning_rate': 4.372812803459207e-06, 'epoch': 10.52}
{'loss': 1.3799, 'learning_rate': 4.361384415251288e-06, 'epoch': 10.58}
{'loss': 1.3741, 'learning_rate': 4.34993312446179e-06, 'epoch': 10.65}
{'loss': 1.3954, 'learning_rate': 4.3384818336722914e-06, 'epoch': 10.71}
{'loss': 1.3977, 'learning_rate': 4.327030542882794e-06, 'epoch': 10.77}
{'loss': 1.3977, 'learning_rate': 4.315579252093297e-06, 'epoch': 10.84}
{'loss': 1.3792, 'learning_rate': 4.304150863885378e-06, 'epoch': 10.9}
{'loss': 1.3879, 'learning_rate': 4.2926995730958795e-06, 'epoch': 10.97}
{'loss': 1.3771, 'learning_rate': 4.281248282306381e-06, 'epoch': 11.03}
{'loss': 1.3795, 'learning_rate': 4.269796991516884e-06, 'epoch': 11.09}
{'loss': 1.3825, 'learning_rate': 4.258345700727387e-06, 'epoch': 11.16}
{'loss': 1.3705, 'learning_rate': 4.246917312519468e-06, 'epoch': 11.22}
{'loss': 1.3835, 'learning_rate': 4.235466021729969e-06, 'epoch': 11.29}
{'loss': 1.3354, 'learning_rate': 4.224014730940472e-06, 'epoch': 11.35}
{'loss': 1.3477, 'learning_rate': 4.212563440150974e-06, 'epoch': 11.41}
{'loss': 1.3836, 'learning_rate': 4.201112149361477e-06, 'epoch': 11.48}
{'loss': 1.3636, 'learning_rate': 4.1896608585719785e-06, 'epoch': 11.54}
{'loss': 1.3756, 'learning_rate': 4.178209567782481e-06, 'epoch': 11.61}
{'loss': 1.3583, 'learning_rate': 4.166758276992983e-06, 'epoch': 11.67}
{'loss': 1.3526, 'learning_rate': 4.155306986203485e-06, 'epoch': 11.74}
{'loss': 1.3623, 'learning_rate': 4.1438785979955665e-06, 'epoch': 11.8}
{'loss': 1.3425, 'learning_rate': 4.132427307206069e-06, 'epoch': 11.86}
{'loss': 1.3586, 'learning_rate': 4.120976016416571e-06, 'epoch': 11.93}
{'loss': 1.357, 'learning_rate': 4.109524725627073e-06, 'epoch': 11.99}
{'loss': 1.3451, 'learning_rate': 4.098073434837575e-06, 'epoch': 12.06}
{'loss': 1.3265, 'learning_rate': 4.086622144048077e-06, 'epoch': 12.12}
{'loss': 1.3276, 'learning_rate': 4.07517085325858e-06, 'epoch': 12.18}
{'loss': 1.3356, 'learning_rate': 4.063719562469082e-06, 'epoch': 12.25}
{'loss': 1.3093, 'learning_rate': 4.052291174261163e-06, 'epoch': 12.31}
{'loss': 1.3559, 'learning_rate': 4.040839883471665e-06, 'epoch': 12.38}
{'loss': 1.325, 'learning_rate': 4.029388592682167e-06, 'epoch': 12.44}
{'loss': 1.3199, 'learning_rate': 4.01793730189267e-06, 'epoch': 12.5}
{'loss': 1.3517, 'learning_rate': 4.006508913684751e-06, 'epoch': 12.57}
{'loss': 1.3458, 'learning_rate': 3.995080525476832e-06, 'epoch': 12.63}
{'loss': 1.3034, 'learning_rate': 3.9836292346873344e-06, 'epoch': 12.7}
{'loss': 1.3472, 'learning_rate': 3.972177943897836e-06, 'epoch': 12.76}
{'loss': 1.318, 'learning_rate': 3.960726653108339e-06, 'epoch': 12.83}
{'loss': 1.341, 'learning_rate': 3.949275362318841e-06, 'epoch': 12.89}
{'loss': 1.3246, 'learning_rate': 3.9378240715293435e-06, 'epoch': 12.95}
{'loss': 1.3294, 'learning_rate': 3.926372780739845e-06, 'epoch': 13.02}
{'loss': 1.298, 'learning_rate': 3.914921489950347e-06, 'epoch': 13.08}
{'loss': 1.312, 'learning_rate': 3.90347019916085e-06, 'epoch': 13.15}
{'loss': 1.3088, 'learning_rate': 3.8920418109529316e-06, 'epoch': 13.21}
{'loss': 1.3348, 'learning_rate': 3.880590520163433e-06, 'epoch': 13.27}
{'loss': 1.3113, 'learning_rate': 3.869139229373935e-06, 'epoch': 13.34}
{'loss': 1.3068, 'learning_rate': 3.857710841166016e-06, 'epoch': 13.4}
{'loss': 1.2935, 'learning_rate': 3.846259550376519e-06, 'epoch': 13.47}
{'loss': 1.3066, 'learning_rate': 3.8348082595870215e-06, 'epoch': 13.53}
{'loss': 1.3113, 'learning_rate': 3.823356968797523e-06, 'epoch': 13.59}
{'loss': 1.3008, 'learning_rate': 3.8119514831711836e-06, 'epoch': 13.66}
{'loss': 1.3185, 'learning_rate': 3.8005001923816855e-06, 'epoch': 13.72}
{'loss': 1.3245, 'learning_rate': 3.7890489015921877e-06, 'epoch': 13.79}
{'loss': 1.3141, 'learning_rate': 3.77759761080269e-06, 'epoch': 13.85}
{'loss': 1.307, 'learning_rate': 3.766169222594771e-06, 'epoch': 13.92}
{'loss': 1.3105, 'learning_rate': 3.7547179318052735e-06, 'epoch': 13.98}
{'loss': 1.3007, 'learning_rate': 3.743266641015776e-06, 'epoch': 14.04}
{'loss': 1.2739, 'learning_rate': 3.7318153502262776e-06, 'epoch': 14.11}
{'loss': 1.2798, 'learning_rate': 3.7203640594367803e-06, 'epoch': 14.17}
{'loss': 1.2522, 'learning_rate': 3.708912768647282e-06, 'epoch': 14.24}
{'loss': 1.2835, 'learning_rate': 3.6974614778577844e-06, 'epoch': 14.3}
{'loss': 1.2906, 'learning_rate': 3.6860330896498657e-06, 'epoch': 14.36}
{'loss': 1.321, 'learning_rate': 3.6745817988603676e-06, 'epoch': 14.43}
{'loss': 1.2862, 'learning_rate': 3.6631305080708702e-06, 'epoch': 14.49}
{'loss': 1.2619, 'learning_rate': 3.651679217281372e-06, 'epoch': 14.56}
{'loss': 1.3077, 'learning_rate': 3.6402279264918743e-06, 'epoch': 14.62}
{'loss': 1.2902, 'learning_rate': 3.628776635702377e-06, 'epoch': 14.69}
{'loss': 1.2675, 'learning_rate': 3.617325344912879e-06, 'epoch': 14.75}
{'loss': 1.3011, 'learning_rate': 3.605874054123381e-06, 'epoch': 14.81}
{'loss': 1.2796, 'learning_rate': 3.5944227633338834e-06, 'epoch': 14.88}
{'loss': 1.2665, 'learning_rate': 3.5829714725443852e-06, 'epoch': 14.94}
{'loss': 1.2758, 'learning_rate': 3.571520181754888e-06, 'epoch': 15.01}
{'loss': 1.2621, 'learning_rate': 3.5600688909653897e-06, 'epoch': 15.07}
{'loss': 1.2507, 'learning_rate': 3.548617600175892e-06, 'epoch': 15.13}
{'loss': 1.2697, 'learning_rate': 3.5371892119679733e-06, 'epoch': 15.2}
{'loss': 1.2685, 'learning_rate': 3.5257379211784756e-06, 'epoch': 15.26}
{'loss': 1.262, 'learning_rate': 3.514286630388978e-06, 'epoch': 15.33}
{'loss': 1.2384, 'learning_rate': 3.50283533959948e-06, 'epoch': 15.39}
{'loss': 1.285, 'learning_rate': 3.491384048809982e-06, 'epoch': 15.45}
{'loss': 1.2534, 'learning_rate': 3.4799327580204846e-06, 'epoch': 15.52}
{'loss': 1.2512, 'learning_rate': 3.4684814672309864e-06, 'epoch': 15.58}
{'loss': 1.2726, 'learning_rate': 3.4570301764414887e-06, 'epoch': 15.65}
{'loss': 1.2508, 'learning_rate': 3.445578885651991e-06, 'epoch': 15.71}
{'loss': 1.268, 'learning_rate': 3.434150497444072e-06, 'epoch': 15.78}
{'loss': 1.2615, 'learning_rate': 3.4227221092361535e-06, 'epoch': 15.84}
{'loss': 1.2418, 'learning_rate': 3.411270818446656e-06, 'epoch': 15.9}
{'loss': 1.2689, 'learning_rate': 3.3998195276571576e-06, 'epoch': 15.97}
{'loss': 1.2763, 'learning_rate': 3.3883682368676603e-06, 'epoch': 16.03}
{'loss': 1.2467, 'learning_rate': 3.376916946078162e-06, 'epoch': 16.1}
{'loss': 1.2516, 'learning_rate': 3.3654885578702435e-06, 'epoch': 16.16}
{'loss': 1.2662, 'learning_rate': 3.3540601696623247e-06, 'epoch': 16.22}
{'loss': 1.2237, 'learning_rate': 3.3426088788728266e-06, 'epoch': 16.29}
{'loss': 1.2396, 'learning_rate': 3.3311575880833293e-06, 'epoch': 16.35}
{'loss': 1.2432, 'learning_rate': 3.319706297293831e-06, 'epoch': 16.42}
{'loss': 1.2415, 'learning_rate': 3.3082550065043334e-06, 'epoch': 16.48}
{'loss': 1.2442, 'learning_rate': 3.2968037157148356e-06, 'epoch': 16.54}
{'loss': 1.2539, 'learning_rate': 3.285352424925338e-06, 'epoch': 16.61}
{'loss': 1.2334, 'learning_rate': 3.27390113413584e-06, 'epoch': 16.67}
{'loss': 1.2361, 'learning_rate': 3.2624498433463424e-06, 'epoch': 16.74}
{'loss': 1.2363, 'learning_rate': 3.2509985525568442e-06, 'epoch': 16.8}
{'loss': 1.2437, 'learning_rate': 3.239570164348926e-06, 'epoch': 16.87}
{'loss': 1.2537, 'learning_rate': 3.228118873559428e-06, 'epoch': 16.93}
{'loss': 1.2472, 'learning_rate': 3.21666758276993e-06, 'epoch': 16.99}
{'loss': 1.2241, 'learning_rate': 3.2052162919804323e-06, 'epoch': 17.06}
{'loss': 1.2334, 'learning_rate': 3.193787903772513e-06, 'epoch': 17.12}
{'loss': 1.2515, 'learning_rate': 3.182336612983016e-06, 'epoch': 17.19}
{'loss': 1.2277, 'learning_rate': 3.170885322193518e-06, 'epoch': 17.25}
{'loss': 1.2459, 'learning_rate': 3.15943403140402e-06, 'epoch': 17.31}
{'loss': 1.2234, 'learning_rate': 3.1479827406145227e-06, 'epoch': 17.38}
{'loss': 1.2294, 'learning_rate': 3.1365314498250245e-06, 'epoch': 17.44}
{'loss': 1.2116, 'learning_rate': 3.1251030616171058e-06, 'epoch': 17.51}
{'loss': 1.2365, 'learning_rate': 3.113651770827608e-06, 'epoch': 17.57}
{'loss': 1.2269, 'learning_rate': 3.10220048003811e-06, 'epoch': 17.63}
{'loss': 1.2106, 'learning_rate': 3.0907491892486126e-06, 'epoch': 17.7}
{'loss': 1.2501, 'learning_rate': 3.0792978984591144e-06, 'epoch': 17.76}
{'loss': 1.226, 'learning_rate': 3.0678695102511957e-06, 'epoch': 17.83}
{'loss': 1.2209, 'learning_rate': 3.056418219461698e-06, 'epoch': 17.89}
{'loss': 1.2514, 'learning_rate': 3.0449669286722e-06, 'epoch': 17.96}
{'loss': 1.2285, 'learning_rate': 3.0335156378827025e-06, 'epoch': 18.02}
{'loss': 1.2056, 'learning_rate': 3.0220643470932047e-06, 'epoch': 18.08}
{'loss': 1.179, 'learning_rate': 3.0106130563037066e-06, 'epoch': 18.15}
{'loss': 1.2142, 'learning_rate': 2.9991617655142093e-06, 'epoch': 18.21}
{'loss': 1.2314, 'learning_rate': 2.987710474724711e-06, 'epoch': 18.28}
{'loss': 1.2021, 'learning_rate': 2.9762591839352134e-06, 'epoch': 18.34}
{'loss': 1.2073, 'learning_rate': 2.9648307957272947e-06, 'epoch': 18.4}
{'loss': 1.2086, 'learning_rate': 2.9533795049377965e-06, 'epoch': 18.47}
{'loss': 1.2228, 'learning_rate': 2.941928214148299e-06, 'epoch': 18.53}
{'loss': 1.2056, 'learning_rate': 2.9304998259403805e-06, 'epoch': 18.6}
{'loss': 1.2189, 'learning_rate': 2.9190485351508823e-06, 'epoch': 18.66}
{'loss': 1.2258, 'learning_rate': 2.907597244361385e-06, 'epoch': 18.73}
{'loss': 1.2037, 'learning_rate': 2.896145953571887e-06, 'epoch': 18.79}
{'loss': 1.2073, 'learning_rate': 2.884694662782389e-06, 'epoch': 18.85}
{'loss': 1.2223, 'learning_rate': 2.8732662745744704e-06, 'epoch': 18.92}
{'loss': 1.2213, 'learning_rate': 2.8618149837849722e-06, 'epoch': 18.98}
{'loss': 1.183, 'learning_rate': 2.850363692995475e-06, 'epoch': 19.05}
{'loss': 1.2255, 'learning_rate': 2.8389124022059767e-06, 'epoch': 19.11}
{'loss': 1.1906, 'learning_rate': 2.827461111416479e-06, 'epoch': 19.17}
{'loss': 1.1911, 'learning_rate': 2.8160098206269813e-06, 'epoch': 19.24}
{'loss': 1.2169, 'learning_rate': 2.8045585298374835e-06, 'epoch': 19.3}
{'loss': 1.2117, 'learning_rate': 2.7931072390479858e-06, 'epoch': 19.37}
{'loss': 1.192, 'learning_rate': 2.781655948258488e-06, 'epoch': 19.43}
{'loss': 1.1939, 'learning_rate': 2.77020465746899e-06, 'epoch': 19.49}
{'loss': 1.1967, 'learning_rate': 2.7587533666794926e-06, 'epoch': 19.56}
{'loss': 1.2083, 'learning_rate': 2.7473020758899944e-06, 'epoch': 19.62}
{'loss': 1.2109, 'learning_rate': 2.7358736876820757e-06, 'epoch': 19.69}
{'loss': 1.2015, 'learning_rate': 2.724445299474157e-06, 'epoch': 19.75}
{'loss': 1.1693, 'learning_rate': 2.713016911266238e-06, 'epoch': 19.82}
{'loss': 1.1819, 'learning_rate': 2.7015656204767405e-06, 'epoch': 19.88}
{'loss': 1.1962, 'learning_rate': 2.690114329687243e-06, 'epoch': 19.94}
{'loss': 1.2071, 'learning_rate': 2.6786630388977446e-06, 'epoch': 20.01}
{'loss': 1.1653, 'learning_rate': 2.6672117481082473e-06, 'epoch': 20.07}
{'loss': 1.1893, 'learning_rate': 2.655760457318749e-06, 'epoch': 20.14}
{'loss': 1.1878, 'learning_rate': 2.6443091665292514e-06, 'epoch': 20.2}
{'loss': 1.1685, 'learning_rate': 2.6328578757397537e-06, 'epoch': 20.26}
{'loss': 1.2001, 'learning_rate': 2.6214294875318346e-06, 'epoch': 20.33}
{'loss': 1.1755, 'learning_rate': 2.6099781967423372e-06, 'epoch': 20.39}
{'loss': 1.1924, 'learning_rate': 2.598526905952839e-06, 'epoch': 20.46}
{'loss': 1.1724, 'learning_rate': 2.5870985177449204e-06, 'epoch': 20.52}
{'loss': 1.1682, 'learning_rate': 2.5756472269554226e-06, 'epoch': 20.58}
{'loss': 1.2141, 'learning_rate': 2.5641959361659245e-06, 'epoch': 20.65}
{'loss': 1.2037, 'learning_rate': 2.552744645376427e-06, 'epoch': 20.71}
{'loss': 1.1813, 'learning_rate': 2.5412933545869294e-06, 'epoch': 20.78}
{'loss': 1.1804, 'learning_rate': 2.5298420637974312e-06, 'epoch': 20.84}
{'loss': 1.1961, 'learning_rate': 2.518390773007934e-06, 'epoch': 20.91}
{'loss': 1.1775, 'learning_rate': 2.5069394822184358e-06, 'epoch': 20.97}
{'loss': 1.1652, 'learning_rate': 2.495488191428938e-06, 'epoch': 21.03}
{'loss': 1.1724, 'learning_rate': 2.4840369006394403e-06, 'epoch': 21.1}
{'loss': 1.1603, 'learning_rate': 2.4725856098499426e-06, 'epoch': 21.16}
{'loss': 1.2011, 'learning_rate': 2.461134319060445e-06, 'epoch': 21.23}
{'loss': 1.1769, 'learning_rate': 2.449683028270947e-06, 'epoch': 21.29}
{'loss': 1.182, 'learning_rate': 2.438254640063028e-06, 'epoch': 21.35}
{'loss': 1.1819, 'learning_rate': 2.4268262518551092e-06, 'epoch': 21.42}
{'loss': 1.1763, 'learning_rate': 2.4153749610656115e-06, 'epoch': 21.48}
{'loss': 1.1627, 'learning_rate': 2.4039236702761138e-06, 'epoch': 21.55}
{'loss': 1.1791, 'learning_rate': 2.392472379486616e-06, 'epoch': 21.61}
{'loss': 1.148, 'learning_rate': 2.381021088697118e-06, 'epoch': 21.68}
{'loss': 1.157, 'learning_rate': 2.3695927004891996e-06, 'epoch': 21.74}
{'loss': 1.181, 'learning_rate': 2.3581414096997014e-06, 'epoch': 21.8}
{'loss': 1.1656, 'learning_rate': 2.3466901189102037e-06, 'epoch': 21.87}
{'loss': 1.1748, 'learning_rate': 2.335238828120706e-06, 'epoch': 21.93}
{'loss': 1.1709, 'learning_rate': 2.323787537331208e-06, 'epoch': 22.0}
{'loss': 1.1627, 'learning_rate': 2.3123591491232895e-06, 'epoch': 22.06}
{'loss': 1.184, 'learning_rate': 2.3009078583337917e-06, 'epoch': 22.12}
{'loss': 1.1681, 'learning_rate': 2.2894565675442936e-06, 'epoch': 22.19}
{'loss': 1.1644, 'learning_rate': 2.2780052767547963e-06, 'epoch': 22.25}
{'loss': 1.1699, 'learning_rate': 2.266553985965298e-06, 'epoch': 22.32}
{'loss': 1.1527, 'learning_rate': 2.2551026951758004e-06, 'epoch': 22.38}
{'loss': 1.1531, 'learning_rate': 2.2436514043863026e-06, 'epoch': 22.44}
{'loss': 1.1627, 'learning_rate': 2.232200113596805e-06, 'epoch': 22.51}
{'loss': 1.1703, 'learning_rate': 2.220748822807307e-06, 'epoch': 22.57}
{'loss': 1.1502, 'learning_rate': 2.209320434599388e-06, 'epoch': 22.64}
{'loss': 1.1729, 'learning_rate': 2.1978691438098903e-06, 'epoch': 22.7}
{'loss': 1.1773, 'learning_rate': 2.1864407556019716e-06, 'epoch': 22.77}
{'loss': 1.1569, 'learning_rate': 2.174989464812474e-06, 'epoch': 22.83}
{'loss': 1.1682, 'learning_rate': 2.163538174022976e-06, 'epoch': 22.89}
{'loss': 1.1489, 'learning_rate': 2.1520868832334784e-06, 'epoch': 22.96}
{'loss': 1.1649, 'learning_rate': 2.14063559244398e-06, 'epoch': 23.02}
{'loss': 1.1535, 'learning_rate': 2.129184301654483e-06, 'epoch': 23.09}
{'loss': 1.1483, 'learning_rate': 2.1177559134465637e-06, 'epoch': 23.15}
{'loss': 1.1574, 'learning_rate': 2.106304622657066e-06, 'epoch': 23.21}
{'loss': 1.1601, 'learning_rate': 2.0948533318675683e-06, 'epoch': 23.28}
{'loss': 1.1738, 'learning_rate': 2.0834020410780705e-06, 'epoch': 23.34}
{'loss': 1.1465, 'learning_rate': 2.0719507502885728e-06, 'epoch': 23.41}
{'loss': 1.161, 'learning_rate': 2.060499459499075e-06, 'epoch': 23.47}
{'loss': 1.1502, 'learning_rate': 2.049071071291156e-06, 'epoch': 23.53}
{'loss': 1.1504, 'learning_rate': 2.0376197805016586e-06, 'epoch': 23.6}
{'loss': 1.1431, 'learning_rate': 2.0261684897121604e-06, 'epoch': 23.66}
{'loss': 1.1303, 'learning_rate': 2.0147171989226627e-06, 'epoch': 23.73}
{'loss': 1.1669, 'learning_rate': 2.003265908133165e-06, 'epoch': 23.79}
{'loss': 1.162, 'learning_rate': 1.9918146173436672e-06, 'epoch': 23.86}
{'loss': 1.1449, 'learning_rate': 1.9803633265541695e-06, 'epoch': 23.92}
{'loss': 1.1434, 'learning_rate': 1.9689120357646717e-06, 'epoch': 23.98}
{'loss': 1.1677, 'learning_rate': 1.9574607449751736e-06, 'epoch': 24.05}
{'loss': 1.1379, 'learning_rate': 1.9460094541856763e-06, 'epoch': 24.11}
{'loss': 1.1427, 'learning_rate': 1.934558163396178e-06, 'epoch': 24.18}
{'loss': 1.1302, 'learning_rate': 1.9231068726066804e-06, 'epoch': 24.24}
{'loss': 1.1529, 'learning_rate': 1.9116555818171826e-06, 'epoch': 24.3}
{'loss': 1.1467, 'learning_rate': 1.9002042910276847e-06, 'epoch': 24.37}
{'loss': 1.1408, 'learning_rate': 1.8887759028197662e-06, 'epoch': 24.43}
{'loss': 1.1658, 'learning_rate': 1.8773246120302682e-06, 'epoch': 24.5}
{'loss': 1.1227, 'learning_rate': 1.8658733212407703e-06, 'epoch': 24.56}
{'loss': 1.154, 'learning_rate': 1.8544220304512725e-06, 'epoch': 24.62}
{'loss': 1.1427, 'learning_rate': 1.8429936422433538e-06, 'epoch': 24.69}
{'loss': 1.1278, 'learning_rate': 1.8315652540354351e-06, 'epoch': 24.75}
{'loss': 1.1497, 'learning_rate': 1.8201139632459372e-06, 'epoch': 24.82}
{'loss': 1.1433, 'learning_rate': 1.8086855750380182e-06, 'epoch': 24.88}
{'loss': 1.1262, 'learning_rate': 1.7972571868300998e-06, 'epoch': 24.95}
{'loss': 1.1627, 'learning_rate': 1.7858058960406018e-06, 'epoch': 25.01}
{'loss': 1.1493, 'learning_rate': 1.774354605251104e-06, 'epoch': 25.07}
{'loss': 1.1223, 'learning_rate': 1.7629033144616061e-06, 'epoch': 25.14}
{'loss': 1.1389, 'learning_rate': 1.7514520236721086e-06, 'epoch': 25.2}
{'loss': 1.1537, 'learning_rate': 1.7400007328826106e-06, 'epoch': 25.27}
{'loss': 1.1226, 'learning_rate': 1.7285494420931129e-06, 'epoch': 25.33}
{'loss': 1.1293, 'learning_rate': 1.717098151303615e-06, 'epoch': 25.39}
{'loss': 1.1059, 'learning_rate': 1.7056468605141172e-06, 'epoch': 25.46}
{'loss': 1.1424, 'learning_rate': 1.6941955697246197e-06, 'epoch': 25.52}
{'loss': 1.1416, 'learning_rate': 1.6827442789351217e-06, 'epoch': 25.59}
{'loss': 1.1201, 'learning_rate': 1.6712929881456238e-06, 'epoch': 25.65}
{'loss': 1.1505, 'learning_rate': 1.659864599937705e-06, 'epoch': 25.72}
{'loss': 1.1479, 'learning_rate': 1.6484133091482073e-06, 'epoch': 25.78}
{'loss': 1.1371, 'learning_rate': 1.6369620183587096e-06, 'epoch': 25.84}
{'loss': 1.1205, 'learning_rate': 1.6255107275692116e-06, 'epoch': 25.91}
{'loss': 1.1203, 'learning_rate': 1.614059436779714e-06, 'epoch': 25.97}
{'loss': 1.1303, 'learning_rate': 1.6026081459902162e-06, 'epoch': 26.04}
{'loss': 1.1205, 'learning_rate': 1.5911568552007184e-06, 'epoch': 26.1}
{'loss': 1.1014, 'learning_rate': 1.5797055644112205e-06, 'epoch': 26.16}
{'loss': 1.1208, 'learning_rate': 1.5682542736217227e-06, 'epoch': 26.23}
{'loss': 1.1417, 'learning_rate': 1.556825885413804e-06, 'epoch': 26.29}
{'loss': 1.1364, 'learning_rate': 1.5453745946243063e-06, 'epoch': 26.36}
{'loss': 1.1287, 'learning_rate': 1.5339233038348083e-06, 'epoch': 26.42}
{'loss': 1.1416, 'learning_rate': 1.5224720130453106e-06, 'epoch': 26.48}
{'loss': 1.1208, 'learning_rate': 1.5110207222558129e-06, 'epoch': 26.55}
{'loss': 1.1271, 'learning_rate': 1.4995694314663151e-06, 'epoch': 26.61}
{'loss': 1.1177, 'learning_rate': 1.4881181406768172e-06, 'epoch': 26.68}
{'loss': 1.1413, 'learning_rate': 1.4766668498873194e-06, 'epoch': 26.74}
{'loss': 1.1439, 'learning_rate': 1.4652384616794007e-06, 'epoch': 26.81}
{'loss': 1.1384, 'learning_rate': 1.453787170889903e-06, 'epoch': 26.87}
{'loss': 1.1087, 'learning_rate': 1.442335880100405e-06, 'epoch': 26.93}
{'loss': 1.1384, 'learning_rate': 1.430884589310907e-06, 'epoch': 27.0}
{'loss': 1.1215, 'learning_rate': 1.4194332985214093e-06, 'epoch': 27.06}
{'loss': 1.1041, 'learning_rate': 1.4079820077319118e-06, 'epoch': 27.13}
{'loss': 1.113, 'learning_rate': 1.3965307169424139e-06, 'epoch': 27.19}
{'loss': 1.1196, 'learning_rate': 1.385102328734495e-06, 'epoch': 27.25}
{'loss': 1.108, 'learning_rate': 1.3736510379449972e-06, 'epoch': 27.32}
{'loss': 1.1181, 'learning_rate': 1.3622226497370785e-06, 'epoch': 27.38}
{'loss': 1.1249, 'learning_rate': 1.3507713589475808e-06, 'epoch': 27.45}
{'loss': 1.1218, 'learning_rate': 1.3393429707396618e-06, 'epoch': 27.51}
{'loss': 1.1077, 'learning_rate': 1.327891679950164e-06, 'epoch': 27.57}
{'loss': 1.129, 'learning_rate': 1.3164403891606664e-06, 'epoch': 27.64}
{'loss': 1.1364, 'learning_rate': 1.3049890983711686e-06, 'epoch': 27.7}
{'loss': 1.1468, 'learning_rate': 1.2935378075816707e-06, 'epoch': 27.77}
{'loss': 1.1131, 'learning_rate': 1.282086516792173e-06, 'epoch': 27.83}
{'loss': 1.1172, 'learning_rate': 1.2706352260026752e-06, 'epoch': 27.9}
{'loss': 1.1144, 'learning_rate': 1.2591839352131775e-06, 'epoch': 27.96}
{'loss': 1.1125, 'learning_rate': 1.2477326444236795e-06, 'epoch': 28.02}
{'loss': 1.1023, 'learning_rate': 1.2362813536341818e-06, 'epoch': 28.09}
{'loss': 1.1132, 'learning_rate': 1.224852965426263e-06, 'epoch': 28.15}
{'loss': 1.1029, 'learning_rate': 1.213401674636765e-06, 'epoch': 28.22}
{'loss': 1.0981, 'learning_rate': 1.2019503838472674e-06, 'epoch': 28.28}
{'loss': 1.1027, 'learning_rate': 1.1904990930577694e-06, 'epoch': 28.34}
{'loss': 1.125, 'learning_rate': 1.1790478022682719e-06, 'epoch': 28.41}
{'loss': 1.1155, 'learning_rate': 1.167596511478774e-06, 'epoch': 28.47}
{'loss': 1.1285, 'learning_rate': 1.1561681232708552e-06, 'epoch': 28.54}
{'loss': 1.1382, 'learning_rate': 1.1447168324813573e-06, 'epoch': 28.6}
{'loss': 1.1202, 'learning_rate': 1.1332655416918595e-06, 'epoch': 28.66}
{'loss': 1.1062, 'learning_rate': 1.1218142509023618e-06, 'epoch': 28.73}
{'loss': 1.1092, 'learning_rate': 1.110362960112864e-06, 'epoch': 28.79}
{'loss': 1.1082, 'learning_rate': 1.0989345719049451e-06, 'epoch': 28.86}
{'loss': 1.1157, 'learning_rate': 1.0875061836970264e-06, 'epoch': 28.92}
{'loss': 1.1039, 'learning_rate': 1.0760548929075287e-06, 'epoch': 28.99}
{'loss': 1.1089, 'learning_rate': 1.064603602118031e-06, 'epoch': 29.05}
{'loss': 1.1001, 'learning_rate': 1.053152311328533e-06, 'epoch': 29.11}
{'loss': 1.1058, 'learning_rate': 1.0417010205390353e-06, 'epoch': 29.18}
{'loss': 1.1212, 'learning_rate': 1.0302497297495375e-06, 'epoch': 29.24}
{'loss': 1.0867, 'learning_rate': 1.0187984389600398e-06, 'epoch': 29.31}
{'loss': 1.113, 'learning_rate': 1.0073471481705418e-06, 'epoch': 29.37}
{'loss': 1.0956, 'learning_rate': 9.959187599626231e-07, 'epoch': 29.43}
{'loss': 1.108, 'learning_rate': 9.844674691731252e-07, 'epoch': 29.5}
{'loss': 1.1074, 'learning_rate': 9.730161783836274e-07, 'epoch': 29.56}
{'loss': 1.1257, 'learning_rate': 9.615648875941297e-07, 'epoch': 29.63}
{'loss': 1.1113, 'learning_rate': 9.501135968046319e-07, 'epoch': 29.69}
{'loss': 1.1128, 'learning_rate': 9.386623060151341e-07, 'epoch': 29.76}
{'loss': 1.1169, 'learning_rate': 9.272110152256363e-07, 'epoch': 29.82}
{'loss': 1.0881, 'learning_rate': 9.157597244361385e-07, 'epoch': 29.88}
{'loss': 1.1074, 'learning_rate': 9.043084336466407e-07, 'epoch': 29.95}
{'loss': 1.104, 'learning_rate': 8.928571428571429e-07, 'epoch': 30.01}
{'loss': 1.0971, 'learning_rate': 8.814058520676451e-07, 'epoch': 30.08}
{'loss': 1.0965, 'learning_rate': 8.699545612781474e-07, 'epoch': 30.14}
{'loss': 1.0978, 'learning_rate': 8.585261730702285e-07, 'epoch': 30.2}
{'loss': 1.1104, 'learning_rate': 8.470748822807308e-07, 'epoch': 30.27}
{'loss': 1.0997, 'learning_rate': 8.35623591491233e-07, 'epoch': 30.33}
{'loss': 1.0994, 'learning_rate': 8.241723007017352e-07, 'epoch': 30.4}
{'loss': 1.1025, 'learning_rate': 8.127439124938163e-07, 'epoch': 30.46}
{'loss': 1.1104, 'learning_rate': 8.012926217043187e-07, 'epoch': 30.52}
{'loss': 1.0969, 'learning_rate': 7.898413309148207e-07, 'epoch': 30.59}
{'loss': 1.1015, 'learning_rate': 7.783900401253231e-07, 'epoch': 30.65}
{'loss': 1.103, 'learning_rate': 7.669616519174042e-07, 'epoch': 30.72}
{'loss': 1.1124, 'learning_rate': 7.555103611279064e-07, 'epoch': 30.78}
{'loss': 1.0822, 'learning_rate': 7.440590703384086e-07, 'epoch': 30.85}
{'loss': 1.0956, 'learning_rate': 7.326306821304898e-07, 'epoch': 30.91}
{'loss': 1.1017, 'learning_rate': 7.21179391340992e-07, 'epoch': 30.97}
{'loss': 1.1035, 'learning_rate': 7.097281005514942e-07, 'epoch': 31.04}
{'loss': 1.0854, 'learning_rate': 6.982768097619964e-07, 'epoch': 31.1}
{'loss': 1.1027, 'learning_rate': 6.868255189724986e-07, 'epoch': 31.17}
{'loss': 1.086, 'learning_rate': 6.753742281830009e-07, 'epoch': 31.23}
{'loss': 1.0884, 'learning_rate': 6.63922937393503e-07, 'epoch': 31.29}
{'loss': 1.0914, 'learning_rate': 6.524716466040053e-07, 'epoch': 31.36}
{'loss': 1.1019, 'learning_rate': 6.410203558145074e-07, 'epoch': 31.42}
{'loss': 1.0974, 'learning_rate': 6.295690650250097e-07, 'epoch': 31.49}
{'loss': 1.1041, 'learning_rate': 6.18117774235512e-07, 'epoch': 31.55}
{'loss': 1.1125, 'learning_rate': 6.066664834460141e-07, 'epoch': 31.61}
{'loss': 1.0887, 'learning_rate': 5.952380952380953e-07, 'epoch': 31.68}
{'loss': 1.0884, 'learning_rate': 5.837868044485975e-07, 'epoch': 31.74}
{'loss': 1.0905, 'learning_rate': 5.723355136590997e-07, 'epoch': 31.81}
{'loss': 1.1149, 'learning_rate': 5.608842228696019e-07, 'epoch': 31.87}
{'loss': 1.0896, 'learning_rate': 5.494329320801041e-07, 'epoch': 31.94}
{'loss': 1.1045, 'learning_rate': 5.379816412906063e-07, 'epoch': 32.0}
{'loss': 1.0931, 'learning_rate': 5.265303505011085e-07, 'epoch': 32.06}
{'loss': 1.0895, 'learning_rate': 5.150790597116107e-07, 'epoch': 32.13}
{'loss': 1.0965, 'learning_rate': 5.036506715036919e-07, 'epoch': 32.19}
{'loss': 1.0974, 'learning_rate': 4.921993807141941e-07, 'epoch': 32.26}
{'loss': 1.085, 'learning_rate': 4.807480899246963e-07, 'epoch': 32.32}
{'loss': 1.1133, 'learning_rate': 4.6929679913519856e-07, 'epoch': 32.38}
{'loss': 1.0747, 'learning_rate': 4.5784550834570077e-07, 'epoch': 32.45}
{'loss': 1.0943, 'learning_rate': 4.4641712013778196e-07, 'epoch': 32.51}
{'loss': 1.0944, 'learning_rate': 4.349887319298632e-07, 'epoch': 32.58}
{'loss': 1.0903, 'learning_rate': 4.235603437219444e-07, 'epoch': 32.64}
{'loss': 1.0991, 'learning_rate': 4.121319555140256e-07, 'epoch': 32.7}
{'loss': 1.0762, 'learning_rate': 4.0068066472452783e-07, 'epoch': 32.77}
{'loss': 1.0932, 'learning_rate': 3.8922937393503004e-07, 'epoch': 32.83}
{'loss': 1.0882, 'learning_rate': 3.7777808314553224e-07, 'epoch': 32.9}
{'loss': 1.0799, 'learning_rate': 3.6632679235603435e-07, 'epoch': 32.96}
{'loss': 1.0777, 'learning_rate': 3.5487550156653655e-07, 'epoch': 33.03}
{'loss': 1.0844, 'learning_rate': 3.4342421077703876e-07, 'epoch': 33.09}
{'loss': 1.0774, 'learning_rate': 3.31972919987541e-07, 'epoch': 33.15}
{'loss': 1.0789, 'learning_rate': 3.2052162919804323e-07, 'epoch': 33.22}
{'loss': 1.1055, 'learning_rate': 3.0907033840854544e-07, 'epoch': 33.28}
{'loss': 1.0891, 'learning_rate': 2.9761904761904765e-07, 'epoch': 33.35}
{'loss': 1.0993, 'learning_rate': 2.8616775682954986e-07, 'epoch': 33.41}
{'loss': 1.0888, 'learning_rate': 2.7471646604005206e-07, 'epoch': 33.47}
{'loss': 1.0905, 'learning_rate': 2.6326517525055427e-07, 'epoch': 33.54}
{'loss': 1.0793, 'learning_rate': 2.518138844610565e-07, 'epoch': 33.6}
{'loss': 1.0696, 'learning_rate': 2.403625936715587e-07, 'epoch': 33.67}
{'loss': 1.0724, 'learning_rate': 2.289113028820609e-07, 'epoch': 33.73}
{'loss': 1.0885, 'learning_rate': 2.174600120925631e-07, 'epoch': 33.8}
{'loss': 1.0953, 'learning_rate': 2.0600872130306531e-07, 'epoch': 33.86}
{'loss': 1.091, 'learning_rate': 1.9455743051356752e-07, 'epoch': 33.92}
{'loss': 1.1226, 'learning_rate': 1.8310613972406973e-07, 'epoch': 33.99}
{'loss': 1.0775, 'learning_rate': 1.717006540977299e-07, 'epoch': 34.05}
{'loss': 1.0668, 'learning_rate': 1.602493633082321e-07, 'epoch': 34.12}
{'loss': 1.0541, 'learning_rate': 1.4879807251873434e-07, 'epoch': 34.18}
{'loss': 1.0905, 'learning_rate': 1.3736968431081552e-07, 'epoch': 34.24}
{'loss': 1.0866, 'learning_rate': 1.2591839352131773e-07, 'epoch': 34.31}
{'loss': 1.1024, 'learning_rate': 1.1446710273181994e-07, 'epoch': 34.37}
{'loss': 1.0881, 'learning_rate': 1.0303871452390115e-07, 'epoch': 34.44}
{'loss': 1.0915, 'learning_rate': 9.158742373440334e-08, 'epoch': 34.5}
{'loss': 1.1188, 'learning_rate': 8.013613294490555e-08, 'epoch': 34.56}
{'loss': 1.0955, 'learning_rate': 6.868484215540776e-08, 'epoch': 34.63}
{'loss': 1.1014, 'learning_rate': 5.723355136590997e-08, 'epoch': 34.69}
{'loss': 1.0746, 'learning_rate': 4.5782260576412183e-08, 'epoch': 34.76}
{'loss': 1.0882, 'learning_rate': 3.4330969786914385e-08, 'epoch': 34.82}
{'loss': 1.0786, 'learning_rate': 2.287967899741659e-08, 'epoch': 34.89}
{'loss': 1.0952, 'learning_rate': 1.1428388207918798e-08, 'epoch': 34.95}
{'train_runtime': 208233.4527, 'train_samples_per_second': 2.621, 'train_steps_per_second': 1.311, 'train_loss': 1.565133674540646, 'epoch': 35.0}
FINISH
