Tue Jul 26 12:36:32 2022       
+-----------------------------------------------------------------------------+
| NVIDIA-SMI 460.80       Driver Version: 460.80       CUDA Version: 11.2     |
|-------------------------------+----------------------+----------------------+
| GPU  Name        Persistence-M| Bus-Id        Disp.A | Volatile Uncorr. ECC |
| Fan  Temp  Perf  Pwr:Usage/Cap|         Memory-Usage | GPU-Util  Compute M. |
|                               |                      |               MIG M. |
|===============================+======================+======================|
|   0  GeForce RTX 3090    Off  | 00000000:3E:00.0 Off |                  N/A |
| 39%   25C    P8    26W / 350W |      0MiB / 24268MiB |      0%      Default |
|                               |                      |                  N/A |
+-------------------------------+----------------------+----------------------+
                                                                               
+-----------------------------------------------------------------------------+
| Processes:                                                                  |
|  GPU   GI   CI        PID   Type   Process name                  GPU Memory |
|        ID   ID                                                   Usage      |
|=============================================================================|
|  No running processes found                                                 |
+-----------------------------------------------------------------------------+
nvcc: NVIDIA (R) Cuda compiler driver
Copyright (c) 2005-2020 NVIDIA Corporation
Built on Mon_Oct_12_20:09:46_PDT_2020
Cuda compilation tools, release 11.1, V11.1.105
Build cuda_11.1.TC455_06.29190527_0
START
2022-07-26 12:37:58.965078
Namespace(batch_size=2, ckpt='/gpfsnyu/scratch/yw3642/hf-models/allenai_longformer-base-4096', epochs=30, exp=16, gradient_checkpointing=True, lr=1e-05, max_len=4096, mlm_prob=0.3, seed=-1, weight_decay=0.0)
seed= 8526
n_train=15594
{'loss': 17.4681, 'learning_rate': 1.0580992689495961e-07, 'epoch': 0.06}
{'loss': 13.6584, 'learning_rate': 2.1226112607413108e-07, 'epoch': 0.13}
{'loss': 8.4085, 'learning_rate': 3.1913984010944384e-07, 'epoch': 0.19}
{'loss': 7.541, 'learning_rate': 4.260185541447566e-07, 'epoch': 0.26}
{'loss': 7.0575, 'learning_rate': 5.328972681800693e-07, 'epoch': 0.32}
{'loss': 6.5575, 'learning_rate': 6.397759822153821e-07, 'epoch': 0.38}
{'loss': 6.0312, 'learning_rate': 7.466546962506947e-07, 'epoch': 0.45}
{'loss': 5.6519, 'learning_rate': 8.535334102860075e-07, 'epoch': 0.51}
{'loss': 5.3712, 'learning_rate': 9.604121243213201e-07, 'epoch': 0.58}
{'loss': 5.0952, 'learning_rate': 1.067290838356633e-06, 'epoch': 0.64}
{'loss': 4.8145, 'learning_rate': 1.1741695523919457e-06, 'epoch': 0.71}
{'loss': 4.5893, 'learning_rate': 1.2810482664272583e-06, 'epoch': 0.77}
{'loss': 4.4106, 'learning_rate': 1.3879269804625712e-06, 'epoch': 0.83}
{'loss': 4.2012, 'learning_rate': 1.494805694497884e-06, 'epoch': 0.9}
{'loss': 4.0416, 'learning_rate': 1.6016844085331967e-06, 'epoch': 0.96}
{'loss': 3.8668, 'learning_rate': 1.7083493651404387e-06, 'epoch': 1.03}
{'loss': 3.7537, 'learning_rate': 1.8152280791757514e-06, 'epoch': 1.09}
{'loss': 3.5912, 'learning_rate': 1.9221067932110643e-06, 'epoch': 1.15}
{'loss': 3.4974, 'learning_rate': 2.028985507246377e-06, 'epoch': 1.22}
{'loss': 3.3681, 'learning_rate': 2.135650463853619e-06, 'epoch': 1.28}
{'loss': 3.2901, 'learning_rate': 2.242529177888932e-06, 'epoch': 1.35}
{'loss': 3.1733, 'learning_rate': 2.3494078919242445e-06, 'epoch': 1.41}
{'loss': 3.1183, 'learning_rate': 2.456286605959557e-06, 'epoch': 1.47}
{'loss': 3.0609, 'learning_rate': 2.5631653199948702e-06, 'epoch': 1.54}
{'loss': 2.9646, 'learning_rate': 2.6700440340301825e-06, 'epoch': 1.6}
{'loss': 2.9063, 'learning_rate': 2.7769227480654955e-06, 'epoch': 1.67}
{'loss': 2.8676, 'learning_rate': 2.883587704672738e-06, 'epoch': 1.73}
{'loss': 2.8168, 'learning_rate': 2.99046641870805e-06, 'epoch': 1.8}
{'loss': 2.7441, 'learning_rate': 3.097345132743363e-06, 'epoch': 1.86}
{'loss': 2.7113, 'learning_rate': 3.2042238467786758e-06, 'epoch': 1.92}
{'loss': 2.6642, 'learning_rate': 3.3111025608139884e-06, 'epoch': 1.99}
{'loss': 2.6133, 'learning_rate': 3.4177675174212307e-06, 'epoch': 2.05}
{'loss': 2.5651, 'learning_rate': 3.5246462314565433e-06, 'epoch': 2.12}
{'loss': 2.5484, 'learning_rate': 3.631311188063785e-06, 'epoch': 2.18}
{'loss': 2.5407, 'learning_rate': 3.7381899020990983e-06, 'epoch': 2.24}
{'loss': 2.4837, 'learning_rate': 3.845068616134411e-06, 'epoch': 2.31}
{'loss': 2.467, 'learning_rate': 3.951947330169724e-06, 'epoch': 2.37}
{'loss': 2.4393, 'learning_rate': 4.058826044205036e-06, 'epoch': 2.44}
{'loss': 2.3899, 'learning_rate': 4.165704758240349e-06, 'epoch': 2.5}
{'loss': 2.3402, 'learning_rate': 4.272583472275662e-06, 'epoch': 2.57}
{'loss': 2.357, 'learning_rate': 4.379462186310975e-06, 'epoch': 2.63}
{'loss': 2.3121, 'learning_rate': 4.4861271429182164e-06, 'epoch': 2.69}
{'loss': 2.3318, 'learning_rate': 4.5930058569535295e-06, 'epoch': 2.76}
{'loss': 2.2918, 'learning_rate': 4.699884570988843e-06, 'epoch': 2.82}
{'loss': 2.2631, 'learning_rate': 4.806763285024155e-06, 'epoch': 2.89}
{'loss': 2.2225, 'learning_rate': 4.913641999059468e-06, 'epoch': 2.95}
{'loss': 2.2021, 'learning_rate': 5.020520713094781e-06, 'epoch': 3.01}
{'loss': 2.2159, 'learning_rate': 5.127399427130093e-06, 'epoch': 3.08}
{'loss': 2.1836, 'learning_rate': 5.234278141165406e-06, 'epoch': 3.14}
{'loss': 2.1759, 'learning_rate': 5.3411568552007185e-06, 'epoch': 3.21}
{'loss': 2.1634, 'learning_rate': 5.448035569236031e-06, 'epoch': 3.27}
{'loss': 2.1622, 'learning_rate': 5.554914283271345e-06, 'epoch': 3.33}
{'loss': 2.1416, 'learning_rate': 5.6615792398785865e-06, 'epoch': 3.4}
{'loss': 2.1272, 'learning_rate': 5.768457953913899e-06, 'epoch': 3.46}
{'loss': 2.1263, 'learning_rate': 5.875336667949212e-06, 'epoch': 3.53}
{'loss': 2.0957, 'learning_rate': 5.982215381984524e-06, 'epoch': 3.59}
{'loss': 2.1113, 'learning_rate': 6.088880338591766e-06, 'epoch': 3.66}
{'loss': 2.0687, 'learning_rate': 6.1955452951990094e-06, 'epoch': 3.72}
{'loss': 2.0625, 'learning_rate': 6.302424009234322e-06, 'epoch': 3.78}
{'loss': 2.0582, 'learning_rate': 6.409302723269634e-06, 'epoch': 3.85}
{'loss': 2.0289, 'learning_rate': 6.516181437304947e-06, 'epoch': 3.91}
{'loss': 2.0426, 'learning_rate': 6.623060151340259e-06, 'epoch': 3.98}
{'loss': 2.0078, 'learning_rate': 6.729938865375572e-06, 'epoch': 4.04}
{'loss': 1.9903, 'learning_rate': 6.8368175794108845e-06, 'epoch': 4.1}
{'loss': 1.9704, 'learning_rate': 6.9436962934461984e-06, 'epoch': 4.17}
{'loss': 1.9804, 'learning_rate': 7.05036125005344e-06, 'epoch': 4.23}
{'loss': 1.988, 'learning_rate': 7.1572399640887525e-06, 'epoch': 4.3}
{'loss': 1.9762, 'learning_rate': 7.264118678124066e-06, 'epoch': 4.36}
{'loss': 1.962, 'learning_rate': 7.370997392159378e-06, 'epoch': 4.42}
{'loss': 1.9905, 'learning_rate': 7.47766234876662e-06, 'epoch': 4.49}
{'loss': 1.9476, 'learning_rate': 7.584541062801934e-06, 'epoch': 4.55}
{'loss': 1.9526, 'learning_rate': 7.691419776837246e-06, 'epoch': 4.62}
{'loss': 1.9529, 'learning_rate': 7.79829849087256e-06, 'epoch': 4.68}
{'loss': 1.9452, 'learning_rate': 7.905177204907872e-06, 'epoch': 4.75}
{'loss': 1.9191, 'learning_rate': 8.012055918943184e-06, 'epoch': 4.81}
{'loss': 1.9291, 'learning_rate': 8.118934632978496e-06, 'epoch': 4.87}
{'loss': 1.9154, 'learning_rate': 8.225813347013809e-06, 'epoch': 4.94}
{'loss': 1.9168, 'learning_rate': 8.332692061049123e-06, 'epoch': 5.0}
{'loss': 1.9048, 'learning_rate': 8.439570775084435e-06, 'epoch': 5.07}
{'loss': 1.8812, 'learning_rate': 8.546449489119749e-06, 'epoch': 5.13}
{'loss': 1.8768, 'learning_rate': 8.65311444572699e-06, 'epoch': 5.19}
{'loss': 1.8662, 'learning_rate': 8.759993159762303e-06, 'epoch': 5.26}
{'loss': 1.8709, 'learning_rate': 8.866871873797615e-06, 'epoch': 5.32}
{'loss': 1.8863, 'learning_rate': 8.973750587832927e-06, 'epoch': 5.39}
{'loss': 1.8509, 'learning_rate': 9.080629301868241e-06, 'epoch': 5.45}
{'loss': 1.8724, 'learning_rate': 9.187508015903553e-06, 'epoch': 5.51}
{'loss': 1.8269, 'learning_rate': 9.294386729938866e-06, 'epoch': 5.58}
{'loss': 1.8501, 'learning_rate': 9.40126544397418e-06, 'epoch': 5.64}
{'loss': 1.8212, 'learning_rate': 9.508144158009492e-06, 'epoch': 5.71}
{'loss': 1.8468, 'learning_rate': 9.614809114616734e-06, 'epoch': 5.77}
{'loss': 1.8385, 'learning_rate': 9.721687828652046e-06, 'epoch': 5.84}
{'loss': 1.8647, 'learning_rate': 9.828566542687358e-06, 'epoch': 5.9}
{'loss': 1.8314, 'learning_rate': 9.935445256722672e-06, 'epoch': 5.96}
{'loss': 1.7977, 'learning_rate': 9.989419007310504e-06, 'epoch': 6.03}
{'loss': 1.7865, 'learning_rate': 9.962699328801677e-06, 'epoch': 6.09}
{'loss': 1.7938, 'learning_rate': 9.935979650292849e-06, 'epoch': 6.16}
{'loss': 1.8002, 'learning_rate': 9.909313411141038e-06, 'epoch': 6.22}
{'loss': 1.8009, 'learning_rate': 9.88259373263221e-06, 'epoch': 6.28}
{'loss': 1.7885, 'learning_rate': 9.855874054123381e-06, 'epoch': 6.35}
{'loss': 1.8056, 'learning_rate': 9.829154375614553e-06, 'epoch': 6.41}
{'loss': 1.7777, 'learning_rate': 9.802434697105724e-06, 'epoch': 6.48}
{'loss': 1.7705, 'learning_rate': 9.775715018596898e-06, 'epoch': 6.54}
{'loss': 1.7606, 'learning_rate': 9.74899534008807e-06, 'epoch': 6.61}
{'loss': 1.7745, 'learning_rate': 9.72227566157924e-06, 'epoch': 6.67}
{'loss': 1.7788, 'learning_rate': 9.69560942242743e-06, 'epoch': 6.73}
{'loss': 1.7663, 'learning_rate': 9.668889743918602e-06, 'epoch': 6.8}
{'loss': 1.7754, 'learning_rate': 9.642170065409773e-06, 'epoch': 6.86}
{'loss': 1.7714, 'learning_rate': 9.615503826257963e-06, 'epoch': 6.93}
{'loss': 1.7671, 'learning_rate': 9.588837587106152e-06, 'epoch': 6.99}
{'loss': 1.7281, 'learning_rate': 9.562117908597326e-06, 'epoch': 7.05}
{'loss': 1.7263, 'learning_rate': 9.535398230088495e-06, 'epoch': 7.12}
{'loss': 1.7409, 'learning_rate': 9.508678551579669e-06, 'epoch': 7.18}
{'loss': 1.7111, 'learning_rate': 9.48195887307084e-06, 'epoch': 7.25}
{'loss': 1.7458, 'learning_rate': 9.455239194562012e-06, 'epoch': 7.31}
{'loss': 1.7134, 'learning_rate': 9.428519516053183e-06, 'epoch': 7.37}
{'loss': 1.7135, 'learning_rate': 9.401799837544355e-06, 'epoch': 7.44}
{'loss': 1.7314, 'learning_rate': 9.375080159035526e-06, 'epoch': 7.5}
{'loss': 1.705, 'learning_rate': 9.3483604805267e-06, 'epoch': 7.57}
{'loss': 1.7409, 'learning_rate': 9.321640802017871e-06, 'epoch': 7.63}
{'loss': 1.726, 'learning_rate': 9.294921123509042e-06, 'epoch': 7.7}
{'loss': 1.6996, 'learning_rate': 9.268254884357232e-06, 'epoch': 7.76}
{'loss': 1.7416, 'learning_rate': 9.241535205848404e-06, 'epoch': 7.82}
{'loss': 1.7156, 'learning_rate': 9.214868966696593e-06, 'epoch': 7.89}
{'loss': 1.6846, 'learning_rate': 9.188149288187765e-06, 'epoch': 7.95}
{'loss': 1.7173, 'learning_rate': 9.161483049035956e-06, 'epoch': 8.02}
{'loss': 1.7063, 'learning_rate': 9.134763370527127e-06, 'epoch': 8.08}
{'loss': 1.6867, 'learning_rate': 9.108043692018297e-06, 'epoch': 8.14}
{'loss': 1.6817, 'learning_rate': 9.08132401350947e-06, 'epoch': 8.21}
{'loss': 1.6927, 'learning_rate': 9.054604335000642e-06, 'epoch': 8.27}
{'loss': 1.6707, 'learning_rate': 9.027884656491815e-06, 'epoch': 8.34}
{'loss': 1.671, 'learning_rate': 9.001164977982985e-06, 'epoch': 8.4}
{'loss': 1.6645, 'learning_rate': 8.974445299474156e-06, 'epoch': 8.46}
{'loss': 1.6847, 'learning_rate': 8.94772562096533e-06, 'epoch': 8.53}
{'loss': 1.6657, 'learning_rate': 8.921005942456501e-06, 'epoch': 8.59}
{'loss': 1.6844, 'learning_rate': 8.894286263947673e-06, 'epoch': 8.66}
{'loss': 1.6501, 'learning_rate': 8.867566585438844e-06, 'epoch': 8.72}
{'loss': 1.6589, 'learning_rate': 8.840846906930016e-06, 'epoch': 8.79}
{'loss': 1.6802, 'learning_rate': 8.814127228421189e-06, 'epoch': 8.85}
{'loss': 1.6591, 'learning_rate': 8.787460989269377e-06, 'epoch': 8.91}
{'loss': 1.6537, 'learning_rate': 8.76074131076055e-06, 'epoch': 8.98}
{'loss': 1.6721, 'learning_rate': 8.734075071608738e-06, 'epoch': 9.04}
{'loss': 1.6494, 'learning_rate': 8.707355393099911e-06, 'epoch': 9.11}
{'loss': 1.6299, 'learning_rate': 8.680635714591083e-06, 'epoch': 9.17}
{'loss': 1.6529, 'learning_rate': 8.653916036082256e-06, 'epoch': 9.23}
{'loss': 1.6405, 'learning_rate': 8.627196357573426e-06, 'epoch': 9.3}
{'loss': 1.6124, 'learning_rate': 8.600476679064597e-06, 'epoch': 9.36}
{'loss': 1.6293, 'learning_rate': 8.57375700055577e-06, 'epoch': 9.43}
{'loss': 1.6321, 'learning_rate': 8.547037322046942e-06, 'epoch': 9.49}
{'loss': 1.627, 'learning_rate': 8.520371082895131e-06, 'epoch': 9.55}
{'loss': 1.6317, 'learning_rate': 8.493651404386303e-06, 'epoch': 9.62}
{'loss': 1.6574, 'learning_rate': 8.466931725877474e-06, 'epoch': 9.68}
{'loss': 1.6343, 'learning_rate': 8.440212047368646e-06, 'epoch': 9.75}
{'loss': 1.6528, 'learning_rate': 8.413492368859817e-06, 'epoch': 9.81}
{'loss': 1.6753, 'learning_rate': 8.38677269035099e-06, 'epoch': 9.88}
{'loss': 1.6235, 'learning_rate': 8.36010645119918e-06, 'epoch': 9.94}
{'loss': 1.6442, 'learning_rate': 8.333386772690352e-06, 'epoch': 10.0}
{'loss': 1.596, 'learning_rate': 8.306667094181523e-06, 'epoch': 10.07}
{'loss': 1.6442, 'learning_rate': 8.279947415672695e-06, 'epoch': 10.13}
{'loss': 1.6431, 'learning_rate': 8.253227737163866e-06, 'epoch': 10.2}
{'loss': 1.5997, 'learning_rate': 8.22650805865504e-06, 'epoch': 10.26}
{'loss': 1.6291, 'learning_rate': 8.199788380146211e-06, 'epoch': 10.32}
{'loss': 1.6202, 'learning_rate': 8.173175580351419e-06, 'epoch': 10.39}
{'loss': 1.6042, 'learning_rate': 8.14645590184259e-06, 'epoch': 10.45}
{'loss': 1.6047, 'learning_rate': 8.119736223333762e-06, 'epoch': 10.52}
{'loss': 1.6082, 'learning_rate': 8.093016544824933e-06, 'epoch': 10.58}
{'loss': 1.6088, 'learning_rate': 8.066296866316106e-06, 'epoch': 10.65}
{'loss': 1.6055, 'learning_rate': 8.039630627164294e-06, 'epoch': 10.71}
{'loss': 1.6174, 'learning_rate': 8.012910948655467e-06, 'epoch': 10.77}
{'loss': 1.6126, 'learning_rate': 7.986191270146639e-06, 'epoch': 10.84}
{'loss': 1.5961, 'learning_rate': 7.959471591637809e-06, 'epoch': 10.9}
{'loss': 1.6084, 'learning_rate': 7.932751913128982e-06, 'epoch': 10.97}
{'loss': 1.5899, 'learning_rate': 7.906032234620154e-06, 'epoch': 11.03}
{'loss': 1.5976, 'learning_rate': 7.879365995468343e-06, 'epoch': 11.09}
{'loss': 1.6043, 'learning_rate': 7.852646316959515e-06, 'epoch': 11.16}
{'loss': 1.5815, 'learning_rate': 7.825926638450688e-06, 'epoch': 11.22}
{'loss': 1.5944, 'learning_rate': 7.799260399298876e-06, 'epoch': 11.29}
{'loss': 1.5914, 'learning_rate': 7.772540720790049e-06, 'epoch': 11.35}
{'loss': 1.6073, 'learning_rate': 7.74582104228122e-06, 'epoch': 11.41}
{'loss': 1.5817, 'learning_rate': 7.719101363772392e-06, 'epoch': 11.48}
{'loss': 1.604, 'learning_rate': 7.692381685263563e-06, 'epoch': 11.54}
{'loss': 1.5779, 'learning_rate': 7.665662006754735e-06, 'epoch': 11.61}
{'loss': 1.5769, 'learning_rate': 7.638942328245908e-06, 'epoch': 11.67}
{'loss': 1.5748, 'learning_rate': 7.612222649737079e-06, 'epoch': 11.74}
{'loss': 1.5956, 'learning_rate': 7.585502971228251e-06, 'epoch': 11.8}
{'loss': 1.5597, 'learning_rate': 7.558783292719423e-06, 'epoch': 11.86}
{'loss': 1.5873, 'learning_rate': 7.532117053567612e-06, 'epoch': 11.93}
{'loss': 1.6028, 'learning_rate': 7.505397375058784e-06, 'epoch': 11.99}
{'loss': 1.569, 'learning_rate': 7.478677696549955e-06, 'epoch': 12.06}
{'loss': 1.5769, 'learning_rate': 7.451958018041128e-06, 'epoch': 12.12}
{'loss': 1.5651, 'learning_rate': 7.425238339532299e-06, 'epoch': 12.18}
{'loss': 1.5606, 'learning_rate': 7.3985186610234715e-06, 'epoch': 12.25}
{'loss': 1.5537, 'learning_rate': 7.371798982514643e-06, 'epoch': 12.31}
{'loss': 1.5408, 'learning_rate': 7.3450793040058145e-06, 'epoch': 12.38}
{'loss': 1.5578, 'learning_rate': 7.318413064854004e-06, 'epoch': 12.44}
{'loss': 1.5714, 'learning_rate': 7.291693386345176e-06, 'epoch': 12.5}
{'loss': 1.5628, 'learning_rate': 7.264973707836348e-06, 'epoch': 12.57}
{'loss': 1.6007, 'learning_rate': 7.2382540293275195e-06, 'epoch': 12.63}
{'loss': 1.5652, 'learning_rate': 7.211587790175709e-06, 'epoch': 12.7}
{'loss': 1.549, 'learning_rate': 7.1848681116668805e-06, 'epoch': 12.76}
{'loss': 1.5677, 'learning_rate': 7.158148433158053e-06, 'epoch': 12.83}
{'loss': 1.5641, 'learning_rate': 7.1314287546492244e-06, 'epoch': 12.89}
{'loss': 1.5507, 'learning_rate': 7.104709076140397e-06, 'epoch': 12.95}
{'loss': 1.5781, 'learning_rate': 7.0780428369885855e-06, 'epoch': 13.02}
{'loss': 1.5548, 'learning_rate': 7.051323158479758e-06, 'epoch': 13.08}
{'loss': 1.5736, 'learning_rate': 7.024603479970929e-06, 'epoch': 13.15}
{'loss': 1.5388, 'learning_rate': 6.997883801462101e-06, 'epoch': 13.21}
{'loss': 1.5338, 'learning_rate': 6.971164122953273e-06, 'epoch': 13.27}
{'loss': 1.5502, 'learning_rate': 6.944444444444445e-06, 'epoch': 13.34}
{'loss': 1.5656, 'learning_rate': 6.917778205292634e-06, 'epoch': 13.4}
{'loss': 1.5431, 'learning_rate': 6.891058526783806e-06, 'epoch': 13.47}
{'loss': 1.527, 'learning_rate': 6.864338848274978e-06, 'epoch': 13.53}
{'loss': 1.5343, 'learning_rate': 6.83761916976615e-06, 'epoch': 13.59}
{'loss': 1.5672, 'learning_rate': 6.810899491257321e-06, 'epoch': 13.66}
{'loss': 1.5418, 'learning_rate': 6.784179812748494e-06, 'epoch': 13.72}
{'loss': 1.5405, 'learning_rate': 6.757460134239665e-06, 'epoch': 13.79}
{'loss': 1.5338, 'learning_rate': 6.7307404557308375e-06, 'epoch': 13.85}
{'loss': 1.5495, 'learning_rate': 6.704074216579026e-06, 'epoch': 13.92}
{'loss': 1.5359, 'learning_rate': 6.6773545380701985e-06, 'epoch': 13.98}
{'loss': 1.527, 'learning_rate': 6.65063485956137e-06, 'epoch': 14.04}
{'loss': 1.5227, 'learning_rate': 6.6239151810525424e-06, 'epoch': 14.11}
{'loss': 1.5368, 'learning_rate': 6.597195502543714e-06, 'epoch': 14.17}
{'loss': 1.5232, 'learning_rate': 6.5704758240348855e-06, 'epoch': 14.24}
{'loss': 1.5415, 'learning_rate': 6.543756145526058e-06, 'epoch': 14.3}
{'loss': 1.5317, 'learning_rate': 6.5170899063742465e-06, 'epoch': 14.36}
{'loss': 1.522, 'learning_rate': 6.490370227865419e-06, 'epoch': 14.43}
{'loss': 1.5267, 'learning_rate': 6.46365054935659e-06, 'epoch': 14.49}
{'loss': 1.5321, 'learning_rate': 6.436930870847763e-06, 'epoch': 14.56}
{'loss': 1.558, 'learning_rate': 6.410211192338934e-06, 'epoch': 14.62}
{'loss': 1.5663, 'learning_rate': 6.383491513830106e-06, 'epoch': 14.69}
{'loss': 1.5323, 'learning_rate': 6.356825274678295e-06, 'epoch': 14.75}
{'loss': 1.5162, 'learning_rate': 6.330105596169468e-06, 'epoch': 14.81}
{'loss': 1.5313, 'learning_rate': 6.303385917660639e-06, 'epoch': 14.88}
{'loss': 1.5441, 'learning_rate': 6.276666239151811e-06, 'epoch': 14.94}
{'loss': 1.5165, 'learning_rate': 6.249946560642983e-06, 'epoch': 15.01}
{'loss': 1.5197, 'learning_rate': 6.223280321491172e-06, 'epoch': 15.07}
{'loss': 1.5573, 'learning_rate': 6.196560642982344e-06, 'epoch': 15.13}
{'loss': 1.5415, 'learning_rate': 6.169840964473516e-06, 'epoch': 15.2}
{'loss': 1.4964, 'learning_rate': 6.143121285964688e-06, 'epoch': 15.26}
{'loss': 1.5162, 'learning_rate': 6.11640160745586e-06, 'epoch': 15.33}
{'loss': 1.5071, 'learning_rate': 6.089681928947031e-06, 'epoch': 15.39}
{'loss': 1.5129, 'learning_rate': 6.0629622504382035e-06, 'epoch': 15.45}
{'loss': 1.5101, 'learning_rate': 6.036242571929375e-06, 'epoch': 15.52}
{'loss': 1.5019, 'learning_rate': 6.009522893420547e-06, 'epoch': 15.58}
{'loss': 1.5011, 'learning_rate': 5.982803214911719e-06, 'epoch': 15.65}
{'loss': 1.5, 'learning_rate': 5.95608353640289e-06, 'epoch': 15.71}
{'loss': 1.5223, 'learning_rate': 5.929363857894063e-06, 'epoch': 15.78}
{'loss': 1.4792, 'learning_rate': 5.902644179385234e-06, 'epoch': 15.84}
{'loss': 1.5247, 'learning_rate': 5.875924500876406e-06, 'epoch': 15.9}
{'loss': 1.5058, 'learning_rate': 5.849311701081613e-06, 'epoch': 15.97}
{'loss': 1.5098, 'learning_rate': 5.822592022572785e-06, 'epoch': 16.03}
{'loss': 1.5244, 'learning_rate': 5.795872344063956e-06, 'epoch': 16.1}
{'loss': 1.5027, 'learning_rate': 5.769152665555129e-06, 'epoch': 16.16}
{'loss': 1.5083, 'learning_rate': 5.7424329870463e-06, 'epoch': 16.22}
{'loss': 1.5125, 'learning_rate': 5.715820187251507e-06, 'epoch': 16.29}
{'loss': 1.5228, 'learning_rate': 5.68910050874268e-06, 'epoch': 16.35}
{'loss': 1.4987, 'learning_rate': 5.662380830233851e-06, 'epoch': 16.42}
{'loss': 1.5042, 'learning_rate': 5.635661151725022e-06, 'epoch': 16.48}
{'loss': 1.5176, 'learning_rate': 5.608941473216195e-06, 'epoch': 16.54}
{'loss': 1.4973, 'learning_rate': 5.582221794707366e-06, 'epoch': 16.61}
{'loss': 1.5057, 'learning_rate': 5.555502116198538e-06, 'epoch': 16.67}
{'loss': 1.4959, 'learning_rate': 5.52878243768971e-06, 'epoch': 16.74}
{'loss': 1.4908, 'learning_rate': 5.502062759180882e-06, 'epoch': 16.8}
{'loss': 1.4857, 'learning_rate': 5.475343080672054e-06, 'epoch': 16.87}
{'loss': 1.5068, 'learning_rate': 5.4486234021632256e-06, 'epoch': 16.93}
{'loss': 1.5062, 'learning_rate': 5.421903723654397e-06, 'epoch': 16.99}
{'loss': 1.4676, 'learning_rate': 5.395237484502587e-06, 'epoch': 17.06}
{'loss': 1.4724, 'learning_rate': 5.368571245350776e-06, 'epoch': 17.12}
{'loss': 1.5169, 'learning_rate': 5.341851566841948e-06, 'epoch': 17.19}
{'loss': 1.5042, 'learning_rate': 5.31513188833312e-06, 'epoch': 17.25}
{'loss': 1.5, 'learning_rate': 5.2884122098242916e-06, 'epoch': 17.31}
{'loss': 1.474, 'learning_rate': 5.261692531315463e-06, 'epoch': 17.38}
{'loss': 1.4897, 'learning_rate': 5.235026292163653e-06, 'epoch': 17.44}
{'loss': 1.5009, 'learning_rate': 5.208306613654826e-06, 'epoch': 17.51}
{'loss': 1.5015, 'learning_rate': 5.1815869351459965e-06, 'epoch': 17.57}
{'loss': 1.5153, 'learning_rate': 5.154867256637168e-06, 'epoch': 17.63}
{'loss': 1.4967, 'learning_rate': 5.128201017485358e-06, 'epoch': 17.7}
{'loss': 1.5004, 'learning_rate': 5.101481338976529e-06, 'epoch': 17.76}
{'loss': 1.4868, 'learning_rate': 5.074761660467702e-06, 'epoch': 17.83}
{'loss': 1.4797, 'learning_rate': 5.048041981958873e-06, 'epoch': 17.89}
{'loss': 1.4779, 'learning_rate': 5.021322303450046e-06, 'epoch': 17.96}
{'loss': 1.476, 'learning_rate': 4.994656064298235e-06, 'epoch': 18.02}
{'loss': 1.4674, 'learning_rate': 4.967936385789406e-06, 'epoch': 18.08}
{'loss': 1.4956, 'learning_rate': 4.941216707280578e-06, 'epoch': 18.15}
{'loss': 1.4961, 'learning_rate': 4.914550468128768e-06, 'epoch': 18.21}
{'loss': 1.4883, 'learning_rate': 4.88783078961994e-06, 'epoch': 18.28}
{'loss': 1.4791, 'learning_rate': 4.861111111111111e-06, 'epoch': 18.34}
{'loss': 1.4783, 'learning_rate': 4.834391432602284e-06, 'epoch': 18.4}
{'loss': 1.4661, 'learning_rate': 4.807671754093455e-06, 'epoch': 18.47}
{'loss': 1.4818, 'learning_rate': 4.780952075584627e-06, 'epoch': 18.53}
{'loss': 1.5094, 'learning_rate': 4.754232397075798e-06, 'epoch': 18.6}
{'loss': 1.4554, 'learning_rate': 4.727512718566971e-06, 'epoch': 18.66}
{'loss': 1.4733, 'learning_rate': 4.70084647941516e-06, 'epoch': 18.73}
{'loss': 1.4714, 'learning_rate': 4.674126800906332e-06, 'epoch': 18.79}
{'loss': 1.4858, 'learning_rate': 4.647407122397504e-06, 'epoch': 18.85}
{'loss': 1.468, 'learning_rate': 4.6206874438886756e-06, 'epoch': 18.92}
{'loss': 1.49, 'learning_rate': 4.593967765379848e-06, 'epoch': 18.98}
{'loss': 1.459, 'learning_rate': 4.567248086871019e-06, 'epoch': 19.05}
{'loss': 1.4716, 'learning_rate': 4.540581847719209e-06, 'epoch': 19.11}
{'loss': 1.4579, 'learning_rate': 4.5138621692103805e-06, 'epoch': 19.17}
{'loss': 1.4856, 'learning_rate': 4.487142490701552e-06, 'epoch': 19.24}
{'loss': 1.4651, 'learning_rate': 4.460476251549742e-06, 'epoch': 19.3}
{'loss': 1.4614, 'learning_rate': 4.433756573040914e-06, 'epoch': 19.37}
{'loss': 1.4666, 'learning_rate': 4.4070368945320855e-06, 'epoch': 19.43}
{'loss': 1.4905, 'learning_rate': 4.380317216023257e-06, 'epoch': 19.49}
{'loss': 1.4589, 'learning_rate': 4.353597537514429e-06, 'epoch': 19.56}
{'loss': 1.4762, 'learning_rate': 4.326931298362618e-06, 'epoch': 19.62}
{'loss': 1.4822, 'learning_rate': 4.30021161985379e-06, 'epoch': 19.69}
{'loss': 1.4533, 'learning_rate': 4.273491941344962e-06, 'epoch': 19.75}
{'loss': 1.5, 'learning_rate': 4.246772262836134e-06, 'epoch': 19.82}
{'loss': 1.4698, 'learning_rate': 4.220052584327306e-06, 'epoch': 19.88}
{'loss': 1.4732, 'learning_rate': 4.193332905818477e-06, 'epoch': 19.94}
{'loss': 1.4767, 'learning_rate': 4.16661322730965e-06, 'epoch': 20.01}
{'loss': 1.4542, 'learning_rate': 4.139946988157838e-06, 'epoch': 20.07}
{'loss': 1.4367, 'learning_rate': 4.113227309649011e-06, 'epoch': 20.14}
{'loss': 1.4705, 'learning_rate': 4.086507631140182e-06, 'epoch': 20.2}
{'loss': 1.47, 'learning_rate': 4.059787952631355e-06, 'epoch': 20.26}
{'loss': 1.4798, 'learning_rate': 4.033068274122526e-06, 'epoch': 20.33}
{'loss': 1.4827, 'learning_rate': 4.006348595613698e-06, 'epoch': 20.39}
{'loss': 1.4645, 'learning_rate': 3.97962891710487e-06, 'epoch': 20.46}
{'loss': 1.473, 'learning_rate': 3.9529092385960416e-06, 'epoch': 20.52}
{'loss': 1.4538, 'learning_rate': 3.926189560087214e-06, 'epoch': 20.58}
{'loss': 1.4573, 'learning_rate': 3.899523320935403e-06, 'epoch': 20.65}
{'loss': 1.4622, 'learning_rate': 3.872803642426575e-06, 'epoch': 20.71}
{'loss': 1.4549, 'learning_rate': 3.8460839639177465e-06, 'epoch': 20.78}
{'loss': 1.483, 'learning_rate': 3.819364285408918e-06, 'epoch': 20.84}
{'loss': 1.4268, 'learning_rate': 3.79264460690009e-06, 'epoch': 20.91}
{'loss': 1.4516, 'learning_rate': 3.765924928391262e-06, 'epoch': 20.97}
{'loss': 1.4751, 'learning_rate': 3.739205249882434e-06, 'epoch': 21.03}
{'loss': 1.4576, 'learning_rate': 3.712485571373606e-06, 'epoch': 21.1}
{'loss': 1.4548, 'learning_rate': 3.6857658928647773e-06, 'epoch': 21.16}
{'loss': 1.4369, 'learning_rate': 3.659099653712967e-06, 'epoch': 21.23}
{'loss': 1.4617, 'learning_rate': 3.632379975204139e-06, 'epoch': 21.29}
{'loss': 1.4534, 'learning_rate': 3.6056602966953103e-06, 'epoch': 21.35}
{'loss': 1.4507, 'learning_rate': 3.5789406181864823e-06, 'epoch': 21.42}
{'loss': 1.462, 'learning_rate': 3.552274379034672e-06, 'epoch': 21.48}
{'loss': 1.4326, 'learning_rate': 3.5255547005258433e-06, 'epoch': 21.55}
{'loss': 1.4728, 'learning_rate': 3.4988884613740333e-06, 'epoch': 21.61}
{'loss': 1.4302, 'learning_rate': 3.4721687828652052e-06, 'epoch': 21.68}
{'loss': 1.4277, 'learning_rate': 3.4454491043563763e-06, 'epoch': 21.74}
{'loss': 1.4504, 'learning_rate': 3.4187828652045663e-06, 'epoch': 21.8}
{'loss': 1.4473, 'learning_rate': 3.3920631866957382e-06, 'epoch': 21.87}
{'loss': 1.4487, 'learning_rate': 3.3653435081869097e-06, 'epoch': 21.93}
{'loss': 1.4603, 'learning_rate': 3.3386238296780817e-06, 'epoch': 22.0}
{'loss': 1.4489, 'learning_rate': 3.3119041511692536e-06, 'epoch': 22.06}
{'loss': 1.465, 'learning_rate': 3.2851844726604256e-06, 'epoch': 22.12}
{'loss': 1.4306, 'learning_rate': 3.2584647941515967e-06, 'epoch': 22.19}
{'loss': 1.4536, 'learning_rate': 3.2317451156427686e-06, 'epoch': 22.25}
{'loss': 1.4393, 'learning_rate': 3.2050788764909586e-06, 'epoch': 22.32}
{'loss': 1.445, 'learning_rate': 3.17835919798213e-06, 'epoch': 22.38}
{'loss': 1.4661, 'learning_rate': 3.151639519473302e-06, 'epoch': 22.44}
{'loss': 1.442, 'learning_rate': 3.124919840964474e-06, 'epoch': 22.51}
{'loss': 1.4536, 'learning_rate': 3.098200162455646e-06, 'epoch': 22.57}
{'loss': 1.4383, 'learning_rate': 3.0716408020178706e-06, 'epoch': 22.64}
{'loss': 1.4343, 'learning_rate': 3.044921123509042e-06, 'epoch': 22.7}
{'loss': 1.4271, 'learning_rate': 3.018201445000214e-06, 'epoch': 22.77}
{'loss': 1.44, 'learning_rate': 2.991481766491386e-06, 'epoch': 22.83}
{'loss': 1.4425, 'learning_rate': 2.964762087982558e-06, 'epoch': 22.89}
{'loss': 1.4539, 'learning_rate': 2.938042409473729e-06, 'epoch': 22.96}
{'loss': 1.4487, 'learning_rate': 2.911322730964901e-06, 'epoch': 23.02}
{'loss': 1.4476, 'learning_rate': 2.884603052456073e-06, 'epoch': 23.09}
{'loss': 1.4327, 'learning_rate': 2.857883373947245e-06, 'epoch': 23.15}
{'loss': 1.4269, 'learning_rate': 2.831163695438417e-06, 'epoch': 23.21}
{'loss': 1.4117, 'learning_rate': 2.8044440169295884e-06, 'epoch': 23.28}
{'loss': 1.4454, 'learning_rate': 2.7777243384207603e-06, 'epoch': 23.34}
{'loss': 1.4288, 'learning_rate': 2.7510046599119323e-06, 'epoch': 23.41}
{'loss': 1.4308, 'learning_rate': 2.7243384207601214e-06, 'epoch': 23.47}
{'loss': 1.4319, 'learning_rate': 2.6976187422512933e-06, 'epoch': 23.53}
{'loss': 1.4565, 'learning_rate': 2.6708990637424653e-06, 'epoch': 23.6}
{'loss': 1.4412, 'learning_rate': 2.644179385233637e-06, 'epoch': 23.66}
{'loss': 1.4431, 'learning_rate': 2.6174597067248087e-06, 'epoch': 23.73}
{'loss': 1.4434, 'learning_rate': 2.5907400282159807e-06, 'epoch': 23.79}
{'loss': 1.4567, 'learning_rate': 2.5640203497071526e-06, 'epoch': 23.86}
{'loss': 1.4273, 'learning_rate': 2.5373006711983245e-06, 'epoch': 23.92}
{'loss': 1.4468, 'learning_rate': 2.5106878714035317e-06, 'epoch': 23.98}
{'loss': 1.4131, 'learning_rate': 2.483968192894703e-06, 'epoch': 24.05}
{'loss': 1.4442, 'learning_rate': 2.457248514385875e-06, 'epoch': 24.11}
{'loss': 1.4406, 'learning_rate': 2.4305822752340647e-06, 'epoch': 24.18}
{'loss': 1.4155, 'learning_rate': 2.403862596725236e-06, 'epoch': 24.24}
{'loss': 1.4321, 'learning_rate': 2.3771963575734257e-06, 'epoch': 24.3}
{'loss': 1.4332, 'learning_rate': 2.3504766790645977e-06, 'epoch': 24.37}
{'loss': 1.4264, 'learning_rate': 2.3237570005557696e-06, 'epoch': 24.43}
{'loss': 1.435, 'learning_rate': 2.2970907614039587e-06, 'epoch': 24.5}
{'loss': 1.4399, 'learning_rate': 2.2703710828951307e-06, 'epoch': 24.56}
{'loss': 1.4257, 'learning_rate': 2.2436514043863026e-06, 'epoch': 24.62}
{'loss': 1.4404, 'learning_rate': 2.2169317258774746e-06, 'epoch': 24.69}
{'loss': 1.4217, 'learning_rate': 2.190212047368646e-06, 'epoch': 24.75}
{'loss': 1.4336, 'learning_rate': 2.163492368859818e-06, 'epoch': 24.82}
{'loss': 1.4194, 'learning_rate': 2.1368261297080076e-06, 'epoch': 24.88}
{'loss': 1.412, 'learning_rate': 2.110106451199179e-06, 'epoch': 24.95}
{'loss': 1.4206, 'learning_rate': 2.083386772690351e-06, 'epoch': 25.01}
{'loss': 1.4335, 'learning_rate': 2.056667094181523e-06, 'epoch': 25.07}
{'loss': 1.4202, 'learning_rate': 2.029947415672695e-06, 'epoch': 25.14}
{'loss': 1.4436, 'learning_rate': 2.003227737163867e-06, 'epoch': 25.2}
{'loss': 1.4226, 'learning_rate': 1.9765080586550384e-06, 'epoch': 25.27}
{'loss': 1.4493, 'learning_rate': 1.949841819503228e-06, 'epoch': 25.33}
{'loss': 1.4243, 'learning_rate': 1.9231221409944e-06, 'epoch': 25.39}
{'loss': 1.4354, 'learning_rate': 1.8964024624855714e-06, 'epoch': 25.46}
{'loss': 1.4312, 'learning_rate': 1.8696827839767433e-06, 'epoch': 25.52}
{'loss': 1.4251, 'learning_rate': 1.842963105467915e-06, 'epoch': 25.59}
{'loss': 1.4023, 'learning_rate': 1.816243426959087e-06, 'epoch': 25.65}
{'loss': 1.4276, 'learning_rate': 1.7895237484502587e-06, 'epoch': 25.72}
{'loss': 1.4113, 'learning_rate': 1.7628040699414307e-06, 'epoch': 25.78}
{'loss': 1.4407, 'learning_rate': 1.7360843914326026e-06, 'epoch': 25.84}
{'loss': 1.4091, 'learning_rate': 1.7093647129237741e-06, 'epoch': 25.91}
{'loss': 1.4375, 'learning_rate': 1.682645034414946e-06, 'epoch': 25.97}
{'loss': 1.4331, 'learning_rate': 1.6559253559061178e-06, 'epoch': 26.04}
{'loss': 1.4396, 'learning_rate': 1.6292056773972897e-06, 'epoch': 26.1}
{'loss': 1.4209, 'learning_rate': 1.6025394382454793e-06, 'epoch': 26.16}
{'loss': 1.3953, 'learning_rate': 1.575819759736651e-06, 'epoch': 26.23}
{'loss': 1.4045, 'learning_rate': 1.549100081227823e-06, 'epoch': 26.29}
{'loss': 1.427, 'learning_rate': 1.5223804027189945e-06, 'epoch': 26.36}
{'loss': 1.4236, 'learning_rate': 1.4956607242101664e-06, 'epoch': 26.42}
{'loss': 1.4067, 'learning_rate': 1.4689410457013381e-06, 'epoch': 26.48}
{'loss': 1.4206, 'learning_rate': 1.44222136719251e-06, 'epoch': 26.55}
{'loss': 1.4339, 'learning_rate': 1.4155551280406996e-06, 'epoch': 26.61}
{'loss': 1.4448, 'learning_rate': 1.3888354495318711e-06, 'epoch': 26.68}
{'loss': 1.4046, 'learning_rate': 1.362115771023043e-06, 'epoch': 26.74}
{'loss': 1.4071, 'learning_rate': 1.335396092514215e-06, 'epoch': 26.81}
{'loss': 1.4069, 'learning_rate': 1.3086764140053868e-06, 'epoch': 26.87}
{'loss': 1.4319, 'learning_rate': 1.2819567354965587e-06, 'epoch': 26.93}
{'loss': 1.4422, 'learning_rate': 1.2552904963447482e-06, 'epoch': 27.0}
{'loss': 1.4167, 'learning_rate': 1.2285708178359198e-06, 'epoch': 27.06}
{'loss': 1.4026, 'learning_rate': 1.2018511393270917e-06, 'epoch': 27.13}
{'loss': 1.4083, 'learning_rate': 1.1751314608182636e-06, 'epoch': 27.19}
{'loss': 1.4263, 'learning_rate': 1.1484117823094354e-06, 'epoch': 27.25}
{'loss': 1.3839, 'learning_rate': 1.1217455431576247e-06, 'epoch': 27.32}
{'loss': 1.4405, 'learning_rate': 1.0950258646487966e-06, 'epoch': 27.38}
{'loss': 1.4522, 'learning_rate': 1.0683061861399686e-06, 'epoch': 27.45}
{'loss': 1.4112, 'learning_rate': 1.0415865076311403e-06, 'epoch': 27.51}
{'loss': 1.4203, 'learning_rate': 1.0149202684793296e-06, 'epoch': 27.57}
{'loss': 1.413, 'learning_rate': 9.882005899705016e-07, 'epoch': 27.64}
{'loss': 1.388, 'learning_rate': 9.614809114616733e-07, 'epoch': 27.7}
{'loss': 1.4337, 'learning_rate': 9.347612329528452e-07, 'epoch': 27.77}
{'loss': 1.4093, 'learning_rate': 9.08041554444017e-07, 'epoch': 27.83}
{'loss': 1.388, 'learning_rate': 8.813218759351888e-07, 'epoch': 27.9}
{'loss': 1.4195, 'learning_rate': 8.546021974263606e-07, 'epoch': 27.96}
{'loss': 1.3985, 'learning_rate': 8.279359582745501e-07, 'epoch': 28.02}
{'loss': 1.4321, 'learning_rate': 8.012162797657219e-07, 'epoch': 28.09}
{'loss': 1.4082, 'learning_rate': 7.744966012568937e-07, 'epoch': 28.15}
{'loss': 1.4154, 'learning_rate': 7.477769227480655e-07, 'epoch': 28.22}
{'loss': 1.4165, 'learning_rate': 7.210572442392373e-07, 'epoch': 28.28}
{'loss': 1.3949, 'learning_rate': 6.943375657304093e-07, 'epoch': 28.34}
{'loss': 1.4122, 'learning_rate': 6.67617887221581e-07, 'epoch': 28.41}
{'loss': 1.4335, 'learning_rate': 6.408982087127529e-07, 'epoch': 28.47}
{'loss': 1.388, 'learning_rate': 6.141785302039247e-07, 'epoch': 28.54}
{'loss': 1.4277, 'learning_rate': 5.874588516950964e-07, 'epoch': 28.6}
{'loss': 1.4012, 'learning_rate': 5.60792612543286e-07, 'epoch': 28.66}
{'loss': 1.4062, 'learning_rate': 5.340729340344578e-07, 'epoch': 28.73}
{'loss': 1.3927, 'learning_rate': 5.073532555256295e-07, 'epoch': 28.79}
{'loss': 1.4061, 'learning_rate': 4.806335770168014e-07, 'epoch': 28.86}
{'loss': 1.405, 'learning_rate': 4.5391389850797315e-07, 'epoch': 28.92}
{'loss': 1.4215, 'learning_rate': 4.2719421999914504e-07, 'epoch': 28.99}
{'loss': 1.3874, 'learning_rate': 4.004745414903168e-07, 'epoch': 29.05}
{'loss': 1.4149, 'learning_rate': 3.7380830233850625e-07, 'epoch': 29.11}
{'loss': 1.4185, 'learning_rate': 3.4708862382967814e-07, 'epoch': 29.18}
{'loss': 1.4047, 'learning_rate': 3.2036894532084993e-07, 'epoch': 29.24}
{'loss': 1.4091, 'learning_rate': 2.936492668120217e-07, 'epoch': 29.31}
{'loss': 1.4003, 'learning_rate': 2.6692958830319355e-07, 'epoch': 29.37}
{'loss': 1.4108, 'learning_rate': 2.402099097943654e-07, 'epoch': 29.43}
{'loss': 1.3979, 'learning_rate': 2.134902312855372e-07, 'epoch': 29.5}
{'loss': 1.3976, 'learning_rate': 1.8682399213372668e-07, 'epoch': 29.56}
{'loss': 1.4075, 'learning_rate': 1.6010431362489846e-07, 'epoch': 29.63}
{'loss': 1.3907, 'learning_rate': 1.333846351160703e-07, 'epoch': 29.69}
{'loss': 1.404, 'learning_rate': 1.0666495660724211e-07, 'epoch': 29.76}
{'loss': 1.4084, 'learning_rate': 7.994527809841392e-08, 'epoch': 29.82}
{'loss': 1.4218, 'learning_rate': 5.3225599589585744e-08, 'epoch': 29.88}
{'loss': 1.4128, 'learning_rate': 2.6559360437775217e-08, 'epoch': 29.95}
{'train_runtime': 37357.1902, 'train_samples_per_second': 12.523, 'train_steps_per_second': 6.261, 'train_loss': 1.8249297048051667, 'epoch': 30.0}
FINISH
