Thu Aug  4 15:04:06 2022       
+-----------------------------------------------------------------------------+
| NVIDIA-SMI 460.73.01    Driver Version: 460.73.01    CUDA Version: 11.2     |
|-------------------------------+----------------------+----------------------+
| GPU  Name        Persistence-M| Bus-Id        Disp.A | Volatile Uncorr. ECC |
| Fan  Temp  Perf  Pwr:Usage/Cap|         Memory-Usage | GPU-Util  Compute M. |
|                               |                      |               MIG M. |
|===============================+======================+======================|
|   0  A10                 On   | 00000000:44:00.0 Off |                    0 |
|  0%   28C    P8    15W / 150W |      0MiB / 22731MiB |      1%      Default |
|                               |                      |                  N/A |
+-------------------------------+----------------------+----------------------+
                                                                               
+-----------------------------------------------------------------------------+
| Processes:                                                                  |
|  GPU   GI   CI        PID   Type   Process name                  GPU Memory |
|        ID   ID                                                   Usage      |
|=============================================================================|
|  No running processes found                                                 |
+-----------------------------------------------------------------------------+
nvcc: NVIDIA (R) Cuda compiler driver
Copyright (c) 2005-2020 NVIDIA Corporation
Built on Mon_Oct_12_20:09:46_PDT_2020
Cuda compilation tools, release 11.1, V11.1.105
Build cuda_11.1.TC455_06.29190527_0
START
2022-08-04 15:09:32.355850
Namespace(batch_size=2, ckpt='/gpfsnyu/scratch/yw3642/hf-models/microsoft_deberta-v2-xlarge-mnli', epochs=50, exp=25, gradient_checkpointing=True, lr=2.5e-06, max_len=1024, mlm_prob=0.2, seed=-1, weight_decay=0.0)
seed= 2692
n_train=15594
{'loss': 13.3781, 'learning_rate': 1.5647043734769786e-08, 'epoch': 0.06}
{'loss': 12.4578, 'learning_rate': 3.1614723611645505e-08, 'epoch': 0.13}
{'loss': 10.3262, 'learning_rate': 4.7646530716942417e-08, 'epoch': 0.19}
{'loss': 8.4041, 'learning_rate': 6.367833782223933e-08, 'epoch': 0.26}
{'loss': 7.6263, 'learning_rate': 7.967808131332565e-08, 'epoch': 0.32}
{'loss': 7.1729, 'learning_rate': 9.570988841862255e-08, 'epoch': 0.38}
{'loss': 7.008, 'learning_rate': 1.1174169552391947e-07, 'epoch': 0.45}
{'loss': 6.8377, 'learning_rate': 1.2777350262921637e-07, 'epoch': 0.51}
{'loss': 6.7039, 'learning_rate': 1.437732461203027e-07, 'epoch': 0.58}
{'loss': 6.5455, 'learning_rate': 1.5980505322559963e-07, 'epoch': 0.64}
{'loss': 6.3706, 'learning_rate': 1.7580479671668594e-07, 'epoch': 0.71}
{'loss': 6.1283, 'learning_rate': 1.9183660382198284e-07, 'epoch': 0.77}
{'loss': 5.8961, 'learning_rate': 2.0786841092727973e-07, 'epoch': 0.83}
{'loss': 5.6751, 'learning_rate': 2.2390021803257666e-07, 'epoch': 0.9}
{'loss': 5.4693, 'learning_rate': 2.3993202513787356e-07, 'epoch': 0.96}
{'loss': 5.2696, 'learning_rate': 2.5596383224317045e-07, 'epoch': 1.03}
{'loss': 5.04, 'learning_rate': 2.7199563934846735e-07, 'epoch': 1.09}
{'loss': 4.8769, 'learning_rate': 2.880274464537643e-07, 'epoch': 1.15}
{'loss': 4.6569, 'learning_rate': 3.040592535590612e-07, 'epoch': 1.22}
{'loss': 4.4744, 'learning_rate': 3.2009106066435815e-07, 'epoch': 1.28}
{'loss': 4.3202, 'learning_rate': 3.36122867769655e-07, 'epoch': 1.35}
{'loss': 4.1649, 'learning_rate': 3.5215467487495195e-07, 'epoch': 1.41}
{'loss': 4.0207, 'learning_rate': 3.6818648198024885e-07, 'epoch': 1.47}
{'loss': 3.866, 'learning_rate': 3.8421828908554574e-07, 'epoch': 1.54}
{'loss': 3.7376, 'learning_rate': 4.0025009619084264e-07, 'epoch': 1.6}
{'loss': 3.5846, 'learning_rate': 4.162819032961396e-07, 'epoch': 1.67}
{'loss': 3.4927, 'learning_rate': 4.323137104014365e-07, 'epoch': 1.73}
{'loss': 3.3273, 'learning_rate': 4.483455175067334e-07, 'epoch': 1.8}
{'loss': 3.2399, 'learning_rate': 4.6437732461203034e-07, 'epoch': 1.86}
{'loss': 3.1218, 'learning_rate': 4.804091317173272e-07, 'epoch': 1.92}
{'loss': 3.102, 'learning_rate': 4.964409388226241e-07, 'epoch': 1.99}
{'loss': 2.9522, 'learning_rate': 5.124727459279211e-07, 'epoch': 2.05}
{'loss': 2.9452, 'learning_rate': 5.285045530332179e-07, 'epoch': 2.12}
{'loss': 2.8768, 'learning_rate': 5.445363601385149e-07, 'epoch': 2.18}
{'loss': 2.7568, 'learning_rate': 5.605681672438118e-07, 'epoch': 2.24}
{'loss': 2.7496, 'learning_rate': 5.765999743491087e-07, 'epoch': 2.31}
{'loss': 2.7207, 'learning_rate': 5.926317814544056e-07, 'epoch': 2.37}
{'loss': 2.6696, 'learning_rate': 6.086635885597026e-07, 'epoch': 2.44}
{'loss': 2.5676, 'learning_rate': 6.246953956649994e-07, 'epoch': 2.5}
{'loss': 2.5359, 'learning_rate': 6.407272027702963e-07, 'epoch': 2.57}
{'loss': 2.4975, 'learning_rate': 6.567590098755933e-07, 'epoch': 2.63}
{'loss': 2.457, 'learning_rate': 6.727908169808902e-07, 'epoch': 2.69}
{'loss': 2.3798, 'learning_rate': 6.887905604719765e-07, 'epoch': 2.76}
{'loss': 2.3942, 'learning_rate': 7.048223675772733e-07, 'epoch': 2.82}
{'loss': 2.3383, 'learning_rate': 7.208221110683597e-07, 'epoch': 2.89}
{'loss': 2.342, 'learning_rate': 7.368539181736566e-07, 'epoch': 2.95}
{'loss': 2.2591, 'learning_rate': 7.528857252789536e-07, 'epoch': 3.01}
{'loss': 2.2585, 'learning_rate': 7.689175323842504e-07, 'epoch': 3.08}
{'loss': 2.2237, 'learning_rate': 7.849493394895473e-07, 'epoch': 3.14}
{'loss': 2.2027, 'learning_rate': 8.009811465948443e-07, 'epoch': 3.21}
{'loss': 2.1767, 'learning_rate': 8.169808900859305e-07, 'epoch': 3.27}
{'loss': 2.1392, 'learning_rate': 8.330126971912275e-07, 'epoch': 3.33}
{'loss': 2.1576, 'learning_rate': 8.490445042965243e-07, 'epoch': 3.4}
{'loss': 2.1138, 'learning_rate': 8.650763114018212e-07, 'epoch': 3.46}
{'loss': 2.0744, 'learning_rate': 8.811081185071182e-07, 'epoch': 3.53}
{'loss': 2.071, 'learning_rate': 8.971399256124151e-07, 'epoch': 3.59}
{'loss': 2.0296, 'learning_rate': 9.131717327177119e-07, 'epoch': 3.66}
{'loss': 2.0662, 'learning_rate': 9.292035398230089e-07, 'epoch': 3.72}
{'loss': 2.0214, 'learning_rate': 9.452032833140952e-07, 'epoch': 3.78}
{'loss': 1.9491, 'learning_rate': 9.612350904193923e-07, 'epoch': 3.85}
{'loss': 1.9721, 'learning_rate': 9.77266897524689e-07, 'epoch': 3.91}
{'loss': 1.9571, 'learning_rate': 9.932666410157755e-07, 'epoch': 3.98}
{'loss': 1.9306, 'learning_rate': 1.0092663845068618e-06, 'epoch': 4.04}
{'loss': 1.9165, 'learning_rate': 1.0252981916121586e-06, 'epoch': 4.1}
{'loss': 1.9026, 'learning_rate': 1.0413299987174554e-06, 'epoch': 4.17}
{'loss': 1.8933, 'learning_rate': 1.0573618058227524e-06, 'epoch': 4.23}
{'loss': 1.8474, 'learning_rate': 1.0733936129280494e-06, 'epoch': 4.3}
{'loss': 1.8328, 'learning_rate': 1.0894254200333462e-06, 'epoch': 4.36}
{'loss': 1.8049, 'learning_rate': 1.105457227138643e-06, 'epoch': 4.42}
{'loss': 1.8398, 'learning_rate': 1.12148903424394e-06, 'epoch': 4.49}
{'loss': 1.7698, 'learning_rate': 1.1374887777350264e-06, 'epoch': 4.55}
{'loss': 1.8045, 'learning_rate': 1.1535205848403234e-06, 'epoch': 4.62}
{'loss': 1.7751, 'learning_rate': 1.1695523919456201e-06, 'epoch': 4.68}
{'loss': 1.7702, 'learning_rate': 1.1855841990509172e-06, 'epoch': 4.75}
{'loss': 1.7328, 'learning_rate': 1.201616006156214e-06, 'epoch': 4.81}
{'loss': 1.7196, 'learning_rate': 1.217647813261511e-06, 'epoch': 4.87}
{'loss': 1.7122, 'learning_rate': 1.233679620366808e-06, 'epoch': 4.94}
{'loss': 1.7129, 'learning_rate': 1.249679363857894e-06, 'epoch': 5.0}
{'loss': 1.6943, 'learning_rate': 1.2657111709631911e-06, 'epoch': 5.07}
{'loss': 1.6912, 'learning_rate': 1.281742978068488e-06, 'epoch': 5.13}
{'loss': 1.6442, 'learning_rate': 1.297774785173785e-06, 'epoch': 5.19}
{'loss': 1.675, 'learning_rate': 1.313806592279082e-06, 'epoch': 5.26}
{'loss': 1.6562, 'learning_rate': 1.3298383993843785e-06, 'epoch': 5.32}
{'loss': 1.65, 'learning_rate': 1.3458702064896755e-06, 'epoch': 5.39}
{'loss': 1.6374, 'learning_rate': 1.3618699499807619e-06, 'epoch': 5.45}
{'loss': 1.6308, 'learning_rate': 1.3779017570860589e-06, 'epoch': 5.51}
{'loss': 1.6149, 'learning_rate': 1.3939335641913556e-06, 'epoch': 5.58}
{'loss': 1.5989, 'learning_rate': 1.4099653712966527e-06, 'epoch': 5.64}
{'loss': 1.5872, 'learning_rate': 1.4259971784019497e-06, 'epoch': 5.71}
{'loss': 1.5743, 'learning_rate': 1.4420289855072464e-06, 'epoch': 5.77}
{'loss': 1.5797, 'learning_rate': 1.4580607926125435e-06, 'epoch': 5.84}
{'loss': 1.5795, 'learning_rate': 1.4740605361036298e-06, 'epoch': 5.9}
{'loss': 1.5244, 'learning_rate': 1.4900923432089268e-06, 'epoch': 5.96}
{'loss': 1.5257, 'learning_rate': 1.5061241503142234e-06, 'epoch': 6.03}
{'loss': 1.5364, 'learning_rate': 1.5221559574195204e-06, 'epoch': 6.09}
{'loss': 1.5316, 'learning_rate': 1.5381877645248174e-06, 'epoch': 6.16}
{'loss': 1.5393, 'learning_rate': 1.5542195716301142e-06, 'epoch': 6.22}
{'loss': 1.5242, 'learning_rate': 1.5702513787354112e-06, 'epoch': 6.28}
{'loss': 1.5113, 'learning_rate': 1.5862831858407082e-06, 'epoch': 6.35}
{'loss': 1.4853, 'learning_rate': 1.602314992946005e-06, 'epoch': 6.41}
{'loss': 1.5096, 'learning_rate': 1.618346800051302e-06, 'epoch': 6.48}
{'loss': 1.472, 'learning_rate': 1.634378607156599e-06, 'epoch': 6.54}
{'loss': 1.4649, 'learning_rate': 1.6504104142618956e-06, 'epoch': 6.61}
{'loss': 1.487, 'learning_rate': 1.6664422213671926e-06, 'epoch': 6.67}
{'loss': 1.4409, 'learning_rate': 1.6824740284724894e-06, 'epoch': 6.73}
{'loss': 1.4732, 'learning_rate': 1.6985058355777864e-06, 'epoch': 6.8}
{'loss': 1.4496, 'learning_rate': 1.7145055790688727e-06, 'epoch': 6.86}
{'loss': 1.4759, 'learning_rate': 1.7305373861741698e-06, 'epoch': 6.93}
{'loss': 1.4654, 'learning_rate': 1.7465691932794665e-06, 'epoch': 6.99}
{'loss': 1.4272, 'learning_rate': 1.7626010003847635e-06, 'epoch': 7.05}
{'loss': 1.4445, 'learning_rate': 1.7786328074900606e-06, 'epoch': 7.12}
{'loss': 1.4012, 'learning_rate': 1.7946646145953571e-06, 'epoch': 7.18}
{'loss': 1.4275, 'learning_rate': 1.8106964217006541e-06, 'epoch': 7.25}
{'loss': 1.4304, 'learning_rate': 1.8267282288059511e-06, 'epoch': 7.31}
{'loss': 1.4114, 'learning_rate': 1.842760035911248e-06, 'epoch': 7.37}
{'loss': 1.4017, 'learning_rate': 1.858791843016545e-06, 'epoch': 7.44}
{'loss': 1.3737, 'learning_rate': 1.874823650121842e-06, 'epoch': 7.5}
{'loss': 1.4163, 'learning_rate': 1.8908233936129283e-06, 'epoch': 7.57}
{'loss': 1.3937, 'learning_rate': 1.9068231371040144e-06, 'epoch': 7.63}
{'loss': 1.4104, 'learning_rate': 1.9228549442093115e-06, 'epoch': 7.7}
{'loss': 1.3585, 'learning_rate': 1.9388867513146085e-06, 'epoch': 7.76}
{'loss': 1.3536, 'learning_rate': 1.954918558419905e-06, 'epoch': 7.82}
{'loss': 1.3955, 'learning_rate': 1.970950365525202e-06, 'epoch': 7.89}
{'loss': 1.375, 'learning_rate': 1.986982172630499e-06, 'epoch': 7.95}
{'loss': 1.3473, 'learning_rate': 2.003013979735796e-06, 'epoch': 8.02}
{'loss': 1.3453, 'learning_rate': 2.019045786841093e-06, 'epoch': 8.08}
{'loss': 1.3409, 'learning_rate': 2.03507759394639e-06, 'epoch': 8.14}
{'loss': 1.3466, 'learning_rate': 2.0511094010516866e-06, 'epoch': 8.21}
{'loss': 1.3601, 'learning_rate': 2.067109144542773e-06, 'epoch': 8.27}
{'loss': 1.3358, 'learning_rate': 2.08314095164807e-06, 'epoch': 8.34}
{'loss': 1.3427, 'learning_rate': 2.099172758753367e-06, 'epoch': 8.4}
{'loss': 1.3243, 'learning_rate': 2.1152045658586636e-06, 'epoch': 8.46}
{'loss': 1.3248, 'learning_rate': 2.1312363729639606e-06, 'epoch': 8.53}
{'loss': 1.3318, 'learning_rate': 2.147236116455047e-06, 'epoch': 8.59}
{'loss': 1.3451, 'learning_rate': 2.1632037963319227e-06, 'epoch': 8.66}
{'loss': 1.293, 'learning_rate': 2.1792356034372197e-06, 'epoch': 8.72}
{'loss': 1.2982, 'learning_rate': 2.1952674105425163e-06, 'epoch': 8.79}
{'loss': 1.305, 'learning_rate': 2.2112992176478133e-06, 'epoch': 8.85}
{'loss': 1.3112, 'learning_rate': 2.2273310247531103e-06, 'epoch': 8.91}
{'loss': 1.3125, 'learning_rate': 2.2433628318584073e-06, 'epoch': 8.98}
{'loss': 1.2846, 'learning_rate': 2.2593946389637043e-06, 'epoch': 9.04}
{'loss': 1.275, 'learning_rate': 2.2754264460690013e-06, 'epoch': 9.11}
{'loss': 1.2884, 'learning_rate': 2.291458253174298e-06, 'epoch': 9.17}
{'loss': 1.2694, 'learning_rate': 2.307490060279595e-06, 'epoch': 9.23}
{'loss': 1.2614, 'learning_rate': 2.323521867384892e-06, 'epoch': 9.3}
{'loss': 1.2604, 'learning_rate': 2.339553674490189e-06, 'epoch': 9.36}
{'loss': 1.2788, 'learning_rate': 2.355521354367064e-06, 'epoch': 9.43}
{'loss': 1.2615, 'learning_rate': 2.371553161472361e-06, 'epoch': 9.49}
{'loss': 1.2813, 'learning_rate': 2.387584968577658e-06, 'epoch': 9.55}
{'loss': 1.2725, 'learning_rate': 2.403616775682955e-06, 'epoch': 9.62}
{'loss': 1.2638, 'learning_rate': 2.419648582788252e-06, 'epoch': 9.68}
{'loss': 1.2606, 'learning_rate': 2.435680389893549e-06, 'epoch': 9.75}
{'loss': 1.2575, 'learning_rate': 2.4517121969988458e-06, 'epoch': 9.81}
{'loss': 1.2845, 'learning_rate': 2.4677440041041428e-06, 'epoch': 9.88}
{'loss': 1.2819, 'learning_rate': 2.4837758112094398e-06, 'epoch': 9.94}
{'loss': 1.2479, 'learning_rate': 2.499775554700526e-06, 'epoch': 10.0}
{'loss': 1.2231, 'learning_rate': 2.4960481595485443e-06, 'epoch': 10.07}
{'loss': 1.2415, 'learning_rate': 2.4920402077722203e-06, 'epoch': 10.13}
{'loss': 1.2419, 'learning_rate': 2.488032255995896e-06, 'epoch': 10.2}
{'loss': 1.245, 'learning_rate': 2.4840323201231245e-06, 'epoch': 10.26}
{'loss': 1.2222, 'learning_rate': 2.4800243683468e-06, 'epoch': 10.32}
{'loss': 1.2328, 'learning_rate': 2.476016416570476e-06, 'epoch': 10.39}
{'loss': 1.2228, 'learning_rate': 2.472008464794152e-06, 'epoch': 10.45}
{'loss': 1.2263, 'learning_rate': 2.4680005130178275e-06, 'epoch': 10.52}
{'loss': 1.2351, 'learning_rate': 2.463992561241503e-06, 'epoch': 10.58}
{'loss': 1.2292, 'learning_rate': 2.459984609465179e-06, 'epoch': 10.65}
{'loss': 1.2131, 'learning_rate': 2.455976657688855e-06, 'epoch': 10.71}
{'loss': 1.2173, 'learning_rate': 2.4519767218160833e-06, 'epoch': 10.77}
{'loss': 1.2195, 'learning_rate': 2.447968770039759e-06, 'epoch': 10.84}
{'loss': 1.2074, 'learning_rate': 2.4439608182634346e-06, 'epoch': 10.9}
{'loss': 1.2109, 'learning_rate': 2.4399528664871107e-06, 'epoch': 10.97}
{'loss': 1.1944, 'learning_rate': 2.4359449147107863e-06, 'epoch': 11.03}
{'loss': 1.2036, 'learning_rate': 2.431936962934462e-06, 'epoch': 11.09}
{'loss': 1.2047, 'learning_rate': 2.427929011158138e-06, 'epoch': 11.16}
{'loss': 1.172, 'learning_rate': 2.4239210593818137e-06, 'epoch': 11.22}
{'loss': 1.1991, 'learning_rate': 2.4199131076054893e-06, 'epoch': 11.29}
{'loss': 1.1925, 'learning_rate': 2.415905155829165e-06, 'epoch': 11.35}
{'loss': 1.1936, 'learning_rate': 2.4119052199563935e-06, 'epoch': 11.41}
{'loss': 1.1829, 'learning_rate': 2.407905284083622e-06, 'epoch': 11.48}
{'loss': 1.2003, 'learning_rate': 2.4038973323072977e-06, 'epoch': 11.54}
{'loss': 1.1846, 'learning_rate': 2.3998893805309737e-06, 'epoch': 11.61}
{'loss': 1.1888, 'learning_rate': 2.3958814287546494e-06, 'epoch': 11.67}
{'loss': 1.1857, 'learning_rate': 2.3918734769783254e-06, 'epoch': 11.74}
{'loss': 1.1838, 'learning_rate': 2.3878735411055535e-06, 'epoch': 11.8}
{'loss': 1.2135, 'learning_rate': 2.3838655893292296e-06, 'epoch': 11.86}
{'loss': 1.2069, 'learning_rate': 2.379865653456458e-06, 'epoch': 11.93}
{'loss': 1.1978, 'learning_rate': 2.3758577016801333e-06, 'epoch': 11.99}
{'loss': 1.1645, 'learning_rate': 2.3718497499038094e-06, 'epoch': 12.06}
{'loss': 1.1805, 'learning_rate': 2.367841798127485e-06, 'epoch': 12.12}
{'loss': 1.1375, 'learning_rate': 2.363833846351161e-06, 'epoch': 12.18}
{'loss': 1.1611, 'learning_rate': 2.359833910478389e-06, 'epoch': 12.25}
{'loss': 1.1503, 'learning_rate': 2.3558259587020653e-06, 'epoch': 12.31}
{'loss': 1.1701, 'learning_rate': 2.351818006925741e-06, 'epoch': 12.38}
{'loss': 1.1937, 'learning_rate': 2.3478100551494166e-06, 'epoch': 12.44}
{'loss': 1.1434, 'learning_rate': 2.343802103373092e-06, 'epoch': 12.5}
{'loss': 1.1539, 'learning_rate': 2.3397941515967683e-06, 'epoch': 12.57}
{'loss': 1.1644, 'learning_rate': 2.335786199820444e-06, 'epoch': 12.63}
{'loss': 1.1424, 'learning_rate': 2.33177824804412e-06, 'epoch': 12.7}
{'loss': 1.1664, 'learning_rate': 2.3277702962677956e-06, 'epoch': 12.76}
{'loss': 1.1438, 'learning_rate': 2.3237623444914713e-06, 'epoch': 12.83}
{'loss': 1.1641, 'learning_rate': 2.319754392715147e-06, 'epoch': 12.89}
{'loss': 1.1755, 'learning_rate': 2.315746440938823e-06, 'epoch': 12.95}
{'loss': 1.1561, 'learning_rate': 2.3117384891624986e-06, 'epoch': 13.02}
{'loss': 1.1524, 'learning_rate': 2.3077305373861743e-06, 'epoch': 13.08}
{'loss': 1.1581, 'learning_rate': 2.3037225856098503e-06, 'epoch': 13.15}
{'loss': 1.1462, 'learning_rate': 2.299722649737079e-06, 'epoch': 13.21}
{'loss': 1.1282, 'learning_rate': 2.295722713864307e-06, 'epoch': 13.27}
{'loss': 1.1368, 'learning_rate': 2.2917227779915354e-06, 'epoch': 13.34}
{'loss': 1.1624, 'learning_rate': 2.287714826215211e-06, 'epoch': 13.4}
{'loss': 1.1163, 'learning_rate': 2.2837068744388867e-06, 'epoch': 13.47}
{'loss': 1.1211, 'learning_rate': 2.279698922662563e-06, 'epoch': 13.53}
{'loss': 1.1168, 'learning_rate': 2.2756909708862384e-06, 'epoch': 13.59}
{'loss': 1.1246, 'learning_rate': 2.271683019109914e-06, 'epoch': 13.66}
{'loss': 1.1321, 'learning_rate': 2.26767506733359e-06, 'epoch': 13.72}
{'loss': 1.1193, 'learning_rate': 2.263667115557266e-06, 'epoch': 13.79}
{'loss': 1.1356, 'learning_rate': 2.2596671796844943e-06, 'epoch': 13.85}
{'loss': 1.1403, 'learning_rate': 2.25565922790817e-06, 'epoch': 13.92}
{'loss': 1.1498, 'learning_rate': 2.2516512761318456e-06, 'epoch': 13.98}
{'loss': 1.138, 'learning_rate': 2.2476433243555217e-06, 'epoch': 14.04}
{'loss': 1.1374, 'learning_rate': 2.2436353725791973e-06, 'epoch': 14.11}
{'loss': 1.1102, 'learning_rate': 2.239627420802873e-06, 'epoch': 14.17}
{'loss': 1.1303, 'learning_rate': 2.235619469026549e-06, 'epoch': 14.24}
{'loss': 1.098, 'learning_rate': 2.2316115172502247e-06, 'epoch': 14.3}
{'loss': 1.1107, 'learning_rate': 2.2276115813774527e-06, 'epoch': 14.36}
{'loss': 1.1338, 'learning_rate': 2.223603629601129e-06, 'epoch': 14.43}
{'loss': 1.1265, 'learning_rate': 2.2196036937283573e-06, 'epoch': 14.49}
{'loss': 1.1245, 'learning_rate': 2.215595741952033e-06, 'epoch': 14.56}
{'loss': 1.1116, 'learning_rate': 2.2115877901757086e-06, 'epoch': 14.62}
{'loss': 1.0856, 'learning_rate': 2.2075798383993847e-06, 'epoch': 14.69}
{'loss': 1.1094, 'learning_rate': 2.2035718866230603e-06, 'epoch': 14.75}
{'loss': 1.1129, 'learning_rate': 2.199563934846736e-06, 'epoch': 14.81}
{'loss': 1.1268, 'learning_rate': 2.1955559830704116e-06, 'epoch': 14.88}
{'loss': 1.0993, 'learning_rate': 2.1915480312940877e-06, 'epoch': 14.94}
{'loss': 1.13, 'learning_rate': 2.187548095421316e-06, 'epoch': 15.01}
{'loss': 1.0958, 'learning_rate': 2.183540143644992e-06, 'epoch': 15.07}
{'loss': 1.0778, 'learning_rate': 2.1795321918686675e-06, 'epoch': 15.13}
{'loss': 1.1068, 'learning_rate': 2.1755242400923435e-06, 'epoch': 15.2}
{'loss': 1.1054, 'learning_rate': 2.171516288316019e-06, 'epoch': 15.26}
{'loss': 1.0946, 'learning_rate': 2.167508336539695e-06, 'epoch': 15.33}
{'loss': 1.1121, 'learning_rate': 2.1635003847633705e-06, 'epoch': 15.39}
{'loss': 1.121, 'learning_rate': 2.1594924329870465e-06, 'epoch': 15.45}
{'loss': 1.086, 'learning_rate': 2.155484481210722e-06, 'epoch': 15.52}
{'loss': 1.0937, 'learning_rate': 2.1514765294343983e-06, 'epoch': 15.58}
{'loss': 1.0931, 'learning_rate': 2.147468577658074e-06, 'epoch': 15.65}
{'loss': 1.1001, 'learning_rate': 2.1434606258817495e-06, 'epoch': 15.71}
{'loss': 1.1023, 'learning_rate': 2.139452674105425e-06, 'epoch': 15.78}
{'loss': 1.1013, 'learning_rate': 2.1354447223291013e-06, 'epoch': 15.84}
{'loss': 1.1097, 'learning_rate': 2.131436770552777e-06, 'epoch': 15.9}
{'loss': 1.0956, 'learning_rate': 2.1274288187764525e-06, 'epoch': 15.97}
{'loss': 1.0906, 'learning_rate': 2.123428882903681e-06, 'epoch': 16.03}
{'loss': 1.0896, 'learning_rate': 2.119420931127357e-06, 'epoch': 16.1}
{'loss': 1.0809, 'learning_rate': 2.1154129793510323e-06, 'epoch': 16.16}
{'loss': 1.0714, 'learning_rate': 2.111413043478261e-06, 'epoch': 16.22}
{'loss': 1.1165, 'learning_rate': 2.107405091701937e-06, 'epoch': 16.29}
{'loss': 1.075, 'learning_rate': 2.1033971399256126e-06, 'epoch': 16.35}
{'loss': 1.0832, 'learning_rate': 2.099389188149288e-06, 'epoch': 16.42}
{'loss': 1.0776, 'learning_rate': 2.0953812363729643e-06, 'epoch': 16.48}
{'loss': 1.1104, 'learning_rate': 2.091381300500193e-06, 'epoch': 16.54}
{'loss': 1.0745, 'learning_rate': 2.0873733487238684e-06, 'epoch': 16.61}
{'loss': 1.0775, 'learning_rate': 2.083365396947544e-06, 'epoch': 16.67}
{'loss': 1.0748, 'learning_rate': 2.0793574451712197e-06, 'epoch': 16.74}
{'loss': 1.0731, 'learning_rate': 2.0753494933948958e-06, 'epoch': 16.8}
{'loss': 1.0663, 'learning_rate': 2.0713415416185714e-06, 'epoch': 16.87}
{'loss': 1.0637, 'learning_rate': 2.067333589842247e-06, 'epoch': 16.93}
{'loss': 1.0635, 'learning_rate': 2.063325638065923e-06, 'epoch': 16.99}
{'loss': 1.0545, 'learning_rate': 2.0593257021931517e-06, 'epoch': 17.06}
{'loss': 1.0761, 'learning_rate': 2.0553257663203797e-06, 'epoch': 17.12}
{'loss': 1.0722, 'learning_rate': 2.051317814544056e-06, 'epoch': 17.19}
{'loss': 1.0822, 'learning_rate': 2.0473098627677315e-06, 'epoch': 17.25}
{'loss': 1.0796, 'learning_rate': 2.043301910991407e-06, 'epoch': 17.31}
{'loss': 1.0863, 'learning_rate': 2.0392939592150827e-06, 'epoch': 17.38}
{'loss': 1.0535, 'learning_rate': 2.0352940233423113e-06, 'epoch': 17.44}
{'loss': 1.053, 'learning_rate': 2.0312860715659873e-06, 'epoch': 17.51}
{'loss': 1.0785, 'learning_rate': 2.027278119789663e-06, 'epoch': 17.57}
{'loss': 1.0733, 'learning_rate': 2.0232701680133386e-06, 'epoch': 17.63}
{'loss': 1.075, 'learning_rate': 2.0192622162370143e-06, 'epoch': 17.7}
{'loss': 1.0742, 'learning_rate': 2.0152542644606903e-06, 'epoch': 17.76}
{'loss': 1.0756, 'learning_rate': 2.011246312684366e-06, 'epoch': 17.83}
{'loss': 1.0647, 'learning_rate': 2.0072463768115945e-06, 'epoch': 17.89}
{'loss': 1.07, 'learning_rate': 2.0032464409388226e-06, 'epoch': 17.96}
{'loss': 1.0568, 'learning_rate': 1.9992384891624986e-06, 'epoch': 18.02}
{'loss': 1.0715, 'learning_rate': 1.9952305373861743e-06, 'epoch': 18.08}
{'loss': 1.0517, 'learning_rate': 1.9912225856098503e-06, 'epoch': 18.15}
{'loss': 1.0794, 'learning_rate': 1.9872146338335256e-06, 'epoch': 18.21}
{'loss': 1.0522, 'learning_rate': 1.9832066820572016e-06, 'epoch': 18.28}
{'loss': 1.0544, 'learning_rate': 1.9791987302808773e-06, 'epoch': 18.34}
{'loss': 1.0563, 'learning_rate': 1.9751907785045533e-06, 'epoch': 18.4}
{'loss': 1.0584, 'learning_rate': 1.971182826728229e-06, 'epoch': 18.47}
{'loss': 1.0449, 'learning_rate': 1.967174874951905e-06, 'epoch': 18.53}
{'loss': 1.0606, 'learning_rate': 1.9631669231755803e-06, 'epoch': 18.6}
{'loss': 1.0558, 'learning_rate': 1.9591589713992563e-06, 'epoch': 18.66}
{'loss': 1.054, 'learning_rate': 1.955151019622932e-06, 'epoch': 18.73}
{'loss': 1.0507, 'learning_rate': 1.9511510837501605e-06, 'epoch': 18.79}
{'loss': 1.0741, 'learning_rate': 1.947143131973836e-06, 'epoch': 18.85}
{'loss': 1.0503, 'learning_rate': 1.9431431961010647e-06, 'epoch': 18.92}
{'loss': 1.0749, 'learning_rate': 1.9391352443247403e-06, 'epoch': 18.98}
{'loss': 1.0607, 'learning_rate': 1.935135308451969e-06, 'epoch': 19.05}
{'loss': 1.0406, 'learning_rate': 1.931127356675645e-06, 'epoch': 19.11}
{'loss': 1.0408, 'learning_rate': 1.9271194048993205e-06, 'epoch': 19.17}
{'loss': 1.0353, 'learning_rate': 1.923111453122996e-06, 'epoch': 19.24}
{'loss': 1.057, 'learning_rate': 1.919103501346672e-06, 'epoch': 19.3}
{'loss': 1.049, 'learning_rate': 1.915095549570348e-06, 'epoch': 19.37}
{'loss': 1.04, 'learning_rate': 1.9110875977940235e-06, 'epoch': 19.43}
{'loss': 1.0376, 'learning_rate': 1.9070796460176994e-06, 'epoch': 19.49}
{'loss': 1.0309, 'learning_rate': 1.9030716942413752e-06, 'epoch': 19.56}
{'loss': 1.0365, 'learning_rate': 1.8990637424650507e-06, 'epoch': 19.62}
{'loss': 1.0536, 'learning_rate': 1.8950557906887265e-06, 'epoch': 19.69}
{'loss': 1.0371, 'learning_rate': 1.8910478389124024e-06, 'epoch': 19.75}
{'loss': 1.0612, 'learning_rate': 1.8870398871360782e-06, 'epoch': 19.82}
{'loss': 1.0312, 'learning_rate': 1.883031935359754e-06, 'epoch': 19.88}
{'loss': 1.0348, 'learning_rate': 1.879040015390535e-06, 'epoch': 19.94}
{'loss': 1.0364, 'learning_rate': 1.875032063614211e-06, 'epoch': 20.01}
{'loss': 1.0439, 'learning_rate': 1.8710241118378865e-06, 'epoch': 20.07}
{'loss': 1.0394, 'learning_rate': 1.8670161600615622e-06, 'epoch': 20.14}
{'loss': 1.0419, 'learning_rate': 1.863008208285238e-06, 'epoch': 20.2}
{'loss': 1.0278, 'learning_rate': 1.859000256508914e-06, 'epoch': 20.26}
{'loss': 1.0201, 'learning_rate': 1.8549923047325895e-06, 'epoch': 20.33}
{'loss': 1.0411, 'learning_rate': 1.850992368859818e-06, 'epoch': 20.39}
{'loss': 1.0103, 'learning_rate': 1.846984417083494e-06, 'epoch': 20.46}
{'loss': 1.0306, 'learning_rate': 1.8429764653071698e-06, 'epoch': 20.52}
{'loss': 1.0373, 'learning_rate': 1.8389685135308452e-06, 'epoch': 20.58}
{'loss': 1.0284, 'learning_rate': 1.834960561754521e-06, 'epoch': 20.65}
{'loss': 1.0413, 'learning_rate': 1.830952609978197e-06, 'epoch': 20.71}
{'loss': 1.0546, 'learning_rate': 1.8269446582018728e-06, 'epoch': 20.78}
{'loss': 1.0405, 'learning_rate': 1.822944722329101e-06, 'epoch': 20.84}
{'loss': 1.0411, 'learning_rate': 1.818936770552777e-06, 'epoch': 20.91}
{'loss': 1.0273, 'learning_rate': 1.8149288187764528e-06, 'epoch': 20.97}
{'loss': 1.0281, 'learning_rate': 1.8109208670001286e-06, 'epoch': 21.03}
{'loss': 1.0082, 'learning_rate': 1.806912915223804e-06, 'epoch': 21.1}
{'loss': 1.0151, 'learning_rate': 1.80290496344748e-06, 'epoch': 21.16}
{'loss': 1.0489, 'learning_rate': 1.7988970116711558e-06, 'epoch': 21.23}
{'loss': 1.0286, 'learning_rate': 1.7948890598948316e-06, 'epoch': 21.29}
{'loss': 1.0062, 'learning_rate': 1.7908811081185073e-06, 'epoch': 21.35}
{'loss': 1.0275, 'learning_rate': 1.7868731563421831e-06, 'epoch': 21.42}
{'loss': 1.0316, 'learning_rate': 1.7828652045658588e-06, 'epoch': 21.48}
{'loss': 1.0297, 'learning_rate': 1.7788572527895346e-06, 'epoch': 21.55}
{'loss': 1.042, 'learning_rate': 1.774857316916763e-06, 'epoch': 21.61}
{'loss': 1.0054, 'learning_rate': 1.7708493651404388e-06, 'epoch': 21.68}
{'loss': 1.0074, 'learning_rate': 1.7668414133641146e-06, 'epoch': 21.74}
{'loss': 1.0287, 'learning_rate': 1.7628334615877905e-06, 'epoch': 21.8}
{'loss': 0.9918, 'learning_rate': 1.7588255098114661e-06, 'epoch': 21.87}
{'loss': 1.01, 'learning_rate': 1.7548255739386947e-06, 'epoch': 21.93}
{'loss': 1.0059, 'learning_rate': 1.75081762216237e-06, 'epoch': 22.0}
{'loss': 0.9985, 'learning_rate': 1.746809670386046e-06, 'epoch': 22.06}
{'loss': 1.0003, 'learning_rate': 1.7428017186097218e-06, 'epoch': 22.12}
{'loss': 1.0211, 'learning_rate': 1.7387937668333976e-06, 'epoch': 22.19}
{'loss': 1.0201, 'learning_rate': 1.7347858150570735e-06, 'epoch': 22.25}
{'loss': 1.0213, 'learning_rate': 1.7307778632807494e-06, 'epoch': 22.32}
{'loss': 1.0062, 'learning_rate': 1.7267779274079777e-06, 'epoch': 22.38}
{'loss': 1.0219, 'learning_rate': 1.7227699756316533e-06, 'epoch': 22.44}
{'loss': 1.0226, 'learning_rate': 1.718762023855329e-06, 'epoch': 22.51}
{'loss': 1.0145, 'learning_rate': 1.7147620879825575e-06, 'epoch': 22.57}
{'loss': 1.0195, 'learning_rate': 1.7107541362062333e-06, 'epoch': 22.64}
{'loss': 0.982, 'learning_rate': 1.7067542003334616e-06, 'epoch': 22.7}
{'loss': 1.0098, 'learning_rate': 1.7027462485571375e-06, 'epoch': 22.77}
{'loss': 1.0502, 'learning_rate': 1.6987382967808133e-06, 'epoch': 22.83}
{'loss': 1.0302, 'learning_rate': 1.6947303450044892e-06, 'epoch': 22.89}
{'loss': 1.0196, 'learning_rate': 1.690722393228165e-06, 'epoch': 22.96}
{'loss': 1.0068, 'learning_rate': 1.6867144414518405e-06, 'epoch': 23.02}
{'loss': 1.0072, 'learning_rate': 1.6827064896755163e-06, 'epoch': 23.09}
{'loss': 1.0286, 'learning_rate': 1.6786985378991922e-06, 'epoch': 23.15}
{'loss': 0.9895, 'learning_rate': 1.674690586122868e-06, 'epoch': 23.21}
{'loss': 1.0154, 'learning_rate': 1.6706826343465437e-06, 'epoch': 23.28}
{'loss': 0.9966, 'learning_rate': 1.6666746825702195e-06, 'epoch': 23.34}
{'loss': 1.0086, 'learning_rate': 1.662674746697448e-06, 'epoch': 23.41}
{'loss': 1.0048, 'learning_rate': 1.6586667949211235e-06, 'epoch': 23.47}
{'loss': 0.9972, 'learning_rate': 1.6546588431447993e-06, 'epoch': 23.53}
{'loss': 1.0028, 'learning_rate': 1.6506508913684752e-06, 'epoch': 23.6}
{'loss': 0.9986, 'learning_rate': 1.646642939592151e-06, 'epoch': 23.66}
{'loss': 1.0251, 'learning_rate': 1.642634987815827e-06, 'epoch': 23.73}
{'loss': 1.0074, 'learning_rate': 1.6386350519430552e-06, 'epoch': 23.79}
{'loss': 0.995, 'learning_rate': 1.634627100166731e-06, 'epoch': 23.86}
{'loss': 1.0185, 'learning_rate': 1.6306191483904065e-06, 'epoch': 23.92}
{'loss': 1.0154, 'learning_rate': 1.6266111966140823e-06, 'epoch': 23.98}
{'loss': 0.9961, 'learning_rate': 1.6226032448377582e-06, 'epoch': 24.05}
{'loss': 1.0026, 'learning_rate': 1.618595293061434e-06, 'epoch': 24.11}
{'loss': 0.9975, 'learning_rate': 1.6145953571886624e-06, 'epoch': 24.18}
{'loss': 0.9855, 'learning_rate': 1.6105874054123382e-06, 'epoch': 24.24}
{'loss': 0.9944, 'learning_rate': 1.606579453636014e-06, 'epoch': 24.3}
{'loss': 1.0034, 'learning_rate': 1.6025795177632426e-06, 'epoch': 24.37}
{'loss': 1.008, 'learning_rate': 1.598571565986918e-06, 'epoch': 24.43}
{'loss': 1.015, 'learning_rate': 1.5945636142105939e-06, 'epoch': 24.5}
{'loss': 1.0109, 'learning_rate': 1.5905556624342697e-06, 'epoch': 24.56}
{'loss': 0.9987, 'learning_rate': 1.5865477106579456e-06, 'epoch': 24.62}
{'loss': 0.9983, 'learning_rate': 1.5825397588816212e-06, 'epoch': 24.69}
{'loss': 0.9793, 'learning_rate': 1.578531807105297e-06, 'epoch': 24.75}
{'loss': 1.0028, 'learning_rate': 1.5745238553289727e-06, 'epoch': 24.82}
{'loss': 0.9934, 'learning_rate': 1.5705159035526486e-06, 'epoch': 24.88}
{'loss': 1.0189, 'learning_rate': 1.5665079517763242e-06, 'epoch': 24.95}
{'loss': 0.9981, 'learning_rate': 1.5625080159035527e-06, 'epoch': 25.01}
{'loss': 1.001, 'learning_rate': 1.558508080030781e-06, 'epoch': 25.07}
{'loss': 0.9893, 'learning_rate': 1.5545001282544569e-06, 'epoch': 25.14}
{'loss': 0.9855, 'learning_rate': 1.5504921764781327e-06, 'epoch': 25.2}
{'loss': 0.9795, 'learning_rate': 1.5464842247018086e-06, 'epoch': 25.27}
{'loss': 1.0163, 'learning_rate': 1.5424762729254845e-06, 'epoch': 25.33}
{'loss': 1.0021, 'learning_rate': 1.5384683211491599e-06, 'epoch': 25.39}
{'loss': 1.0034, 'learning_rate': 1.5344603693728357e-06, 'epoch': 25.46}
{'loss': 0.9843, 'learning_rate': 1.5304604335000643e-06, 'epoch': 25.52}
{'loss': 0.979, 'learning_rate': 1.52645248172374e-06, 'epoch': 25.59}
{'loss': 0.9862, 'learning_rate': 1.5224445299474158e-06, 'epoch': 25.65}
{'loss': 0.9743, 'learning_rate': 1.5184365781710916e-06, 'epoch': 25.72}
{'loss': 0.987, 'learning_rate': 1.5144286263947675e-06, 'epoch': 25.78}
{'loss': 0.9894, 'learning_rate': 1.510420674618443e-06, 'epoch': 25.84}
{'loss': 0.9614, 'learning_rate': 1.5064127228421188e-06, 'epoch': 25.91}
{'loss': 0.9959, 'learning_rate': 1.5024127869693473e-06, 'epoch': 25.97}
{'loss': 1.0109, 'learning_rate': 1.4984048351930231e-06, 'epoch': 26.04}
{'loss': 0.9798, 'learning_rate': 1.4943968834166988e-06, 'epoch': 26.1}
{'loss': 0.9778, 'learning_rate': 1.4903889316403746e-06, 'epoch': 26.16}
{'loss': 0.9797, 'learning_rate': 1.4863889957676031e-06, 'epoch': 26.23}
{'loss': 0.9914, 'learning_rate': 1.482381043991279e-06, 'epoch': 26.29}
{'loss': 0.9852, 'learning_rate': 1.4783730922149544e-06, 'epoch': 26.36}
{'loss': 1.0097, 'learning_rate': 1.4743651404386303e-06, 'epoch': 26.42}
{'loss': 1.0006, 'learning_rate': 1.4703571886623061e-06, 'epoch': 26.48}
{'loss': 0.9908, 'learning_rate': 1.466349236885982e-06, 'epoch': 26.55}
{'loss': 0.9711, 'learning_rate': 1.4623412851096576e-06, 'epoch': 26.61}
{'loss': 0.9608, 'learning_rate': 1.4583333333333335e-06, 'epoch': 26.68}
{'loss': 0.974, 'learning_rate': 1.4543253815570093e-06, 'epoch': 26.74}
{'loss': 0.9624, 'learning_rate': 1.450317429780685e-06, 'epoch': 26.81}
{'loss': 0.9868, 'learning_rate': 1.4463094780043606e-06, 'epoch': 26.87}
{'loss': 1.002, 'learning_rate': 1.4423095421315891e-06, 'epoch': 26.93}
{'loss': 0.9815, 'learning_rate': 1.438301590355265e-06, 'epoch': 27.0}
{'loss': 1.0021, 'learning_rate': 1.4342936385789409e-06, 'epoch': 27.06}
{'loss': 0.9632, 'learning_rate': 1.4302856868026165e-06, 'epoch': 27.13}
{'loss': 0.9495, 'learning_rate': 1.4262777350262924e-06, 'epoch': 27.19}
{'loss': 0.9586, 'learning_rate': 1.422269783249968e-06, 'epoch': 27.25}
{'loss': 0.9749, 'learning_rate': 1.4182698473771963e-06, 'epoch': 27.32}
{'loss': 1.0018, 'learning_rate': 1.4142618956008722e-06, 'epoch': 27.38}
{'loss': 0.9873, 'learning_rate': 1.410253943824548e-06, 'epoch': 27.45}
{'loss': 0.9675, 'learning_rate': 1.4062459920482239e-06, 'epoch': 27.51}
{'loss': 0.9804, 'learning_rate': 1.4022460561754522e-06, 'epoch': 27.57}
{'loss': 0.975, 'learning_rate': 1.398238104399128e-06, 'epoch': 27.64}
{'loss': 0.9796, 'learning_rate': 1.3942381685263565e-06, 'epoch': 27.7}
{'loss': 0.978, 'learning_rate': 1.3902302167500322e-06, 'epoch': 27.77}
{'loss': 0.9847, 'learning_rate': 1.3862222649737078e-06, 'epoch': 27.83}
{'loss': 0.9816, 'learning_rate': 1.3822143131973837e-06, 'epoch': 27.9}
{'loss': 0.9508, 'learning_rate': 1.3782063614210595e-06, 'epoch': 27.96}
{'loss': 0.9829, 'learning_rate': 1.3742064255482878e-06, 'epoch': 28.02}
{'loss': 1.0087, 'learning_rate': 1.3701984737719637e-06, 'epoch': 28.09}
{'loss': 0.9893, 'learning_rate': 1.3661905219956395e-06, 'epoch': 28.15}
{'loss': 0.9874, 'learning_rate': 1.3621825702193154e-06, 'epoch': 28.22}
{'loss': 0.9963, 'learning_rate': 1.3581746184429908e-06, 'epoch': 28.28}
{'loss': 0.9675, 'learning_rate': 1.3541666666666667e-06, 'epoch': 28.34}
{'loss': 0.97, 'learning_rate': 1.3501587148903425e-06, 'epoch': 28.41}
{'loss': 0.9789, 'learning_rate': 1.3461507631140184e-06, 'epoch': 28.47}
{'loss': 0.9545, 'learning_rate': 1.3421508272412467e-06, 'epoch': 28.54}
{'loss': 0.9514, 'learning_rate': 1.3381428754649226e-06, 'epoch': 28.6}
{'loss': 0.9697, 'learning_rate': 1.3341429395921509e-06, 'epoch': 28.66}
{'loss': 0.9708, 'learning_rate': 1.3301349878158267e-06, 'epoch': 28.73}
{'loss': 0.9475, 'learning_rate': 1.3261270360395026e-06, 'epoch': 28.79}
{'loss': 0.9673, 'learning_rate': 1.3221190842631782e-06, 'epoch': 28.86}
{'loss': 0.9947, 'learning_rate': 1.3181111324868539e-06, 'epoch': 28.92}
{'loss': 0.9596, 'learning_rate': 1.3141031807105297e-06, 'epoch': 28.99}
{'loss': 0.9698, 'learning_rate': 1.3100952289342056e-06, 'epoch': 29.05}
{'loss': 0.9587, 'learning_rate': 1.3060872771578814e-06, 'epoch': 29.11}
{'loss': 0.9764, 'learning_rate': 1.3020793253815573e-06, 'epoch': 29.18}
{'loss': 0.9625, 'learning_rate': 1.2980713736052327e-06, 'epoch': 29.24}
{'loss': 0.9631, 'learning_rate': 1.2940634218289086e-06, 'epoch': 29.31}
{'loss': 0.966, 'learning_rate': 1.2900554700525844e-06, 'epoch': 29.37}
{'loss': 0.9556, 'learning_rate': 1.2860475182762603e-06, 'epoch': 29.43}
{'loss': 0.9709, 'learning_rate': 1.2820395664999361e-06, 'epoch': 29.5}
{'loss': 0.9608, 'learning_rate': 1.2780316147236118e-06, 'epoch': 29.56}
{'loss': 0.9649, 'learning_rate': 1.2740236629472874e-06, 'epoch': 29.63}
{'loss': 0.9668, 'learning_rate': 1.2700157111709633e-06, 'epoch': 29.69}
{'loss': 0.9524, 'learning_rate': 1.2660077593946391e-06, 'epoch': 29.76}
{'loss': 0.9724, 'learning_rate': 1.26201583942542e-06, 'epoch': 29.82}
{'loss': 0.96, 'learning_rate': 1.258007887649096e-06, 'epoch': 29.88}
{'loss': 0.9814, 'learning_rate': 1.2540079517763242e-06, 'epoch': 29.95}
{'loss': 0.9619, 'learning_rate': 1.25e-06, 'epoch': 30.01}
{'loss': 0.949, 'learning_rate': 1.245992048223676e-06, 'epoch': 30.08}
{'loss': 0.9529, 'learning_rate': 1.2419840964473516e-06, 'epoch': 30.14}
{'loss': 0.9576, 'learning_rate': 1.2379761446710275e-06, 'epoch': 30.2}
{'loss': 0.9564, 'learning_rate': 1.2339681928947033e-06, 'epoch': 30.27}
{'loss': 0.97, 'learning_rate': 1.229960241118379e-06, 'epoch': 30.33}
{'loss': 0.9657, 'learning_rate': 1.2259522893420548e-06, 'epoch': 30.4}
{'loss': 0.9591, 'learning_rate': 1.2219443375657305e-06, 'epoch': 30.46}
{'loss': 0.9525, 'learning_rate': 1.2179363857894063e-06, 'epoch': 30.52}
{'loss': 0.969, 'learning_rate': 1.213928434013082e-06, 'epoch': 30.59}
{'loss': 0.9752, 'learning_rate': 1.2099284981403105e-06, 'epoch': 30.65}
{'loss': 0.9605, 'learning_rate': 1.2059205463639863e-06, 'epoch': 30.72}
{'loss': 0.9389, 'learning_rate': 1.201912594587662e-06, 'epoch': 30.78}
{'loss': 0.9718, 'learning_rate': 1.1979046428113378e-06, 'epoch': 30.85}
{'loss': 0.9783, 'learning_rate': 1.1939047069385661e-06, 'epoch': 30.91}
{'loss': 0.9585, 'learning_rate': 1.1899047710657946e-06, 'epoch': 30.97}
{'loss': 0.9616, 'learning_rate': 1.185904835193023e-06, 'epoch': 31.04}
{'loss': 0.9618, 'learning_rate': 1.1818968834166988e-06, 'epoch': 31.1}
{'loss': 0.95, 'learning_rate': 1.1778969475439273e-06, 'epoch': 31.17}
{'loss': 0.9621, 'learning_rate': 1.1738889957676032e-06, 'epoch': 31.23}
{'loss': 0.932, 'learning_rate': 1.1698810439912788e-06, 'epoch': 31.29}
{'loss': 0.9714, 'learning_rate': 1.1658730922149547e-06, 'epoch': 31.36}
{'loss': 0.9431, 'learning_rate': 1.1618651404386303e-06, 'epoch': 31.42}
{'loss': 0.9409, 'learning_rate': 1.1578571886623062e-06, 'epoch': 31.49}
{'loss': 0.9667, 'learning_rate': 1.1538492368859818e-06, 'epoch': 31.55}
{'loss': 0.9539, 'learning_rate': 1.1498412851096577e-06, 'epoch': 31.61}
{'loss': 0.977, 'learning_rate': 1.1458333333333333e-06, 'epoch': 31.68}
{'loss': 0.9423, 'learning_rate': 1.1418253815570092e-06, 'epoch': 31.74}
{'loss': 0.9606, 'learning_rate': 1.137817429780685e-06, 'epoch': 31.81}
{'loss': 0.9744, 'learning_rate': 1.1338094780043607e-06, 'epoch': 31.87}
{'loss': 0.9843, 'learning_rate': 1.1298015262280365e-06, 'epoch': 31.94}
{'loss': 0.962, 'learning_rate': 1.125801590355265e-06, 'epoch': 32.0}
{'loss': 0.9588, 'learning_rate': 1.1217936385789407e-06, 'epoch': 32.06}
{'loss': 0.9475, 'learning_rate': 1.1177937027061692e-06, 'epoch': 32.13}
{'loss': 0.9415, 'learning_rate': 1.1137857509298448e-06, 'epoch': 32.19}
{'loss': 0.9624, 'learning_rate': 1.1097777991535207e-06, 'epoch': 32.26}
{'loss': 0.9381, 'learning_rate': 1.1057698473771965e-06, 'epoch': 32.32}
{'loss': 0.9536, 'learning_rate': 1.1017618956008722e-06, 'epoch': 32.38}
{'loss': 0.9442, 'learning_rate': 1.097753943824548e-06, 'epoch': 32.45}
{'loss': 0.9451, 'learning_rate': 1.0937459920482239e-06, 'epoch': 32.51}
{'loss': 0.9395, 'learning_rate': 1.0897380402718995e-06, 'epoch': 32.58}
{'loss': 0.976, 'learning_rate': 1.0857300884955754e-06, 'epoch': 32.64}
{'loss': 0.9302, 'learning_rate': 1.081722136719251e-06, 'epoch': 32.7}
{'loss': 0.9429, 'learning_rate': 1.0777141849429269e-06, 'epoch': 32.77}
{'loss': 0.9626, 'learning_rate': 1.0737062331666025e-06, 'epoch': 32.83}
{'loss': 0.9723, 'learning_rate': 1.0696982813902784e-06, 'epoch': 32.9}
{'loss': 0.9507, 'learning_rate': 1.065690329613954e-06, 'epoch': 32.96}
{'loss': 0.9736, 'learning_rate': 1.0616903937411828e-06, 'epoch': 33.03}
{'loss': 0.9456, 'learning_rate': 1.057690457868411e-06, 'epoch': 33.09}
{'loss': 0.9279, 'learning_rate': 1.0536825060920867e-06, 'epoch': 33.15}
{'loss': 0.9365, 'learning_rate': 1.0496745543157626e-06, 'epoch': 33.22}
{'loss': 0.9605, 'learning_rate': 1.0456666025394384e-06, 'epoch': 33.28}
{'loss': 0.9261, 'learning_rate': 1.041658650763114e-06, 'epoch': 33.35}
{'loss': 0.9359, 'learning_rate': 1.03765069898679e-06, 'epoch': 33.41}
{'loss': 0.9297, 'learning_rate': 1.0336427472104658e-06, 'epoch': 33.47}
{'loss': 0.9329, 'learning_rate': 1.0296347954341414e-06, 'epoch': 33.54}
{'loss': 0.9602, 'learning_rate': 1.0256268436578173e-06, 'epoch': 33.6}
{'loss': 0.9356, 'learning_rate': 1.0216188918814931e-06, 'epoch': 33.67}
{'loss': 0.9488, 'learning_rate': 1.0176109401051688e-06, 'epoch': 33.73}
{'loss': 0.9743, 'learning_rate': 1.013611004232397e-06, 'epoch': 33.8}
{'loss': 0.9558, 'learning_rate': 1.009603052456073e-06, 'epoch': 33.86}
{'loss': 0.9549, 'learning_rate': 1.0055951006797488e-06, 'epoch': 33.92}
{'loss': 0.9324, 'learning_rate': 1.001595164806977e-06, 'epoch': 33.99}
{'loss': 0.9392, 'learning_rate': 9.975952289342056e-07, 'epoch': 34.05}
{'loss': 0.934, 'learning_rate': 9.935872771578812e-07, 'epoch': 34.12}
{'loss': 0.9229, 'learning_rate': 9.89579325381557e-07, 'epoch': 34.18}
{'loss': 0.9421, 'learning_rate': 9.85571373605233e-07, 'epoch': 34.24}
{'loss': 0.93, 'learning_rate': 9.815634218289086e-07, 'epoch': 34.31}
{'loss': 0.9368, 'learning_rate': 9.775554700525844e-07, 'epoch': 34.37}
{'loss': 0.9397, 'learning_rate': 9.735475182762603e-07, 'epoch': 34.44}
{'loss': 0.9245, 'learning_rate': 9.69539566499936e-07, 'epoch': 34.5}
{'loss': 0.9556, 'learning_rate': 9.655316147236118e-07, 'epoch': 34.56}
{'loss': 0.9512, 'learning_rate': 9.615236629472874e-07, 'epoch': 34.63}
{'loss': 0.9612, 'learning_rate': 9.575157111709633e-07, 'epoch': 34.69}
{'loss': 0.9329, 'learning_rate': 9.53507759394639e-07, 'epoch': 34.76}
{'loss': 0.9537, 'learning_rate': 9.495078235218675e-07, 'epoch': 34.82}
{'loss': 0.9441, 'learning_rate': 9.454998717455432e-07, 'epoch': 34.89}
{'loss': 0.939, 'learning_rate': 9.414919199692191e-07, 'epoch': 34.95}
{'loss': 0.9279, 'learning_rate': 9.374839681928947e-07, 'epoch': 35.01}
{'loss': 0.9501, 'learning_rate': 9.334760164165706e-07, 'epoch': 35.08}
{'loss': 0.9322, 'learning_rate': 9.294680646402464e-07, 'epoch': 35.14}
{'loss': 0.9046, 'learning_rate': 9.254601128639221e-07, 'epoch': 35.21}
{'loss': 0.9446, 'learning_rate': 9.214521610875979e-07, 'epoch': 35.27}
{'loss': 0.9308, 'learning_rate': 9.174442093112737e-07, 'epoch': 35.33}
{'loss': 0.9561, 'learning_rate': 9.134442734385021e-07, 'epoch': 35.4}
{'loss': 0.9425, 'learning_rate': 9.094443375657305e-07, 'epoch': 35.46}
{'loss': 0.9365, 'learning_rate': 9.054363857894062e-07, 'epoch': 35.53}
{'loss': 0.9389, 'learning_rate': 9.01428434013082e-07, 'epoch': 35.59}
{'loss': 0.9378, 'learning_rate': 8.974284981403104e-07, 'epoch': 35.65}
{'loss': 0.9376, 'learning_rate': 8.934205463639862e-07, 'epoch': 35.72}
{'loss': 0.9406, 'learning_rate': 8.894125945876619e-07, 'epoch': 35.78}
{'loss': 0.9338, 'learning_rate': 8.854046428113377e-07, 'epoch': 35.85}
{'loss': 0.9705, 'learning_rate': 8.813966910350136e-07, 'epoch': 35.91}
{'loss': 0.9505, 'learning_rate': 8.773887392586892e-07, 'epoch': 35.98}
{'loss': 0.9189, 'learning_rate': 8.733888033859176e-07, 'epoch': 36.04}
{'loss': 0.9295, 'learning_rate': 8.693808516095935e-07, 'epoch': 36.1}
{'loss': 0.9405, 'learning_rate': 8.653728998332693e-07, 'epoch': 36.17}
{'loss': 0.9254, 'learning_rate': 8.61364948056945e-07, 'epoch': 36.23}
{'loss': 0.9297, 'learning_rate': 8.573569962806207e-07, 'epoch': 36.3}
{'loss': 0.9318, 'learning_rate': 8.533490445042966e-07, 'epoch': 36.36}
{'loss': 0.9358, 'learning_rate': 8.493410927279722e-07, 'epoch': 36.42}
{'loss': 0.9422, 'learning_rate': 8.453411568552009e-07, 'epoch': 36.49}
{'loss': 0.9342, 'learning_rate': 8.413332050788765e-07, 'epoch': 36.55}
{'loss': 0.9412, 'learning_rate': 8.373252533025524e-07, 'epoch': 36.62}
{'loss': 0.9316, 'learning_rate': 8.333173015262281e-07, 'epoch': 36.68}
{'loss': 0.9163, 'learning_rate': 8.293173656534566e-07, 'epoch': 36.74}
{'loss': 0.9336, 'learning_rate': 8.253094138771323e-07, 'epoch': 36.81}
{'loss': 0.95, 'learning_rate': 8.213014621008081e-07, 'epoch': 36.87}
{'loss': 0.9225, 'learning_rate': 8.172935103244839e-07, 'epoch': 36.94}
{'loss': 0.9281, 'learning_rate': 8.132935744517123e-07, 'epoch': 37.0}
{'loss': 0.9249, 'learning_rate': 8.09285622675388e-07, 'epoch': 37.07}
{'loss': 0.9185, 'learning_rate': 8.052856868026164e-07, 'epoch': 37.13}
{'loss': 0.9293, 'learning_rate': 8.012777350262922e-07, 'epoch': 37.19}
{'loss': 0.9295, 'learning_rate': 7.97269783249968e-07, 'epoch': 37.26}
{'loss': 0.9457, 'learning_rate': 7.932618314736437e-07, 'epoch': 37.32}
{'loss': 0.9171, 'learning_rate': 7.892538796973195e-07, 'epoch': 37.39}
{'loss': 0.9348, 'learning_rate': 7.852459279209954e-07, 'epoch': 37.45}
{'loss': 0.9438, 'learning_rate': 7.81237976144671e-07, 'epoch': 37.51}
{'loss': 0.9272, 'learning_rate': 7.772300243683469e-07, 'epoch': 37.58}
{'loss': 0.9171, 'learning_rate': 7.732220725920227e-07, 'epoch': 37.64}
{'loss': 0.9478, 'learning_rate': 7.692141208156984e-07, 'epoch': 37.71}
{'loss': 0.9332, 'learning_rate': 7.652061690393741e-07, 'epoch': 37.77}
{'loss': 0.9257, 'learning_rate': 7.6119821726305e-07, 'epoch': 37.84}
{'loss': 0.9448, 'learning_rate': 7.571902654867256e-07, 'epoch': 37.9}
{'loss': 0.9355, 'learning_rate': 7.531903296139541e-07, 'epoch': 37.96}
{'loss': 0.9209, 'learning_rate': 7.491823778376299e-07, 'epoch': 38.03}
{'loss': 0.9363, 'learning_rate': 7.451744260613058e-07, 'epoch': 38.09}
{'loss': 0.9264, 'learning_rate': 7.411664742849814e-07, 'epoch': 38.16}
{'loss': 0.9239, 'learning_rate': 7.371665384122099e-07, 'epoch': 38.22}
{'loss': 0.9454, 'learning_rate': 7.331585866358857e-07, 'epoch': 38.28}
{'loss': 0.9348, 'learning_rate': 7.291506348595614e-07, 'epoch': 38.35}
{'loss': 0.9208, 'learning_rate': 7.251506989867898e-07, 'epoch': 38.41}
{'loss': 0.8992, 'learning_rate': 7.211427472104657e-07, 'epoch': 38.48}
{'loss': 0.9437, 'learning_rate': 7.171347954341413e-07, 'epoch': 38.54}
{'loss': 0.9346, 'learning_rate': 7.131268436578172e-07, 'epoch': 38.6}
{'loss': 0.9109, 'learning_rate': 7.09118891881493e-07, 'epoch': 38.67}
{'loss': 0.916, 'learning_rate': 7.051109401051687e-07, 'epoch': 38.73}
{'loss': 0.9403, 'learning_rate': 7.011029883288445e-07, 'epoch': 38.8}
{'loss': 0.9339, 'learning_rate': 6.970950365525203e-07, 'epoch': 38.86}
{'loss': 0.9097, 'learning_rate': 6.93087084776196e-07, 'epoch': 38.93}
{'loss': 0.9223, 'learning_rate': 6.890791329998718e-07, 'epoch': 38.99}
{'loss': 0.9133, 'learning_rate': 6.850791971271002e-07, 'epoch': 39.05}
{'loss': 0.9205, 'learning_rate': 6.81071245350776e-07, 'epoch': 39.12}
{'loss': 0.9215, 'learning_rate': 6.770632935744517e-07, 'epoch': 39.18}
{'loss': 0.9124, 'learning_rate': 6.730633577016801e-07, 'epoch': 39.25}
{'loss': 0.9289, 'learning_rate': 6.69055405925356e-07, 'epoch': 39.31}
{'loss': 0.9076, 'learning_rate': 6.650474541490318e-07, 'epoch': 39.37}
{'loss': 0.918, 'learning_rate': 6.610395023727075e-07, 'epoch': 39.44}
{'loss': 0.9254, 'learning_rate': 6.570315505963833e-07, 'epoch': 39.5}
{'loss': 0.9134, 'learning_rate': 6.530235988200591e-07, 'epoch': 39.57}
{'loss': 0.918, 'learning_rate': 6.490156470437348e-07, 'epoch': 39.63}
{'loss': 0.9497, 'learning_rate': 6.450076952674106e-07, 'epoch': 39.69}
{'loss': 0.9054, 'learning_rate': 6.409997434910864e-07, 'epoch': 39.76}
{'loss': 0.9205, 'learning_rate': 6.369917917147621e-07, 'epoch': 39.82}
{'loss': 0.9195, 'learning_rate': 6.329838399384379e-07, 'epoch': 39.89}
{'loss': 0.9244, 'learning_rate': 6.289758881621138e-07, 'epoch': 39.95}
{'loss': 0.9301, 'learning_rate': 6.249679363857895e-07, 'epoch': 40.02}
{'loss': 0.9246, 'learning_rate': 6.209599846094653e-07, 'epoch': 40.08}
{'loss': 0.92, 'learning_rate': 6.16952032833141e-07, 'epoch': 40.14}
{'loss': 0.9061, 'learning_rate': 6.129520969603694e-07, 'epoch': 40.21}
{'loss': 0.9371, 'learning_rate': 6.089441451840452e-07, 'epoch': 40.27}
{'loss': 0.92, 'learning_rate': 6.049361934077209e-07, 'epoch': 40.34}
{'loss': 0.9169, 'learning_rate': 6.009282416313968e-07, 'epoch': 40.4}
{'loss': 0.8906, 'learning_rate': 5.969202898550725e-07, 'epoch': 40.46}
{'loss': 0.9192, 'learning_rate': 5.929123380787483e-07, 'epoch': 40.53}
{'loss': 0.9323, 'learning_rate': 5.889043863024241e-07, 'epoch': 40.59}
{'loss': 0.9371, 'learning_rate': 5.848964345260999e-07, 'epoch': 40.66}
{'loss': 0.9208, 'learning_rate': 5.808964986533283e-07, 'epoch': 40.72}
{'loss': 0.8915, 'learning_rate': 5.76888546877004e-07, 'epoch': 40.78}
{'loss': 0.916, 'learning_rate': 5.728805951006798e-07, 'epoch': 40.85}
{'loss': 0.9174, 'learning_rate': 5.688726433243555e-07, 'epoch': 40.91}
{'loss': 0.927, 'learning_rate': 5.648727074515839e-07, 'epoch': 40.98}
{'loss': 0.9006, 'learning_rate': 5.608727715788124e-07, 'epoch': 41.04}
{'loss': 0.9238, 'learning_rate': 5.568648198024882e-07, 'epoch': 41.11}
{'loss': 0.944, 'learning_rate': 5.52856868026164e-07, 'epoch': 41.17}
{'loss': 0.9163, 'learning_rate': 5.488489162498397e-07, 'epoch': 41.23}
{'loss': 0.9336, 'learning_rate': 5.448409644735156e-07, 'epoch': 41.3}
{'loss': 0.9083, 'learning_rate': 5.408330126971913e-07, 'epoch': 41.36}
{'loss': 0.9132, 'learning_rate': 5.368250609208671e-07, 'epoch': 41.43}
{'loss': 0.9139, 'learning_rate': 5.328171091445428e-07, 'epoch': 41.49}
{'loss': 0.9202, 'learning_rate': 5.288091573682186e-07, 'epoch': 41.55}
{'loss': 0.8967, 'learning_rate': 5.248012055918943e-07, 'epoch': 41.62}
{'loss': 0.9089, 'learning_rate': 5.207932538155702e-07, 'epoch': 41.68}
{'loss': 0.9182, 'learning_rate': 5.167853020392459e-07, 'epoch': 41.75}
{'loss': 0.9097, 'learning_rate': 5.127773502629217e-07, 'epoch': 41.81}
{'loss': 0.9095, 'learning_rate': 5.087693984865975e-07, 'epoch': 41.88}
{'loss': 0.9, 'learning_rate': 5.047614467102733e-07, 'epoch': 41.94}
{'loss': 0.9132, 'learning_rate': 5.007615108375017e-07, 'epoch': 42.0}
{'loss': 0.9003, 'learning_rate': 4.967535590611774e-07, 'epoch': 42.07}
{'loss': 0.9054, 'learning_rate': 4.927456072848532e-07, 'epoch': 42.13}
{'loss': 0.9285, 'learning_rate': 4.887376555085289e-07, 'epoch': 42.2}
{'loss': 0.9062, 'learning_rate': 4.8474573553931e-07, 'epoch': 42.26}
{'loss': 0.9047, 'learning_rate': 4.807377837629857e-07, 'epoch': 42.32}
{'loss': 0.9174, 'learning_rate': 4.767298319866616e-07, 'epoch': 42.39}
{'loss': 0.9227, 'learning_rate': 4.7272188021033734e-07, 'epoch': 42.45}
{'loss': 0.9035, 'learning_rate': 4.687139284340131e-07, 'epoch': 42.52}
{'loss': 0.9182, 'learning_rate': 4.647059766576889e-07, 'epoch': 42.58}
{'loss': 0.8954, 'learning_rate': 4.607060407849173e-07, 'epoch': 42.64}
{'loss': 0.9063, 'learning_rate': 4.5669808900859305e-07, 'epoch': 42.71}
{'loss': 0.9251, 'learning_rate': 4.526901372322689e-07, 'epoch': 42.77}
{'loss': 0.9072, 'learning_rate': 4.4868218545594466e-07, 'epoch': 42.84}
{'loss': 0.9156, 'learning_rate': 4.446742336796204e-07, 'epoch': 42.9}
{'loss': 0.9123, 'learning_rate': 4.406742978068488e-07, 'epoch': 42.97}
{'loss': 0.9114, 'learning_rate': 4.366663460305246e-07, 'epoch': 43.03}
{'loss': 0.9144, 'learning_rate': 4.3265839425420037e-07, 'epoch': 43.09}
{'loss': 0.9126, 'learning_rate': 4.286584583814288e-07, 'epoch': 43.16}
{'loss': 0.8925, 'learning_rate': 4.246505066051046e-07, 'epoch': 43.22}
{'loss': 0.8954, 'learning_rate': 4.2064255482878033e-07, 'epoch': 43.29}
{'loss': 0.9118, 'learning_rate': 4.166346030524561e-07, 'epoch': 43.35}
{'loss': 0.9045, 'learning_rate': 4.1262665127613193e-07, 'epoch': 43.41}
{'loss': 0.916, 'learning_rate': 4.086186994998077e-07, 'epoch': 43.48}
{'loss': 0.921, 'learning_rate': 4.0461074772348343e-07, 'epoch': 43.54}
{'loss': 0.9051, 'learning_rate': 4.0060279594715923e-07, 'epoch': 43.61}
{'loss': 0.9235, 'learning_rate': 3.9660286007438764e-07, 'epoch': 43.67}
{'loss': 0.8826, 'learning_rate': 3.925949082980634e-07, 'epoch': 43.73}
{'loss': 0.9206, 'learning_rate': 3.8858695652173914e-07, 'epoch': 43.8}
{'loss': 0.93, 'learning_rate': 3.8457900474541494e-07, 'epoch': 43.86}
{'loss': 0.9015, 'learning_rate': 3.805710529690907e-07, 'epoch': 43.93}
{'loss': 0.9239, 'learning_rate': 3.7656310119276644e-07, 'epoch': 43.99}
{'loss': 0.9274, 'learning_rate': 3.7256316531999485e-07, 'epoch': 44.06}
{'loss': 0.9097, 'learning_rate': 3.685552135436707e-07, 'epoch': 44.12}
{'loss': 0.9139, 'learning_rate': 3.6454726176734645e-07, 'epoch': 44.18}
{'loss': 0.9171, 'learning_rate': 3.605393099910222e-07, 'epoch': 44.25}
{'loss': 0.8971, 'learning_rate': 3.56531358214698e-07, 'epoch': 44.31}
{'loss': 0.9086, 'learning_rate': 3.5252340643837375e-07, 'epoch': 44.38}
{'loss': 0.8979, 'learning_rate': 3.4852347056560216e-07, 'epoch': 44.44}
{'loss': 0.8996, 'learning_rate': 3.4451551878927796e-07, 'epoch': 44.5}
{'loss': 0.9238, 'learning_rate': 3.405075670129537e-07, 'epoch': 44.57}
{'loss': 0.9404, 'learning_rate': 3.3649961523662946e-07, 'epoch': 44.63}
{'loss': 0.9147, 'learning_rate': 3.324916634603053e-07, 'epoch': 44.7}
{'loss': 0.9046, 'learning_rate': 3.2849172758753373e-07, 'epoch': 44.76}
{'loss': 0.9027, 'learning_rate': 3.244837758112095e-07, 'epoch': 44.82}
{'loss': 0.8816, 'learning_rate': 3.204758240348852e-07, 'epoch': 44.89}
{'loss': 0.9076, 'learning_rate': 3.1646787225856103e-07, 'epoch': 44.95}
{'loss': 0.9012, 'learning_rate': 3.1246793638578944e-07, 'epoch': 45.02}
{'loss': 0.908, 'learning_rate': 3.084599846094652e-07, 'epoch': 45.08}
{'loss': 0.9132, 'learning_rate': 3.04452032833141e-07, 'epoch': 45.15}
{'loss': 0.908, 'learning_rate': 3.0044408105681674e-07, 'epoch': 45.21}
{'loss': 0.8875, 'learning_rate': 2.964361292804925e-07, 'epoch': 45.27}
{'loss': 0.9005, 'learning_rate': 2.924281775041683e-07, 'epoch': 45.34}
{'loss': 0.9155, 'learning_rate': 2.884282416313967e-07, 'epoch': 45.4}
{'loss': 0.9027, 'learning_rate': 2.844202898550725e-07, 'epoch': 45.47}
{'loss': 0.9184, 'learning_rate': 2.8041233807874825e-07, 'epoch': 45.53}
{'loss': 0.9191, 'learning_rate': 2.76404386302424e-07, 'epoch': 45.59}
{'loss': 0.9029, 'learning_rate': 2.723964345260998e-07, 'epoch': 45.66}
{'loss': 0.9007, 'learning_rate': 2.683884827497756e-07, 'epoch': 45.72}
{'loss': 0.9037, 'learning_rate': 2.64388546877004e-07, 'epoch': 45.79}
{'loss': 0.918, 'learning_rate': 2.6038059510067976e-07, 'epoch': 45.85}
{'loss': 0.898, 'learning_rate': 2.563726433243555e-07, 'epoch': 45.92}
{'loss': 0.9136, 'learning_rate': 2.5237270745158397e-07, 'epoch': 45.98}
{'loss': 0.9019, 'learning_rate': 2.483647556752597e-07, 'epoch': 46.04}
{'loss': 0.8929, 'learning_rate': 2.4436481980248813e-07, 'epoch': 46.11}
{'loss': 0.9066, 'learning_rate': 2.403648839297166e-07, 'epoch': 46.17}
{'loss': 0.9058, 'learning_rate': 2.3635693215339234e-07, 'epoch': 46.24}
{'loss': 0.9039, 'learning_rate': 2.3234898037706812e-07, 'epoch': 46.3}
{'loss': 0.9087, 'learning_rate': 2.283410286007439e-07, 'epoch': 46.36}
{'loss': 0.9102, 'learning_rate': 2.2433307682441964e-07, 'epoch': 46.43}
{'loss': 0.894, 'learning_rate': 2.2032512504809544e-07, 'epoch': 46.49}
{'loss': 0.8923, 'learning_rate': 2.1631717327177122e-07, 'epoch': 46.56}
{'loss': 0.9002, 'learning_rate': 2.1230922149544697e-07, 'epoch': 46.62}
{'loss': 0.9134, 'learning_rate': 2.0830126971912274e-07, 'epoch': 46.68}
{'loss': 0.8958, 'learning_rate': 2.0429331794279855e-07, 'epoch': 46.75}
{'loss': 0.921, 'learning_rate': 2.002853661664743e-07, 'epoch': 46.81}
{'loss': 0.8867, 'learning_rate': 1.9628543029370273e-07, 'epoch': 46.88}
{'loss': 0.9091, 'learning_rate': 1.9227747851737848e-07, 'epoch': 46.94}
{'loss': 0.9065, 'learning_rate': 1.8826952674105426e-07, 'epoch': 47.01}
{'loss': 0.9092, 'learning_rate': 1.8426157496473006e-07, 'epoch': 47.07}
{'loss': 0.9102, 'learning_rate': 1.802536231884058e-07, 'epoch': 47.13}
{'loss': 0.9131, 'learning_rate': 1.7624567141208158e-07, 'epoch': 47.2}
{'loss': 0.8929, 'learning_rate': 1.7223771963575736e-07, 'epoch': 47.26}
{'loss': 0.9212, 'learning_rate': 1.682297678594331e-07, 'epoch': 47.33}
{'loss': 0.9004, 'learning_rate': 1.642218160831089e-07, 'epoch': 47.39}
{'loss': 0.8961, 'learning_rate': 1.6021386430678468e-07, 'epoch': 47.45}
{'loss': 0.9165, 'learning_rate': 1.5620591253046046e-07, 'epoch': 47.52}
{'loss': 0.9262, 'learning_rate': 1.521979607541362e-07, 'epoch': 47.58}
{'loss': 0.9171, 'learning_rate': 1.4819000897781198e-07, 'epoch': 47.65}
{'loss': 0.9081, 'learning_rate': 1.4419007310504042e-07, 'epoch': 47.71}
{'loss': 0.8849, 'learning_rate': 1.4018212132871617e-07, 'epoch': 47.77}
{'loss': 0.9084, 'learning_rate': 1.3617416955239197e-07, 'epoch': 47.84}
{'loss': 0.8998, 'learning_rate': 1.3216621777606772e-07, 'epoch': 47.9}
{'loss': 0.8998, 'learning_rate': 1.281582659997435e-07, 'epoch': 47.97}
{'loss': 0.9045, 'learning_rate': 1.2415031422341927e-07, 'epoch': 48.03}
{'loss': 0.8928, 'learning_rate': 1.2015037835064768e-07, 'epoch': 48.1}
{'loss': 0.8972, 'learning_rate': 1.1614242657432346e-07, 'epoch': 48.16}
{'loss': 0.8893, 'learning_rate': 1.1213447479799924e-07, 'epoch': 48.22}
{'loss': 0.9003, 'learning_rate': 1.0813453892522765e-07, 'epoch': 48.29}
{'loss': 0.8963, 'learning_rate': 1.0413460305245609e-07, 'epoch': 48.35}
{'loss': 0.8816, 'learning_rate': 1.0012665127613185e-07, 'epoch': 48.42}
{'loss': 0.9123, 'learning_rate': 9.611869949980761e-08, 'epoch': 48.48}
{'loss': 0.9081, 'learning_rate': 9.21107477234834e-08, 'epoch': 48.54}
{'loss': 0.8934, 'learning_rate': 8.810279594715917e-08, 'epoch': 48.61}
{'loss': 0.9047, 'learning_rate': 8.409484417083494e-08, 'epoch': 48.67}
{'loss': 0.8955, 'learning_rate': 8.009490829806336e-08, 'epoch': 48.74}
{'loss': 0.917, 'learning_rate': 7.608695652173914e-08, 'epoch': 48.8}
{'loss': 0.8934, 'learning_rate': 7.20790047454149e-08, 'epoch': 48.86}
{'loss': 0.9084, 'learning_rate': 6.807105296909068e-08, 'epoch': 48.93}
{'loss': 0.9237, 'learning_rate': 6.406310119276645e-08, 'epoch': 48.99}
{'loss': 0.8974, 'learning_rate': 6.005514941644223e-08, 'epoch': 49.06}
{'loss': 0.8956, 'learning_rate': 5.6047197640118e-08, 'epoch': 49.12}
{'loss': 0.9138, 'learning_rate': 5.204726176734642e-08, 'epoch': 49.19}
{'loss': 0.9012, 'learning_rate': 4.8039309991022196e-08, 'epoch': 49.25}
{'loss': 0.9047, 'learning_rate': 4.403135821469796e-08, 'epoch': 49.31}
{'loss': 0.9049, 'learning_rate': 4.0023406438373733e-08, 'epoch': 49.38}
{'loss': 0.9073, 'learning_rate': 3.601545466204951e-08, 'epoch': 49.44}
{'loss': 0.8984, 'learning_rate': 3.2007502885725284e-08, 'epoch': 49.51}
{'loss': 0.8996, 'learning_rate': 2.7999551109401053e-08, 'epoch': 49.57}
{'loss': 0.9158, 'learning_rate': 2.399159933307683e-08, 'epoch': 49.63}
{'loss': 0.894, 'learning_rate': 1.9983647556752598e-08, 'epoch': 49.7}
{'loss': 0.9234, 'learning_rate': 1.597569578042837e-08, 'epoch': 49.76}
{'loss': 0.8915, 'learning_rate': 1.1967744004104144e-08, 'epoch': 49.83}
{'loss': 0.8999, 'learning_rate': 7.959792227779916e-09, 'epoch': 49.89}
{'loss': 0.9047, 'learning_rate': 3.951840451455688e-09, 'epoch': 49.96}
{'train_runtime': 306550.7866, 'train_samples_per_second': 2.543, 'train_steps_per_second': 1.272, 'train_loss': 1.2967766631810012, 'epoch': 50.0}
FINISH
