Sun Jul 31 19:36:49 2022       
+-----------------------------------------------------------------------------+
| NVIDIA-SMI 460.73.01    Driver Version: 460.73.01    CUDA Version: 11.2     |
|-------------------------------+----------------------+----------------------+
| GPU  Name        Persistence-M| Bus-Id        Disp.A | Volatile Uncorr. ECC |
| Fan  Temp  Perf  Pwr:Usage/Cap|         Memory-Usage | GPU-Util  Compute M. |
|                               |                      |               MIG M. |
|===============================+======================+======================|
|   0  A10                 On   | 00000000:44:00.0 Off |                    0 |
|  0%   24C    P8    15W / 150W |      0MiB / 22731MiB |      0%      Default |
|                               |                      |                  N/A |
+-------------------------------+----------------------+----------------------+
                                                                               
+-----------------------------------------------------------------------------+
| Processes:                                                                  |
|  GPU   GI   CI        PID   Type   Process name                  GPU Memory |
|        ID   ID                                                   Usage      |
|=============================================================================|
|  No running processes found                                                 |
+-----------------------------------------------------------------------------+
nvcc: NVIDIA (R) Cuda compiler driver
Copyright (c) 2005-2020 NVIDIA Corporation
Built on Mon_Oct_12_20:09:46_PDT_2020
Cuda compilation tools, release 11.1, V11.1.105
Build cuda_11.1.TC455_06.29190527_0
START
2022-07-31 19:37:26.497525
Namespace(batch_size=2, ckpt='/gpfsnyu/scratch/yw3642/hf-models/microsoft_deberta-v2-xlarge', epochs=35, exp=21, gradient_checkpointing=True, lr=5e-06, max_len=1024, mlm_prob=0.3, seed=-1, weight_decay=0.0)
seed= 7419
n_train=15594
{'loss': 12.867, 'learning_rate': 4.488905989483135e-08, 'epoch': 0.06}
{'loss': 8.7533, 'learning_rate': 9.051100240019055e-08, 'epoch': 0.13}
{'loss': 7.2447, 'learning_rate': 1.3631616555818172e-07, 'epoch': 0.19}
{'loss': 6.9516, 'learning_rate': 1.821213287161729e-07, 'epoch': 0.26}
{'loss': 6.852, 'learning_rate': 2.2792649187416408e-07, 'epoch': 0.32}
{'loss': 6.765, 'learning_rate': 2.7373165503215525e-07, 'epoch': 0.38}
{'loss': 6.7224, 'learning_rate': 3.195368181901464e-07, 'epoch': 0.45}
{'loss': 6.6666, 'learning_rate': 3.653419813481376e-07, 'epoch': 0.51}
{'loss': 6.64, 'learning_rate': 4.1114714450612875e-07, 'epoch': 0.58}
{'loss': 6.5581, 'learning_rate': 4.5695230766411997e-07, 'epoch': 0.64}
{'loss': 6.4658, 'learning_rate': 5.027574708221111e-07, 'epoch': 0.71}
{'loss': 6.461, 'learning_rate': 5.485626339801023e-07, 'epoch': 0.77}
{'loss': 6.4288, 'learning_rate': 5.943677971380934e-07, 'epoch': 0.83}
{'loss': 6.364, 'learning_rate': 6.401729602960846e-07, 'epoch': 0.9}
{'loss': 6.3371, 'learning_rate': 6.859781234540758e-07, 'epoch': 0.96}
{'loss': 6.2993, 'learning_rate': 7.317832866120669e-07, 'epoch': 1.03}
{'loss': 6.2777, 'learning_rate': 7.775884497700581e-07, 'epoch': 1.09}
{'loss': 6.228, 'learning_rate': 8.233936129280493e-07, 'epoch': 1.15}
{'loss': 6.2147, 'learning_rate': 8.691987760860405e-07, 'epoch': 1.22}
{'loss': 6.2112, 'learning_rate': 9.150039392440317e-07, 'epoch': 1.28}
{'loss': 6.1873, 'learning_rate': 9.60809102402023e-07, 'epoch': 1.35}
{'loss': 6.1701, 'learning_rate': 1.0066142655600141e-06, 'epoch': 1.41}
{'loss': 6.151, 'learning_rate': 1.0524194287180053e-06, 'epoch': 1.47}
{'loss': 6.1461, 'learning_rate': 1.0982245918759963e-06, 'epoch': 1.54}
{'loss': 6.1108, 'learning_rate': 1.1440297550339874e-06, 'epoch': 1.6}
{'loss': 6.0913, 'learning_rate': 1.1898349181919786e-06, 'epoch': 1.67}
{'loss': 6.1159, 'learning_rate': 1.2356400813499698e-06, 'epoch': 1.73}
{'loss': 6.106, 'learning_rate': 1.2814452445079611e-06, 'epoch': 1.8}
{'loss': 6.0713, 'learning_rate': 1.3272504076659523e-06, 'epoch': 1.86}
{'loss': 6.0594, 'learning_rate': 1.3730555708239435e-06, 'epoch': 1.92}
{'loss': 6.0377, 'learning_rate': 1.4188607339819346e-06, 'epoch': 1.99}
{'loss': 6.0569, 'learning_rate': 1.4646658971399258e-06, 'epoch': 2.05}
{'loss': 6.0406, 'learning_rate': 1.510471060297917e-06, 'epoch': 2.12}
{'loss': 6.0156, 'learning_rate': 1.5562762234559081e-06, 'epoch': 2.18}
{'loss': 6.0226, 'learning_rate': 1.6020813866138993e-06, 'epoch': 2.24}
{'loss': 6.0166, 'learning_rate': 1.6478865497718905e-06, 'epoch': 2.31}
{'loss': 6.0249, 'learning_rate': 1.6936917129298816e-06, 'epoch': 2.37}
{'loss': 6.0203, 'learning_rate': 1.7394968760878728e-06, 'epoch': 2.44}
{'loss': 6.0098, 'learning_rate': 1.785302039245864e-06, 'epoch': 2.5}
{'loss': 6.0037, 'learning_rate': 1.8311072024038551e-06, 'epoch': 2.57}
{'loss': 5.9886, 'learning_rate': 1.8769123655618463e-06, 'epoch': 2.63}
{'loss': 5.9726, 'learning_rate': 1.9227175287198373e-06, 'epoch': 2.69}
{'loss': 5.9746, 'learning_rate': 1.9685226918778287e-06, 'epoch': 2.76}
{'loss': 5.9792, 'learning_rate': 2.0143278550358196e-06, 'epoch': 2.82}
{'loss': 5.9738, 'learning_rate': 2.060133018193811e-06, 'epoch': 2.89}
{'loss': 5.975, 'learning_rate': 2.105938181351802e-06, 'epoch': 2.95}
{'loss': 5.9923, 'learning_rate': 2.1517433445097933e-06, 'epoch': 3.01}
{'loss': 5.9739, 'learning_rate': 2.1974568973414686e-06, 'epoch': 3.08}
{'loss': 5.9555, 'learning_rate': 2.2432620604994595e-06, 'epoch': 3.14}
{'loss': 5.9567, 'learning_rate': 2.289067223657451e-06, 'epoch': 3.21}
{'loss': 5.9599, 'learning_rate': 2.3348723868154423e-06, 'epoch': 3.27}
{'loss': 5.9541, 'learning_rate': 2.3806775499734332e-06, 'epoch': 3.33}
{'loss': 5.952, 'learning_rate': 2.4264827131314246e-06, 'epoch': 3.4}
{'loss': 5.9438, 'learning_rate': 2.4722878762894156e-06, 'epoch': 3.46}
{'loss': 5.9737, 'learning_rate': 2.518001429121091e-06, 'epoch': 3.53}
{'loss': 5.9524, 'learning_rate': 2.563806592279082e-06, 'epoch': 3.59}
{'loss': 5.9345, 'learning_rate': 2.609611755437073e-06, 'epoch': 3.66}
{'loss': 5.9367, 'learning_rate': 2.655416918595064e-06, 'epoch': 3.72}
{'loss': 5.9505, 'learning_rate': 2.7012220817530555e-06, 'epoch': 3.78}
{'loss': 5.9603, 'learning_rate': 2.7469356345847308e-06, 'epoch': 3.85}
{'loss': 5.9378, 'learning_rate': 2.7927407977427217e-06, 'epoch': 3.91}
{'loss': 5.9428, 'learning_rate': 2.838545960900713e-06, 'epoch': 3.98}
{'loss': 5.9484, 'learning_rate': 2.884351124058704e-06, 'epoch': 4.04}
{'loss': 5.955, 'learning_rate': 2.9299730665640636e-06, 'epoch': 4.1}
{'loss': 5.9324, 'learning_rate': 2.9757782297220546e-06, 'epoch': 4.17}
{'loss': 5.9292, 'learning_rate': 3.021583392880046e-06, 'epoch': 4.23}
{'loss': 5.9115, 'learning_rate': 3.067388556038037e-06, 'epoch': 4.3}
{'loss': 5.9167, 'learning_rate': 3.1131937191960283e-06, 'epoch': 4.36}
{'loss': 5.9143, 'learning_rate': 3.1589988823540192e-06, 'epoch': 4.42}
{'loss': 5.9297, 'learning_rate': 3.2048040455120106e-06, 'epoch': 4.49}
{'loss': 5.9412, 'learning_rate': 3.2506092086700016e-06, 'epoch': 4.55}
{'loss': 5.9315, 'learning_rate': 3.296414371827993e-06, 'epoch': 4.62}
{'loss': 5.9226, 'learning_rate': 3.342219534985984e-06, 'epoch': 4.68}
{'loss': 5.9247, 'learning_rate': 3.3880246981439753e-06, 'epoch': 4.75}
{'loss': 5.9018, 'learning_rate': 3.4338298613019662e-06, 'epoch': 4.81}
{'loss': 5.9127, 'learning_rate': 3.4796350244599576e-06, 'epoch': 4.87}
{'loss': 5.9016, 'learning_rate': 3.5253485772916325e-06, 'epoch': 4.94}
{'loss': 5.9127, 'learning_rate': 3.5710621301233077e-06, 'epoch': 5.0}
{'loss': 5.9011, 'learning_rate': 3.6168672932812987e-06, 'epoch': 5.07}
{'loss': 5.8908, 'learning_rate': 3.66267245643929e-06, 'epoch': 5.13}
{'loss': 5.9023, 'learning_rate': 3.7084776195972814e-06, 'epoch': 5.19}
{'loss': 5.9003, 'learning_rate': 3.7542827827552724e-06, 'epoch': 5.26}
{'loss': 5.91, 'learning_rate': 3.8000879459132638e-06, 'epoch': 5.32}
{'loss': 5.9137, 'learning_rate': 3.845801498744939e-06, 'epoch': 5.39}
{'loss': 5.9078, 'learning_rate': 3.891515051576614e-06, 'epoch': 5.45}
{'loss': 5.9175, 'learning_rate': 3.937320214734605e-06, 'epoch': 5.51}
{'loss': 5.9262, 'learning_rate': 3.983125377892597e-06, 'epoch': 5.58}
{'loss': 5.9261, 'learning_rate': 4.028930541050588e-06, 'epoch': 5.64}
{'loss': 5.9019, 'learning_rate': 4.0747357042085785e-06, 'epoch': 5.71}
{'loss': 5.9182, 'learning_rate': 4.1205408673665695e-06, 'epoch': 5.77}
{'loss': 5.8928, 'learning_rate': 4.166346030524561e-06, 'epoch': 5.84}
{'loss': 5.912, 'learning_rate': 4.212151193682552e-06, 'epoch': 5.9}
{'loss': 5.8783, 'learning_rate': 4.257864746514228e-06, 'epoch': 5.96}
{'loss': 5.89, 'learning_rate': 4.303669909672218e-06, 'epoch': 6.03}
{'loss': 5.9089, 'learning_rate': 4.34947507283021e-06, 'epoch': 6.09}
{'loss': 5.8764, 'learning_rate': 4.395280235988201e-06, 'epoch': 6.16}
{'loss': 5.8945, 'learning_rate': 4.441085399146193e-06, 'epoch': 6.22}
{'loss': 5.8916, 'learning_rate': 4.486890562304183e-06, 'epoch': 6.28}
{'loss': 5.8959, 'learning_rate': 4.5326957254621745e-06, 'epoch': 6.35}
{'loss': 5.9098, 'learning_rate': 4.5785008886201655e-06, 'epoch': 6.41}
{'loss': 5.9074, 'learning_rate': 4.624306051778156e-06, 'epoch': 6.48}
{'loss': 5.8831, 'learning_rate': 4.670111214936147e-06, 'epoch': 6.54}
{'loss': 5.8629, 'learning_rate': 4.715916378094139e-06, 'epoch': 6.61}
{'loss': 5.9039, 'learning_rate': 4.761629930925815e-06, 'epoch': 6.67}
{'loss': 5.9048, 'learning_rate': 4.8072518734311736e-06, 'epoch': 6.73}
{'loss': 5.8878, 'learning_rate': 4.852965426262849e-06, 'epoch': 6.8}
{'loss': 5.8763, 'learning_rate': 4.89877058942084e-06, 'epoch': 6.86}
{'loss': 5.8986, 'learning_rate': 4.944575752578831e-06, 'epoch': 6.93}
{'loss': 5.8934, 'learning_rate': 4.990380915736822e-06, 'epoch': 6.99}
{'loss': 5.9015, 'learning_rate': 4.990953480276297e-06, 'epoch': 7.05}
{'loss': 5.863, 'learning_rate': 4.9795021894868e-06, 'epoch': 7.12}
{'loss': 5.8605, 'learning_rate': 4.9680508986973016e-06, 'epoch': 7.18}
{'loss': 5.8873, 'learning_rate': 4.956599607907803e-06, 'epoch': 7.25}
{'loss': 5.8683, 'learning_rate': 4.945148317118306e-06, 'epoch': 7.31}
{'loss': 5.8946, 'learning_rate': 4.933719928910387e-06, 'epoch': 7.37}
{'loss': 5.8716, 'learning_rate': 4.92226863812089e-06, 'epoch': 7.44}
{'loss': 5.8788, 'learning_rate': 4.9108173473313915e-06, 'epoch': 7.5}
{'loss': 5.8715, 'learning_rate': 4.899366056541894e-06, 'epoch': 7.57}
{'loss': 5.8694, 'learning_rate': 4.887914765752396e-06, 'epoch': 7.63}
{'loss': 5.8967, 'learning_rate': 4.876463474962898e-06, 'epoch': 7.7}
{'loss': 5.874, 'learning_rate': 4.8650121841734005e-06, 'epoch': 7.76}
{'loss': 5.8786, 'learning_rate': 4.853560893383903e-06, 'epoch': 7.82}
{'loss': 5.8842, 'learning_rate': 4.842109602594405e-06, 'epoch': 7.89}
{'loss': 5.86, 'learning_rate': 4.830658311804907e-06, 'epoch': 7.95}
{'loss': 5.8727, 'learning_rate': 4.819207021015409e-06, 'epoch': 8.02}
{'loss': 5.8691, 'learning_rate': 4.807755730225911e-06, 'epoch': 8.08}
{'loss': 5.8514, 'learning_rate': 4.796304439436414e-06, 'epoch': 8.14}
{'loss': 5.8805, 'learning_rate': 4.784853148646916e-06, 'epoch': 8.21}
{'loss': 5.8607, 'learning_rate': 4.773401857857418e-06, 'epoch': 8.27}
{'loss': 5.8715, 'learning_rate': 4.7619505670679204e-06, 'epoch': 8.34}
{'loss': 5.8525, 'learning_rate': 4.750499276278422e-06, 'epoch': 8.4}
{'loss': 5.8498, 'learning_rate': 4.739047985488925e-06, 'epoch': 8.46}
{'loss': 5.8677, 'learning_rate': 4.727596694699427e-06, 'epoch': 8.53}
{'loss': 5.8722, 'learning_rate': 4.7161454039099295e-06, 'epoch': 8.59}
{'loss': 5.8633, 'learning_rate': 4.704694113120431e-06, 'epoch': 8.66}
{'loss': 5.8681, 'learning_rate': 4.693265724912512e-06, 'epoch': 8.72}
{'loss': 5.8571, 'learning_rate': 4.681814434123015e-06, 'epoch': 8.79}
{'loss': 5.8737, 'learning_rate': 4.670363143333517e-06, 'epoch': 8.85}
{'loss': 5.8592, 'learning_rate': 4.658934755125598e-06, 'epoch': 8.91}
{'loss': 5.858, 'learning_rate': 4.6474834643361e-06, 'epoch': 8.98}
{'loss': 5.8465, 'learning_rate': 4.636032173546602e-06, 'epoch': 9.04}
{'loss': 5.8433, 'learning_rate': 4.624580882757105e-06, 'epoch': 9.11}
{'loss': 5.8543, 'learning_rate': 4.6131295919676075e-06, 'epoch': 9.17}
{'loss': 5.8532, 'learning_rate': 4.601678301178109e-06, 'epoch': 9.23}
{'loss': 5.8501, 'learning_rate': 4.590227010388611e-06, 'epoch': 9.3}
{'loss': 5.8611, 'learning_rate': 4.578775719599113e-06, 'epoch': 9.36}
{'loss': 5.8499, 'learning_rate': 4.567347331391195e-06, 'epoch': 9.43}
{'loss': 5.8426, 'learning_rate': 4.555896040601697e-06, 'epoch': 9.49}
{'loss': 5.8469, 'learning_rate': 4.544444749812199e-06, 'epoch': 9.55}
{'loss': 5.8518, 'learning_rate': 4.53301636160428e-06, 'epoch': 9.62}
{'loss': 5.8515, 'learning_rate': 4.521565070814783e-06, 'epoch': 9.68}
{'loss': 5.8559, 'learning_rate': 4.510113780025285e-06, 'epoch': 9.75}
{'loss': 5.8467, 'learning_rate': 4.498662489235787e-06, 'epoch': 9.81}
{'loss': 5.8638, 'learning_rate': 4.487234101027868e-06, 'epoch': 9.88}
{'loss': 5.85, 'learning_rate': 4.475782810238371e-06, 'epoch': 9.94}
{'loss': 5.8681, 'learning_rate': 4.464331519448873e-06, 'epoch': 10.0}
{'loss': 5.8234, 'learning_rate': 4.4528802286593745e-06, 'epoch': 10.07}
{'loss': 5.8554, 'learning_rate': 4.441428937869877e-06, 'epoch': 10.13}
{'loss': 5.8543, 'learning_rate': 4.430000549661958e-06, 'epoch': 10.2}
{'loss': 5.842, 'learning_rate': 4.418549258872461e-06, 'epoch': 10.26}
{'loss': 5.8657, 'learning_rate': 4.407097968082963e-06, 'epoch': 10.32}
{'loss': 5.8497, 'learning_rate': 4.3956466772934644e-06, 'epoch': 10.39}
{'loss': 5.8543, 'learning_rate': 4.384195386503967e-06, 'epoch': 10.45}
{'loss': 5.8322, 'learning_rate': 4.37274409571447e-06, 'epoch': 10.52}
{'loss': 5.8293, 'learning_rate': 4.361292804924972e-06, 'epoch': 10.58}
{'loss': 5.854, 'learning_rate': 4.3498415141354735e-06, 'epoch': 10.65}
{'loss': 5.8388, 'learning_rate': 4.338413125927554e-06, 'epoch': 10.71}
{'loss': 5.8369, 'learning_rate': 4.326961835138057e-06, 'epoch': 10.77}
{'loss': 5.8225, 'learning_rate': 4.31551054434856e-06, 'epoch': 10.84}
{'loss': 5.847, 'learning_rate': 4.3040592535590615e-06, 'epoch': 10.9}
{'loss': 5.8453, 'learning_rate': 4.292607962769564e-06, 'epoch': 10.97}
{'loss': 5.8534, 'learning_rate': 4.281179574561645e-06, 'epoch': 11.03}
{'loss': 5.8514, 'learning_rate': 4.269751186353726e-06, 'epoch': 11.09}
{'loss': 5.8373, 'learning_rate': 4.258322798145808e-06, 'epoch': 11.16}
{'loss': 5.8364, 'learning_rate': 4.2468715073563095e-06, 'epoch': 11.22}
{'loss': 5.8191, 'learning_rate': 4.235420216566812e-06, 'epoch': 11.29}
{'loss': 5.829, 'learning_rate': 4.223968925777314e-06, 'epoch': 11.35}
{'loss': 5.8181, 'learning_rate': 4.212517634987816e-06, 'epoch': 11.41}
{'loss': 5.851, 'learning_rate': 4.2010663441983186e-06, 'epoch': 11.48}
{'loss': 5.8341, 'learning_rate': 4.18961505340882e-06, 'epoch': 11.54}
{'loss': 5.8315, 'learning_rate': 4.178163762619323e-06, 'epoch': 11.61}
{'loss': 5.8376, 'learning_rate': 4.166712471829825e-06, 'epoch': 11.67}
{'loss': 5.8459, 'learning_rate': 4.155261181040327e-06, 'epoch': 11.74}
{'loss': 5.8429, 'learning_rate': 4.1438098902508294e-06, 'epoch': 11.8}
{'loss': 5.8378, 'learning_rate': 4.132358599461332e-06, 'epoch': 11.86}
{'loss': 5.822, 'learning_rate': 4.120930211253413e-06, 'epoch': 11.93}
{'loss': 5.8216, 'learning_rate': 4.109501823045494e-06, 'epoch': 11.99}
{'loss': 5.8098, 'learning_rate': 4.098050532255996e-06, 'epoch': 12.06}
{'loss': 5.8107, 'learning_rate': 4.086599241466498e-06, 'epoch': 12.12}
{'loss': 5.8303, 'learning_rate': 4.075147950677001e-06, 'epoch': 12.18}
{'loss': 5.8365, 'learning_rate': 4.063696659887503e-06, 'epoch': 12.25}
{'loss': 5.8096, 'learning_rate': 4.052245369098005e-06, 'epoch': 12.31}
{'loss': 5.8466, 'learning_rate': 4.040794078308507e-06, 'epoch': 12.38}
{'loss': 5.804, 'learning_rate': 4.029342787519009e-06, 'epoch': 12.44}
{'loss': 5.8192, 'learning_rate': 4.017914399311091e-06, 'epoch': 12.5}
{'loss': 5.8381, 'learning_rate': 4.006463108521593e-06, 'epoch': 12.57}
{'loss': 5.8348, 'learning_rate': 3.9950118177320955e-06, 'epoch': 12.63}
{'loss': 5.8297, 'learning_rate': 3.983560526942597e-06, 'epoch': 12.7}
{'loss': 5.8302, 'learning_rate': 3.972132138734678e-06, 'epoch': 12.76}
{'loss': 5.8511, 'learning_rate': 3.960680847945181e-06, 'epoch': 12.83}
{'loss': 5.8459, 'learning_rate': 3.949229557155683e-06, 'epoch': 12.89}
{'loss': 5.8174, 'learning_rate': 3.937778266366185e-06, 'epoch': 12.95}
{'loss': 5.8325, 'learning_rate': 3.926349878158266e-06, 'epoch': 13.02}
{'loss': 5.8131, 'learning_rate': 3.914898587368768e-06, 'epoch': 13.08}
{'loss': 5.8059, 'learning_rate': 3.903447296579271e-06, 'epoch': 13.15}
{'loss': 5.8329, 'learning_rate': 3.8919960057897735e-06, 'epoch': 13.21}
{'loss': 5.8261, 'learning_rate': 3.880567617581854e-06, 'epoch': 13.27}
{'loss': 5.8162, 'learning_rate': 3.869116326792356e-06, 'epoch': 13.34}
{'loss': 5.8098, 'learning_rate': 3.857665036002858e-06, 'epoch': 13.4}
{'loss': 5.8454, 'learning_rate': 3.846213745213361e-06, 'epoch': 13.47}
{'loss': 5.82, 'learning_rate': 3.834762454423863e-06, 'epoch': 13.53}
{'loss': 5.8305, 'learning_rate': 3.823334066215944e-06, 'epoch': 13.59}
{'loss': 5.8189, 'learning_rate': 3.8118827754264465e-06, 'epoch': 13.66}
{'loss': 5.8284, 'learning_rate': 3.8004314846369484e-06, 'epoch': 13.72}
{'loss': 5.7955, 'learning_rate': 3.7889801938474506e-06, 'epoch': 13.79}
{'loss': 5.7965, 'learning_rate': 3.7775289030579533e-06, 'epoch': 13.85}
{'loss': 5.8124, 'learning_rate': 3.766077612268455e-06, 'epoch': 13.92}
{'loss': 5.8084, 'learning_rate': 3.7546263214789574e-06, 'epoch': 13.98}
{'loss': 5.7432, 'learning_rate': 3.7431750306894597e-06, 'epoch': 14.04}
{'loss': 5.5036, 'learning_rate': 3.7317237398999615e-06, 'epoch': 14.11}
{'loss': 5.0998, 'learning_rate': 3.7202953516920432e-06, 'epoch': 14.17}
{'loss': 4.6773, 'learning_rate': 3.708844060902545e-06, 'epoch': 14.24}
{'loss': 4.39, 'learning_rate': 3.6973927701130473e-06, 'epoch': 14.3}
{'loss': 4.1737, 'learning_rate': 3.68594147932355e-06, 'epoch': 14.36}
{'loss': 4.0886, 'learning_rate': 3.674490188534052e-06, 'epoch': 14.43}
{'loss': 3.972, 'learning_rate': 3.663061800326133e-06, 'epoch': 14.49}
{'loss': 3.8694, 'learning_rate': 3.6516105095366354e-06, 'epoch': 14.56}
{'loss': 3.7596, 'learning_rate': 3.6401592187471372e-06, 'epoch': 14.62}
{'loss': 3.7043, 'learning_rate': 3.62870792795764e-06, 'epoch': 14.69}
{'loss': 3.6277, 'learning_rate': 3.617279539749721e-06, 'epoch': 14.75}
{'loss': 3.5733, 'learning_rate': 3.605828248960223e-06, 'epoch': 14.81}
{'loss': 3.5434, 'learning_rate': 3.5943769581707253e-06, 'epoch': 14.88}
{'loss': 3.5241, 'learning_rate': 3.5829256673812276e-06, 'epoch': 14.94}
{'loss': 3.4467, 'learning_rate': 3.57147437659173e-06, 'epoch': 15.01}
{'loss': 3.4239, 'learning_rate': 3.5600459883838107e-06, 'epoch': 15.07}
{'loss': 3.3821, 'learning_rate': 3.548594697594313e-06, 'epoch': 15.13}
{'loss': 3.3305, 'learning_rate': 3.5371663093863947e-06, 'epoch': 15.2}
{'loss': 3.3395, 'learning_rate': 3.5257150185968965e-06, 'epoch': 15.26}
{'loss': 3.2763, 'learning_rate': 3.5142637278073988e-06, 'epoch': 15.33}
{'loss': 3.2995, 'learning_rate': 3.502812437017901e-06, 'epoch': 15.39}
{'loss': 3.2205, 'learning_rate': 3.491361146228403e-06, 'epoch': 15.45}
{'loss': 3.2276, 'learning_rate': 3.4799327580204846e-06, 'epoch': 15.52}
{'loss': 3.1695, 'learning_rate': 3.4684814672309864e-06, 'epoch': 15.58}
{'loss': 3.1572, 'learning_rate': 3.4570301764414887e-06, 'epoch': 15.65}
{'loss': 3.1395, 'learning_rate': 3.445578885651991e-06, 'epoch': 15.71}
{'loss': 3.108, 'learning_rate': 3.434150497444072e-06, 'epoch': 15.78}
{'loss': 3.0811, 'learning_rate': 3.4226992066545745e-06, 'epoch': 15.84}
{'loss': 3.0725, 'learning_rate': 3.4112479158650768e-06, 'epoch': 15.9}
{'loss': 3.0624, 'learning_rate': 3.3997966250755786e-06, 'epoch': 15.97}
{'loss': 3.0368, 'learning_rate': 3.3883453342860813e-06, 'epoch': 16.03}
{'loss': 3.0159, 'learning_rate': 3.376894043496583e-06, 'epoch': 16.1}
{'loss': 2.9805, 'learning_rate': 3.3654427527070854e-06, 'epoch': 16.16}
{'loss': 2.9733, 'learning_rate': 3.3539914619175877e-06, 'epoch': 16.22}
{'loss': 2.9834, 'learning_rate': 3.34254017112809e-06, 'epoch': 16.29}
{'loss': 2.9497, 'learning_rate': 3.331088880338592e-06, 'epoch': 16.35}
{'loss': 2.9312, 'learning_rate': 3.319637589549094e-06, 'epoch': 16.42}
{'loss': 2.938, 'learning_rate': 3.3082092013411753e-06, 'epoch': 16.48}
{'loss': 2.9092, 'learning_rate': 3.296757910551678e-06, 'epoch': 16.54}
{'loss': 2.9099, 'learning_rate': 3.28530661976218e-06, 'epoch': 16.61}
{'loss': 2.8737, 'learning_rate': 3.273855328972682e-06, 'epoch': 16.67}
{'loss': 2.8815, 'learning_rate': 3.2624269407647634e-06, 'epoch': 16.74}
{'loss': 2.8836, 'learning_rate': 3.2509756499752652e-06, 'epoch': 16.8}
{'loss': 2.871, 'learning_rate': 3.239524359185768e-06, 'epoch': 16.87}
{'loss': 2.8525, 'learning_rate': 3.2280959709778488e-06, 'epoch': 16.93}
{'loss': 2.8314, 'learning_rate': 3.216644680188351e-06, 'epoch': 16.99}
{'loss': 2.8183, 'learning_rate': 3.2051933893988533e-06, 'epoch': 17.06}
{'loss': 2.788, 'learning_rate': 3.1937420986093556e-06, 'epoch': 17.12}
{'loss': 2.7802, 'learning_rate': 3.182290807819858e-06, 'epoch': 17.19}
{'loss': 2.7875, 'learning_rate': 3.170862419611939e-06, 'epoch': 17.25}
{'loss': 2.7471, 'learning_rate': 3.159411128822441e-06, 'epoch': 17.31}
{'loss': 2.7407, 'learning_rate': 3.1479827406145227e-06, 'epoch': 17.38}
{'loss': 2.7512, 'learning_rate': 3.1365314498250245e-06, 'epoch': 17.44}
{'loss': 2.7621, 'learning_rate': 3.1250801590355268e-06, 'epoch': 17.51}
{'loss': 2.7552, 'learning_rate': 3.113628868246029e-06, 'epoch': 17.57}
{'loss': 2.7238, 'learning_rate': 3.102177577456531e-06, 'epoch': 17.63}
{'loss': 2.7018, 'learning_rate': 3.0907262866670335e-06, 'epoch': 17.7}
{'loss': 2.7129, 'learning_rate': 3.0792749958775354e-06, 'epoch': 17.76}
{'loss': 2.7251, 'learning_rate': 3.0678237050880376e-06, 'epoch': 17.83}
{'loss': 2.6955, 'learning_rate': 3.0563953168801194e-06, 'epoch': 17.89}
{'loss': 2.6643, 'learning_rate': 3.044944026090621e-06, 'epoch': 17.96}
{'loss': 2.6705, 'learning_rate': 3.0334927353011235e-06, 'epoch': 18.02}
{'loss': 2.639, 'learning_rate': 3.0220414445116257e-06, 'epoch': 18.08}
{'loss': 2.6628, 'learning_rate': 3.0105901537221275e-06, 'epoch': 18.15}
{'loss': 2.6591, 'learning_rate': 2.9991388629326302e-06, 'epoch': 18.21}
{'loss': 2.6512, 'learning_rate': 2.987687572143132e-06, 'epoch': 18.28}
{'loss': 2.6335, 'learning_rate': 2.9762591839352134e-06, 'epoch': 18.34}
{'loss': 2.5997, 'learning_rate': 2.9648078931457156e-06, 'epoch': 18.4}
{'loss': 2.6168, 'learning_rate': 2.953356602356218e-06, 'epoch': 18.47}
{'loss': 2.6201, 'learning_rate': 2.94190531156672e-06, 'epoch': 18.53}
{'loss': 2.6136, 'learning_rate': 2.9304540207772224e-06, 'epoch': 18.6}
{'loss': 2.6245, 'learning_rate': 2.9190256325693033e-06, 'epoch': 18.66}
{'loss': 2.5909, 'learning_rate': 2.907574341779806e-06, 'epoch': 18.73}
{'loss': 2.5995, 'learning_rate': 2.896123050990308e-06, 'epoch': 18.79}
{'loss': 2.5693, 'learning_rate': 2.88467176020081e-06, 'epoch': 18.85}
{'loss': 2.611, 'learning_rate': 2.8732204694113123e-06, 'epoch': 18.92}
{'loss': 2.5871, 'learning_rate': 2.861769178621814e-06, 'epoch': 18.98}
{'loss': 2.5555, 'learning_rate': 2.850340790413896e-06, 'epoch': 19.05}
{'loss': 2.5449, 'learning_rate': 2.8388894996243977e-06, 'epoch': 19.11}
{'loss': 2.5528, 'learning_rate': 2.8274382088349e-06, 'epoch': 19.17}
{'loss': 2.5231, 'learning_rate': 2.8159869180454027e-06, 'epoch': 19.24}
{'loss': 2.5255, 'learning_rate': 2.8045356272559045e-06, 'epoch': 19.3}
{'loss': 2.5641, 'learning_rate': 2.7930843364664068e-06, 'epoch': 19.37}
{'loss': 2.5156, 'learning_rate': 2.781633045676909e-06, 'epoch': 19.43}
{'loss': 2.5326, 'learning_rate': 2.77020465746899e-06, 'epoch': 19.49}
{'loss': 2.5297, 'learning_rate': 2.7587533666794926e-06, 'epoch': 19.56}
{'loss': 2.5194, 'learning_rate': 2.7473020758899944e-06, 'epoch': 19.62}
{'loss': 2.5104, 'learning_rate': 2.7358507851004967e-06, 'epoch': 19.69}
{'loss': 2.4979, 'learning_rate': 2.7243994943109994e-06, 'epoch': 19.75}
{'loss': 2.5182, 'learning_rate': 2.712948203521501e-06, 'epoch': 19.82}
{'loss': 2.4812, 'learning_rate': 2.7014969127320034e-06, 'epoch': 19.88}
{'loss': 2.4745, 'learning_rate': 2.6900456219425057e-06, 'epoch': 19.94}
{'loss': 2.4833, 'learning_rate': 2.6786172337345866e-06, 'epoch': 20.01}
{'loss': 2.4777, 'learning_rate': 2.6671659429450893e-06, 'epoch': 20.07}
{'loss': 2.4676, 'learning_rate': 2.655714652155591e-06, 'epoch': 20.14}
{'loss': 2.4678, 'learning_rate': 2.6443091665292514e-06, 'epoch': 20.2}
{'loss': 2.4468, 'learning_rate': 2.6328578757397537e-06, 'epoch': 20.26}
{'loss': 2.4847, 'learning_rate': 2.6214065849502555e-06, 'epoch': 20.33}
{'loss': 2.4544, 'learning_rate': 2.609955294160758e-06, 'epoch': 20.39}
{'loss': 2.4519, 'learning_rate': 2.59850400337126e-06, 'epoch': 20.46}
{'loss': 2.4821, 'learning_rate': 2.5870756151633413e-06, 'epoch': 20.52}
{'loss': 2.4353, 'learning_rate': 2.5756243243738436e-06, 'epoch': 20.58}
{'loss': 2.4472, 'learning_rate': 2.564173033584346e-06, 'epoch': 20.65}
{'loss': 2.4263, 'learning_rate': 2.552721742794848e-06, 'epoch': 20.71}
{'loss': 2.4482, 'learning_rate': 2.5412704520053504e-06, 'epoch': 20.78}
{'loss': 2.4301, 'learning_rate': 2.5298420637974312e-06, 'epoch': 20.84}
{'loss': 2.407, 'learning_rate': 2.518390773007934e-06, 'epoch': 20.91}
{'loss': 2.4161, 'learning_rate': 2.5069394822184358e-06, 'epoch': 20.97}
{'loss': 2.4268, 'learning_rate': 2.495488191428938e-06, 'epoch': 21.03}
{'loss': 2.3998, 'learning_rate': 2.4840369006394403e-06, 'epoch': 21.1}
{'loss': 2.3951, 'learning_rate': 2.4725856098499426e-06, 'epoch': 21.16}
{'loss': 2.4148, 'learning_rate': 2.461134319060445e-06, 'epoch': 21.23}
{'loss': 2.3936, 'learning_rate': 2.449683028270947e-06, 'epoch': 21.29}
{'loss': 2.4115, 'learning_rate': 2.438254640063028e-06, 'epoch': 21.35}
{'loss': 2.4098, 'learning_rate': 2.42680334927353e-06, 'epoch': 21.42}
{'loss': 2.3771, 'learning_rate': 2.4153749610656115e-06, 'epoch': 21.48}
{'loss': 2.3615, 'learning_rate': 2.4039465728576928e-06, 'epoch': 21.55}
{'loss': 2.3871, 'learning_rate': 2.392495282068195e-06, 'epoch': 21.61}
{'loss': 2.3507, 'learning_rate': 2.381043991278697e-06, 'epoch': 21.68}
{'loss': 2.3972, 'learning_rate': 2.3695927004891996e-06, 'epoch': 21.74}
{'loss': 2.3698, 'learning_rate': 2.3581414096997014e-06, 'epoch': 21.8}
{'loss': 2.3694, 'learning_rate': 2.3466901189102037e-06, 'epoch': 21.87}
{'loss': 2.3482, 'learning_rate': 2.335238828120706e-06, 'epoch': 21.93}
{'loss': 2.375, 'learning_rate': 2.323787537331208e-06, 'epoch': 22.0}
{'loss': 2.3483, 'learning_rate': 2.3123362465417105e-06, 'epoch': 22.06}
{'loss': 2.3609, 'learning_rate': 2.3008849557522127e-06, 'epoch': 22.12}
{'loss': 2.3515, 'learning_rate': 2.2894336649627146e-06, 'epoch': 22.19}
{'loss': 2.3449, 'learning_rate': 2.2779823741732172e-06, 'epoch': 22.25}
{'loss': 2.3616, 'learning_rate': 2.266531083383719e-06, 'epoch': 22.32}
{'loss': 2.3278, 'learning_rate': 2.2551026951758004e-06, 'epoch': 22.38}
{'loss': 2.338, 'learning_rate': 2.2436514043863026e-06, 'epoch': 22.44}
{'loss': 2.3356, 'learning_rate': 2.232200113596805e-06, 'epoch': 22.51}
{'loss': 2.3532, 'learning_rate': 2.220748822807307e-06, 'epoch': 22.57}
{'loss': 2.3408, 'learning_rate': 2.209320434599388e-06, 'epoch': 22.64}
{'loss': 2.3096, 'learning_rate': 2.1978691438098903e-06, 'epoch': 22.7}
{'loss': 2.3144, 'learning_rate': 2.1864178530203925e-06, 'epoch': 22.77}
{'loss': 2.3399, 'learning_rate': 2.174966562230895e-06, 'epoch': 22.83}
{'loss': 2.3055, 'learning_rate': 2.163515271441397e-06, 'epoch': 22.89}
{'loss': 2.3169, 'learning_rate': 2.1520639806518993e-06, 'epoch': 22.96}
{'loss': 2.3142, 'learning_rate': 2.140612689862401e-06, 'epoch': 23.02}
{'loss': 2.3034, 'learning_rate': 2.129161399072904e-06, 'epoch': 23.09}
{'loss': 2.2772, 'learning_rate': 2.117710108283406e-06, 'epoch': 23.15}
{'loss': 2.3012, 'learning_rate': 2.106258817493908e-06, 'epoch': 23.21}
{'loss': 2.2924, 'learning_rate': 2.09480752670441e-06, 'epoch': 23.28}
{'loss': 2.2974, 'learning_rate': 2.0833562359149125e-06, 'epoch': 23.34}
{'loss': 2.3112, 'learning_rate': 2.0719278477069938e-06, 'epoch': 23.41}
{'loss': 2.28, 'learning_rate': 2.060476556917496e-06, 'epoch': 23.47}
{'loss': 2.3047, 'learning_rate': 2.049025266127998e-06, 'epoch': 23.53}
{'loss': 2.2997, 'learning_rate': 2.0375739753385005e-06, 'epoch': 23.6}
{'loss': 2.3012, 'learning_rate': 2.0261455871305814e-06, 'epoch': 23.66}
{'loss': 2.2435, 'learning_rate': 2.0146942963410837e-06, 'epoch': 23.73}
{'loss': 2.2895, 'learning_rate': 2.003265908133165e-06, 'epoch': 23.79}
{'loss': 2.2976, 'learning_rate': 1.9918146173436672e-06, 'epoch': 23.86}
{'loss': 2.3062, 'learning_rate': 1.9803633265541695e-06, 'epoch': 23.92}
{'loss': 2.2981, 'learning_rate': 1.9689120357646717e-06, 'epoch': 23.98}
{'loss': 2.2835, 'learning_rate': 1.9574836475567526e-06, 'epoch': 24.05}
{'loss': 2.2719, 'learning_rate': 1.946032356767255e-06, 'epoch': 24.11}
{'loss': 2.2556, 'learning_rate': 1.934581065977757e-06, 'epoch': 24.18}
{'loss': 2.2218, 'learning_rate': 1.9231297751882594e-06, 'epoch': 24.24}
{'loss': 2.2595, 'learning_rate': 1.9116784843987617e-06, 'epoch': 24.3}
{'loss': 2.2793, 'learning_rate': 1.9002271936092637e-06, 'epoch': 24.37}
{'loss': 2.2668, 'learning_rate': 1.8887759028197662e-06, 'epoch': 24.43}
{'loss': 2.2478, 'learning_rate': 1.8773475146118473e-06, 'epoch': 24.5}
{'loss': 2.2763, 'learning_rate': 1.8658962238223493e-06, 'epoch': 24.56}
{'loss': 2.2354, 'learning_rate': 1.8544449330328516e-06, 'epoch': 24.62}
{'loss': 2.2658, 'learning_rate': 1.8430165448249329e-06, 'epoch': 24.69}
{'loss': 2.263, 'learning_rate': 1.8315652540354351e-06, 'epoch': 24.75}
{'loss': 2.2519, 'learning_rate': 1.8201139632459372e-06, 'epoch': 24.82}
{'loss': 2.2458, 'learning_rate': 1.8086626724564394e-06, 'epoch': 24.88}
{'loss': 2.2393, 'learning_rate': 1.7972113816669417e-06, 'epoch': 24.95}
{'loss': 2.2458, 'learning_rate': 1.785760090877444e-06, 'epoch': 25.01}
{'loss': 2.2454, 'learning_rate': 1.774308800087946e-06, 'epoch': 25.07}
{'loss': 2.2609, 'learning_rate': 1.7628575092984483e-06, 'epoch': 25.14}
{'loss': 2.2243, 'learning_rate': 1.7514062185089505e-06, 'epoch': 25.2}
{'loss': 2.2183, 'learning_rate': 1.7399549277194528e-06, 'epoch': 25.27}
{'loss': 2.2355, 'learning_rate': 1.7285036369299548e-06, 'epoch': 25.33}
{'loss': 2.2169, 'learning_rate': 1.717075248722036e-06, 'epoch': 25.39}
{'loss': 2.2279, 'learning_rate': 1.7056239579325384e-06, 'epoch': 25.46}
{'loss': 2.2263, 'learning_rate': 1.6941726671430406e-06, 'epoch': 25.52}
{'loss': 2.2206, 'learning_rate': 1.6827213763535427e-06, 'epoch': 25.59}
{'loss': 2.2169, 'learning_rate': 1.671270085564045e-06, 'epoch': 25.65}
{'loss': 2.2306, 'learning_rate': 1.659818794774547e-06, 'epoch': 25.72}
{'loss': 2.2127, 'learning_rate': 1.6483904065666285e-06, 'epoch': 25.78}
{'loss': 2.207, 'learning_rate': 1.6369391157771306e-06, 'epoch': 25.84}
{'loss': 2.2299, 'learning_rate': 1.6254878249876326e-06, 'epoch': 25.91}
{'loss': 2.2094, 'learning_rate': 1.6140365341981349e-06, 'epoch': 25.97}
{'loss': 2.23, 'learning_rate': 1.6025852434086373e-06, 'epoch': 26.04}
{'loss': 2.2164, 'learning_rate': 1.5911339526191394e-06, 'epoch': 26.1}
{'loss': 2.1964, 'learning_rate': 1.5796826618296414e-06, 'epoch': 26.16}
{'loss': 2.2158, 'learning_rate': 1.5682313710401437e-06, 'epoch': 26.23}
{'loss': 2.1741, 'learning_rate': 1.5567800802506462e-06, 'epoch': 26.29}
{'loss': 2.2032, 'learning_rate': 1.5453516920427273e-06, 'epoch': 26.36}
{'loss': 2.1675, 'learning_rate': 1.5339004012532293e-06, 'epoch': 26.42}
{'loss': 2.1846, 'learning_rate': 1.5224491104637316e-06, 'epoch': 26.48}
{'loss': 2.2079, 'learning_rate': 1.5109978196742338e-06, 'epoch': 26.55}
{'loss': 2.1903, 'learning_rate': 1.499546528884736e-06, 'epoch': 26.61}
{'loss': 2.1895, 'learning_rate': 1.4881181406768172e-06, 'epoch': 26.68}
{'loss': 2.2115, 'learning_rate': 1.4766668498873194e-06, 'epoch': 26.74}
{'loss': 2.1937, 'learning_rate': 1.4652155590978217e-06, 'epoch': 26.81}
{'loss': 2.2141, 'learning_rate': 1.453764268308324e-06, 'epoch': 26.87}
{'loss': 2.1766, 'learning_rate': 1.442312977518826e-06, 'epoch': 26.93}
{'loss': 2.1904, 'learning_rate': 1.4308616867293283e-06, 'epoch': 27.0}
{'loss': 2.2092, 'learning_rate': 1.4194332985214093e-06, 'epoch': 27.06}
{'loss': 2.1939, 'learning_rate': 1.4080049103134906e-06, 'epoch': 27.13}
{'loss': 2.1653, 'learning_rate': 1.3965536195239929e-06, 'epoch': 27.19}
{'loss': 2.1716, 'learning_rate': 1.385102328734495e-06, 'epoch': 27.25}
{'loss': 2.2001, 'learning_rate': 1.3736510379449972e-06, 'epoch': 27.32}
{'loss': 2.1776, 'learning_rate': 1.3621997471554997e-06, 'epoch': 27.38}
{'loss': 2.164, 'learning_rate': 1.3507484563660017e-06, 'epoch': 27.45}
{'loss': 2.1438, 'learning_rate': 1.3392971655765038e-06, 'epoch': 27.51}
{'loss': 2.1813, 'learning_rate': 1.327868777368585e-06, 'epoch': 27.57}
{'loss': 2.1977, 'learning_rate': 1.3164174865790873e-06, 'epoch': 27.64}
{'loss': 2.1638, 'learning_rate': 1.3049661957895896e-06, 'epoch': 27.7}
{'loss': 2.1607, 'learning_rate': 1.2935149050000916e-06, 'epoch': 27.77}
{'loss': 2.1587, 'learning_rate': 1.282063614210594e-06, 'epoch': 27.83}
{'loss': 2.1805, 'learning_rate': 1.2706123234210962e-06, 'epoch': 27.9}
{'loss': 2.1352, 'learning_rate': 1.2591610326315984e-06, 'epoch': 27.96}
{'loss': 2.1441, 'learning_rate': 1.2477097418421005e-06, 'epoch': 28.02}
{'loss': 2.1405, 'learning_rate': 1.2362813536341818e-06, 'epoch': 28.09}
{'loss': 2.1545, 'learning_rate': 1.224830062844684e-06, 'epoch': 28.15}
{'loss': 2.159, 'learning_rate': 1.2133787720551863e-06, 'epoch': 28.22}
{'loss': 2.1864, 'learning_rate': 1.2019274812656883e-06, 'epoch': 28.28}
{'loss': 2.1271, 'learning_rate': 1.1904761904761906e-06, 'epoch': 28.34}
{'loss': 2.1664, 'learning_rate': 1.1790707048498507e-06, 'epoch': 28.41}
{'loss': 2.1764, 'learning_rate': 1.167619414060353e-06, 'epoch': 28.47}
{'loss': 2.172, 'learning_rate': 1.1561681232708552e-06, 'epoch': 28.54}
{'loss': 2.141, 'learning_rate': 1.1447168324813573e-06, 'epoch': 28.6}
{'loss': 2.1633, 'learning_rate': 1.1332655416918595e-06, 'epoch': 28.66}
{'loss': 2.1772, 'learning_rate': 1.1218371534839408e-06, 'epoch': 28.73}
{'loss': 2.1518, 'learning_rate': 1.110385862694443e-06, 'epoch': 28.79}
{'loss': 2.1228, 'learning_rate': 1.0989345719049451e-06, 'epoch': 28.86}
{'loss': 2.1434, 'learning_rate': 1.0874832811154474e-06, 'epoch': 28.92}
{'loss': 2.1486, 'learning_rate': 1.0760548929075287e-06, 'epoch': 28.99}
{'loss': 2.1285, 'learning_rate': 1.064603602118031e-06, 'epoch': 29.05}
{'loss': 2.1566, 'learning_rate': 1.053152311328533e-06, 'epoch': 29.11}
{'loss': 2.1265, 'learning_rate': 1.0417010205390353e-06, 'epoch': 29.18}
{'loss': 2.1554, 'learning_rate': 1.0302497297495375e-06, 'epoch': 29.24}
{'loss': 2.133, 'learning_rate': 1.0187984389600398e-06, 'epoch': 29.31}
{'loss': 2.1559, 'learning_rate': 1.0073471481705418e-06, 'epoch': 29.37}
{'loss': 2.1004, 'learning_rate': 9.95895857381044e-07, 'epoch': 29.43}
{'loss': 2.147, 'learning_rate': 9.844674691731252e-07, 'epoch': 29.5}
{'loss': 2.1549, 'learning_rate': 9.730161783836274e-07, 'epoch': 29.56}
{'loss': 2.1346, 'learning_rate': 9.615877901757087e-07, 'epoch': 29.63}
{'loss': 2.1245, 'learning_rate': 9.501594019677898e-07, 'epoch': 29.69}
{'loss': 2.1399, 'learning_rate': 9.387081111782921e-07, 'epoch': 29.76}
{'loss': 2.119, 'learning_rate': 9.272568203887942e-07, 'epoch': 29.82}
{'loss': 2.1671, 'learning_rate': 9.158055295992965e-07, 'epoch': 29.88}
{'loss': 2.1361, 'learning_rate': 9.043542388097986e-07, 'epoch': 29.95}
{'loss': 2.1147, 'learning_rate': 8.929029480203009e-07, 'epoch': 30.01}
{'loss': 2.1401, 'learning_rate': 8.814516572308031e-07, 'epoch': 30.08}
{'loss': 2.1096, 'learning_rate': 8.700003664413053e-07, 'epoch': 30.14}
{'loss': 2.1275, 'learning_rate': 8.585490756518075e-07, 'epoch': 30.2}
{'loss': 2.1048, 'learning_rate': 8.471206874438888e-07, 'epoch': 30.27}
{'loss': 2.1218, 'learning_rate': 8.356693966543909e-07, 'epoch': 30.33}
{'loss': 2.1081, 'learning_rate': 8.242410084464722e-07, 'epoch': 30.4}
{'loss': 2.1051, 'learning_rate': 8.127897176569744e-07, 'epoch': 30.46}
{'loss': 2.1371, 'learning_rate': 8.013384268674766e-07, 'epoch': 30.52}
{'loss': 2.1198, 'learning_rate': 7.898871360779788e-07, 'epoch': 30.59}
{'loss': 2.1309, 'learning_rate': 7.78435845288481e-07, 'epoch': 30.65}
{'loss': 2.1085, 'learning_rate': 7.669845544989832e-07, 'epoch': 30.72}
{'loss': 2.1246, 'learning_rate': 7.555561662910645e-07, 'epoch': 30.78}
{'loss': 2.1207, 'learning_rate': 7.441277780831456e-07, 'epoch': 30.85}
{'loss': 2.132, 'learning_rate': 7.326764872936477e-07, 'epoch': 30.91}
{'loss': 2.1337, 'learning_rate': 7.2122519650415e-07, 'epoch': 30.97}
{'loss': 2.1141, 'learning_rate': 7.097739057146521e-07, 'epoch': 31.04}
{'loss': 2.1118, 'learning_rate': 6.983226149251544e-07, 'epoch': 31.1}
{'loss': 2.1238, 'learning_rate': 6.868713241356566e-07, 'epoch': 31.17}
{'loss': 2.1111, 'learning_rate': 6.754429359277378e-07, 'epoch': 31.23}
{'loss': 2.0937, 'learning_rate': 6.6399164513824e-07, 'epoch': 31.29}
{'loss': 2.1256, 'learning_rate': 6.525403543487423e-07, 'epoch': 31.36}
{'loss': 2.109, 'learning_rate': 6.410890635592444e-07, 'epoch': 31.42}
{'loss': 2.094, 'learning_rate': 6.296377727697467e-07, 'epoch': 31.49}
{'loss': 2.1253, 'learning_rate': 6.181864819802488e-07, 'epoch': 31.55}
{'loss': 2.1207, 'learning_rate': 6.06735191190751e-07, 'epoch': 31.61}
{'loss': 2.1132, 'learning_rate': 5.952839004012533e-07, 'epoch': 31.68}
{'loss': 2.1107, 'learning_rate': 5.838326096117555e-07, 'epoch': 31.74}
{'loss': 2.1195, 'learning_rate': 5.723813188222577e-07, 'epoch': 31.81}
{'loss': 2.0837, 'learning_rate': 5.609300280327599e-07, 'epoch': 31.87}
{'loss': 2.1085, 'learning_rate': 5.494787372432621e-07, 'epoch': 31.94}
{'loss': 2.1022, 'learning_rate': 5.380274464537643e-07, 'epoch': 32.0}
{'loss': 2.0945, 'learning_rate': 5.265761556642665e-07, 'epoch': 32.06}
{'loss': 2.1318, 'learning_rate': 5.151248648747688e-07, 'epoch': 32.13}
{'loss': 2.0885, 'learning_rate': 5.036735740852709e-07, 'epoch': 32.19}
{'loss': 2.1121, 'learning_rate': 4.922451858773521e-07, 'epoch': 32.26}
{'loss': 2.0931, 'learning_rate': 4.807938950878544e-07, 'epoch': 32.32}
{'loss': 2.109, 'learning_rate': 4.6936550687993555e-07, 'epoch': 32.38}
{'loss': 2.0905, 'learning_rate': 4.5791421609043776e-07, 'epoch': 32.45}
{'loss': 2.1089, 'learning_rate': 4.4646292530093997e-07, 'epoch': 32.51}
{'loss': 2.1199, 'learning_rate': 4.3501163451144217e-07, 'epoch': 32.58}
{'loss': 2.1142, 'learning_rate': 4.235603437219444e-07, 'epoch': 32.64}
{'loss': 2.1032, 'learning_rate': 4.121090529324466e-07, 'epoch': 32.7}
{'loss': 2.1174, 'learning_rate': 4.006577621429488e-07, 'epoch': 32.77}
{'loss': 2.1094, 'learning_rate': 3.89206471353451e-07, 'epoch': 32.83}
{'loss': 2.0991, 'learning_rate': 3.7777808314553224e-07, 'epoch': 32.9}
{'loss': 2.1055, 'learning_rate': 3.6632679235603435e-07, 'epoch': 32.96}
{'loss': 2.0984, 'learning_rate': 3.5487550156653655e-07, 'epoch': 33.03}
{'loss': 2.0957, 'learning_rate': 3.4342421077703876e-07, 'epoch': 33.09}
{'loss': 2.0682, 'learning_rate': 3.3199582256912e-07, 'epoch': 33.15}
{'loss': 2.099, 'learning_rate': 3.205445317796222e-07, 'epoch': 33.22}
{'loss': 2.1162, 'learning_rate': 3.091161435717034e-07, 'epoch': 33.28}
{'loss': 2.1051, 'learning_rate': 2.976648527822056e-07, 'epoch': 33.35}
{'loss': 2.0792, 'learning_rate': 2.862135619927078e-07, 'epoch': 33.41}
{'loss': 2.094, 'learning_rate': 2.7476227120321e-07, 'epoch': 33.47}
{'loss': 2.0779, 'learning_rate': 2.6331098041371223e-07, 'epoch': 33.54}
{'loss': 2.0871, 'learning_rate': 2.518596896242145e-07, 'epoch': 33.6}
{'loss': 2.0843, 'learning_rate': 2.404083988347167e-07, 'epoch': 33.67}
{'loss': 2.1068, 'learning_rate': 2.2895710804521888e-07, 'epoch': 33.73}
{'loss': 2.0958, 'learning_rate': 2.1750581725572109e-07, 'epoch': 33.8}
{'loss': 2.0931, 'learning_rate': 2.060545264662233e-07, 'epoch': 33.86}
{'loss': 2.1115, 'learning_rate': 1.946032356767255e-07, 'epoch': 33.92}
{'loss': 2.1192, 'learning_rate': 1.831519448872277e-07, 'epoch': 33.99}
{'loss': 2.1027, 'learning_rate': 1.717235566793089e-07, 'epoch': 34.05}
{'loss': 2.1099, 'learning_rate': 1.602951684713901e-07, 'epoch': 34.12}
{'loss': 2.0786, 'learning_rate': 1.4886678026347132e-07, 'epoch': 34.18}
{'loss': 2.1035, 'learning_rate': 1.3741548947397353e-07, 'epoch': 34.24}
{'loss': 2.0984, 'learning_rate': 1.2596419868447574e-07, 'epoch': 34.31}
{'loss': 2.1048, 'learning_rate': 1.1451290789497794e-07, 'epoch': 34.37}
{'loss': 2.0867, 'learning_rate': 1.0306161710548013e-07, 'epoch': 34.44}
{'loss': 2.0899, 'learning_rate': 9.161032631598233e-08, 'epoch': 34.5}
{'loss': 2.1007, 'learning_rate': 8.015903552648456e-08, 'epoch': 34.56}
{'loss': 2.1019, 'learning_rate': 6.870774473698676e-08, 'epoch': 34.63}
{'loss': 2.0724, 'learning_rate': 5.725645394748897e-08, 'epoch': 34.69}
{'loss': 2.1145, 'learning_rate': 4.580516315799117e-08, 'epoch': 34.76}
{'loss': 2.1089, 'learning_rate': 3.435387236849338e-08, 'epoch': 34.82}
{'loss': 2.073, 'learning_rate': 2.2902581578995584e-08, 'epoch': 34.89}
{'loss': 2.0727, 'learning_rate': 1.1451290789497792e-08, 'epoch': 34.95}
{'train_runtime': 216734.368, 'train_samples_per_second': 2.518, 'train_steps_per_second': 1.259, 'train_loss': 3.862937432598418, 'epoch': 35.0}
FINISH
