Sun Jul 31 23:00:02 2022       
+-----------------------------------------------------------------------------+
| NVIDIA-SMI 460.73.01    Driver Version: 460.73.01    CUDA Version: 11.2     |
|-------------------------------+----------------------+----------------------+
| GPU  Name        Persistence-M| Bus-Id        Disp.A | Volatile Uncorr. ECC |
| Fan  Temp  Perf  Pwr:Usage/Cap|         Memory-Usage | GPU-Util  Compute M. |
|                               |                      |               MIG M. |
|===============================+======================+======================|
|   0  A10                 On   | 00000000:45:00.0 Off |                    0 |
|  0%   58C    P0    43W / 150W |      0MiB / 22731MiB |      0%      Default |
|                               |                      |                  N/A |
+-------------------------------+----------------------+----------------------+
                                                                               
+-----------------------------------------------------------------------------+
| Processes:                                                                  |
|  GPU   GI   CI        PID   Type   Process name                  GPU Memory |
|        ID   ID                                                   Usage      |
|=============================================================================|
|  No running processes found                                                 |
+-----------------------------------------------------------------------------+
nvcc: NVIDIA (R) Cuda compiler driver
Copyright (c) 2005-2020 NVIDIA Corporation
Built on Mon_Oct_12_20:09:46_PDT_2020
Cuda compilation tools, release 11.1, V11.1.105
Build cuda_11.1.TC455_06.29190527_0
START
2022-07-31 23:01:09.697233
Namespace(batch_size=2, ckpt='/gpfsnyu/scratch/yw3642/hf-models/microsoft_deberta-v2-xlarge-mnli', epochs=35, exp=22, gradient_checkpointing=True, lr=5e-06, max_len=1024, mlm_prob=0.3, seed=-1, weight_decay=0.0)
seed= 951
n_train=15594
{'loss': 12.5783, 'learning_rate': 4.5438721852727247e-08, 'epoch': 0.06}
{'loss': 9.4289, 'learning_rate': 9.069422305282252e-08, 'epoch': 0.13}
{'loss': 7.4268, 'learning_rate': 1.364993862108137e-07, 'epoch': 0.19}
{'loss': 6.9866, 'learning_rate': 1.823045493688049e-07, 'epoch': 0.26}
{'loss': 6.859, 'learning_rate': 2.2810971252679603e-07, 'epoch': 0.32}
{'loss': 6.757, 'learning_rate': 2.739148756847872e-07, 'epoch': 0.38}
{'loss': 6.6909, 'learning_rate': 3.197200388427784e-07, 'epoch': 0.45}
{'loss': 7.1182, 'learning_rate': 3.6552520200076956e-07, 'epoch': 0.51}
{'loss': 6.7711, 'learning_rate': 4.1133036515876073e-07, 'epoch': 0.58}
{'loss': 6.5708, 'learning_rate': 4.571355283167519e-07, 'epoch': 0.64}
{'loss': 6.5225, 'learning_rate': 5.02940691474743e-07, 'epoch': 0.71}
{'loss': 6.4676, 'learning_rate': 5.487458546327343e-07, 'epoch': 0.77}
{'loss': 6.425, 'learning_rate': 5.945510177907254e-07, 'epoch': 0.83}
{'loss': 6.3564, 'learning_rate': 6.403561809487166e-07, 'epoch': 0.9}
{'loss': 6.3451, 'learning_rate': 6.861613441067078e-07, 'epoch': 0.96}
{'loss': 6.3215, 'learning_rate': 7.31966507264699e-07, 'epoch': 1.03}
{'loss': 6.2949, 'learning_rate': 7.777716704226901e-07, 'epoch': 1.09}
{'loss': 6.2673, 'learning_rate': 8.235768335806813e-07, 'epoch': 1.15}
{'loss': 6.2634, 'learning_rate': 8.693819967386725e-07, 'epoch': 1.22}
{'loss': 6.2184, 'learning_rate': 9.151871598966636e-07, 'epoch': 1.28}
{'loss': 6.2086, 'learning_rate': 9.609923230546548e-07, 'epoch': 1.35}
{'loss': 6.1794, 'learning_rate': 1.006797486212646e-06, 'epoch': 1.41}
{'loss': 6.1724, 'learning_rate': 1.0526026493706371e-06, 'epoch': 1.47}
{'loss': 6.1587, 'learning_rate': 1.0984078125286283e-06, 'epoch': 1.54}
{'loss': 6.1259, 'learning_rate': 1.1442129756866195e-06, 'epoch': 1.6}
{'loss': 6.1344, 'learning_rate': 1.1900181388446106e-06, 'epoch': 1.67}
{'loss': 6.1143, 'learning_rate': 1.2358233020026018e-06, 'epoch': 1.73}
{'loss': 6.1043, 'learning_rate': 1.2816284651605932e-06, 'epoch': 1.8}
{'loss': 6.083, 'learning_rate': 1.3274336283185843e-06, 'epoch': 1.86}
{'loss': 6.0787, 'learning_rate': 1.3732387914765755e-06, 'epoch': 1.92}
{'loss': 6.0881, 'learning_rate': 1.4190439546345667e-06, 'epoch': 1.99}
{'loss': 6.0595, 'learning_rate': 1.4648491177925578e-06, 'epoch': 2.05}
{'loss': 6.0676, 'learning_rate': 1.510654280950549e-06, 'epoch': 2.12}
{'loss': 6.0545, 'learning_rate': 1.5564594441085402e-06, 'epoch': 2.18}
{'loss': 6.0467, 'learning_rate': 1.6022646072665313e-06, 'epoch': 2.24}
{'loss': 6.0491, 'learning_rate': 1.6478865497718905e-06, 'epoch': 2.31}
{'loss': 6.0118, 'learning_rate': 1.6936917129298816e-06, 'epoch': 2.37}
{'loss': 6.0053, 'learning_rate': 1.7394968760878728e-06, 'epoch': 2.44}
{'loss': 6.0284, 'learning_rate': 1.785302039245864e-06, 'epoch': 2.5}
{'loss': 5.9848, 'learning_rate': 1.8311072024038551e-06, 'epoch': 2.57}
{'loss': 6.0212, 'learning_rate': 1.8769123655618463e-06, 'epoch': 2.63}
{'loss': 6.008, 'learning_rate': 1.9227175287198373e-06, 'epoch': 2.69}
{'loss': 5.9886, 'learning_rate': 1.9685226918778287e-06, 'epoch': 2.76}
{'loss': 5.9942, 'learning_rate': 2.0143278550358196e-06, 'epoch': 2.82}
{'loss': 5.9941, 'learning_rate': 2.060133018193811e-06, 'epoch': 2.89}
{'loss': 5.9921, 'learning_rate': 2.105938181351802e-06, 'epoch': 2.95}
{'loss': 5.9695, 'learning_rate': 2.1517433445097933e-06, 'epoch': 3.01}
{'loss': 5.9653, 'learning_rate': 2.1974568973414686e-06, 'epoch': 3.08}
{'loss': 5.9693, 'learning_rate': 2.243170450173144e-06, 'epoch': 3.14}
{'loss': 5.9646, 'learning_rate': 2.288975613331135e-06, 'epoch': 3.21}
{'loss': 5.957, 'learning_rate': 2.33468916616281e-06, 'epoch': 3.27}
{'loss': 5.9506, 'learning_rate': 2.3804943293208014e-06, 'epoch': 3.33}
{'loss': 5.9628, 'learning_rate': 2.4262994924787924e-06, 'epoch': 3.4}
{'loss': 5.9482, 'learning_rate': 2.4721046556367838e-06, 'epoch': 3.46}
{'loss': 5.9359, 'learning_rate': 2.5179098187947747e-06, 'epoch': 3.53}
{'loss': 5.9717, 'learning_rate': 2.5636233716264496e-06, 'epoch': 3.59}
{'loss': 5.9753, 'learning_rate': 2.6093369244581252e-06, 'epoch': 3.66}
{'loss': 5.9612, 'learning_rate': 2.6551420876161166e-06, 'epoch': 3.72}
{'loss': 5.9519, 'learning_rate': 2.7009472507741076e-06, 'epoch': 3.78}
{'loss': 5.9395, 'learning_rate': 2.746752413932099e-06, 'epoch': 3.85}
{'loss': 5.9623, 'learning_rate': 2.7923743564374577e-06, 'epoch': 3.91}
{'loss': 5.9604, 'learning_rate': 2.838179519595449e-06, 'epoch': 3.98}
{'loss': 5.9396, 'learning_rate': 2.88398468275344e-06, 'epoch': 4.04}
{'loss': 5.9364, 'learning_rate': 2.9297898459114314e-06, 'epoch': 4.1}
{'loss': 5.9619, 'learning_rate': 2.9755950090694223e-06, 'epoch': 4.17}
{'loss': 5.9773, 'learning_rate': 3.021308561901098e-06, 'epoch': 4.23}
{'loss': 5.9386, 'learning_rate': 3.067113725059089e-06, 'epoch': 4.3}
{'loss': 5.9444, 'learning_rate': 3.1129188882170804e-06, 'epoch': 4.36}
{'loss': 5.9197, 'learning_rate': 3.1587240513750713e-06, 'epoch': 4.42}
{'loss': 5.9445, 'learning_rate': 3.2045292145330627e-06, 'epoch': 4.49}
{'loss': 5.9146, 'learning_rate': 3.2503343776910532e-06, 'epoch': 4.55}
{'loss': 5.919, 'learning_rate': 3.296139540849045e-06, 'epoch': 4.62}
{'loss': 5.9306, 'learning_rate': 3.3419447040070356e-06, 'epoch': 4.68}
{'loss': 5.9153, 'learning_rate': 3.3877498671650274e-06, 'epoch': 4.75}
{'loss': 5.9293, 'learning_rate': 3.433555030323018e-06, 'epoch': 4.81}
{'loss': 5.9074, 'learning_rate': 3.4793601934810097e-06, 'epoch': 4.87}
{'loss': 5.9167, 'learning_rate': 3.5250737463126845e-06, 'epoch': 4.94}
{'loss': 5.9325, 'learning_rate': 3.570878909470676e-06, 'epoch': 5.0}
{'loss': 5.917, 'learning_rate': 3.6166840726286673e-06, 'epoch': 5.07}
{'loss': 5.9189, 'learning_rate': 3.6624892357866582e-06, 'epoch': 5.13}
{'loss': 5.9136, 'learning_rate': 3.7082943989446496e-06, 'epoch': 5.19}
{'loss': 5.9173, 'learning_rate': 3.7540995621026406e-06, 'epoch': 5.26}
{'loss': 5.9148, 'learning_rate': 3.799904725260632e-06, 'epoch': 5.32}
{'loss': 5.9195, 'learning_rate': 3.845709888418623e-06, 'epoch': 5.39}
{'loss': 5.8993, 'learning_rate': 3.891515051576614e-06, 'epoch': 5.45}
{'loss': 5.9232, 'learning_rate': 3.937320214734605e-06, 'epoch': 5.51}
{'loss': 5.9102, 'learning_rate': 3.983125377892597e-06, 'epoch': 5.58}
{'loss': 5.9121, 'learning_rate': 4.0288389307242715e-06, 'epoch': 5.64}
{'loss': 5.8917, 'learning_rate': 4.074644093882263e-06, 'epoch': 5.71}
{'loss': 5.901, 'learning_rate': 4.120449257040253e-06, 'epoch': 5.77}
{'loss': 5.9162, 'learning_rate': 4.166254420198245e-06, 'epoch': 5.84}
{'loss': 5.8966, 'learning_rate': 4.212059583356236e-06, 'epoch': 5.9}
{'loss': 5.9039, 'learning_rate': 4.257864746514228e-06, 'epoch': 5.96}
{'loss': 5.9301, 'learning_rate': 4.303669909672218e-06, 'epoch': 6.03}
{'loss': 5.9012, 'learning_rate': 4.34947507283021e-06, 'epoch': 6.09}
{'loss': 5.9097, 'learning_rate': 4.395280235988201e-06, 'epoch': 6.16}
{'loss': 5.9172, 'learning_rate': 4.441085399146193e-06, 'epoch': 6.22}
{'loss': 5.9069, 'learning_rate': 4.486890562304183e-06, 'epoch': 6.28}
{'loss': 5.9227, 'learning_rate': 4.5326957254621745e-06, 'epoch': 6.35}
{'loss': 5.9025, 'learning_rate': 4.5785008886201655e-06, 'epoch': 6.41}
{'loss': 5.8913, 'learning_rate': 4.624214441451841e-06, 'epoch': 6.48}
{'loss': 5.8935, 'learning_rate': 4.669927994283516e-06, 'epoch': 6.54}
{'loss': 5.8723, 'learning_rate': 4.715733157441507e-06, 'epoch': 6.61}
{'loss': 5.8912, 'learning_rate': 4.761538320599499e-06, 'epoch': 6.67}
{'loss': 5.8928, 'learning_rate': 4.80734348375749e-06, 'epoch': 6.73}
{'loss': 5.9, 'learning_rate': 4.853148646915481e-06, 'epoch': 6.8}
{'loss': 5.8902, 'learning_rate': 4.898953810073472e-06, 'epoch': 6.86}
{'loss': 5.9147, 'learning_rate': 4.944758973231463e-06, 'epoch': 6.93}
{'loss': 5.8841, 'learning_rate': 4.990564136389454e-06, 'epoch': 6.99}
{'loss': 5.8842, 'learning_rate': 4.990930577694718e-06, 'epoch': 7.05}
{'loss': 5.8998, 'learning_rate': 4.979479286905221e-06, 'epoch': 7.12}
{'loss': 5.8853, 'learning_rate': 4.9680279961157225e-06, 'epoch': 7.18}
{'loss': 5.8964, 'learning_rate': 4.956576705326225e-06, 'epoch': 7.25}
{'loss': 5.8992, 'learning_rate': 4.945148317118306e-06, 'epoch': 7.31}
{'loss': 5.9035, 'learning_rate': 4.933719928910387e-06, 'epoch': 7.37}
{'loss': 5.8801, 'learning_rate': 4.92226863812089e-06, 'epoch': 7.44}
{'loss': 5.8792, 'learning_rate': 4.9108173473313915e-06, 'epoch': 7.5}
{'loss': 5.8828, 'learning_rate': 4.899366056541894e-06, 'epoch': 7.57}
{'loss': 5.874, 'learning_rate': 4.887914765752396e-06, 'epoch': 7.63}
{'loss': 5.8853, 'learning_rate': 4.876463474962898e-06, 'epoch': 7.7}
{'loss': 5.8573, 'learning_rate': 4.8650121841734005e-06, 'epoch': 7.76}
{'loss': 5.8908, 'learning_rate': 4.853583795965482e-06, 'epoch': 7.82}
{'loss': 5.8816, 'learning_rate': 4.842132505175984e-06, 'epoch': 7.89}
{'loss': 5.8635, 'learning_rate': 4.830681214386486e-06, 'epoch': 7.95}
{'loss': 5.8465, 'learning_rate': 4.819229923596988e-06, 'epoch': 8.02}
{'loss': 5.8709, 'learning_rate': 4.80777863280749e-06, 'epoch': 8.08}
{'loss': 5.8666, 'learning_rate': 4.796327342017993e-06, 'epoch': 8.14}
{'loss': 5.8775, 'learning_rate': 4.784876051228495e-06, 'epoch': 8.21}
{'loss': 5.8795, 'learning_rate': 4.773470565602155e-06, 'epoch': 8.27}
{'loss': 5.8736, 'learning_rate': 4.762019274812657e-06, 'epoch': 8.34}
{'loss': 5.8465, 'learning_rate': 4.750590886604738e-06, 'epoch': 8.4}
{'loss': 5.8876, 'learning_rate': 4.739139595815241e-06, 'epoch': 8.46}
{'loss': 5.8743, 'learning_rate': 4.727688305025743e-06, 'epoch': 8.53}
{'loss': 5.8699, 'learning_rate': 4.716237014236245e-06, 'epoch': 8.59}
{'loss': 5.8771, 'learning_rate': 4.7047857234467474e-06, 'epoch': 8.66}
{'loss': 5.8809, 'learning_rate': 4.693334432657249e-06, 'epoch': 8.72}
{'loss': 5.8674, 'learning_rate': 4.681883141867752e-06, 'epoch': 8.79}
{'loss': 5.8437, 'learning_rate': 4.670431851078254e-06, 'epoch': 8.85}
{'loss': 5.8829, 'learning_rate': 4.6589805602887565e-06, 'epoch': 8.91}
{'loss': 5.8646, 'learning_rate': 4.647529269499258e-06, 'epoch': 8.98}
{'loss': 5.8744, 'learning_rate': 4.636100881291339e-06, 'epoch': 9.04}
{'loss': 5.8417, 'learning_rate': 4.624649590501842e-06, 'epoch': 9.11}
{'loss': 5.86, 'learning_rate': 4.6131982997123446e-06, 'epoch': 9.17}
{'loss': 5.8401, 'learning_rate': 4.601747008922846e-06, 'epoch': 9.23}
{'loss': 5.8571, 'learning_rate': 4.590295718133348e-06, 'epoch': 9.3}
{'loss': 5.8492, 'learning_rate': 4.57884442734385e-06, 'epoch': 9.36}
{'loss': 5.8785, 'learning_rate': 4.567416039135932e-06, 'epoch': 9.43}
{'loss': 5.8877, 'learning_rate': 4.5559647483464345e-06, 'epoch': 9.49}
{'loss': 5.8783, 'learning_rate': 4.544513457556936e-06, 'epoch': 9.55}
{'loss': 5.8614, 'learning_rate': 4.533062166767438e-06, 'epoch': 9.62}
{'loss': 5.8564, 'learning_rate': 4.52161087597794e-06, 'epoch': 9.68}
{'loss': 5.8629, 'learning_rate': 4.510159585188443e-06, 'epoch': 9.75}
{'loss': 5.8528, 'learning_rate': 4.498708294398945e-06, 'epoch': 9.81}
{'loss': 5.8538, 'learning_rate': 4.487257003609447e-06, 'epoch': 9.88}
{'loss': 5.8532, 'learning_rate': 4.47580571281995e-06, 'epoch': 9.94}
{'loss': 5.856, 'learning_rate': 4.464354422030452e-06, 'epoch': 10.0}
{'loss': 5.8351, 'learning_rate': 4.4529031312409535e-06, 'epoch': 10.07}
{'loss': 5.853, 'learning_rate': 4.441474743033035e-06, 'epoch': 10.13}
{'loss': 5.8574, 'learning_rate': 4.430023452243537e-06, 'epoch': 10.2}
{'loss': 5.8525, 'learning_rate': 4.41857216145404e-06, 'epoch': 10.26}
{'loss': 5.8285, 'learning_rate': 4.407120870664542e-06, 'epoch': 10.32}
{'loss': 5.8401, 'learning_rate': 4.3956695798750435e-06, 'epoch': 10.39}
{'loss': 5.8502, 'learning_rate': 4.384218289085546e-06, 'epoch': 10.45}
{'loss': 5.8861, 'learning_rate': 4.372789900877628e-06, 'epoch': 10.52}
{'loss': 5.8375, 'learning_rate': 4.36133861008813e-06, 'epoch': 10.58}
{'loss': 5.8484, 'learning_rate': 4.3498873192986315e-06, 'epoch': 10.65}
{'loss': 5.8662, 'learning_rate': 4.338436028509133e-06, 'epoch': 10.71}
{'loss': 5.8593, 'learning_rate': 4.326984737719636e-06, 'epoch': 10.77}
{'loss': 5.8573, 'learning_rate': 4.315533446930139e-06, 'epoch': 10.84}
{'loss': 5.8574, 'learning_rate': 4.304082156140641e-06, 'epoch': 10.9}
{'loss': 5.8441, 'learning_rate': 4.2926537679327214e-06, 'epoch': 10.97}
{'loss': 5.8429, 'learning_rate': 4.281202477143223e-06, 'epoch': 11.03}
{'loss': 5.8331, 'learning_rate': 4.269751186353726e-06, 'epoch': 11.09}
{'loss': 5.8359, 'learning_rate': 4.258299895564229e-06, 'epoch': 11.16}
{'loss': 5.8338, 'learning_rate': 4.2468486047747305e-06, 'epoch': 11.22}
{'loss': 5.8591, 'learning_rate': 4.235397313985233e-06, 'epoch': 11.29}
{'loss': 5.8573, 'learning_rate': 4.223946023195735e-06, 'epoch': 11.35}
{'loss': 5.8509, 'learning_rate': 4.212494732406237e-06, 'epoch': 11.41}
{'loss': 5.8372, 'learning_rate': 4.2010434416167395e-06, 'epoch': 11.48}
{'loss': 5.8258, 'learning_rate': 4.189592150827241e-06, 'epoch': 11.54}
{'loss': 5.8542, 'learning_rate': 4.178140860037744e-06, 'epoch': 11.61}
{'loss': 5.8285, 'learning_rate': 4.166689569248246e-06, 'epoch': 11.67}
{'loss': 5.8308, 'learning_rate': 4.155261181040327e-06, 'epoch': 11.74}
{'loss': 5.8473, 'learning_rate': 4.1438098902508294e-06, 'epoch': 11.8}
{'loss': 5.8164, 'learning_rate': 4.132358599461332e-06, 'epoch': 11.86}
{'loss': 5.8477, 'learning_rate': 4.120907308671834e-06, 'epoch': 11.93}
{'loss': 5.842, 'learning_rate': 4.109478920463915e-06, 'epoch': 11.99}
{'loss': 5.84, 'learning_rate': 4.098027629674417e-06, 'epoch': 12.06}
{'loss': 5.8365, 'learning_rate': 4.086599241466498e-06, 'epoch': 12.12}
{'loss': 5.8599, 'learning_rate': 4.075147950677001e-06, 'epoch': 12.18}
{'loss': 5.8378, 'learning_rate': 4.063696659887503e-06, 'epoch': 12.25}
{'loss': 5.8289, 'learning_rate': 4.052245369098005e-06, 'epoch': 12.31}
{'loss': 5.8207, 'learning_rate': 4.040794078308507e-06, 'epoch': 12.38}
{'loss': 5.8196, 'learning_rate': 4.029342787519009e-06, 'epoch': 12.44}
{'loss': 5.8334, 'learning_rate': 4.017891496729512e-06, 'epoch': 12.5}
{'loss': 5.8368, 'learning_rate': 4.006440205940014e-06, 'epoch': 12.57}
{'loss': 5.83, 'learning_rate': 3.9949889151505165e-06, 'epoch': 12.63}
{'loss': 5.834, 'learning_rate': 3.983537624361018e-06, 'epoch': 12.7}
{'loss': 5.8393, 'learning_rate': 3.97208633357152e-06, 'epoch': 12.76}
{'loss': 5.8216, 'learning_rate': 3.960657945363602e-06, 'epoch': 12.83}
{'loss': 5.8294, 'learning_rate': 3.949206654574104e-06, 'epoch': 12.89}
{'loss': 5.846, 'learning_rate': 3.937755363784606e-06, 'epoch': 12.95}
{'loss': 5.8373, 'learning_rate': 3.926304072995108e-06, 'epoch': 13.02}
{'loss': 5.8243, 'learning_rate': 3.91485278220561e-06, 'epoch': 13.08}
{'loss': 5.8168, 'learning_rate': 3.903401491416113e-06, 'epoch': 13.15}
{'loss': 5.8326, 'learning_rate': 3.8919502006266154e-06, 'epoch': 13.21}
{'loss': 5.84, 'learning_rate': 3.880498909837117e-06, 'epoch': 13.27}
{'loss': 5.8129, 'learning_rate': 3.869070521629198e-06, 'epoch': 13.34}
{'loss': 5.8229, 'learning_rate': 3.8576192308397e-06, 'epoch': 13.4}
{'loss': 5.8172, 'learning_rate': 3.846167940050203e-06, 'epoch': 13.47}
{'loss': 5.823, 'learning_rate': 3.834716649260705e-06, 'epoch': 13.53}
{'loss': 5.8193, 'learning_rate': 3.823288261052786e-06, 'epoch': 13.59}
{'loss': 5.8293, 'learning_rate': 3.8118369702632885e-06, 'epoch': 13.66}
{'loss': 5.845, 'learning_rate': 3.8003856794737903e-06, 'epoch': 13.72}
{'loss': 5.8305, 'learning_rate': 3.7889343886842926e-06, 'epoch': 13.79}
{'loss': 5.8267, 'learning_rate': 3.7774830978947953e-06, 'epoch': 13.85}
{'loss': 5.8078, 'learning_rate': 3.766031807105297e-06, 'epoch': 13.92}
{'loss': 5.8221, 'learning_rate': 3.7546034188973784e-06, 'epoch': 13.98}
{'loss': 5.8199, 'learning_rate': 3.743152128107881e-06, 'epoch': 14.04}
{'loss': 5.8295, 'learning_rate': 3.731700837318383e-06, 'epoch': 14.11}
{'loss': 5.8301, 'learning_rate': 3.720249546528885e-06, 'epoch': 14.17}
{'loss': 5.8297, 'learning_rate': 3.708798255739387e-06, 'epoch': 14.24}
{'loss': 5.8268, 'learning_rate': 3.6973469649498893e-06, 'epoch': 14.3}
{'loss': 5.8102, 'learning_rate': 3.685895674160392e-06, 'epoch': 14.36}
{'loss': 5.8096, 'learning_rate': 3.674444383370894e-06, 'epoch': 14.43}
{'loss': 5.8153, 'learning_rate': 3.663015995162975e-06, 'epoch': 14.49}
{'loss': 5.8361, 'learning_rate': 3.6515647043734773e-06, 'epoch': 14.56}
{'loss': 5.8266, 'learning_rate': 3.6401134135839796e-06, 'epoch': 14.62}
{'loss': 5.8242, 'learning_rate': 3.628662122794482e-06, 'epoch': 14.69}
{'loss': 5.8215, 'learning_rate': 3.6172337345865627e-06, 'epoch': 14.75}
{'loss': 5.8156, 'learning_rate': 3.605782443797065e-06, 'epoch': 14.81}
{'loss': 5.8319, 'learning_rate': 3.5943311530075677e-06, 'epoch': 14.88}
{'loss': 5.8149, 'learning_rate': 3.5828798622180695e-06, 'epoch': 14.94}
{'loss': 5.8099, 'learning_rate': 3.5714285714285718e-06, 'epoch': 15.01}
{'loss': 5.8307, 'learning_rate': 3.5600001832206526e-06, 'epoch': 15.07}
{'loss': 5.8139, 'learning_rate': 3.548548892431155e-06, 'epoch': 15.13}
{'loss': 5.8127, 'learning_rate': 3.5370976016416576e-06, 'epoch': 15.2}
{'loss': 5.8189, 'learning_rate': 3.5256463108521594e-06, 'epoch': 15.26}
{'loss': 5.8164, 'learning_rate': 3.5141950200626617e-06, 'epoch': 15.33}
{'loss': 5.8307, 'learning_rate': 3.5027437292731644e-06, 'epoch': 15.39}
{'loss': 5.8338, 'learning_rate': 3.4912924384836662e-06, 'epoch': 15.45}
{'loss': 5.8134, 'learning_rate': 3.4798411476941685e-06, 'epoch': 15.52}
{'loss': 5.7897, 'learning_rate': 3.4684127594862493e-06, 'epoch': 15.58}
{'loss': 5.809, 'learning_rate': 3.4569614686967516e-06, 'epoch': 15.65}
{'loss': 5.8127, 'learning_rate': 3.4455101779072543e-06, 'epoch': 15.71}
{'loss': 5.8257, 'learning_rate': 3.434058887117756e-06, 'epoch': 15.78}
{'loss': 5.808, 'learning_rate': 3.4226304989098374e-06, 'epoch': 15.84}
{'loss': 5.8081, 'learning_rate': 3.4112021107019187e-06, 'epoch': 15.9}
{'loss': 5.8097, 'learning_rate': 3.3997508199124205e-06, 'epoch': 15.97}
{'loss': 5.8151, 'learning_rate': 3.3882995291229232e-06, 'epoch': 16.03}
{'loss': 5.8176, 'learning_rate': 3.376848238333425e-06, 'epoch': 16.1}
{'loss': 5.8108, 'learning_rate': 3.3653969475439273e-06, 'epoch': 16.16}
{'loss': 5.8183, 'learning_rate': 3.35394565675443e-06, 'epoch': 16.22}
{'loss': 5.7886, 'learning_rate': 3.342494365964932e-06, 'epoch': 16.29}
{'loss': 5.8265, 'learning_rate': 3.331043075175434e-06, 'epoch': 16.35}
{'loss': 5.8091, 'learning_rate': 3.319614686967515e-06, 'epoch': 16.42}
{'loss': 5.831, 'learning_rate': 3.3081633961780172e-06, 'epoch': 16.48}
{'loss': 5.8058, 'learning_rate': 3.29671210538852e-06, 'epoch': 16.54}
{'loss': 5.8161, 'learning_rate': 3.2852608145990218e-06, 'epoch': 16.61}
{'loss': 5.8244, 'learning_rate': 3.273832426391103e-06, 'epoch': 16.67}
{'loss': 5.7946, 'learning_rate': 3.2623811356016053e-06, 'epoch': 16.74}
{'loss': 5.795, 'learning_rate': 3.2509298448121076e-06, 'epoch': 16.8}
{'loss': 5.8102, 'learning_rate': 3.23947855402261e-06, 'epoch': 16.87}
{'loss': 5.7942, 'learning_rate': 3.2280501658146907e-06, 'epoch': 16.93}
{'loss': 5.7985, 'learning_rate': 3.216598875025193e-06, 'epoch': 16.99}
{'loss': 5.8009, 'learning_rate': 3.2051475842356957e-06, 'epoch': 17.06}
{'loss': 5.8099, 'learning_rate': 3.1937191960277765e-06, 'epoch': 17.12}
{'loss': 5.8041, 'learning_rate': 3.1822679052382788e-06, 'epoch': 17.19}
{'loss': 5.7932, 'learning_rate': 3.170816614448781e-06, 'epoch': 17.25}
{'loss': 5.8044, 'learning_rate': 3.159365323659283e-06, 'epoch': 17.31}
{'loss': 5.7981, 'learning_rate': 3.1479140328697856e-06, 'epoch': 17.38}
{'loss': 5.8187, 'learning_rate': 3.1364856446618664e-06, 'epoch': 17.44}
{'loss': 5.8136, 'learning_rate': 3.1250343538723687e-06, 'epoch': 17.51}
{'loss': 5.803, 'learning_rate': 3.1135830630828714e-06, 'epoch': 17.57}
{'loss': 5.8202, 'learning_rate': 3.1021317722933732e-06, 'epoch': 17.63}
{'loss': 5.7924, 'learning_rate': 3.0906804815038755e-06, 'epoch': 17.7}
{'loss': 5.794, 'learning_rate': 3.0792291907143773e-06, 'epoch': 17.76}
{'loss': 5.8143, 'learning_rate': 3.0677778999248796e-06, 'epoch': 17.83}
{'loss': 5.8176, 'learning_rate': 3.0563266091353823e-06, 'epoch': 17.89}
{'loss': 5.7968, 'learning_rate': 3.044898220927463e-06, 'epoch': 17.96}
{'loss': 5.7941, 'learning_rate': 3.0334469301379654e-06, 'epoch': 18.02}
{'loss': 5.7904, 'learning_rate': 3.0219956393484677e-06, 'epoch': 18.08}
{'loss': 5.7908, 'learning_rate': 3.01054434855897e-06, 'epoch': 18.15}
{'loss': 5.8157, 'learning_rate': 2.999115960351051e-06, 'epoch': 18.21}
{'loss': 5.7904, 'learning_rate': 2.987664669561553e-06, 'epoch': 18.28}
{'loss': 5.7984, 'learning_rate': 2.9762133787720553e-06, 'epoch': 18.34}
{'loss': 5.8131, 'learning_rate': 2.964762087982558e-06, 'epoch': 18.4}
{'loss': 5.8008, 'learning_rate': 2.953333699774639e-06, 'epoch': 18.47}
{'loss': 5.8059, 'learning_rate': 2.941882408985141e-06, 'epoch': 18.53}
{'loss': 5.8218, 'learning_rate': 2.9304311181956434e-06, 'epoch': 18.6}
{'loss': 5.7987, 'learning_rate': 2.9189798274061452e-06, 'epoch': 18.66}
{'loss': 5.8147, 'learning_rate': 2.907528536616648e-06, 'epoch': 18.73}
{'loss': 5.8037, 'learning_rate': 2.8961001484087288e-06, 'epoch': 18.79}
{'loss': 5.7941, 'learning_rate': 2.884648857619231e-06, 'epoch': 18.85}
{'loss': 5.8107, 'learning_rate': 2.8731975668297333e-06, 'epoch': 18.92}
{'loss': 5.7957, 'learning_rate': 2.8617462760402356e-06, 'epoch': 18.98}
{'loss': 5.7901, 'learning_rate': 2.850317887832317e-06, 'epoch': 19.05}
{'loss': 5.7924, 'learning_rate': 2.8388894996243977e-06, 'epoch': 19.11}
{'loss': 5.7922, 'learning_rate': 2.8274382088349e-06, 'epoch': 19.17}
{'loss': 5.7866, 'learning_rate': 2.8159869180454027e-06, 'epoch': 19.24}
{'loss': 5.8036, 'learning_rate': 2.8045356272559045e-06, 'epoch': 19.3}
{'loss': 5.7822, 'learning_rate': 2.7930843364664068e-06, 'epoch': 19.37}
{'loss': 5.8072, 'learning_rate': 2.781633045676909e-06, 'epoch': 19.43}
{'loss': 5.8092, 'learning_rate': 2.770181754887411e-06, 'epoch': 19.49}
{'loss': 5.8031, 'learning_rate': 2.7587304640979135e-06, 'epoch': 19.56}
{'loss': 5.7888, 'learning_rate': 2.7473020758899944e-06, 'epoch': 19.62}
{'loss': 5.8147, 'learning_rate': 2.7358507851004967e-06, 'epoch': 19.69}
{'loss': 5.7857, 'learning_rate': 2.7243994943109994e-06, 'epoch': 19.75}
{'loss': 5.8152, 'learning_rate': 2.712948203521501e-06, 'epoch': 19.82}
{'loss': 5.8126, 'learning_rate': 2.7015198153135825e-06, 'epoch': 19.88}
{'loss': 5.7831, 'learning_rate': 2.6900685245240847e-06, 'epoch': 19.94}
{'loss': 5.7919, 'learning_rate': 2.6786172337345866e-06, 'epoch': 20.01}
{'loss': 5.774, 'learning_rate': 2.6671659429450893e-06, 'epoch': 20.07}
{'loss': 5.7997, 'learning_rate': 2.65573755473717e-06, 'epoch': 20.14}
{'loss': 5.7837, 'learning_rate': 2.6442862639476724e-06, 'epoch': 20.2}
{'loss': 5.8005, 'learning_rate': 2.6328349731581747e-06, 'epoch': 20.26}
{'loss': 5.7965, 'learning_rate': 2.6213836823686765e-06, 'epoch': 20.33}
{'loss': 5.7685, 'learning_rate': 2.609955294160758e-06, 'epoch': 20.39}
{'loss': 5.7754, 'learning_rate': 2.59850400337126e-06, 'epoch': 20.46}
{'loss': 5.7958, 'learning_rate': 2.5870527125817623e-06, 'epoch': 20.52}
{'loss': 5.806, 'learning_rate': 2.575601421792265e-06, 'epoch': 20.58}
{'loss': 5.7803, 'learning_rate': 2.564150131002767e-06, 'epoch': 20.65}
{'loss': 5.8046, 'learning_rate': 2.552721742794848e-06, 'epoch': 20.71}
{'loss': 5.7947, 'learning_rate': 2.5412933545869294e-06, 'epoch': 20.78}
{'loss': 5.8217, 'learning_rate': 2.5298420637974312e-06, 'epoch': 20.84}
{'loss': 5.785, 'learning_rate': 2.518390773007934e-06, 'epoch': 20.91}
{'loss': 5.7983, 'learning_rate': 2.5069394822184358e-06, 'epoch': 20.97}
{'loss': 5.8072, 'learning_rate': 2.495488191428938e-06, 'epoch': 21.03}
{'loss': 5.7969, 'learning_rate': 2.4840369006394403e-06, 'epoch': 21.1}
{'loss': 5.7906, 'learning_rate': 2.4725856098499426e-06, 'epoch': 21.16}
{'loss': 5.7702, 'learning_rate': 2.461134319060445e-06, 'epoch': 21.23}
{'loss': 5.7723, 'learning_rate': 2.449683028270947e-06, 'epoch': 21.29}
{'loss': 5.7746, 'learning_rate': 2.438254640063028e-06, 'epoch': 21.35}
{'loss': 5.7938, 'learning_rate': 2.42680334927353e-06, 'epoch': 21.42}
{'loss': 5.8083, 'learning_rate': 2.4153520584840325e-06, 'epoch': 21.48}
{'loss': 5.768, 'learning_rate': 2.4039007676945347e-06, 'epoch': 21.55}
{'loss': 5.7993, 'learning_rate': 2.392472379486616e-06, 'epoch': 21.61}
{'loss': 5.7837, 'learning_rate': 2.381021088697118e-06, 'epoch': 21.68}
{'loss': 5.7835, 'learning_rate': 2.3695697979076205e-06, 'epoch': 21.74}
{'loss': 5.7894, 'learning_rate': 2.3581185071181224e-06, 'epoch': 21.8}
{'loss': 5.7807, 'learning_rate': 2.3466901189102037e-06, 'epoch': 21.87}
{'loss': 5.7835, 'learning_rate': 2.335238828120706e-06, 'epoch': 21.93}
{'loss': 5.7815, 'learning_rate': 2.323787537331208e-06, 'epoch': 22.0}
{'loss': 5.7884, 'learning_rate': 2.3123362465417105e-06, 'epoch': 22.06}
{'loss': 5.7903, 'learning_rate': 2.3009078583337917e-06, 'epoch': 22.12}
{'loss': 5.7911, 'learning_rate': 2.2894565675442936e-06, 'epoch': 22.19}
{'loss': 5.7794, 'learning_rate': 2.2780052767547963e-06, 'epoch': 22.25}
{'loss': 5.7653, 'learning_rate': 2.266553985965298e-06, 'epoch': 22.32}
{'loss': 5.7835, 'learning_rate': 2.2551026951758004e-06, 'epoch': 22.38}
{'loss': 5.768, 'learning_rate': 2.2436743069678817e-06, 'epoch': 22.44}
{'loss': 5.7816, 'learning_rate': 2.232245918759963e-06, 'epoch': 22.51}
{'loss': 5.7755, 'learning_rate': 2.220794627970465e-06, 'epoch': 22.57}
{'loss': 5.7994, 'learning_rate': 2.209343337180967e-06, 'epoch': 22.64}
{'loss': 5.7946, 'learning_rate': 2.1978920463914693e-06, 'epoch': 22.7}
{'loss': 5.7615, 'learning_rate': 2.1864407556019716e-06, 'epoch': 22.77}
{'loss': 5.7744, 'learning_rate': 2.174989464812474e-06, 'epoch': 22.83}
{'loss': 5.7773, 'learning_rate': 2.163538174022976e-06, 'epoch': 22.89}
{'loss': 5.8096, 'learning_rate': 2.1520868832334784e-06, 'epoch': 22.96}
{'loss': 5.7991, 'learning_rate': 2.1406584950255592e-06, 'epoch': 23.02}
{'loss': 5.7884, 'learning_rate': 2.129207204236062e-06, 'epoch': 23.09}
{'loss': 5.7831, 'learning_rate': 2.1177559134465637e-06, 'epoch': 23.15}
{'loss': 5.7805, 'learning_rate': 2.106327525238645e-06, 'epoch': 23.21}
{'loss': 5.7869, 'learning_rate': 2.0948762344491473e-06, 'epoch': 23.28}
{'loss': 5.7804, 'learning_rate': 2.0834249436596496e-06, 'epoch': 23.34}
{'loss': 5.7785, 'learning_rate': 2.071973652870152e-06, 'epoch': 23.41}
{'loss': 5.7796, 'learning_rate': 2.0605452646622327e-06, 'epoch': 23.47}
{'loss': 5.7936, 'learning_rate': 2.049093973872735e-06, 'epoch': 23.53}
{'loss': 5.7837, 'learning_rate': 2.0376426830832376e-06, 'epoch': 23.6}
{'loss': 5.7796, 'learning_rate': 2.0261913922937395e-06, 'epoch': 23.66}
{'loss': 5.7833, 'learning_rate': 2.0147401015042417e-06, 'epoch': 23.73}
{'loss': 5.7722, 'learning_rate': 2.003288810714744e-06, 'epoch': 23.79}
{'loss': 5.7604, 'learning_rate': 1.9918375199252462e-06, 'epoch': 23.86}
{'loss': 5.7784, 'learning_rate': 1.9803862291357485e-06, 'epoch': 23.92}
{'loss': 5.7895, 'learning_rate': 1.9689349383462503e-06, 'epoch': 23.98}
{'loss': 5.762, 'learning_rate': 1.9575065501383316e-06, 'epoch': 24.05}
{'loss': 5.7583, 'learning_rate': 1.946055259348834e-06, 'epoch': 24.11}
{'loss': 5.7955, 'learning_rate': 1.934603968559336e-06, 'epoch': 24.18}
{'loss': 5.7822, 'learning_rate': 1.9231526777698384e-06, 'epoch': 24.24}
{'loss': 5.7848, 'learning_rate': 1.9117013869803407e-06, 'epoch': 24.3}
{'loss': 5.7553, 'learning_rate': 1.9002729987724218e-06, 'epoch': 24.37}
{'loss': 5.7823, 'learning_rate': 1.888821707982924e-06, 'epoch': 24.43}
{'loss': 5.7534, 'learning_rate': 1.8773704171934263e-06, 'epoch': 24.5}
{'loss': 5.7877, 'learning_rate': 1.8659191264039283e-06, 'epoch': 24.56}
{'loss': 5.7658, 'learning_rate': 1.8544678356144306e-06, 'epoch': 24.62}
{'loss': 5.7642, 'learning_rate': 1.8430394474065119e-06, 'epoch': 24.69}
{'loss': 5.7724, 'learning_rate': 1.8315881566170141e-06, 'epoch': 24.75}
{'loss': 5.7722, 'learning_rate': 1.8201368658275162e-06, 'epoch': 24.82}
{'loss': 5.7785, 'learning_rate': 1.8086855750380182e-06, 'epoch': 24.88}
{'loss': 5.7836, 'learning_rate': 1.7972571868300998e-06, 'epoch': 24.95}
{'loss': 5.7653, 'learning_rate': 1.7858058960406018e-06, 'epoch': 25.01}
{'loss': 5.7498, 'learning_rate': 1.774354605251104e-06, 'epoch': 25.07}
{'loss': 5.7569, 'learning_rate': 1.7629033144616061e-06, 'epoch': 25.14}
{'loss': 5.7752, 'learning_rate': 1.7514520236721086e-06, 'epoch': 25.2}
{'loss': 5.7856, 'learning_rate': 1.7400236354641897e-06, 'epoch': 25.27}
{'loss': 5.7744, 'learning_rate': 1.728572344674692e-06, 'epoch': 25.33}
{'loss': 5.7504, 'learning_rate': 1.717121053885194e-06, 'epoch': 25.39}
{'loss': 5.7845, 'learning_rate': 1.7056697630956962e-06, 'epoch': 25.46}
{'loss': 5.7614, 'learning_rate': 1.6942413748877775e-06, 'epoch': 25.52}
{'loss': 5.7547, 'learning_rate': 1.6827900840982798e-06, 'epoch': 25.59}
{'loss': 5.7828, 'learning_rate': 1.6713387933087818e-06, 'epoch': 25.65}
{'loss': 5.7672, 'learning_rate': 1.6598875025192839e-06, 'epoch': 25.72}
{'loss': 5.7538, 'learning_rate': 1.6484591143113654e-06, 'epoch': 25.78}
{'loss': 5.7716, 'learning_rate': 1.6370078235218676e-06, 'epoch': 25.84}
{'loss': 5.7803, 'learning_rate': 1.6255565327323697e-06, 'epoch': 25.91}
{'loss': 5.7601, 'learning_rate': 1.6141052419428717e-06, 'epoch': 25.97}
{'loss': 5.7639, 'learning_rate': 1.6026768537349533e-06, 'epoch': 26.04}
{'loss': 5.7701, 'learning_rate': 1.5912255629454553e-06, 'epoch': 26.1}
{'loss': 5.7766, 'learning_rate': 1.5797742721559576e-06, 'epoch': 26.16}
{'loss': 5.766, 'learning_rate': 1.5683229813664596e-06, 'epoch': 26.23}
{'loss': 5.7588, 'learning_rate': 1.556871690576962e-06, 'epoch': 26.29}
{'loss': 5.7572, 'learning_rate': 1.5454203997874641e-06, 'epoch': 26.36}
{'loss': 5.759, 'learning_rate': 1.5339920115795454e-06, 'epoch': 26.42}
{'loss': 5.758, 'learning_rate': 1.5225407207900475e-06, 'epoch': 26.48}
{'loss': 5.7485, 'learning_rate': 1.51108943000055e-06, 'epoch': 26.55}
{'loss': 5.7642, 'learning_rate': 1.499638139211052e-06, 'epoch': 26.61}
{'loss': 5.7453, 'learning_rate': 1.4882097510031333e-06, 'epoch': 26.68}
{'loss': 5.7778, 'learning_rate': 1.4767584602136353e-06, 'epoch': 26.74}
{'loss': 5.7671, 'learning_rate': 1.4653071694241374e-06, 'epoch': 26.81}
{'loss': 5.7702, 'learning_rate': 1.4538558786346399e-06, 'epoch': 26.87}
{'loss': 5.7524, 'learning_rate': 1.442427490426721e-06, 'epoch': 26.93}
{'loss': 5.7698, 'learning_rate': 1.4309761996372232e-06, 'epoch': 27.0}
{'loss': 5.763, 'learning_rate': 1.4195249088477252e-06, 'epoch': 27.06}
{'loss': 5.7476, 'learning_rate': 1.4080736180582277e-06, 'epoch': 27.13}
{'loss': 5.7543, 'learning_rate': 1.3966223272687298e-06, 'epoch': 27.19}
{'loss': 5.7693, 'learning_rate': 1.385193939060811e-06, 'epoch': 27.25}
{'loss': 5.7473, 'learning_rate': 1.3737426482713131e-06, 'epoch': 27.32}
{'loss': 5.7678, 'learning_rate': 1.3622913574818156e-06, 'epoch': 27.38}
{'loss': 5.7587, 'learning_rate': 1.3508400666923176e-06, 'epoch': 27.45}
{'loss': 5.7565, 'learning_rate': 1.33938877590282e-06, 'epoch': 27.51}
{'loss': 5.773, 'learning_rate': 1.327937485113322e-06, 'epoch': 27.57}
{'loss': 5.7557, 'learning_rate': 1.3165090969054034e-06, 'epoch': 27.64}
{'loss': 5.7481, 'learning_rate': 1.3050578061159055e-06, 'epoch': 27.7}
{'loss': 5.7736, 'learning_rate': 1.2936065153264078e-06, 'epoch': 27.77}
{'loss': 5.7668, 'learning_rate': 1.2821552245369098e-06, 'epoch': 27.83}
{'loss': 5.7623, 'learning_rate': 1.2707268363289913e-06, 'epoch': 27.9}
{'loss': 5.7652, 'learning_rate': 1.2592755455394934e-06, 'epoch': 27.96}
{'loss': 5.7463, 'learning_rate': 1.2478242547499956e-06, 'epoch': 28.02}
{'loss': 5.7548, 'learning_rate': 1.2363729639604977e-06, 'epoch': 28.09}
{'loss': 5.7565, 'learning_rate': 1.224921673171e-06, 'epoch': 28.15}
{'loss': 5.7503, 'learning_rate': 1.213493284963081e-06, 'epoch': 28.22}
{'loss': 5.7507, 'learning_rate': 1.2020419941735833e-06, 'epoch': 28.28}
{'loss': 5.7491, 'learning_rate': 1.1905907033840855e-06, 'epoch': 28.34}
{'loss': 5.743, 'learning_rate': 1.1791394125945878e-06, 'epoch': 28.41}
{'loss': 5.7696, 'learning_rate': 1.1677110243866689e-06, 'epoch': 28.47}
{'loss': 5.7659, 'learning_rate': 1.1562597335971711e-06, 'epoch': 28.54}
{'loss': 5.7479, 'learning_rate': 1.1448084428076734e-06, 'epoch': 28.6}
{'loss': 5.7685, 'learning_rate': 1.1333571520181757e-06, 'epoch': 28.66}
{'loss': 5.761, 'learning_rate': 1.1219058612286777e-06, 'epoch': 28.73}
{'loss': 5.7555, 'learning_rate': 1.110477473020759e-06, 'epoch': 28.79}
{'loss': 5.7304, 'learning_rate': 1.0990261822312613e-06, 'epoch': 28.86}
{'loss': 5.7407, 'learning_rate': 1.0875748914417635e-06, 'epoch': 28.92}
{'loss': 5.7518, 'learning_rate': 1.0761236006522656e-06, 'epoch': 28.99}
{'loss': 5.7623, 'learning_rate': 1.0646952124443469e-06, 'epoch': 29.05}
{'loss': 5.7517, 'learning_rate': 1.053243921654849e-06, 'epoch': 29.11}
{'loss': 5.7604, 'learning_rate': 1.0417926308653514e-06, 'epoch': 29.18}
{'loss': 5.7651, 'learning_rate': 1.0303413400758534e-06, 'epoch': 29.24}
{'loss': 5.7662, 'learning_rate': 1.0188900492863557e-06, 'epoch': 29.31}
{'loss': 5.7576, 'learning_rate': 1.0074616610784368e-06, 'epoch': 29.37}
{'loss': 5.7697, 'learning_rate': 9.96010370288939e-07, 'epoch': 29.43}
{'loss': 5.7599, 'learning_rate': 9.845590794994413e-07, 'epoch': 29.5}
{'loss': 5.7566, 'learning_rate': 9.731077887099433e-07, 'epoch': 29.56}
{'loss': 5.736, 'learning_rate': 9.616794005020246e-07, 'epoch': 29.63}
{'loss': 5.7673, 'learning_rate': 9.502281097125268e-07, 'epoch': 29.69}
{'loss': 5.7613, 'learning_rate': 9.38776818923029e-07, 'epoch': 29.76}
{'loss': 5.7531, 'learning_rate': 9.273255281335312e-07, 'epoch': 29.82}
{'loss': 5.7458, 'learning_rate': 9.158971399256125e-07, 'epoch': 29.88}
{'loss': 5.7469, 'learning_rate': 9.044458491361147e-07, 'epoch': 29.95}
{'loss': 5.7534, 'learning_rate': 8.929945583466169e-07, 'epoch': 30.01}
{'loss': 5.7647, 'learning_rate': 8.815432675571191e-07, 'epoch': 30.08}
{'loss': 5.7515, 'learning_rate': 8.700919767676213e-07, 'epoch': 30.14}
{'loss': 5.7403, 'learning_rate': 8.586406859781235e-07, 'epoch': 30.2}
{'loss': 5.7465, 'learning_rate': 8.472122977702048e-07, 'epoch': 30.27}
{'loss': 5.7515, 'learning_rate': 8.357610069807069e-07, 'epoch': 30.33}
{'loss': 5.7363, 'learning_rate': 8.243097161912092e-07, 'epoch': 30.4}
{'loss': 5.758, 'learning_rate': 8.128584254017113e-07, 'epoch': 30.46}
{'loss': 5.7516, 'learning_rate': 8.014300371937926e-07, 'epoch': 30.52}
{'loss': 5.7536, 'learning_rate': 7.899787464042948e-07, 'epoch': 30.59}
{'loss': 5.7376, 'learning_rate': 7.785274556147968e-07, 'epoch': 30.65}
{'loss': 5.7447, 'learning_rate': 7.670761648252992e-07, 'epoch': 30.72}
{'loss': 5.7421, 'learning_rate': 7.556477766173803e-07, 'epoch': 30.78}
{'loss': 5.741, 'learning_rate': 7.441964858278826e-07, 'epoch': 30.85}
{'loss': 5.755, 'learning_rate': 7.327451950383847e-07, 'epoch': 30.91}
{'loss': 5.7279, 'learning_rate': 7.21293904248887e-07, 'epoch': 30.97}
{'loss': 5.7516, 'learning_rate': 7.098655160409682e-07, 'epoch': 31.04}
{'loss': 5.7497, 'learning_rate': 6.984142252514704e-07, 'epoch': 31.1}
{'loss': 5.7258, 'learning_rate': 6.869629344619726e-07, 'epoch': 31.17}
{'loss': 5.7209, 'learning_rate': 6.755116436724748e-07, 'epoch': 31.23}
{'loss': 5.7482, 'learning_rate': 6.64060352882977e-07, 'epoch': 31.29}
{'loss': 5.7407, 'learning_rate': 6.526319646750583e-07, 'epoch': 31.36}
{'loss': 5.7471, 'learning_rate': 6.411806738855604e-07, 'epoch': 31.42}
{'loss': 5.7398, 'learning_rate': 6.297293830960627e-07, 'epoch': 31.49}
{'loss': 5.7719, 'learning_rate': 6.182780923065649e-07, 'epoch': 31.55}
{'loss': 5.7383, 'learning_rate': 6.06826801517067e-07, 'epoch': 31.61}
{'loss': 5.7512, 'learning_rate': 5.953984133091482e-07, 'epoch': 31.68}
{'loss': 5.7604, 'learning_rate': 5.839471225196505e-07, 'epoch': 31.74}
{'loss': 5.7497, 'learning_rate': 5.724958317301527e-07, 'epoch': 31.81}
{'loss': 5.76, 'learning_rate': 5.610445409406549e-07, 'epoch': 31.87}
{'loss': 5.7293, 'learning_rate': 5.495932501511571e-07, 'epoch': 31.94}
{'loss': 5.7268, 'learning_rate': 5.381648619432383e-07, 'epoch': 32.0}
{'loss': 5.7405, 'learning_rate': 5.267135711537405e-07, 'epoch': 32.06}
{'loss': 5.755, 'learning_rate': 5.152622803642427e-07, 'epoch': 32.13}
{'loss': 5.7288, 'learning_rate': 5.038109895747449e-07, 'epoch': 32.19}
{'loss': 5.728, 'learning_rate': 4.923826013668262e-07, 'epoch': 32.26}
{'loss': 5.7353, 'learning_rate': 4.809313105773283e-07, 'epoch': 32.32}
{'loss': 5.7615, 'learning_rate': 4.6948001978783054e-07, 'epoch': 32.38}
{'loss': 5.7286, 'learning_rate': 4.5802872899833275e-07, 'epoch': 32.45}
{'loss': 5.7603, 'learning_rate': 4.4657743820883496e-07, 'epoch': 32.51}
{'loss': 5.7497, 'learning_rate': 4.351490500009162e-07, 'epoch': 32.58}
{'loss': 5.7345, 'learning_rate': 4.236977592114183e-07, 'epoch': 32.64}
{'loss': 5.7347, 'learning_rate': 4.122464684219205e-07, 'epoch': 32.7}
{'loss': 5.7232, 'learning_rate': 4.007951776324227e-07, 'epoch': 32.77}
{'loss': 5.7288, 'learning_rate': 3.893438868429249e-07, 'epoch': 32.83}
{'loss': 5.7464, 'learning_rate': 3.7789259605342713e-07, 'epoch': 32.9}
{'loss': 5.7677, 'learning_rate': 3.6644130526392934e-07, 'epoch': 32.96}
{'loss': 5.7368, 'learning_rate': 3.5499001447443155e-07, 'epoch': 33.03}
{'loss': 5.7475, 'learning_rate': 3.435616262665128e-07, 'epoch': 33.09}
{'loss': 5.7315, 'learning_rate': 3.32110335477015e-07, 'epoch': 33.15}
{'loss': 5.7562, 'learning_rate': 3.206819472690962e-07, 'epoch': 33.22}
{'loss': 5.7579, 'learning_rate': 3.092306564795984e-07, 'epoch': 33.28}
{'loss': 5.752, 'learning_rate': 2.977793656901006e-07, 'epoch': 33.35}
{'loss': 5.7566, 'learning_rate': 2.863280749006028e-07, 'epoch': 33.41}
{'loss': 5.7441, 'learning_rate': 2.74876784111105e-07, 'epoch': 33.47}
{'loss': 5.728, 'learning_rate': 2.6344839590318625e-07, 'epoch': 33.54}
{'loss': 5.75, 'learning_rate': 2.519971051136884e-07, 'epoch': 33.6}
{'loss': 5.733, 'learning_rate': 2.405458143241906e-07, 'epoch': 33.67}
{'loss': 5.738, 'learning_rate': 2.2909452353469285e-07, 'epoch': 33.73}
{'loss': 5.7432, 'learning_rate': 2.1766613532677403e-07, 'epoch': 33.8}
{'loss': 5.7393, 'learning_rate': 2.0621484453727627e-07, 'epoch': 33.86}
{'loss': 5.7206, 'learning_rate': 1.9476355374777848e-07, 'epoch': 33.92}
{'loss': 5.7512, 'learning_rate': 1.8331226295828068e-07, 'epoch': 33.99}
{'loss': 5.7415, 'learning_rate': 1.718609721687829e-07, 'epoch': 34.05}
{'loss': 5.7368, 'learning_rate': 1.604096813792851e-07, 'epoch': 34.12}
{'loss': 5.7377, 'learning_rate': 1.4898129317136629e-07, 'epoch': 34.18}
{'loss': 5.7408, 'learning_rate': 1.375300023818685e-07, 'epoch': 34.24}
{'loss': 5.7514, 'learning_rate': 1.260787115923707e-07, 'epoch': 34.31}
{'loss': 5.7425, 'learning_rate': 1.1462742080287291e-07, 'epoch': 34.37}
{'loss': 5.7408, 'learning_rate': 1.0319903259495411e-07, 'epoch': 34.44}
{'loss': 5.7373, 'learning_rate': 9.174774180545632e-08, 'epoch': 34.5}
{'loss': 5.7154, 'learning_rate': 8.029645101595853e-08, 'epoch': 34.56}
{'loss': 5.7477, 'learning_rate': 6.884516022646073e-08, 'epoch': 34.63}
{'loss': 5.7352, 'learning_rate': 5.739386943696294e-08, 'epoch': 34.69}
{'loss': 5.7381, 'learning_rate': 4.5942578647465143e-08, 'epoch': 34.76}
{'loss': 5.7261, 'learning_rate': 3.451419043954635e-08, 'epoch': 34.82}
{'loss': 5.7386, 'learning_rate': 2.3062899650048557e-08, 'epoch': 34.89}
{'loss': 5.7454, 'learning_rate': 1.1611608860550762e-08, 'epoch': 34.95}
{'train_runtime': 218792.9012, 'train_samples_per_second': 2.495, 'train_steps_per_second': 1.247, 'train_loss': 5.868144105047271, 'epoch': 35.0}
FINISH
