Tue Jul 26 13:22:51 2022       
+-----------------------------------------------------------------------------+
| NVIDIA-SMI 460.80       Driver Version: 460.80       CUDA Version: 11.2     |
|-------------------------------+----------------------+----------------------+
| GPU  Name        Persistence-M| Bus-Id        Disp.A | Volatile Uncorr. ECC |
| Fan  Temp  Perf  Pwr:Usage/Cap|         Memory-Usage | GPU-Util  Compute M. |
|                               |                      |               MIG M. |
|===============================+======================+======================|
|   0  GeForce RTX 3090    Off  | 00000000:45:00.0 Off |                  N/A |
| 39%   25C    P8    17W / 350W |      0MiB / 24268MiB |      0%      Default |
|                               |                      |                  N/A |
+-------------------------------+----------------------+----------------------+
                                                                               
+-----------------------------------------------------------------------------+
| Processes:                                                                  |
|  GPU   GI   CI        PID   Type   Process name                  GPU Memory |
|        ID   ID                                                   Usage      |
|=============================================================================|
|  No running processes found                                                 |
+-----------------------------------------------------------------------------+
nvcc: NVIDIA (R) Cuda compiler driver
Copyright (c) 2005-2020 NVIDIA Corporation
Built on Mon_Oct_12_20:09:46_PDT_2020
Cuda compilation tools, release 11.1, V11.1.105
Build cuda_11.1.TC455_06.29190527_0
START
2022-07-26 13:24:05.026772
Namespace(batch_size=2, ckpt='/gpfsnyu/scratch/yw3642/hf-models/allenai_longformer-large-4096', epochs=30, exp=17, gradient_checkpointing=True, lr=1e-05, max_len=4096, mlm_prob=0.3, seed=-1, weight_decay=0.0)
seed= 187
n_train=15594
{'loss': 15.217, 'learning_rate': 1.0580992689495961e-07, 'epoch': 0.06}
{'loss': 11.0112, 'learning_rate': 2.1247488350220173e-07, 'epoch': 0.13}
{'loss': 7.2894, 'learning_rate': 3.1913984010944384e-07, 'epoch': 0.19}
{'loss': 6.3698, 'learning_rate': 4.260185541447566e-07, 'epoch': 0.26}
{'loss': 5.7675, 'learning_rate': 5.328972681800693e-07, 'epoch': 0.32}
{'loss': 5.2568, 'learning_rate': 6.397759822153821e-07, 'epoch': 0.38}
{'loss': 4.8961, 'learning_rate': 7.466546962506947e-07, 'epoch': 0.45}
{'loss': 4.5872, 'learning_rate': 8.535334102860075e-07, 'epoch': 0.51}
{'loss': 4.3197, 'learning_rate': 9.604121243213201e-07, 'epoch': 0.58}
{'loss': 4.0606, 'learning_rate': 1.0670770809285624e-06, 'epoch': 0.64}
{'loss': 3.8442, 'learning_rate': 1.173955794963875e-06, 'epoch': 0.71}
{'loss': 3.6669, 'learning_rate': 1.2808345089991877e-06, 'epoch': 0.77}
{'loss': 3.5038, 'learning_rate': 1.38749946560643e-06, 'epoch': 0.83}
{'loss': 3.3636, 'learning_rate': 1.4943781796417428e-06, 'epoch': 0.9}
{'loss': 3.1968, 'learning_rate': 1.6012568936770553e-06, 'epoch': 0.96}
{'loss': 3.107, 'learning_rate': 1.7081356077123681e-06, 'epoch': 1.03}
{'loss': 2.98, 'learning_rate': 1.815014321747681e-06, 'epoch': 1.09}
{'loss': 2.9461, 'learning_rate': 1.921893035782994e-06, 'epoch': 1.15}
{'loss': 2.811, 'learning_rate': 2.0285579923902357e-06, 'epoch': 1.22}
{'loss': 2.7834, 'learning_rate': 2.1354367064255484e-06, 'epoch': 1.28}
{'loss': 2.6705, 'learning_rate': 2.2423154204608615e-06, 'epoch': 1.35}
{'loss': 2.5977, 'learning_rate': 2.3491941344961737e-06, 'epoch': 1.41}
{'loss': 2.5739, 'learning_rate': 2.4560728485314868e-06, 'epoch': 1.47}
{'loss': 2.5073, 'learning_rate': 2.5629515625667994e-06, 'epoch': 1.54}
{'loss': 2.4257, 'learning_rate': 2.669830276602112e-06, 'epoch': 1.6}
{'loss': 2.4087, 'learning_rate': 2.776708990637425e-06, 'epoch': 1.67}
{'loss': 2.3656, 'learning_rate': 2.883587704672738e-06, 'epoch': 1.73}
{'loss': 2.2995, 'learning_rate': 2.99046641870805e-06, 'epoch': 1.8}
{'loss': 2.3133, 'learning_rate': 3.097345132743363e-06, 'epoch': 1.86}
{'loss': 2.246, 'learning_rate': 3.2042238467786758e-06, 'epoch': 1.92}
{'loss': 2.1976, 'learning_rate': 3.3108888033859176e-06, 'epoch': 1.99}
{'loss': 2.1762, 'learning_rate': 3.4177675174212307e-06, 'epoch': 2.05}
{'loss': 2.124, 'learning_rate': 3.5246462314565433e-06, 'epoch': 2.12}
{'loss': 2.1429, 'learning_rate': 3.631524945491856e-06, 'epoch': 2.18}
{'loss': 2.0625, 'learning_rate': 3.738403659527169e-06, 'epoch': 2.24}
{'loss': 2.0732, 'learning_rate': 3.845282373562481e-06, 'epoch': 2.31}
{'loss': 2.0353, 'learning_rate': 3.952161087597794e-06, 'epoch': 2.37}
{'loss': 2.0439, 'learning_rate': 4.0590398016331074e-06, 'epoch': 2.44}
{'loss': 2.0048, 'learning_rate': 4.16591851566842e-06, 'epoch': 2.5}
{'loss': 2.0043, 'learning_rate': 4.272583472275662e-06, 'epoch': 2.57}
{'loss': 1.9655, 'learning_rate': 4.379248428882904e-06, 'epoch': 2.63}
{'loss': 1.9802, 'learning_rate': 4.4861271429182164e-06, 'epoch': 2.69}
{'loss': 1.9557, 'learning_rate': 4.5930058569535295e-06, 'epoch': 2.76}
{'loss': 1.9251, 'learning_rate': 4.699884570988843e-06, 'epoch': 2.82}
{'loss': 1.9192, 'learning_rate': 4.806763285024155e-06, 'epoch': 2.89}
{'loss': 1.884, 'learning_rate': 4.9134282416313975e-06, 'epoch': 2.95}
{'loss': 1.8562, 'learning_rate': 5.02030695566671e-06, 'epoch': 3.01}
{'loss': 1.8457, 'learning_rate': 5.127185669702023e-06, 'epoch': 3.08}
{'loss': 1.8822, 'learning_rate': 5.234064383737335e-06, 'epoch': 3.14}
{'loss': 1.8296, 'learning_rate': 5.340729340344577e-06, 'epoch': 3.21}
{'loss': 1.8137, 'learning_rate': 5.44760805437989e-06, 'epoch': 3.27}
{'loss': 1.8399, 'learning_rate': 5.554486768415202e-06, 'epoch': 3.33}
{'loss': 1.8087, 'learning_rate': 5.661365482450516e-06, 'epoch': 3.4}
{'loss': 1.7903, 'learning_rate': 5.768244196485828e-06, 'epoch': 3.46}
{'loss': 1.7635, 'learning_rate': 5.8751229105211414e-06, 'epoch': 3.53}
{'loss': 1.7888, 'learning_rate': 5.982001624556454e-06, 'epoch': 3.59}
{'loss': 1.747, 'learning_rate': 6.088880338591766e-06, 'epoch': 3.66}
{'loss': 1.7545, 'learning_rate': 6.19575905262708e-06, 'epoch': 3.72}
{'loss': 1.7677, 'learning_rate': 6.302424009234322e-06, 'epoch': 3.78}
{'loss': 1.743, 'learning_rate': 6.409302723269634e-06, 'epoch': 3.85}
{'loss': 1.7101, 'learning_rate': 6.516181437304947e-06, 'epoch': 3.91}
{'loss': 1.7081, 'learning_rate': 6.623060151340259e-06, 'epoch': 3.98}
{'loss': 1.6934, 'learning_rate': 6.729938865375572e-06, 'epoch': 4.04}
{'loss': 1.6715, 'learning_rate': 6.836603821982815e-06, 'epoch': 4.1}
{'loss': 1.6931, 'learning_rate': 6.9430550211619864e-06, 'epoch': 4.17}
{'loss': 1.7083, 'learning_rate': 7.049933735197299e-06, 'epoch': 4.23}
{'loss': 1.6349, 'learning_rate': 7.156812449232612e-06, 'epoch': 4.3}
{'loss': 1.6565, 'learning_rate': 7.263691163267924e-06, 'epoch': 4.36}
{'loss': 1.6747, 'learning_rate': 7.370569877303236e-06, 'epoch': 4.42}
{'loss': 1.6455, 'learning_rate': 7.47744859133855e-06, 'epoch': 4.49}
{'loss': 1.6382, 'learning_rate': 7.584327305373862e-06, 'epoch': 4.55}
{'loss': 1.6283, 'learning_rate': 7.690992261981103e-06, 'epoch': 4.62}
{'loss': 1.6624, 'learning_rate': 7.797870976016417e-06, 'epoch': 4.68}
{'loss': 1.6613, 'learning_rate': 7.90474969005173e-06, 'epoch': 4.75}
{'loss': 1.6335, 'learning_rate': 8.011628404087043e-06, 'epoch': 4.81}
{'loss': 1.6276, 'learning_rate': 8.118507118122356e-06, 'epoch': 4.87}
{'loss': 1.6151, 'learning_rate': 8.225385832157668e-06, 'epoch': 4.94}
{'loss': 1.6188, 'learning_rate': 8.33226454619298e-06, 'epoch': 5.0}
{'loss': 1.5877, 'learning_rate': 8.439143260228294e-06, 'epoch': 5.07}
{'loss': 1.6065, 'learning_rate': 8.546021974263606e-06, 'epoch': 5.13}
{'loss': 1.5598, 'learning_rate': 8.652900688298919e-06, 'epoch': 5.19}
{'loss': 1.5897, 'learning_rate': 8.759779402334232e-06, 'epoch': 5.26}
{'loss': 1.6138, 'learning_rate': 8.866658116369545e-06, 'epoch': 5.32}
{'loss': 1.5744, 'learning_rate': 8.973536830404857e-06, 'epoch': 5.39}
{'loss': 1.5845, 'learning_rate': 9.080415544440169e-06, 'epoch': 5.45}
{'loss': 1.5755, 'learning_rate': 9.187294258475483e-06, 'epoch': 5.51}
{'loss': 1.5714, 'learning_rate': 9.294172972510795e-06, 'epoch': 5.58}
{'loss': 1.5929, 'learning_rate': 9.400410414261896e-06, 'epoch': 5.64}
{'loss': 1.5499, 'learning_rate': 9.507289128297209e-06, 'epoch': 5.71}
{'loss': 1.5548, 'learning_rate': 9.61416784233252e-06, 'epoch': 5.77}
{'loss': 1.5517, 'learning_rate': 9.721046556367835e-06, 'epoch': 5.84}
{'loss': 1.5711, 'learning_rate': 9.827925270403147e-06, 'epoch': 5.9}
{'loss': 1.5644, 'learning_rate': 9.934803984438461e-06, 'epoch': 5.96}
{'loss': 1.5495, 'learning_rate': 9.989579325381558e-06, 'epoch': 6.03}
{'loss': 1.5302, 'learning_rate': 9.96285964687273e-06, 'epoch': 6.09}
{'loss': 1.5385, 'learning_rate': 9.936139968363901e-06, 'epoch': 6.16}
{'loss': 1.5097, 'learning_rate': 9.909420289855073e-06, 'epoch': 6.22}
{'loss': 1.5342, 'learning_rate': 9.882700611346246e-06, 'epoch': 6.28}
{'loss': 1.5456, 'learning_rate': 9.855980932837417e-06, 'epoch': 6.35}
{'loss': 1.5301, 'learning_rate': 9.829261254328589e-06, 'epoch': 6.41}
{'loss': 1.505, 'learning_rate': 9.80254157581976e-06, 'epoch': 6.48}
{'loss': 1.5296, 'learning_rate': 9.77587533666795e-06, 'epoch': 6.54}
{'loss': 1.5316, 'learning_rate': 9.74920909751614e-06, 'epoch': 6.61}
{'loss': 1.5139, 'learning_rate': 9.722542858364329e-06, 'epoch': 6.67}
{'loss': 1.4938, 'learning_rate': 9.6958231798555e-06, 'epoch': 6.73}
{'loss': 1.5001, 'learning_rate': 9.669103501346672e-06, 'epoch': 6.8}
{'loss': 1.5069, 'learning_rate': 9.642383822837844e-06, 'epoch': 6.86}
{'loss': 1.4984, 'learning_rate': 9.615664144329017e-06, 'epoch': 6.93}
{'loss': 1.4976, 'learning_rate': 9.588944465820188e-06, 'epoch': 6.99}
{'loss': 1.4713, 'learning_rate': 9.56222478731136e-06, 'epoch': 7.05}
{'loss': 1.4664, 'learning_rate': 9.53555854815955e-06, 'epoch': 7.12}
{'loss': 1.4768, 'learning_rate': 9.508838869650721e-06, 'epoch': 7.18}
{'loss': 1.4976, 'learning_rate': 9.482119191141892e-06, 'epoch': 7.25}
{'loss': 1.4766, 'learning_rate': 9.455399512633064e-06, 'epoch': 7.31}
{'loss': 1.4526, 'learning_rate': 9.428679834124237e-06, 'epoch': 7.37}
{'loss': 1.4594, 'learning_rate': 9.401960155615409e-06, 'epoch': 7.44}
{'loss': 1.4711, 'learning_rate': 9.37524047710658e-06, 'epoch': 7.5}
{'loss': 1.4652, 'learning_rate': 9.348520798597752e-06, 'epoch': 7.57}
{'loss': 1.4676, 'learning_rate': 9.321854559445941e-06, 'epoch': 7.63}
{'loss': 1.4648, 'learning_rate': 9.295134880937113e-06, 'epoch': 7.7}
{'loss': 1.4521, 'learning_rate': 9.268415202428284e-06, 'epoch': 7.76}
{'loss': 1.4542, 'learning_rate': 9.241695523919458e-06, 'epoch': 7.82}
{'loss': 1.4391, 'learning_rate': 9.214975845410629e-06, 'epoch': 7.89}
{'loss': 1.429, 'learning_rate': 9.1882561669018e-06, 'epoch': 7.95}
{'loss': 1.4376, 'learning_rate': 9.161536488392972e-06, 'epoch': 8.02}
{'loss': 1.4151, 'learning_rate': 9.134816809884144e-06, 'epoch': 8.08}
{'loss': 1.4067, 'learning_rate': 9.108150570732333e-06, 'epoch': 8.14}
{'loss': 1.4107, 'learning_rate': 9.081430892223505e-06, 'epoch': 8.21}
{'loss': 1.3925, 'learning_rate': 9.054711213714678e-06, 'epoch': 8.27}
{'loss': 1.4231, 'learning_rate': 9.02799153520585e-06, 'epoch': 8.34}
{'loss': 1.4234, 'learning_rate': 9.001271856697021e-06, 'epoch': 8.4}
{'loss': 1.4483, 'learning_rate': 8.974552178188192e-06, 'epoch': 8.46}
{'loss': 1.4183, 'learning_rate': 8.947832499679364e-06, 'epoch': 8.53}
{'loss': 1.4319, 'learning_rate': 8.921112821170537e-06, 'epoch': 8.59}
{'loss': 1.4379, 'learning_rate': 8.894446582018725e-06, 'epoch': 8.66}
{'loss': 1.4213, 'learning_rate': 8.867726903509898e-06, 'epoch': 8.72}
{'loss': 1.4049, 'learning_rate': 8.84100722500107e-06, 'epoch': 8.79}
{'loss': 1.4022, 'learning_rate': 8.814287546492241e-06, 'epoch': 8.85}
{'loss': 1.4193, 'learning_rate': 8.787567867983413e-06, 'epoch': 8.91}
{'loss': 1.4081, 'learning_rate': 8.760848189474584e-06, 'epoch': 8.98}
{'loss': 1.4248, 'learning_rate': 8.734128510965758e-06, 'epoch': 9.04}
{'loss': 1.3847, 'learning_rate': 8.707408832456929e-06, 'epoch': 9.11}
{'loss': 1.3824, 'learning_rate': 8.6806891539481e-06, 'epoch': 9.17}
{'loss': 1.37, 'learning_rate': 8.653969475439272e-06, 'epoch': 9.23}
{'loss': 1.3756, 'learning_rate': 8.627249796930444e-06, 'epoch': 9.3}
{'loss': 1.4162, 'learning_rate': 8.600530118421617e-06, 'epoch': 9.36}
{'loss': 1.3735, 'learning_rate': 8.573863879269805e-06, 'epoch': 9.43}
{'loss': 1.3795, 'learning_rate': 8.547144200760978e-06, 'epoch': 9.49}
{'loss': 1.3901, 'learning_rate': 8.52042452225215e-06, 'epoch': 9.55}
{'loss': 1.3756, 'learning_rate': 8.493704843743321e-06, 'epoch': 9.62}
{'loss': 1.3659, 'learning_rate': 8.46703860459151e-06, 'epoch': 9.68}
{'loss': 1.3765, 'learning_rate': 8.4403723654397e-06, 'epoch': 9.75}
{'loss': 1.3732, 'learning_rate': 8.413652686930872e-06, 'epoch': 9.81}
{'loss': 1.4027, 'learning_rate': 8.386933008422043e-06, 'epoch': 9.88}
{'loss': 1.4089, 'learning_rate': 8.360213329913215e-06, 'epoch': 9.94}
{'loss': 1.402, 'learning_rate': 8.333493651404388e-06, 'epoch': 10.0}
{'loss': 1.3607, 'learning_rate': 8.30677397289556e-06, 'epoch': 10.07}
{'loss': 1.3869, 'learning_rate': 8.28005429438673e-06, 'epoch': 10.13}
{'loss': 1.3635, 'learning_rate': 8.253334615877902e-06, 'epoch': 10.2}
{'loss': 1.3743, 'learning_rate': 8.226668376726092e-06, 'epoch': 10.26}
{'loss': 1.3461, 'learning_rate': 8.199948698217263e-06, 'epoch': 10.32}
{'loss': 1.3805, 'learning_rate': 8.173229019708435e-06, 'epoch': 10.39}
{'loss': 1.3519, 'learning_rate': 8.146509341199608e-06, 'epoch': 10.45}
{'loss': 1.3424, 'learning_rate': 8.11978966269078e-06, 'epoch': 10.52}
{'loss': 1.3616, 'learning_rate': 8.093069984181951e-06, 'epoch': 10.58}
{'loss': 1.3538, 'learning_rate': 8.066350305673123e-06, 'epoch': 10.65}
{'loss': 1.3722, 'learning_rate': 8.039630627164294e-06, 'epoch': 10.71}
{'loss': 1.3522, 'learning_rate': 8.012910948655467e-06, 'epoch': 10.77}
{'loss': 1.3609, 'learning_rate': 7.986298148860673e-06, 'epoch': 10.84}
{'loss': 1.3367, 'learning_rate': 7.959578470351845e-06, 'epoch': 10.9}
{'loss': 1.3505, 'learning_rate': 7.932858791843016e-06, 'epoch': 10.97}
{'loss': 1.3366, 'learning_rate': 7.90613911333419e-06, 'epoch': 11.03}
{'loss': 1.3498, 'learning_rate': 7.879419434825361e-06, 'epoch': 11.09}
{'loss': 1.3574, 'learning_rate': 7.852699756316533e-06, 'epoch': 11.16}
{'loss': 1.3414, 'learning_rate': 7.825980077807704e-06, 'epoch': 11.22}
{'loss': 1.324, 'learning_rate': 7.799260399298876e-06, 'epoch': 11.29}
{'loss': 1.3456, 'learning_rate': 7.772540720790049e-06, 'epoch': 11.35}
{'loss': 1.3477, 'learning_rate': 7.74582104228122e-06, 'epoch': 11.41}
{'loss': 1.3355, 'learning_rate': 7.719101363772392e-06, 'epoch': 11.48}
{'loss': 1.336, 'learning_rate': 7.692435124620581e-06, 'epoch': 11.54}
{'loss': 1.3413, 'learning_rate': 7.665715446111753e-06, 'epoch': 11.61}
{'loss': 1.344, 'learning_rate': 7.638995767602924e-06, 'epoch': 11.67}
{'loss': 1.3249, 'learning_rate': 7.612329528451115e-06, 'epoch': 11.74}
{'loss': 1.3271, 'learning_rate': 7.5856098499422855e-06, 'epoch': 11.8}
{'loss': 1.3226, 'learning_rate': 7.558890171433459e-06, 'epoch': 11.86}
{'loss': 1.329, 'learning_rate': 7.532170492924629e-06, 'epoch': 11.93}
{'loss': 1.3377, 'learning_rate': 7.50550425377282e-06, 'epoch': 11.99}
{'loss': 1.3238, 'learning_rate': 7.478784575263991e-06, 'epoch': 12.06}
{'loss': 1.2955, 'learning_rate': 7.452064896755162e-06, 'epoch': 12.12}
{'loss': 1.2938, 'learning_rate': 7.425345218246335e-06, 'epoch': 12.18}
{'loss': 1.3242, 'learning_rate': 7.398625539737506e-06, 'epoch': 12.25}
{'loss': 1.2884, 'learning_rate': 7.371905861228679e-06, 'epoch': 12.31}
{'loss': 1.3103, 'learning_rate': 7.34518618271985e-06, 'epoch': 12.38}
{'loss': 1.284, 'learning_rate': 7.318466504211021e-06, 'epoch': 12.44}
{'loss': 1.3356, 'learning_rate': 7.291746825702194e-06, 'epoch': 12.5}
{'loss': 1.3255, 'learning_rate': 7.265027147193365e-06, 'epoch': 12.57}
{'loss': 1.3168, 'learning_rate': 7.2383074686845375e-06, 'epoch': 12.63}
{'loss': 1.3037, 'learning_rate': 7.211587790175709e-06, 'epoch': 12.7}
{'loss': 1.3141, 'learning_rate': 7.184921551023899e-06, 'epoch': 12.76}
{'loss': 1.3233, 'learning_rate': 7.15820187251507e-06, 'epoch': 12.83}
{'loss': 1.3185, 'learning_rate': 7.131482194006242e-06, 'epoch': 12.89}
{'loss': 1.307, 'learning_rate': 7.104762515497414e-06, 'epoch': 12.95}
{'loss': 1.2973, 'learning_rate': 7.0780428369885855e-06, 'epoch': 13.02}
{'loss': 1.2879, 'learning_rate': 7.051323158479758e-06, 'epoch': 13.08}
{'loss': 1.3001, 'learning_rate': 7.024603479970929e-06, 'epoch': 13.15}
{'loss': 1.2991, 'learning_rate': 6.997883801462101e-06, 'epoch': 13.21}
{'loss': 1.2949, 'learning_rate': 6.9712175623102904e-06, 'epoch': 13.27}
{'loss': 1.2696, 'learning_rate': 6.944497883801463e-06, 'epoch': 13.34}
{'loss': 1.3227, 'learning_rate': 6.917778205292634e-06, 'epoch': 13.4}
{'loss': 1.2857, 'learning_rate': 6.891058526783806e-06, 'epoch': 13.47}
{'loss': 1.2693, 'learning_rate': 6.864338848274978e-06, 'epoch': 13.53}
{'loss': 1.3025, 'learning_rate': 6.83761916976615e-06, 'epoch': 13.59}
{'loss': 1.3073, 'learning_rate': 6.810899491257321e-06, 'epoch': 13.66}
{'loss': 1.2855, 'learning_rate': 6.784179812748494e-06, 'epoch': 13.72}
{'loss': 1.3108, 'learning_rate': 6.757513573596683e-06, 'epoch': 13.79}
{'loss': 1.2614, 'learning_rate': 6.730847334444872e-06, 'epoch': 13.85}
{'loss': 1.2923, 'learning_rate': 6.704181095293062e-06, 'epoch': 13.92}
{'loss': 1.2807, 'learning_rate': 6.677461416784234e-06, 'epoch': 13.98}
{'loss': 1.2744, 'learning_rate': 6.650741738275406e-06, 'epoch': 14.04}
{'loss': 1.2647, 'learning_rate': 6.624022059766577e-06, 'epoch': 14.11}
{'loss': 1.2679, 'learning_rate': 6.59730238125775e-06, 'epoch': 14.17}
{'loss': 1.2779, 'learning_rate': 6.570582702748921e-06, 'epoch': 14.24}
{'loss': 1.2728, 'learning_rate': 6.543863024240092e-06, 'epoch': 14.3}
{'loss': 1.2836, 'learning_rate': 6.5171433457312645e-06, 'epoch': 14.36}
{'loss': 1.268, 'learning_rate': 6.490423667222436e-06, 'epoch': 14.43}
{'loss': 1.2837, 'learning_rate': 6.4637039887136084e-06, 'epoch': 14.49}
{'loss': 1.2969, 'learning_rate': 6.43698431020478e-06, 'epoch': 14.56}
{'loss': 1.2767, 'learning_rate': 6.4102646316959515e-06, 'epoch': 14.62}
{'loss': 1.2739, 'learning_rate': 6.383651831901159e-06, 'epoch': 14.69}
{'loss': 1.2702, 'learning_rate': 6.356932153392331e-06, 'epoch': 14.75}
{'loss': 1.2831, 'learning_rate': 6.330212474883503e-06, 'epoch': 14.81}
{'loss': 1.2591, 'learning_rate': 6.303492796374675e-06, 'epoch': 14.88}
{'loss': 1.253, 'learning_rate': 6.276773117865847e-06, 'epoch': 14.94}
{'loss': 1.2669, 'learning_rate': 6.2500534393570175e-06, 'epoch': 15.01}
{'loss': 1.2701, 'learning_rate': 6.223333760848191e-06, 'epoch': 15.07}
{'loss': 1.2396, 'learning_rate': 6.196667521696379e-06, 'epoch': 15.13}
{'loss': 1.2843, 'learning_rate': 6.169947843187552e-06, 'epoch': 15.2}
{'loss': 1.2803, 'learning_rate': 6.143228164678723e-06, 'epoch': 15.26}
{'loss': 1.2178, 'learning_rate': 6.116508486169896e-06, 'epoch': 15.33}
{'loss': 1.2506, 'learning_rate': 6.089895686375102e-06, 'epoch': 15.39}
{'loss': 1.2513, 'learning_rate': 6.063176007866274e-06, 'epoch': 15.45}
{'loss': 1.2824, 'learning_rate': 6.036456329357445e-06, 'epoch': 15.52}
{'loss': 1.2614, 'learning_rate': 6.009790090205635e-06, 'epoch': 15.58}
{'loss': 1.2609, 'learning_rate': 5.983070411696807e-06, 'epoch': 15.65}
{'loss': 1.2555, 'learning_rate': 5.956350733187979e-06, 'epoch': 15.71}
{'loss': 1.2608, 'learning_rate': 5.92963105467915e-06, 'epoch': 15.78}
{'loss': 1.2566, 'learning_rate': 5.902911376170323e-06, 'epoch': 15.84}
{'loss': 1.2587, 'learning_rate': 5.876191697661494e-06, 'epoch': 15.9}
{'loss': 1.2527, 'learning_rate': 5.849525458509684e-06, 'epoch': 15.97}
{'loss': 1.2417, 'learning_rate': 5.822859219357873e-06, 'epoch': 16.03}
{'loss': 1.2321, 'learning_rate': 5.796139540849045e-06, 'epoch': 16.1}
{'loss': 1.268, 'learning_rate': 5.769419862340216e-06, 'epoch': 16.16}
{'loss': 1.2497, 'learning_rate': 5.742700183831389e-06, 'epoch': 16.22}
{'loss': 1.2454, 'learning_rate': 5.71598050532256e-06, 'epoch': 16.29}
{'loss': 1.2246, 'learning_rate': 5.689260826813732e-06, 'epoch': 16.35}
{'loss': 1.2408, 'learning_rate': 5.662541148304904e-06, 'epoch': 16.42}
{'loss': 1.2485, 'learning_rate': 5.635821469796076e-06, 'epoch': 16.48}
{'loss': 1.2451, 'learning_rate': 5.609101791287248e-06, 'epoch': 16.54}
{'loss': 1.2473, 'learning_rate': 5.5823821127784195e-06, 'epoch': 16.61}
{'loss': 1.2565, 'learning_rate': 5.555662434269591e-06, 'epoch': 16.67}
{'loss': 1.2531, 'learning_rate': 5.528942755760763e-06, 'epoch': 16.74}
{'loss': 1.2538, 'learning_rate': 5.502223077251935e-06, 'epoch': 16.8}
{'loss': 1.2395, 'learning_rate': 5.475503398743107e-06, 'epoch': 16.87}
{'loss': 1.2395, 'learning_rate': 5.448783720234279e-06, 'epoch': 16.93}
{'loss': 1.2248, 'learning_rate': 5.42206404172545e-06, 'epoch': 16.99}
{'loss': 1.2431, 'learning_rate': 5.395451241930657e-06, 'epoch': 17.06}
{'loss': 1.2183, 'learning_rate': 5.368731563421829e-06, 'epoch': 17.12}
{'loss': 1.2339, 'learning_rate': 5.342011884913001e-06, 'epoch': 17.19}
{'loss': 1.2213, 'learning_rate': 5.315292206404173e-06, 'epoch': 17.25}
{'loss': 1.2258, 'learning_rate': 5.288572527895345e-06, 'epoch': 17.31}
{'loss': 1.2322, 'learning_rate': 5.261852849386516e-06, 'epoch': 17.38}
{'loss': 1.2194, 'learning_rate': 5.235133170877689e-06, 'epoch': 17.44}
{'loss': 1.2107, 'learning_rate': 5.20841349236886e-06, 'epoch': 17.51}
{'loss': 1.2162, 'learning_rate': 5.1816938138600326e-06, 'epoch': 17.57}
{'loss': 1.2407, 'learning_rate': 5.154974135351204e-06, 'epoch': 17.63}
{'loss': 1.2224, 'learning_rate': 5.128254456842376e-06, 'epoch': 17.7}
{'loss': 1.2318, 'learning_rate': 5.101534778333548e-06, 'epoch': 17.76}
{'loss': 1.231, 'learning_rate': 5.074868539181737e-06, 'epoch': 17.83}
{'loss': 1.216, 'learning_rate': 5.048148860672909e-06, 'epoch': 17.89}
{'loss': 1.2213, 'learning_rate': 5.0214291821640805e-06, 'epoch': 17.96}
{'loss': 1.2339, 'learning_rate': 4.994709503655252e-06, 'epoch': 18.02}
{'loss': 1.2267, 'learning_rate': 4.967989825146424e-06, 'epoch': 18.08}
{'loss': 1.1835, 'learning_rate': 4.941323585994613e-06, 'epoch': 18.15}
{'loss': 1.2173, 'learning_rate': 4.9146039074857855e-06, 'epoch': 18.21}
{'loss': 1.2377, 'learning_rate': 4.887884228976957e-06, 'epoch': 18.28}
{'loss': 1.2251, 'learning_rate': 4.8612179898251465e-06, 'epoch': 18.34}
{'loss': 1.219, 'learning_rate': 4.834551750673336e-06, 'epoch': 18.4}
{'loss': 1.2312, 'learning_rate': 4.8078320721645084e-06, 'epoch': 18.47}
{'loss': 1.1886, 'learning_rate': 4.78111239365568e-06, 'epoch': 18.53}
{'loss': 1.2093, 'learning_rate': 4.7543927151468515e-06, 'epoch': 18.6}
{'loss': 1.2186, 'learning_rate': 4.727673036638024e-06, 'epoch': 18.66}
{'loss': 1.2277, 'learning_rate': 4.700953358129195e-06, 'epoch': 18.73}
{'loss': 1.2031, 'learning_rate': 4.674233679620368e-06, 'epoch': 18.79}
{'loss': 1.2384, 'learning_rate': 4.647514001111539e-06, 'epoch': 18.85}
{'loss': 1.2256, 'learning_rate': 4.620794322602711e-06, 'epoch': 18.92}
{'loss': 1.2031, 'learning_rate': 4.594074644093882e-06, 'epoch': 18.98}
{'loss': 1.222, 'learning_rate': 4.567354965585055e-06, 'epoch': 19.05}
{'loss': 1.2244, 'learning_rate': 4.540635287076226e-06, 'epoch': 19.11}
{'loss': 1.1968, 'learning_rate': 4.513915608567398e-06, 'epoch': 19.17}
{'loss': 1.2123, 'learning_rate': 4.48719593005857e-06, 'epoch': 19.24}
{'loss': 1.1952, 'learning_rate': 4.460529690906759e-06, 'epoch': 19.3}
{'loss': 1.2221, 'learning_rate': 4.433810012397931e-06, 'epoch': 19.37}
{'loss': 1.2097, 'learning_rate': 4.407090333889103e-06, 'epoch': 19.43}
{'loss': 1.192, 'learning_rate': 4.380370655380275e-06, 'epoch': 19.49}
{'loss': 1.1958, 'learning_rate': 4.3536509768714465e-06, 'epoch': 19.56}
{'loss': 1.1972, 'learning_rate': 4.326931298362618e-06, 'epoch': 19.62}
{'loss': 1.1896, 'learning_rate': 4.30021161985379e-06, 'epoch': 19.69}
{'loss': 1.1949, 'learning_rate': 4.273491941344962e-06, 'epoch': 19.75}
{'loss': 1.2125, 'learning_rate': 4.246772262836134e-06, 'epoch': 19.82}
{'loss': 1.2078, 'learning_rate': 4.220052584327306e-06, 'epoch': 19.88}
{'loss': 1.2019, 'learning_rate': 4.193386345175495e-06, 'epoch': 19.94}
{'loss': 1.2132, 'learning_rate': 4.166666666666667e-06, 'epoch': 20.01}
{'loss': 1.1807, 'learning_rate': 4.140000427514856e-06, 'epoch': 20.07}
{'loss': 1.1955, 'learning_rate': 4.113280749006029e-06, 'epoch': 20.14}
{'loss': 1.1705, 'learning_rate': 4.0865610704972e-06, 'epoch': 20.2}
{'loss': 1.205, 'learning_rate': 4.059841391988372e-06, 'epoch': 20.26}
{'loss': 1.1707, 'learning_rate': 4.033121713479543e-06, 'epoch': 20.33}
{'loss': 1.1869, 'learning_rate': 4.006402034970716e-06, 'epoch': 20.39}
{'loss': 1.1754, 'learning_rate': 3.979682356461887e-06, 'epoch': 20.46}
{'loss': 1.2075, 'learning_rate': 3.95296267795306e-06, 'epoch': 20.52}
{'loss': 1.1947, 'learning_rate': 3.926242999444231e-06, 'epoch': 20.58}
{'loss': 1.2077, 'learning_rate': 3.899576760292421e-06, 'epoch': 20.65}
{'loss': 1.2186, 'learning_rate': 3.87291052114061e-06, 'epoch': 20.71}
{'loss': 1.1918, 'learning_rate': 3.846190842631782e-06, 'epoch': 20.78}
{'loss': 1.1824, 'learning_rate': 3.819524603479971e-06, 'epoch': 20.84}
{'loss': 1.1884, 'learning_rate': 3.7928049249711428e-06, 'epoch': 20.91}
{'loss': 1.1864, 'learning_rate': 3.7660852464623147e-06, 'epoch': 20.97}
{'loss': 1.1774, 'learning_rate': 3.7393655679534866e-06, 'epoch': 21.03}
{'loss': 1.1714, 'learning_rate': 3.712699328801676e-06, 'epoch': 21.1}
{'loss': 1.1942, 'learning_rate': 3.685979650292848e-06, 'epoch': 21.16}
{'loss': 1.199, 'learning_rate': 3.65925997178402e-06, 'epoch': 21.23}
{'loss': 1.1866, 'learning_rate': 3.632540293275192e-06, 'epoch': 21.29}
{'loss': 1.1869, 'learning_rate': 3.605820614766363e-06, 'epoch': 21.35}
{'loss': 1.1829, 'learning_rate': 3.579100936257535e-06, 'epoch': 21.42}
{'loss': 1.1827, 'learning_rate': 3.552381257748707e-06, 'epoch': 21.48}
{'loss': 1.1707, 'learning_rate': 3.525661579239879e-06, 'epoch': 21.55}
{'loss': 1.1735, 'learning_rate': 3.4989419007310504e-06, 'epoch': 21.61}
{'loss': 1.1871, 'learning_rate': 3.4722222222222224e-06, 'epoch': 21.68}
{'loss': 1.1843, 'learning_rate': 3.4455025437133943e-06, 'epoch': 21.74}
{'loss': 1.2131, 'learning_rate': 3.4187828652045663e-06, 'epoch': 21.8}
{'loss': 1.1647, 'learning_rate': 3.3920631866957382e-06, 'epoch': 21.87}
{'loss': 1.1864, 'learning_rate': 3.3653435081869097e-06, 'epoch': 21.93}
{'loss': 1.1931, 'learning_rate': 3.3386238296780817e-06, 'epoch': 22.0}
{'loss': 1.1838, 'learning_rate': 3.3119041511692536e-06, 'epoch': 22.06}
{'loss': 1.1468, 'learning_rate': 3.2852379120174427e-06, 'epoch': 22.12}
{'loss': 1.1701, 'learning_rate': 3.2585182335086147e-06, 'epoch': 22.19}
{'loss': 1.1964, 'learning_rate': 3.2317985549997866e-06, 'epoch': 22.25}
{'loss': 1.1814, 'learning_rate': 3.2050788764909586e-06, 'epoch': 22.32}
{'loss': 1.1659, 'learning_rate': 3.1784126373391477e-06, 'epoch': 22.38}
{'loss': 1.1859, 'learning_rate': 3.1517463981873376e-06, 'epoch': 22.44}
{'loss': 1.1813, 'learning_rate': 3.1250267196785087e-06, 'epoch': 22.51}
{'loss': 1.1683, 'learning_rate': 3.0983070411696807e-06, 'epoch': 22.57}
{'loss': 1.1697, 'learning_rate': 3.0716408020178706e-06, 'epoch': 22.64}
{'loss': 1.159, 'learning_rate': 3.044921123509042e-06, 'epoch': 22.7}
{'loss': 1.1563, 'learning_rate': 3.018201445000214e-06, 'epoch': 22.77}
{'loss': 1.1893, 'learning_rate': 2.991481766491386e-06, 'epoch': 22.83}
{'loss': 1.1628, 'learning_rate': 2.964762087982558e-06, 'epoch': 22.89}
{'loss': 1.1791, 'learning_rate': 2.938042409473729e-06, 'epoch': 22.96}
{'loss': 1.1584, 'learning_rate': 2.911376170321919e-06, 'epoch': 23.02}
{'loss': 1.1574, 'learning_rate': 2.884656491813091e-06, 'epoch': 23.09}
{'loss': 1.1342, 'learning_rate': 2.8579368133042625e-06, 'epoch': 23.15}
{'loss': 1.1545, 'learning_rate': 2.8312171347954344e-06, 'epoch': 23.21}
{'loss': 1.1792, 'learning_rate': 2.8044974562866064e-06, 'epoch': 23.28}
{'loss': 1.1458, 'learning_rate': 2.7777777777777783e-06, 'epoch': 23.34}
{'loss': 1.1538, 'learning_rate': 2.7510580992689503e-06, 'epoch': 23.41}
{'loss': 1.1628, 'learning_rate': 2.7243384207601214e-06, 'epoch': 23.47}
{'loss': 1.1541, 'learning_rate': 2.6976187422512933e-06, 'epoch': 23.53}
{'loss': 1.1717, 'learning_rate': 2.6708990637424653e-06, 'epoch': 23.6}
{'loss': 1.1744, 'learning_rate': 2.644179385233637e-06, 'epoch': 23.66}
{'loss': 1.1453, 'learning_rate': 2.6174597067248087e-06, 'epoch': 23.73}
{'loss': 1.1664, 'learning_rate': 2.5907400282159807e-06, 'epoch': 23.79}
{'loss': 1.18, 'learning_rate': 2.56407378906417e-06, 'epoch': 23.86}
{'loss': 1.1679, 'learning_rate': 2.5373541105553417e-06, 'epoch': 23.92}
{'loss': 1.1782, 'learning_rate': 2.5106344320465137e-06, 'epoch': 23.98}
{'loss': 1.1464, 'learning_rate': 2.4839147535376856e-06, 'epoch': 24.05}
{'loss': 1.1358, 'learning_rate': 2.457248514385875e-06, 'epoch': 24.11}
{'loss': 1.1729, 'learning_rate': 2.4305822752340647e-06, 'epoch': 24.18}
{'loss': 1.1588, 'learning_rate': 2.403862596725236e-06, 'epoch': 24.24}
{'loss': 1.1355, 'learning_rate': 2.377142918216408e-06, 'epoch': 24.3}
{'loss': 1.1704, 'learning_rate': 2.35042323970758e-06, 'epoch': 24.37}
{'loss': 1.1619, 'learning_rate': 2.3237570005557696e-06, 'epoch': 24.43}
{'loss': 1.1517, 'learning_rate': 2.297037322046941e-06, 'epoch': 24.5}
{'loss': 1.1634, 'learning_rate': 2.270317643538113e-06, 'epoch': 24.56}
{'loss': 1.1545, 'learning_rate': 2.243597965029285e-06, 'epoch': 24.62}
{'loss': 1.1641, 'learning_rate': 2.216878286520457e-06, 'epoch': 24.69}
{'loss': 1.1399, 'learning_rate': 2.1901586080116285e-06, 'epoch': 24.75}
{'loss': 1.1628, 'learning_rate': 2.163492368859818e-06, 'epoch': 24.82}
{'loss': 1.117, 'learning_rate': 2.13677269035099e-06, 'epoch': 24.88}
{'loss': 1.1583, 'learning_rate': 2.1100530118421615e-06, 'epoch': 24.95}
{'loss': 1.1613, 'learning_rate': 2.083386772690351e-06, 'epoch': 25.01}
{'loss': 1.1608, 'learning_rate': 2.056667094181523e-06, 'epoch': 25.07}
{'loss': 1.1412, 'learning_rate': 2.029947415672695e-06, 'epoch': 25.14}
{'loss': 1.1579, 'learning_rate': 2.003227737163867e-06, 'epoch': 25.2}
{'loss': 1.1719, 'learning_rate': 1.9765080586550384e-06, 'epoch': 25.27}
{'loss': 1.1425, 'learning_rate': 1.9497883801462103e-06, 'epoch': 25.33}
{'loss': 1.1564, 'learning_rate': 1.923068701637382e-06, 'epoch': 25.39}
{'loss': 1.1509, 'learning_rate': 1.896349023128554e-06, 'epoch': 25.46}
{'loss': 1.149, 'learning_rate': 1.8696293446197255e-06, 'epoch': 25.52}
{'loss': 1.15, 'learning_rate': 1.8429096661108975e-06, 'epoch': 25.59}
{'loss': 1.1632, 'learning_rate': 1.8161899876020694e-06, 'epoch': 25.65}
{'loss': 1.1626, 'learning_rate': 1.7895237484502587e-06, 'epoch': 25.72}
{'loss': 1.1323, 'learning_rate': 1.7628040699414307e-06, 'epoch': 25.78}
{'loss': 1.1341, 'learning_rate': 1.7360843914326026e-06, 'epoch': 25.84}
{'loss': 1.1328, 'learning_rate': 1.7093647129237741e-06, 'epoch': 25.91}
{'loss': 1.146, 'learning_rate': 1.682645034414946e-06, 'epoch': 25.97}
{'loss': 1.1341, 'learning_rate': 1.6559253559061178e-06, 'epoch': 26.04}
{'loss': 1.1553, 'learning_rate': 1.6292056773972897e-06, 'epoch': 26.1}
{'loss': 1.1364, 'learning_rate': 1.6024859988884615e-06, 'epoch': 26.16}
{'loss': 1.166, 'learning_rate': 1.5757663203796334e-06, 'epoch': 26.23}
{'loss': 1.1368, 'learning_rate': 1.549100081227823e-06, 'epoch': 26.29}
{'loss': 1.1487, 'learning_rate': 1.5223804027189945e-06, 'epoch': 26.36}
{'loss': 1.1448, 'learning_rate': 1.495714163567184e-06, 'epoch': 26.42}
{'loss': 1.1435, 'learning_rate': 1.468994485058356e-06, 'epoch': 26.48}
{'loss': 1.1262, 'learning_rate': 1.4423282459065455e-06, 'epoch': 26.55}
{'loss': 1.1386, 'learning_rate': 1.4156085673977172e-06, 'epoch': 26.61}
{'loss': 1.136, 'learning_rate': 1.3888888888888892e-06, 'epoch': 26.68}
{'loss': 1.148, 'learning_rate': 1.3621692103800607e-06, 'epoch': 26.74}
{'loss': 1.1312, 'learning_rate': 1.3354495318712326e-06, 'epoch': 26.81}
{'loss': 1.1431, 'learning_rate': 1.3087832927194222e-06, 'epoch': 26.87}
{'loss': 1.137, 'learning_rate': 1.282063614210594e-06, 'epoch': 26.93}
{'loss': 1.1601, 'learning_rate': 1.2553439357017658e-06, 'epoch': 27.0}
{'loss': 1.1155, 'learning_rate': 1.2286242571929376e-06, 'epoch': 27.06}
{'loss': 1.1383, 'learning_rate': 1.2019045786841093e-06, 'epoch': 27.13}
{'loss': 1.1324, 'learning_rate': 1.1751849001752812e-06, 'epoch': 27.19}
{'loss': 1.1279, 'learning_rate': 1.148465221666453e-06, 'epoch': 27.25}
{'loss': 1.1367, 'learning_rate': 1.1217455431576247e-06, 'epoch': 27.32}
{'loss': 1.1475, 'learning_rate': 1.0950258646487966e-06, 'epoch': 27.38}
{'loss': 1.1528, 'learning_rate': 1.0683061861399686e-06, 'epoch': 27.45}
{'loss': 1.1092, 'learning_rate': 1.0415865076311403e-06, 'epoch': 27.51}
{'loss': 1.1366, 'learning_rate': 1.014866829122312e-06, 'epoch': 27.57}
{'loss': 1.1601, 'learning_rate': 9.88147150613484e-07, 'epoch': 27.64}
{'loss': 1.1348, 'learning_rate': 9.614274721046557e-07, 'epoch': 27.7}
{'loss': 1.1195, 'learning_rate': 9.347612329528452e-07, 'epoch': 27.77}
{'loss': 1.1196, 'learning_rate': 9.08041554444017e-07, 'epoch': 27.83}
{'loss': 1.1374, 'learning_rate': 8.813218759351888e-07, 'epoch': 27.9}
{'loss': 1.1457, 'learning_rate': 8.546021974263606e-07, 'epoch': 27.96}
{'loss': 1.1198, 'learning_rate': 8.278825189175324e-07, 'epoch': 28.02}
{'loss': 1.1282, 'learning_rate': 8.011628404087042e-07, 'epoch': 28.09}
{'loss': 1.1308, 'learning_rate': 7.744431618998762e-07, 'epoch': 28.15}
{'loss': 1.1142, 'learning_rate': 7.477234833910479e-07, 'epoch': 28.22}
{'loss': 1.1216, 'learning_rate': 7.210038048822197e-07, 'epoch': 28.28}
{'loss': 1.1349, 'learning_rate': 6.942841263733916e-07, 'epoch': 28.34}
{'loss': 1.1356, 'learning_rate': 6.67617887221581e-07, 'epoch': 28.41}
{'loss': 1.1174, 'learning_rate': 6.408982087127529e-07, 'epoch': 28.47}
{'loss': 1.1465, 'learning_rate': 6.141785302039247e-07, 'epoch': 28.54}
{'loss': 1.1443, 'learning_rate': 5.874588516950964e-07, 'epoch': 28.6}
{'loss': 1.125, 'learning_rate': 5.607391731862683e-07, 'epoch': 28.66}
{'loss': 1.1539, 'learning_rate': 5.340729340344578e-07, 'epoch': 28.73}
{'loss': 1.1397, 'learning_rate': 5.073532555256295e-07, 'epoch': 28.79}
{'loss': 1.1298, 'learning_rate': 4.806335770168014e-07, 'epoch': 28.86}
{'loss': 1.126, 'learning_rate': 4.5396733786499085e-07, 'epoch': 28.92}
{'loss': 1.1289, 'learning_rate': 4.273010987131803e-07, 'epoch': 28.99}
{'loss': 1.1249, 'learning_rate': 4.005814202043521e-07, 'epoch': 29.05}
{'loss': 1.1161, 'learning_rate': 3.7386174169552396e-07, 'epoch': 29.11}
{'loss': 1.1307, 'learning_rate': 3.471420631866958e-07, 'epoch': 29.18}
{'loss': 1.1245, 'learning_rate': 3.204223846778676e-07, 'epoch': 29.24}
{'loss': 1.1333, 'learning_rate': 2.937027061690394e-07, 'epoch': 29.31}
{'loss': 1.118, 'learning_rate': 2.669830276602112e-07, 'epoch': 29.37}
{'loss': 1.1489, 'learning_rate': 2.403167885084007e-07, 'epoch': 29.43}
{'loss': 1.1363, 'learning_rate': 2.1365054935659014e-07, 'epoch': 29.5}
{'loss': 1.1189, 'learning_rate': 1.8693087084776198e-07, 'epoch': 29.56}
{'loss': 1.1264, 'learning_rate': 1.602111923389338e-07, 'epoch': 29.63}
{'loss': 1.1356, 'learning_rate': 1.334915138301056e-07, 'epoch': 29.69}
{'loss': 1.1217, 'learning_rate': 1.0677183532127742e-07, 'epoch': 29.76}
{'loss': 1.1235, 'learning_rate': 8.005215681244923e-08, 'epoch': 29.82}
{'loss': 1.1162, 'learning_rate': 5.3332478303621055e-08, 'epoch': 29.88}
{'loss': 1.122, 'learning_rate': 2.6612799794792872e-08, 'epoch': 29.95}
{'train_runtime': 86259.8101, 'train_samples_per_second': 5.423, 'train_steps_per_second': 2.712, 'train_loss': 1.509515985444288, 'epoch': 30.0}
FINISH
