Fri Jul 15 06:29:10 2022       
+-----------------------------------------------------------------------------+
| NVIDIA-SMI 460.80       Driver Version: 460.80       CUDA Version: 11.2     |
|-------------------------------+----------------------+----------------------+
| GPU  Name        Persistence-M| Bus-Id        Disp.A | Volatile Uncorr. ECC |
| Fan  Temp  Perf  Pwr:Usage/Cap|         Memory-Usage | GPU-Util  Compute M. |
|                               |                      |               MIG M. |
|===============================+======================+======================|
|   0  GeForce RTX 3090    Off  | 00000000:3D:00.0 Off |                  N/A |
| 39%   24C    P8    26W / 350W |      0MiB / 24268MiB |      0%      Default |
|                               |                      |                  N/A |
+-------------------------------+----------------------+----------------------+
                                                                               
+-----------------------------------------------------------------------------+
| Processes:                                                                  |
|  GPU   GI   CI        PID   Type   Process name                  GPU Memory |
|        ID   ID                                                   Usage      |
|=============================================================================|
|  No running processes found                                                 |
+-----------------------------------------------------------------------------+
nvcc: NVIDIA (R) Cuda compiler driver
Copyright (c) 2005-2020 NVIDIA Corporation
Built on Mon_Oct_12_20:09:46_PDT_2020
Cuda compilation tools, release 11.1, V11.1.105
Build cuda_11.1.TC455_06.29190527_0
START
2022-07-15 06:30:20.448082
Namespace(batch_size=2, ckpt='/gpfsnyu/scratch/yw3642/hf-models/funnel-transformer_intermediate', epochs=30, exp=15, gradient_checkpointing=False, lr=1e-05, max_len=1024, mlm_prob=0.3, seed=-1, weight_decay=0.0)
seed= 1275
n_train=15594
{'loss': 10.0995, 'learning_rate': 1.0431362489846523e-07, 'epoch': 0.06}
{'loss': 8.8981, 'learning_rate': 2.1119233893377797e-07, 'epoch': 0.13}
{'loss': 7.2915, 'learning_rate': 3.180710529690907e-07, 'epoch': 0.19}
{'loss': 6.6873, 'learning_rate': 4.247360095763328e-07, 'epoch': 0.26}
{'loss': 6.5017, 'learning_rate': 5.316147236116455e-07, 'epoch': 0.32}
{'loss': 6.1867, 'learning_rate': 6.384934376469583e-07, 'epoch': 0.38}
{'loss': 5.8716, 'learning_rate': 7.45372151682271e-07, 'epoch': 0.45}
{'loss': 5.6349, 'learning_rate': 8.522508657175838e-07, 'epoch': 0.51}
{'loss': 5.4878, 'learning_rate': 9.591295797528966e-07, 'epoch': 0.58}
{'loss': 5.3412, 'learning_rate': 1.0660082937882092e-06, 'epoch': 0.64}
{'loss': 5.2379, 'learning_rate': 1.172887007823522e-06, 'epoch': 0.71}
{'loss': 5.1238, 'learning_rate': 1.2797657218588347e-06, 'epoch': 0.77}
{'loss': 4.9999, 'learning_rate': 1.3866444358941474e-06, 'epoch': 0.83}
{'loss': 4.9037, 'learning_rate': 1.4935231499294602e-06, 'epoch': 0.9}
{'loss': 4.7695, 'learning_rate': 1.600401863964773e-06, 'epoch': 0.96}
{'loss': 4.7372, 'learning_rate': 1.7072805780000856e-06, 'epoch': 1.03}
{'loss': 4.6435, 'learning_rate': 1.8141592920353984e-06, 'epoch': 1.09}
{'loss': 4.5492, 'learning_rate': 1.921038006070711e-06, 'epoch': 1.15}
{'loss': 4.5029, 'learning_rate': 2.0279167201060237e-06, 'epoch': 1.22}
{'loss': 4.426, 'learning_rate': 2.1347954341413364e-06, 'epoch': 1.28}
{'loss': 4.3709, 'learning_rate': 2.2416741481766495e-06, 'epoch': 1.35}
{'loss': 4.3317, 'learning_rate': 2.348552862211962e-06, 'epoch': 1.41}
{'loss': 4.2606, 'learning_rate': 2.4554315762472748e-06, 'epoch': 1.47}
{'loss': 4.1927, 'learning_rate': 2.5623102902825874e-06, 'epoch': 1.54}
{'loss': 4.1486, 'learning_rate': 2.6691890043179005e-06, 'epoch': 1.6}
{'loss': 4.1163, 'learning_rate': 2.776067718353213e-06, 'epoch': 1.67}
{'loss': 4.0698, 'learning_rate': 2.882946432388526e-06, 'epoch': 1.73}
{'loss': 4.0003, 'learning_rate': 2.989825146423839e-06, 'epoch': 1.8}
{'loss': 3.9632, 'learning_rate': 3.096703860459151e-06, 'epoch': 1.86}
{'loss': 3.9361, 'learning_rate': 3.2035825744944638e-06, 'epoch': 1.92}
{'loss': 3.8821, 'learning_rate': 3.3104612885297764e-06, 'epoch': 1.99}
{'loss': 3.8627, 'learning_rate': 3.4173400025650895e-06, 'epoch': 2.05}
{'loss': 3.7979, 'learning_rate': 3.524218716600402e-06, 'epoch': 2.12}
{'loss': 3.7948, 'learning_rate': 3.631097430635715e-06, 'epoch': 2.18}
{'loss': 3.7439, 'learning_rate': 3.737976144671028e-06, 'epoch': 2.24}
{'loss': 3.7267, 'learning_rate': 3.8448548587063405e-06, 'epoch': 2.31}
{'loss': 3.6725, 'learning_rate': 3.951733572741654e-06, 'epoch': 2.37}
{'loss': 3.6884, 'learning_rate': 4.058612286776966e-06, 'epoch': 2.44}
{'loss': 3.6083, 'learning_rate': 4.165491000812278e-06, 'epoch': 2.5}
{'loss': 3.5951, 'learning_rate': 4.272369714847591e-06, 'epoch': 2.57}
{'loss': 3.5799, 'learning_rate': 4.379248428882904e-06, 'epoch': 2.63}
{'loss': 3.5477, 'learning_rate': 4.4861271429182164e-06, 'epoch': 2.69}
{'loss': 3.5154, 'learning_rate': 4.5930058569535295e-06, 'epoch': 2.76}
{'loss': 3.4826, 'learning_rate': 4.699884570988843e-06, 'epoch': 2.82}
{'loss': 3.4592, 'learning_rate': 4.806763285024155e-06, 'epoch': 2.89}
{'loss': 3.4412, 'learning_rate': 4.913641999059468e-06, 'epoch': 2.95}
{'loss': 3.4624, 'learning_rate': 5.020520713094781e-06, 'epoch': 3.01}
{'loss': 3.389, 'learning_rate': 5.127399427130093e-06, 'epoch': 3.08}
{'loss': 3.3764, 'learning_rate': 5.234278141165406e-06, 'epoch': 3.14}
{'loss': 3.3797, 'learning_rate': 5.3411568552007185e-06, 'epoch': 3.21}
{'loss': 3.3494, 'learning_rate': 5.448035569236031e-06, 'epoch': 3.27}
{'loss': 3.3551, 'learning_rate': 5.554914283271345e-06, 'epoch': 3.33}
{'loss': 3.3108, 'learning_rate': 5.661792997306657e-06, 'epoch': 3.4}
{'loss': 3.2809, 'learning_rate': 5.76867171134197e-06, 'epoch': 3.46}
{'loss': 3.2823, 'learning_rate': 5.875550425377282e-06, 'epoch': 3.53}
{'loss': 3.2745, 'learning_rate': 5.982429139412595e-06, 'epoch': 3.59}
{'loss': 3.2304, 'learning_rate': 6.0893078534479075e-06, 'epoch': 3.66}
{'loss': 3.2251, 'learning_rate': 6.19618656748322e-06, 'epoch': 3.72}
{'loss': 3.1695, 'learning_rate': 6.303065281518534e-06, 'epoch': 3.78}
{'loss': 3.1983, 'learning_rate': 6.4097302381257755e-06, 'epoch': 3.85}
{'loss': 3.1856, 'learning_rate': 6.516608952161088e-06, 'epoch': 3.91}
{'loss': 3.1374, 'learning_rate': 6.623487666196401e-06, 'epoch': 3.98}
{'loss': 3.1332, 'learning_rate': 6.730366380231713e-06, 'epoch': 4.04}
{'loss': 3.1294, 'learning_rate': 6.837031336838957e-06, 'epoch': 4.1}
{'loss': 3.1285, 'learning_rate': 6.943910050874269e-06, 'epoch': 4.17}
{'loss': 3.1051, 'learning_rate': 7.050788764909581e-06, 'epoch': 4.23}
{'loss': 3.0998, 'learning_rate': 7.157667478944894e-06, 'epoch': 4.3}
{'loss': 3.0786, 'learning_rate': 7.264332435552136e-06, 'epoch': 4.36}
{'loss': 3.0536, 'learning_rate': 7.371211149587448e-06, 'epoch': 4.42}
{'loss': 3.0355, 'learning_rate': 7.478089863622761e-06, 'epoch': 4.49}
{'loss': 3.0446, 'learning_rate': 7.5849685776580735e-06, 'epoch': 4.55}
{'loss': 3.024, 'learning_rate': 7.691633534265316e-06, 'epoch': 4.62}
{'loss': 3.0303, 'learning_rate': 7.798512248300628e-06, 'epoch': 4.68}
{'loss': 2.9833, 'learning_rate': 7.90539096233594e-06, 'epoch': 4.75}
{'loss': 3.0018, 'learning_rate': 8.012269676371255e-06, 'epoch': 4.81}
{'loss': 2.9632, 'learning_rate': 8.119148390406567e-06, 'epoch': 4.87}
{'loss': 2.9603, 'learning_rate': 8.22602710444188e-06, 'epoch': 4.94}
{'loss': 2.9693, 'learning_rate': 8.332905818477193e-06, 'epoch': 5.0}
{'loss': 2.9456, 'learning_rate': 8.439784532512505e-06, 'epoch': 5.07}
{'loss': 2.9259, 'learning_rate': 8.546449489119749e-06, 'epoch': 5.13}
{'loss': 2.8911, 'learning_rate': 8.653328203155061e-06, 'epoch': 5.19}
{'loss': 2.9088, 'learning_rate': 8.760206917190373e-06, 'epoch': 5.26}
{'loss': 2.8912, 'learning_rate': 8.867085631225685e-06, 'epoch': 5.32}
{'loss': 2.9068, 'learning_rate': 8.973750587832927e-06, 'epoch': 5.39}
{'loss': 2.8692, 'learning_rate': 9.080415544440169e-06, 'epoch': 5.45}
{'loss': 2.8922, 'learning_rate': 9.187294258475483e-06, 'epoch': 5.51}
{'loss': 2.8498, 'learning_rate': 9.294172972510795e-06, 'epoch': 5.58}
{'loss': 2.8512, 'learning_rate': 9.40105168654611e-06, 'epoch': 5.64}
{'loss': 2.8655, 'learning_rate': 9.507930400581421e-06, 'epoch': 5.71}
{'loss': 2.8221, 'learning_rate': 9.614809114616734e-06, 'epoch': 5.77}
{'loss': 2.83, 'learning_rate': 9.721687828652046e-06, 'epoch': 5.84}
{'loss': 2.8234, 'learning_rate': 9.828566542687358e-06, 'epoch': 5.9}
{'loss': 2.8142, 'learning_rate': 9.935231499294602e-06, 'epoch': 5.96}
{'loss': 2.7976, 'learning_rate': 9.98952588602454e-06, 'epoch': 6.03}
{'loss': 2.8175, 'learning_rate': 9.962806207515712e-06, 'epoch': 6.09}
{'loss': 2.7825, 'learning_rate': 9.936086529006885e-06, 'epoch': 6.16}
{'loss': 2.7681, 'learning_rate': 9.909366850498056e-06, 'epoch': 6.22}
{'loss': 2.7616, 'learning_rate': 9.882647171989226e-06, 'epoch': 6.28}
{'loss': 2.7827, 'learning_rate': 9.8559274934804e-06, 'epoch': 6.35}
{'loss': 2.7276, 'learning_rate': 9.829207814971571e-06, 'epoch': 6.41}
{'loss': 2.7529, 'learning_rate': 9.802488136462744e-06, 'epoch': 6.48}
{'loss': 2.7222, 'learning_rate': 9.775821897310932e-06, 'epoch': 6.54}
{'loss': 2.724, 'learning_rate': 9.749102218802105e-06, 'epoch': 6.61}
{'loss': 2.7221, 'learning_rate': 9.722382540293275e-06, 'epoch': 6.67}
{'loss': 2.7105, 'learning_rate': 9.695662861784447e-06, 'epoch': 6.73}
{'loss': 2.6995, 'learning_rate': 9.668996622632638e-06, 'epoch': 6.8}
{'loss': 2.6986, 'learning_rate': 9.642383822837844e-06, 'epoch': 6.86}
{'loss': 2.7046, 'learning_rate': 9.615664144329017e-06, 'epoch': 6.93}
{'loss': 2.6963, 'learning_rate': 9.588944465820188e-06, 'epoch': 6.99}
{'loss': 2.6617, 'learning_rate': 9.56222478731136e-06, 'epoch': 7.05}
{'loss': 2.6848, 'learning_rate': 9.535505108802531e-06, 'epoch': 7.12}
{'loss': 2.6767, 'learning_rate': 9.508785430293703e-06, 'epoch': 7.18}
{'loss': 2.656, 'learning_rate': 9.482065751784876e-06, 'epoch': 7.25}
{'loss': 2.6682, 'learning_rate': 9.455346073276048e-06, 'epoch': 7.31}
{'loss': 2.6317, 'learning_rate': 9.42862639476722e-06, 'epoch': 7.37}
{'loss': 2.6554, 'learning_rate': 9.40190671625839e-06, 'epoch': 7.44}
{'loss': 2.5994, 'learning_rate': 9.375187037749562e-06, 'epoch': 7.5}
{'loss': 2.6541, 'learning_rate': 9.348520798597752e-06, 'epoch': 7.57}
{'loss': 2.6219, 'learning_rate': 9.321801120088923e-06, 'epoch': 7.63}
{'loss': 2.599, 'learning_rate': 9.295081441580097e-06, 'epoch': 7.7}
{'loss': 2.619, 'learning_rate': 9.268361763071268e-06, 'epoch': 7.76}
{'loss': 2.6055, 'learning_rate': 9.241695523919458e-06, 'epoch': 7.82}
{'loss': 2.5746, 'learning_rate': 9.214975845410629e-06, 'epoch': 7.89}
{'loss': 2.5954, 'learning_rate': 9.1882561669018e-06, 'epoch': 7.95}
{'loss': 2.6193, 'learning_rate': 9.161536488392972e-06, 'epoch': 8.02}
{'loss': 2.5791, 'learning_rate': 9.134816809884144e-06, 'epoch': 8.08}
{'loss': 2.5974, 'learning_rate': 9.108150570732333e-06, 'epoch': 8.14}
{'loss': 2.5741, 'learning_rate': 9.081430892223505e-06, 'epoch': 8.21}
{'loss': 2.5457, 'learning_rate': 9.054711213714678e-06, 'epoch': 8.27}
{'loss': 2.5607, 'learning_rate': 9.02799153520585e-06, 'epoch': 8.34}
{'loss': 2.592, 'learning_rate': 9.001271856697021e-06, 'epoch': 8.4}
{'loss': 2.5661, 'learning_rate': 8.974552178188192e-06, 'epoch': 8.46}
{'loss': 2.5469, 'learning_rate': 8.947885939036382e-06, 'epoch': 8.53}
{'loss': 2.5683, 'learning_rate': 8.921166260527554e-06, 'epoch': 8.59}
{'loss': 2.5577, 'learning_rate': 8.894446582018725e-06, 'epoch': 8.66}
{'loss': 2.5202, 'learning_rate': 8.867726903509898e-06, 'epoch': 8.72}
{'loss': 2.5287, 'learning_rate': 8.84100722500107e-06, 'epoch': 8.79}
{'loss': 2.5343, 'learning_rate': 8.81434098584926e-06, 'epoch': 8.85}
{'loss': 2.5332, 'learning_rate': 8.78762130734043e-06, 'epoch': 8.91}
{'loss': 2.5353, 'learning_rate': 8.760901628831602e-06, 'epoch': 8.98}
{'loss': 2.5138, 'learning_rate': 8.734181950322774e-06, 'epoch': 9.04}
{'loss': 2.5048, 'learning_rate': 8.707515711170963e-06, 'epoch': 9.11}
{'loss': 2.481, 'learning_rate': 8.680796032662135e-06, 'epoch': 9.17}
{'loss': 2.4863, 'learning_rate': 8.654076354153308e-06, 'epoch': 9.23}
{'loss': 2.5263, 'learning_rate': 8.627410115001496e-06, 'epoch': 9.3}
{'loss': 2.5468, 'learning_rate': 8.600797315206704e-06, 'epoch': 9.36}
{'loss': 2.4851, 'learning_rate': 8.574077636697877e-06, 'epoch': 9.43}
{'loss': 2.4843, 'learning_rate': 8.547357958189048e-06, 'epoch': 9.49}
{'loss': 2.5034, 'learning_rate': 8.52063827968022e-06, 'epoch': 9.55}
{'loss': 2.481, 'learning_rate': 8.493918601171391e-06, 'epoch': 9.62}
{'loss': 2.5079, 'learning_rate': 8.467252362019581e-06, 'epoch': 9.68}
{'loss': 2.4966, 'learning_rate': 8.440532683510752e-06, 'epoch': 9.75}
{'loss': 2.5098, 'learning_rate': 8.413813005001924e-06, 'epoch': 9.81}
{'loss': 2.4445, 'learning_rate': 8.387093326493097e-06, 'epoch': 9.88}
{'loss': 2.5137, 'learning_rate': 8.360373647984269e-06, 'epoch': 9.94}
{'loss': 2.4454, 'learning_rate': 8.33365396947544e-06, 'epoch': 10.0}
{'loss': 2.458, 'learning_rate': 8.306934290966612e-06, 'epoch': 10.07}
{'loss': 2.4705, 'learning_rate': 8.280214612457783e-06, 'epoch': 10.13}
{'loss': 2.4721, 'learning_rate': 8.253494933948956e-06, 'epoch': 10.2}
{'loss': 2.4789, 'learning_rate': 8.226775255440126e-06, 'epoch': 10.26}
{'loss': 2.443, 'learning_rate': 8.2000555769313e-06, 'epoch': 10.32}
{'loss': 2.4379, 'learning_rate': 8.173335898422471e-06, 'epoch': 10.39}
{'loss': 2.4272, 'learning_rate': 8.146616219913642e-06, 'epoch': 10.45}
{'loss': 2.4408, 'learning_rate': 8.119896541404814e-06, 'epoch': 10.52}
{'loss': 2.4562, 'learning_rate': 8.093176862895986e-06, 'epoch': 10.58}
{'loss': 2.4334, 'learning_rate': 8.066457184387159e-06, 'epoch': 10.65}
{'loss': 2.4083, 'learning_rate': 8.039790945235347e-06, 'epoch': 10.71}
{'loss': 2.4146, 'learning_rate': 8.01307126672652e-06, 'epoch': 10.77}
{'loss': 2.4234, 'learning_rate': 7.986351588217691e-06, 'epoch': 10.84}
{'loss': 2.415, 'learning_rate': 7.959631909708863e-06, 'epoch': 10.9}
{'loss': 2.4236, 'learning_rate': 7.932965670557052e-06, 'epoch': 10.97}
{'loss': 2.4118, 'learning_rate': 7.906245992048226e-06, 'epoch': 11.03}
{'loss': 2.4473, 'learning_rate': 7.879526313539395e-06, 'epoch': 11.09}
{'loss': 2.4382, 'learning_rate': 7.852806635030567e-06, 'epoch': 11.16}
{'loss': 2.4315, 'learning_rate': 7.826140395878758e-06, 'epoch': 11.22}
{'loss': 2.4007, 'learning_rate': 7.799420717369928e-06, 'epoch': 11.29}
{'loss': 2.3673, 'learning_rate': 7.772701038861101e-06, 'epoch': 11.35}
{'loss': 2.403, 'learning_rate': 7.745981360352273e-06, 'epoch': 11.41}
{'loss': 2.3952, 'learning_rate': 7.719315121200462e-06, 'epoch': 11.48}
{'loss': 2.4235, 'learning_rate': 7.692595442691634e-06, 'epoch': 11.54}
{'loss': 2.3879, 'learning_rate': 7.665875764182807e-06, 'epoch': 11.61}
{'loss': 2.3715, 'learning_rate': 7.639156085673979e-06, 'epoch': 11.67}
{'loss': 2.3954, 'learning_rate': 7.612489846522167e-06, 'epoch': 11.74}
{'loss': 2.3745, 'learning_rate': 7.585770168013339e-06, 'epoch': 11.8}
{'loss': 2.394, 'learning_rate': 7.559050489504511e-06, 'epoch': 11.86}
{'loss': 2.3996, 'learning_rate': 7.532330810995683e-06, 'epoch': 11.93}
{'loss': 2.3899, 'learning_rate': 7.505664571843872e-06, 'epoch': 11.99}
{'loss': 2.357, 'learning_rate': 7.478944893335044e-06, 'epoch': 12.06}
{'loss': 2.3548, 'learning_rate': 7.452225214826215e-06, 'epoch': 12.12}
{'loss': 2.4262, 'learning_rate': 7.4255055363173875e-06, 'epoch': 12.18}
{'loss': 2.3311, 'learning_rate': 7.398785857808559e-06, 'epoch': 12.25}
{'loss': 2.3856, 'learning_rate': 7.372119618656749e-06, 'epoch': 12.31}
{'loss': 2.3876, 'learning_rate': 7.34539994014792e-06, 'epoch': 12.38}
{'loss': 2.3599, 'learning_rate': 7.3186802616390925e-06, 'epoch': 12.44}
{'loss': 2.3478, 'learning_rate': 7.291960583130264e-06, 'epoch': 12.5}
{'loss': 2.3804, 'learning_rate': 7.265294343978454e-06, 'epoch': 12.57}
{'loss': 2.3745, 'learning_rate': 7.238574665469625e-06, 'epoch': 12.63}
{'loss': 2.3624, 'learning_rate': 7.211854986960798e-06, 'epoch': 12.7}
{'loss': 2.3926, 'learning_rate': 7.185135308451969e-06, 'epoch': 12.76}
{'loss': 2.3569, 'learning_rate': 7.158469069300159e-06, 'epoch': 12.83}
{'loss': 2.291, 'learning_rate': 7.131749390791331e-06, 'epoch': 12.89}
{'loss': 2.3613, 'learning_rate': 7.105029712282503e-06, 'epoch': 12.95}
{'loss': 2.3478, 'learning_rate': 7.078310033773675e-06, 'epoch': 13.02}
{'loss': 2.3367, 'learning_rate': 7.051643794621864e-06, 'epoch': 13.08}
{'loss': 2.3434, 'learning_rate': 7.024924116113036e-06, 'epoch': 13.15}
{'loss': 2.3587, 'learning_rate': 6.9982044376042065e-06, 'epoch': 13.21}
{'loss': 2.3129, 'learning_rate': 6.97148475909538e-06, 'epoch': 13.27}
{'loss': 2.3301, 'learning_rate': 6.94476508058655e-06, 'epoch': 13.34}
{'loss': 2.3237, 'learning_rate': 6.918098841434741e-06, 'epoch': 13.4}
{'loss': 2.3132, 'learning_rate': 6.891379162925912e-06, 'epoch': 13.47}
{'loss': 2.3152, 'learning_rate': 6.864659484417085e-06, 'epoch': 13.53}
{'loss': 2.3357, 'learning_rate': 6.837939805908256e-06, 'epoch': 13.59}
{'loss': 2.3464, 'learning_rate': 6.811273566756446e-06, 'epoch': 13.66}
{'loss': 2.3101, 'learning_rate': 6.784553888247617e-06, 'epoch': 13.72}
{'loss': 2.3301, 'learning_rate': 6.7578342097387896e-06, 'epoch': 13.79}
{'loss': 2.3383, 'learning_rate': 6.731114531229961e-06, 'epoch': 13.85}
{'loss': 2.2982, 'learning_rate': 6.704394852721133e-06, 'epoch': 13.92}
{'loss': 2.3096, 'learning_rate': 6.677728613569322e-06, 'epoch': 13.98}
{'loss': 2.3209, 'learning_rate': 6.651008935060494e-06, 'epoch': 14.04}
{'loss': 2.3044, 'learning_rate': 6.624289256551666e-06, 'epoch': 14.11}
{'loss': 2.3146, 'learning_rate': 6.5975695780428375e-06, 'epoch': 14.17}
{'loss': 2.3178, 'learning_rate': 6.57084989953401e-06, 'epoch': 14.24}
{'loss': 2.3259, 'learning_rate': 6.544183660382199e-06, 'epoch': 14.3}
{'loss': 2.2819, 'learning_rate': 6.517463981873371e-06, 'epoch': 14.36}
{'loss': 2.2892, 'learning_rate': 6.4907443033645425e-06, 'epoch': 14.43}
{'loss': 2.3136, 'learning_rate': 6.464024624855715e-06, 'epoch': 14.49}
{'loss': 2.3418, 'learning_rate': 6.4373583857039035e-06, 'epoch': 14.56}
{'loss': 2.3166, 'learning_rate': 6.410638707195076e-06, 'epoch': 14.62}
{'loss': 2.3064, 'learning_rate': 6.3839190286862474e-06, 'epoch': 14.69}
{'loss': 2.3161, 'learning_rate': 6.357199350177419e-06, 'epoch': 14.75}
{'loss': 2.2655, 'learning_rate': 6.3305331110256085e-06, 'epoch': 14.81}
{'loss': 2.2965, 'learning_rate': 6.303813432516781e-06, 'epoch': 14.88}
{'loss': 2.2947, 'learning_rate': 6.277093754007952e-06, 'epoch': 14.94}
{'loss': 2.307, 'learning_rate': 6.250374075499124e-06, 'epoch': 15.01}
{'loss': 2.2818, 'learning_rate': 6.2237078363473134e-06, 'epoch': 15.07}
{'loss': 2.2878, 'learning_rate': 6.196988157838485e-06, 'epoch': 15.13}
{'loss': 2.2644, 'learning_rate': 6.170268479329657e-06, 'epoch': 15.2}
{'loss': 2.2726, 'learning_rate': 6.143548800820829e-06, 'epoch': 15.26}
{'loss': 2.2733, 'learning_rate': 6.116829122312001e-06, 'epoch': 15.33}
{'loss': 2.2686, 'learning_rate': 6.09016288316019e-06, 'epoch': 15.39}
{'loss': 2.2715, 'learning_rate': 6.063443204651362e-06, 'epoch': 15.45}
{'loss': 2.2733, 'learning_rate': 6.036723526142534e-06, 'epoch': 15.52}
{'loss': 2.2743, 'learning_rate': 6.010003847633705e-06, 'epoch': 15.58}
{'loss': 2.2671, 'learning_rate': 5.983337608481895e-06, 'epoch': 15.65}
{'loss': 2.2461, 'learning_rate': 5.956617929973067e-06, 'epoch': 15.71}
{'loss': 2.3118, 'learning_rate': 5.929898251464239e-06, 'epoch': 15.78}
{'loss': 2.2914, 'learning_rate': 5.90317857295541e-06, 'epoch': 15.84}
{'loss': 2.2747, 'learning_rate': 5.8765123338036e-06, 'epoch': 15.9}
{'loss': 2.3044, 'learning_rate': 5.849792655294771e-06, 'epoch': 15.97}
{'loss': 2.314, 'learning_rate': 5.823072976785944e-06, 'epoch': 16.03}
{'loss': 2.2632, 'learning_rate': 5.796353298277115e-06, 'epoch': 16.1}
{'loss': 2.2843, 'learning_rate': 5.769687059125305e-06, 'epoch': 16.16}
{'loss': 2.2584, 'learning_rate': 5.742967380616476e-06, 'epoch': 16.22}
{'loss': 2.2586, 'learning_rate': 5.716247702107649e-06, 'epoch': 16.29}
{'loss': 2.2704, 'learning_rate': 5.68952802359882e-06, 'epoch': 16.35}
{'loss': 2.2564, 'learning_rate': 5.6628083450899925e-06, 'epoch': 16.42}
{'loss': 2.2584, 'learning_rate': 5.636142105938181e-06, 'epoch': 16.48}
{'loss': 2.2494, 'learning_rate': 5.609422427429354e-06, 'epoch': 16.54}
{'loss': 2.2647, 'learning_rate': 5.582702748920525e-06, 'epoch': 16.61}
{'loss': 2.2443, 'learning_rate': 5.555983070411697e-06, 'epoch': 16.67}
{'loss': 2.2597, 'learning_rate': 5.529316831259887e-06, 'epoch': 16.74}
{'loss': 2.2784, 'learning_rate': 5.502597152751059e-06, 'epoch': 16.8}
{'loss': 2.2575, 'learning_rate': 5.475877474242231e-06, 'epoch': 16.87}
{'loss': 2.2515, 'learning_rate': 5.4491577957334015e-06, 'epoch': 16.93}
{'loss': 2.2404, 'learning_rate': 5.422438117224575e-06, 'epoch': 16.99}
{'loss': 2.2432, 'learning_rate': 5.3957718780727634e-06, 'epoch': 17.06}
{'loss': 2.2321, 'learning_rate': 5.369052199563936e-06, 'epoch': 17.12}
{'loss': 2.2207, 'learning_rate': 5.342332521055107e-06, 'epoch': 17.19}
{'loss': 2.2233, 'learning_rate': 5.31561284254628e-06, 'epoch': 17.25}
{'loss': 2.2334, 'learning_rate': 5.288946603394468e-06, 'epoch': 17.31}
{'loss': 2.272, 'learning_rate': 5.262226924885641e-06, 'epoch': 17.38}
{'loss': 2.2305, 'learning_rate': 5.235507246376812e-06, 'epoch': 17.44}
{'loss': 2.2514, 'learning_rate': 5.208787567867983e-06, 'epoch': 17.51}
{'loss': 2.2327, 'learning_rate': 5.182067889359156e-06, 'epoch': 17.57}
{'loss': 2.2484, 'learning_rate': 5.155401650207346e-06, 'epoch': 17.63}
{'loss': 2.2395, 'learning_rate': 5.128681971698517e-06, 'epoch': 17.7}
{'loss': 2.2502, 'learning_rate': 5.101962293189689e-06, 'epoch': 17.76}
{'loss': 2.2167, 'learning_rate': 5.075242614680861e-06, 'epoch': 17.83}
{'loss': 2.241, 'learning_rate': 5.04857637552905e-06, 'epoch': 17.89}
{'loss': 2.2451, 'learning_rate': 5.021856697020222e-06, 'epoch': 17.96}
{'loss': 2.2565, 'learning_rate': 4.995137018511394e-06, 'epoch': 18.02}
{'loss': 2.2239, 'learning_rate': 4.968417340002565e-06, 'epoch': 18.08}
{'loss': 2.2297, 'learning_rate': 4.9416976614937376e-06, 'epoch': 18.15}
{'loss': 2.236, 'learning_rate': 4.915031422341926e-06, 'epoch': 18.21}
{'loss': 2.247, 'learning_rate': 4.888311743833099e-06, 'epoch': 18.28}
{'loss': 2.2139, 'learning_rate': 4.86159206532427e-06, 'epoch': 18.34}
{'loss': 2.2299, 'learning_rate': 4.8348723868154425e-06, 'epoch': 18.4}
{'loss': 2.2132, 'learning_rate': 4.808206147663631e-06, 'epoch': 18.47}
{'loss': 2.192, 'learning_rate': 4.7814864691548036e-06, 'epoch': 18.53}
{'loss': 2.2244, 'learning_rate': 4.754766790645975e-06, 'epoch': 18.6}
{'loss': 2.2331, 'learning_rate': 4.7280471121371474e-06, 'epoch': 18.66}
{'loss': 2.2093, 'learning_rate': 4.701380872985337e-06, 'epoch': 18.73}
{'loss': 2.2162, 'learning_rate': 4.6746611944765085e-06, 'epoch': 18.79}
{'loss': 2.2042, 'learning_rate': 4.647941515967681e-06, 'epoch': 18.85}
{'loss': 2.2189, 'learning_rate': 4.6212218374588515e-06, 'epoch': 18.92}
{'loss': 2.2325, 'learning_rate': 4.594555598307042e-06, 'epoch': 18.98}
{'loss': 2.2145, 'learning_rate': 4.5678359197982134e-06, 'epoch': 19.05}
{'loss': 2.2382, 'learning_rate': 4.541116241289385e-06, 'epoch': 19.11}
{'loss': 2.2193, 'learning_rate': 4.5144500021375745e-06, 'epoch': 19.17}
{'loss': 2.1975, 'learning_rate': 4.487730323628747e-06, 'epoch': 19.24}
{'loss': 2.2509, 'learning_rate': 4.461010645119918e-06, 'epoch': 19.3}
{'loss': 2.213, 'learning_rate': 4.43429096661109e-06, 'epoch': 19.37}
{'loss': 2.1868, 'learning_rate': 4.407571288102262e-06, 'epoch': 19.43}
{'loss': 2.1962, 'learning_rate': 4.380851609593434e-06, 'epoch': 19.49}
{'loss': 2.2233, 'learning_rate': 4.354131931084605e-06, 'epoch': 19.56}
{'loss': 2.1967, 'learning_rate': 4.327412252575777e-06, 'epoch': 19.62}
{'loss': 2.2012, 'learning_rate': 4.300746013423967e-06, 'epoch': 19.69}
{'loss': 2.2084, 'learning_rate': 4.274026334915139e-06, 'epoch': 19.75}
{'loss': 2.1972, 'learning_rate': 4.24730665640631e-06, 'epoch': 19.82}
{'loss': 2.1814, 'learning_rate': 4.220586977897483e-06, 'epoch': 19.88}
{'loss': 2.2088, 'learning_rate': 4.193920738745671e-06, 'epoch': 19.94}
{'loss': 2.1945, 'learning_rate': 4.167201060236844e-06, 'epoch': 20.01}
{'loss': 2.1898, 'learning_rate': 4.140481381728015e-06, 'epoch': 20.07}
{'loss': 2.1756, 'learning_rate': 4.1137617032191876e-06, 'epoch': 20.14}
{'loss': 2.1829, 'learning_rate': 4.087042024710359e-06, 'epoch': 20.2}
{'loss': 2.2176, 'learning_rate': 4.060375785558549e-06, 'epoch': 20.26}
{'loss': 2.2114, 'learning_rate': 4.03365610704972e-06, 'epoch': 20.33}
{'loss': 2.2085, 'learning_rate': 4.0069364285408925e-06, 'epoch': 20.39}
{'loss': 2.1903, 'learning_rate': 3.980216750032064e-06, 'epoch': 20.46}
{'loss': 2.2103, 'learning_rate': 3.9535505108802536e-06, 'epoch': 20.52}
{'loss': 2.1968, 'learning_rate': 3.926830832371425e-06, 'epoch': 20.58}
{'loss': 2.1977, 'learning_rate': 3.900111153862597e-06, 'epoch': 20.65}
{'loss': 2.1886, 'learning_rate': 3.873391475353769e-06, 'epoch': 20.71}
{'loss': 2.1692, 'learning_rate': 3.8467252362019585e-06, 'epoch': 20.78}
{'loss': 2.1782, 'learning_rate': 3.82000555769313e-06, 'epoch': 20.84}
{'loss': 2.1993, 'learning_rate': 3.793285879184302e-06, 'epoch': 20.91}
{'loss': 2.1835, 'learning_rate': 3.766566200675474e-06, 'epoch': 20.97}
{'loss': 2.1822, 'learning_rate': 3.739846522166646e-06, 'epoch': 21.03}
{'loss': 2.2026, 'learning_rate': 3.7131268436578174e-06, 'epoch': 21.1}
{'loss': 2.1692, 'learning_rate': 3.6864071651489893e-06, 'epoch': 21.16}
{'loss': 2.1919, 'learning_rate': 3.6596874866401613e-06, 'epoch': 21.23}
{'loss': 2.188, 'learning_rate': 3.6330212474883504e-06, 'epoch': 21.29}
{'loss': 2.1781, 'learning_rate': 3.6063015689795223e-06, 'epoch': 21.35}
{'loss': 2.1774, 'learning_rate': 3.5795818904706943e-06, 'epoch': 21.42}
{'loss': 2.1824, 'learning_rate': 3.552862211961866e-06, 'epoch': 21.48}
{'loss': 2.1845, 'learning_rate': 3.5261959728100553e-06, 'epoch': 21.55}
{'loss': 2.1728, 'learning_rate': 3.4994762943012273e-06, 'epoch': 21.61}
{'loss': 2.1749, 'learning_rate': 3.472756615792399e-06, 'epoch': 21.68}
{'loss': 2.1863, 'learning_rate': 3.446036937283571e-06, 'epoch': 21.74}
{'loss': 2.1683, 'learning_rate': 3.4193706981317603e-06, 'epoch': 21.8}
{'loss': 2.1994, 'learning_rate': 3.392651019622932e-06, 'epoch': 21.87}
{'loss': 2.1916, 'learning_rate': 3.3659847804711217e-06, 'epoch': 21.93}
{'loss': 2.1912, 'learning_rate': 3.3392651019622937e-06, 'epoch': 22.0}
{'loss': 2.1699, 'learning_rate': 3.3125454234534656e-06, 'epoch': 22.06}
{'loss': 2.1912, 'learning_rate': 3.2858257449446376e-06, 'epoch': 22.12}
{'loss': 2.1833, 'learning_rate': 3.2591060664358087e-06, 'epoch': 22.19}
{'loss': 2.1867, 'learning_rate': 3.2323863879269806e-06, 'epoch': 22.25}
{'loss': 2.1342, 'learning_rate': 3.2056667094181525e-06, 'epoch': 22.32}
{'loss': 2.1722, 'learning_rate': 3.1789470309093245e-06, 'epoch': 22.38}
{'loss': 2.1637, 'learning_rate': 3.152227352400496e-06, 'epoch': 22.44}
{'loss': 2.1829, 'learning_rate': 3.1255611132486855e-06, 'epoch': 22.51}
{'loss': 2.1853, 'learning_rate': 3.0988414347398575e-06, 'epoch': 22.57}
{'loss': 2.1442, 'learning_rate': 3.072175195588047e-06, 'epoch': 22.64}
{'loss': 2.1384, 'learning_rate': 3.045455517079219e-06, 'epoch': 22.7}
{'loss': 2.1792, 'learning_rate': 3.018735838570391e-06, 'epoch': 22.77}
{'loss': 2.1714, 'learning_rate': 2.992016160061562e-06, 'epoch': 22.83}
{'loss': 2.1735, 'learning_rate': 2.965296481552734e-06, 'epoch': 22.89}
{'loss': 2.1545, 'learning_rate': 2.938576803043906e-06, 'epoch': 22.96}
{'loss': 2.1663, 'learning_rate': 2.911857124535078e-06, 'epoch': 23.02}
{'loss': 2.1784, 'learning_rate': 2.8851374460262498e-06, 'epoch': 23.09}
{'loss': 2.1452, 'learning_rate': 2.858524646231457e-06, 'epoch': 23.15}
{'loss': 2.1534, 'learning_rate': 2.8318049677226284e-06, 'epoch': 23.21}
{'loss': 2.1668, 'learning_rate': 2.8050852892138004e-06, 'epoch': 23.28}
{'loss': 2.1737, 'learning_rate': 2.7783656107049723e-06, 'epoch': 23.34}
{'loss': 2.1602, 'learning_rate': 2.7516459321961443e-06, 'epoch': 23.41}
{'loss': 2.1423, 'learning_rate': 2.724926253687316e-06, 'epoch': 23.47}
{'loss': 2.157, 'learning_rate': 2.6982065751784873e-06, 'epoch': 23.53}
{'loss': 2.1606, 'learning_rate': 2.6714868966696592e-06, 'epoch': 23.6}
{'loss': 2.1307, 'learning_rate': 2.644767218160831e-06, 'epoch': 23.66}
{'loss': 2.1963, 'learning_rate': 2.6181009790090207e-06, 'epoch': 23.73}
{'loss': 2.1542, 'learning_rate': 2.5913813005001927e-06, 'epoch': 23.79}
{'loss': 2.1606, 'learning_rate': 2.5646616219913646e-06, 'epoch': 23.86}
{'loss': 2.2043, 'learning_rate': 2.5379953828395537e-06, 'epoch': 23.92}
{'loss': 2.1309, 'learning_rate': 2.5112757043307257e-06, 'epoch': 23.98}
{'loss': 2.1567, 'learning_rate': 2.4845560258218976e-06, 'epoch': 24.05}
{'loss': 2.1677, 'learning_rate': 2.457836347313069e-06, 'epoch': 24.11}
{'loss': 2.1464, 'learning_rate': 2.431116668804241e-06, 'epoch': 24.18}
{'loss': 2.1602, 'learning_rate': 2.404396990295413e-06, 'epoch': 24.24}
{'loss': 2.1776, 'learning_rate': 2.377677311786585e-06, 'epoch': 24.3}
{'loss': 2.1342, 'learning_rate': 2.350957633277757e-06, 'epoch': 24.37}
{'loss': 2.1542, 'learning_rate': 2.324291394125946e-06, 'epoch': 24.43}
{'loss': 2.1794, 'learning_rate': 2.297571715617118e-06, 'epoch': 24.5}
{'loss': 2.1554, 'learning_rate': 2.27085203710829e-06, 'epoch': 24.56}
{'loss': 2.1166, 'learning_rate': 2.2441323585994614e-06, 'epoch': 24.62}
{'loss': 2.147, 'learning_rate': 2.217466119447651e-06, 'epoch': 24.69}
{'loss': 2.148, 'learning_rate': 2.190746440938823e-06, 'epoch': 24.75}
{'loss': 2.162, 'learning_rate': 2.1640267624299944e-06, 'epoch': 24.82}
{'loss': 2.1484, 'learning_rate': 2.1373070839211664e-06, 'epoch': 24.88}
{'loss': 2.1501, 'learning_rate': 2.110640844769356e-06, 'epoch': 24.95}
{'loss': 2.1332, 'learning_rate': 2.083921166260528e-06, 'epoch': 25.01}
{'loss': 2.1622, 'learning_rate': 2.0572014877516998e-06, 'epoch': 25.07}
{'loss': 2.1668, 'learning_rate': 2.0304818092428713e-06, 'epoch': 25.14}
{'loss': 2.153, 'learning_rate': 2.003815570091061e-06, 'epoch': 25.2}
{'loss': 2.1399, 'learning_rate': 1.9770958915822328e-06, 'epoch': 25.27}
{'loss': 2.1379, 'learning_rate': 1.9503762130734043e-06, 'epoch': 25.33}
{'loss': 2.1497, 'learning_rate': 1.9236565345645762e-06, 'epoch': 25.39}
{'loss': 2.1472, 'learning_rate': 1.8969902954127658e-06, 'epoch': 25.46}
{'loss': 2.1236, 'learning_rate': 1.8702706169039375e-06, 'epoch': 25.52}
{'loss': 2.1583, 'learning_rate': 1.8435509383951095e-06, 'epoch': 25.59}
{'loss': 2.1599, 'learning_rate': 1.8168312598862812e-06, 'epoch': 25.65}
{'loss': 2.1337, 'learning_rate': 1.7901650207344707e-06, 'epoch': 25.72}
{'loss': 2.143, 'learning_rate': 1.7634453422256427e-06, 'epoch': 25.78}
{'loss': 2.1494, 'learning_rate': 1.7367256637168142e-06, 'epoch': 25.84}
{'loss': 2.1497, 'learning_rate': 1.7100059852079861e-06, 'epoch': 25.91}
{'loss': 2.16, 'learning_rate': 1.6833397460561757e-06, 'epoch': 25.97}
{'loss': 2.1705, 'learning_rate': 1.6566200675473474e-06, 'epoch': 26.04}
{'loss': 2.1404, 'learning_rate': 1.629953828395537e-06, 'epoch': 26.1}
{'loss': 2.1561, 'learning_rate': 1.6032341498867089e-06, 'epoch': 26.16}
{'loss': 2.1417, 'learning_rate': 1.5765144713778804e-06, 'epoch': 26.23}
{'loss': 2.1254, 'learning_rate': 1.5497947928690523e-06, 'epoch': 26.29}
{'loss': 2.1437, 'learning_rate': 1.523075114360224e-06, 'epoch': 26.36}
{'loss': 2.1407, 'learning_rate': 1.4964088752084136e-06, 'epoch': 26.42}
{'loss': 2.128, 'learning_rate': 1.4696891966995855e-06, 'epoch': 26.48}
{'loss': 2.1292, 'learning_rate': 1.442969518190757e-06, 'epoch': 26.55}
{'loss': 2.1252, 'learning_rate': 1.416249839681929e-06, 'epoch': 26.61}
{'loss': 2.128, 'learning_rate': 1.3895301611731007e-06, 'epoch': 26.68}
{'loss': 2.1311, 'learning_rate': 1.3628104826642727e-06, 'epoch': 26.74}
{'loss': 2.1495, 'learning_rate': 1.3360908041554446e-06, 'epoch': 26.81}
{'loss': 2.1468, 'learning_rate': 1.3093711256466164e-06, 'epoch': 26.87}
{'loss': 2.1207, 'learning_rate': 1.2827048864948057e-06, 'epoch': 26.93}
{'loss': 2.1574, 'learning_rate': 1.2559852079859776e-06, 'epoch': 27.0}
{'loss': 2.124, 'learning_rate': 1.2292655294771494e-06, 'epoch': 27.06}
{'loss': 2.1304, 'learning_rate': 1.202545850968321e-06, 'epoch': 27.13}
{'loss': 2.1337, 'learning_rate': 1.1758796118165106e-06, 'epoch': 27.19}
{'loss': 2.1508, 'learning_rate': 1.1491599333076826e-06, 'epoch': 27.25}
{'loss': 2.1463, 'learning_rate': 1.1224402547988543e-06, 'epoch': 27.32}
{'loss': 2.1659, 'learning_rate': 1.0957205762900262e-06, 'epoch': 27.38}
{'loss': 2.1365, 'learning_rate': 1.069000897781198e-06, 'epoch': 27.45}
{'loss': 2.1504, 'learning_rate': 1.0423346586293873e-06, 'epoch': 27.51}
{'loss': 2.1169, 'learning_rate': 1.0156149801205592e-06, 'epoch': 27.57}
{'loss': 2.1352, 'learning_rate': 9.888953016117312e-07, 'epoch': 27.64}
{'loss': 2.1427, 'learning_rate': 9.62175623102903e-07, 'epoch': 27.7}
{'loss': 2.1326, 'learning_rate': 9.355093839510924e-07, 'epoch': 27.77}
{'loss': 2.128, 'learning_rate': 9.087897054422643e-07, 'epoch': 27.83}
{'loss': 2.143, 'learning_rate': 8.82070026933436e-07, 'epoch': 27.9}
{'loss': 2.1318, 'learning_rate': 8.553503484246079e-07, 'epoch': 27.96}
{'loss': 2.1284, 'learning_rate': 8.286841092727974e-07, 'epoch': 28.02}
{'loss': 2.1329, 'learning_rate': 8.019644307639691e-07, 'epoch': 28.09}
{'loss': 2.1211, 'learning_rate': 7.75244752255141e-07, 'epoch': 28.15}
{'loss': 2.148, 'learning_rate': 7.485250737463128e-07, 'epoch': 28.22}
{'loss': 2.1383, 'learning_rate': 7.218588345945022e-07, 'epoch': 28.28}
{'loss': 2.0997, 'learning_rate': 6.951391560856741e-07, 'epoch': 28.34}
{'loss': 2.1219, 'learning_rate': 6.684194775768459e-07, 'epoch': 28.41}
{'loss': 2.1174, 'learning_rate': 6.416997990680176e-07, 'epoch': 28.47}
{'loss': 2.1048, 'learning_rate': 6.150335599162072e-07, 'epoch': 28.54}
{'loss': 2.1135, 'learning_rate': 5.88313881407379e-07, 'epoch': 28.6}
{'loss': 2.1488, 'learning_rate': 5.615942028985507e-07, 'epoch': 28.66}
{'loss': 2.1555, 'learning_rate': 5.348745243897226e-07, 'epoch': 28.73}
{'loss': 2.1264, 'learning_rate': 5.082082852379121e-07, 'epoch': 28.79}
{'loss': 2.1297, 'learning_rate': 4.814886067290839e-07, 'epoch': 28.86}
{'loss': 2.1388, 'learning_rate': 4.547689282202557e-07, 'epoch': 28.92}
{'loss': 2.1363, 'learning_rate': 4.2804924971142747e-07, 'epoch': 28.99}
{'loss': 2.1209, 'learning_rate': 4.0138301055961696e-07, 'epoch': 29.05}
{'loss': 2.1217, 'learning_rate': 3.746633320507888e-07, 'epoch': 29.11}
{'loss': 2.1431, 'learning_rate': 3.479436535419606e-07, 'epoch': 29.18}
{'loss': 2.1451, 'learning_rate': 3.2122397503313247e-07, 'epoch': 29.24}
{'loss': 2.1395, 'learning_rate': 2.945577358813219e-07, 'epoch': 29.31}
{'loss': 2.1418, 'learning_rate': 2.6783805737249374e-07, 'epoch': 29.37}
{'loss': 2.1195, 'learning_rate': 2.411183788636655e-07, 'epoch': 29.43}
{'loss': 2.147, 'learning_rate': 2.1439870035483736e-07, 'epoch': 29.5}
{'loss': 2.142, 'learning_rate': 1.8767902184600914e-07, 'epoch': 29.56}
{'loss': 2.1062, 'learning_rate': 1.6101278269419863e-07, 'epoch': 29.63}
{'loss': 2.1194, 'learning_rate': 1.3429310418537044e-07, 'epoch': 29.69}
{'loss': 2.1382, 'learning_rate': 1.0757342567654226e-07, 'epoch': 29.76}
{'loss': 2.1097, 'learning_rate': 8.085374716771408e-08, 'epoch': 29.82}
{'loss': 2.1204, 'learning_rate': 5.4187508015903564e-08, 'epoch': 29.88}
{'loss': 2.1393, 'learning_rate': 2.7467829507075374e-08, 'epoch': 29.95}
{'train_runtime': 39725.818, 'train_samples_per_second': 11.776, 'train_steps_per_second': 5.888, 'train_loss': 2.6068973870200143, 'epoch': 30.0}
FINISH
