Sun Jul 31 08:02:55 2022       
+-----------------------------------------------------------------------------+
| NVIDIA-SMI 460.80       Driver Version: 460.80       CUDA Version: 11.2     |
|-------------------------------+----------------------+----------------------+
| GPU  Name        Persistence-M| Bus-Id        Disp.A | Volatile Uncorr. ECC |
| Fan  Temp  Perf  Pwr:Usage/Cap|         Memory-Usage | GPU-Util  Compute M. |
|                               |                      |               MIG M. |
|===============================+======================+======================|
|   0  GeForce RTX 3090    Off  | 00000000:3D:00.0 Off |                  N/A |
| 39%   22C    P8    26W / 350W |      0MiB / 24268MiB |      0%      Default |
|                               |                      |                  N/A |
+-------------------------------+----------------------+----------------------+
                                                                               
+-----------------------------------------------------------------------------+
| Processes:                                                                  |
|  GPU   GI   CI        PID   Type   Process name                  GPU Memory |
|        ID   ID                                                   Usage      |
|=============================================================================|
|  No running processes found                                                 |
+-----------------------------------------------------------------------------+
nvcc: NVIDIA (R) Cuda compiler driver
Copyright (c) 2005-2020 NVIDIA Corporation
Built on Mon_Oct_12_20:09:46_PDT_2020
Cuda compilation tools, release 11.1, V11.1.105
Build cuda_11.1.TC455_06.29190527_0
START
2022-07-31 08:03:45.487328
Namespace(batch_size=2, ckpt='/gpfsnyu/scratch/yw3642/hf-models/microsoft_deberta-xlarge-mnli', epochs=35, exp=20, gradient_checkpointing=True, lr=5e-06, max_len=1024, mlm_prob=0.3, seed=-1, weight_decay=0.0)
seed= 9982
n_train=15594
{'loss': 10.5513, 'learning_rate': 4.51638908737793e-08, 'epoch': 0.06}
{'loss': 9.0439, 'learning_rate': 9.07858333791385e-08, 'epoch': 0.13}
{'loss': 7.7048, 'learning_rate': 1.3659099653712969e-07, 'epoch': 0.19}
{'loss': 7.3101, 'learning_rate': 1.823045493688049e-07, 'epoch': 0.26}
{'loss': 7.131, 'learning_rate': 2.2810971252679603e-07, 'epoch': 0.32}
{'loss': 7.0173, 'learning_rate': 2.739148756847872e-07, 'epoch': 0.38}
{'loss': 6.9258, 'learning_rate': 3.197200388427784e-07, 'epoch': 0.45}
{'loss': 6.8827, 'learning_rate': 3.6552520200076956e-07, 'epoch': 0.51}
{'loss': 6.8166, 'learning_rate': 4.1133036515876073e-07, 'epoch': 0.58}
{'loss': 6.7671, 'learning_rate': 4.571355283167519e-07, 'epoch': 0.64}
{'loss': 6.7704, 'learning_rate': 5.02940691474743e-07, 'epoch': 0.71}
{'loss': 6.6771, 'learning_rate': 5.487458546327343e-07, 'epoch': 0.77}
{'loss': 6.6628, 'learning_rate': 5.945510177907254e-07, 'epoch': 0.83}
{'loss': 6.623, 'learning_rate': 6.403561809487166e-07, 'epoch': 0.9}
{'loss': 6.5887, 'learning_rate': 6.861613441067078e-07, 'epoch': 0.96}
{'loss': 6.568, 'learning_rate': 7.31966507264699e-07, 'epoch': 1.03}
{'loss': 6.525, 'learning_rate': 7.777716704226901e-07, 'epoch': 1.09}
{'loss': 6.487, 'learning_rate': 8.235768335806813e-07, 'epoch': 1.15}
{'loss': 6.4403, 'learning_rate': 8.693819967386725e-07, 'epoch': 1.22}
{'loss': 6.384, 'learning_rate': 9.151871598966636e-07, 'epoch': 1.28}
{'loss': 6.0459, 'learning_rate': 9.609923230546548e-07, 'epoch': 1.35}
{'loss': 5.2805, 'learning_rate': 1.006797486212646e-06, 'epoch': 1.41}
{'loss': 4.8171, 'learning_rate': 1.0525110390443212e-06, 'epoch': 1.47}
{'loss': 4.4279, 'learning_rate': 1.0983162022023124e-06, 'epoch': 1.54}
{'loss': 4.1342, 'learning_rate': 1.1441213653603035e-06, 'epoch': 1.6}
{'loss': 3.9534, 'learning_rate': 1.1899265285182947e-06, 'epoch': 1.67}
{'loss': 3.7355, 'learning_rate': 1.2357316916762859e-06, 'epoch': 1.73}
{'loss': 3.5631, 'learning_rate': 1.281536854834277e-06, 'epoch': 1.8}
{'loss': 3.4455, 'learning_rate': 1.3273420179922682e-06, 'epoch': 1.86}
{'loss': 3.2913, 'learning_rate': 1.3731471811502594e-06, 'epoch': 1.92}
{'loss': 3.1852, 'learning_rate': 1.4189523443082506e-06, 'epoch': 1.99}
{'loss': 3.0787, 'learning_rate': 1.4647575074662417e-06, 'epoch': 2.05}
{'loss': 2.9918, 'learning_rate': 1.5105626706242329e-06, 'epoch': 2.12}
{'loss': 2.9246, 'learning_rate': 1.556367833782224e-06, 'epoch': 2.18}
{'loss': 2.8752, 'learning_rate': 1.6021729969402152e-06, 'epoch': 2.24}
{'loss': 2.7688, 'learning_rate': 1.6478865497718905e-06, 'epoch': 2.31}
{'loss': 2.7561, 'learning_rate': 1.6936917129298816e-06, 'epoch': 2.37}
{'loss': 2.6995, 'learning_rate': 1.7394968760878728e-06, 'epoch': 2.44}
{'loss': 2.6415, 'learning_rate': 1.785302039245864e-06, 'epoch': 2.5}
{'loss': 2.5851, 'learning_rate': 1.831015592077539e-06, 'epoch': 2.57}
{'loss': 2.5323, 'learning_rate': 1.8768207552355302e-06, 'epoch': 2.63}
{'loss': 2.5323, 'learning_rate': 1.9226259183935216e-06, 'epoch': 2.69}
{'loss': 2.4875, 'learning_rate': 1.9684310815515125e-06, 'epoch': 2.76}
{'loss': 2.4455, 'learning_rate': 2.014236244709504e-06, 'epoch': 2.82}
{'loss': 2.4254, 'learning_rate': 2.0599497975411787e-06, 'epoch': 2.89}
{'loss': 2.4452, 'learning_rate': 2.10575496069917e-06, 'epoch': 2.95}
{'loss': 2.3628, 'learning_rate': 2.151560123857161e-06, 'epoch': 3.01}
{'loss': 2.3146, 'learning_rate': 2.1973652870151525e-06, 'epoch': 3.08}
{'loss': 2.2775, 'learning_rate': 2.243170450173144e-06, 'epoch': 3.14}
{'loss': 2.2909, 'learning_rate': 2.288884003004819e-06, 'epoch': 3.21}
{'loss': 2.2259, 'learning_rate': 2.33468916616281e-06, 'epoch': 3.27}
{'loss': 2.2519, 'learning_rate': 2.3804027189944853e-06, 'epoch': 3.33}
{'loss': 2.2332, 'learning_rate': 2.4262078821524767e-06, 'epoch': 3.4}
{'loss': 2.199, 'learning_rate': 2.4720130453104676e-06, 'epoch': 3.46}
{'loss': 2.1575, 'learning_rate': 2.517818208468459e-06, 'epoch': 3.53}
{'loss': 2.134, 'learning_rate': 2.563531761300134e-06, 'epoch': 3.59}
{'loss': 2.1193, 'learning_rate': 2.6093369244581252e-06, 'epoch': 3.66}
{'loss': 2.135, 'learning_rate': 2.6551420876161166e-06, 'epoch': 3.72}
{'loss': 2.104, 'learning_rate': 2.7009472507741076e-06, 'epoch': 3.78}
{'loss': 2.0749, 'learning_rate': 2.746752413932099e-06, 'epoch': 3.85}
{'loss': 2.0433, 'learning_rate': 2.79255757709009e-06, 'epoch': 3.91}
{'loss': 2.0527, 'learning_rate': 2.8383627402480813e-06, 'epoch': 3.98}
{'loss': 2.0248, 'learning_rate': 2.8841679034060722e-06, 'epoch': 4.04}
{'loss': 1.981, 'learning_rate': 2.9298814562377475e-06, 'epoch': 4.1}
{'loss': 1.9738, 'learning_rate': 2.9756866193957385e-06, 'epoch': 4.17}
{'loss': 1.9554, 'learning_rate': 3.0214001722274137e-06, 'epoch': 4.23}
{'loss': 1.9393, 'learning_rate': 3.0672053353854047e-06, 'epoch': 4.3}
{'loss': 1.944, 'learning_rate': 3.1129188882170804e-06, 'epoch': 4.36}
{'loss': 1.9204, 'learning_rate': 3.1587240513750713e-06, 'epoch': 4.42}
{'loss': 1.901, 'learning_rate': 3.2045292145330627e-06, 'epoch': 4.49}
{'loss': 1.8948, 'learning_rate': 3.2502427673647375e-06, 'epoch': 4.55}
{'loss': 1.8797, 'learning_rate': 3.296047930522729e-06, 'epoch': 4.62}
{'loss': 1.8596, 'learning_rate': 3.34185309368072e-06, 'epoch': 4.68}
{'loss': 1.8692, 'learning_rate': 3.3876582568387112e-06, 'epoch': 4.75}
{'loss': 1.8663, 'learning_rate': 3.433463419996702e-06, 'epoch': 4.81}
{'loss': 1.84, 'learning_rate': 3.4792685831546936e-06, 'epoch': 4.87}
{'loss': 1.8345, 'learning_rate': 3.5250737463126845e-06, 'epoch': 4.94}
{'loss': 1.8236, 'learning_rate': 3.570878909470676e-06, 'epoch': 5.0}
{'loss': 1.8291, 'learning_rate': 3.6166840726286673e-06, 'epoch': 5.07}
{'loss': 1.7911, 'learning_rate': 3.6624892357866582e-06, 'epoch': 5.13}
{'loss': 1.7721, 'learning_rate': 3.7082943989446496e-06, 'epoch': 5.19}
{'loss': 1.759, 'learning_rate': 3.7540995621026406e-06, 'epoch': 5.26}
{'loss': 1.7488, 'learning_rate': 3.799904725260632e-06, 'epoch': 5.32}
{'loss': 1.7382, 'learning_rate': 3.845709888418623e-06, 'epoch': 5.39}
{'loss': 1.7422, 'learning_rate': 3.891515051576614e-06, 'epoch': 5.45}
{'loss': 1.7361, 'learning_rate': 3.937320214734605e-06, 'epoch': 5.51}
{'loss': 1.7264, 'learning_rate': 3.983125377892597e-06, 'epoch': 5.58}
{'loss': 1.7201, 'learning_rate': 4.028930541050588e-06, 'epoch': 5.64}
{'loss': 1.7132, 'learning_rate': 4.0747357042085785e-06, 'epoch': 5.71}
{'loss': 1.6957, 'learning_rate': 4.1205408673665695e-06, 'epoch': 5.77}
{'loss': 1.7139, 'learning_rate': 4.166346030524561e-06, 'epoch': 5.84}
{'loss': 1.6948, 'learning_rate': 4.212059583356236e-06, 'epoch': 5.9}
{'loss': 1.6859, 'learning_rate': 4.257864746514228e-06, 'epoch': 5.96}
{'loss': 1.6714, 'learning_rate': 4.303669909672218e-06, 'epoch': 6.03}
{'loss': 1.6416, 'learning_rate': 4.34947507283021e-06, 'epoch': 6.09}
{'loss': 1.6477, 'learning_rate': 4.395188625661885e-06, 'epoch': 6.16}
{'loss': 1.6505, 'learning_rate': 4.4409937888198765e-06, 'epoch': 6.22}
{'loss': 1.6356, 'learning_rate': 4.4867989519778674e-06, 'epoch': 6.28}
{'loss': 1.6398, 'learning_rate': 4.532604115135858e-06, 'epoch': 6.35}
{'loss': 1.6326, 'learning_rate': 4.578409278293849e-06, 'epoch': 6.41}
{'loss': 1.6377, 'learning_rate': 4.624214441451841e-06, 'epoch': 6.48}
{'loss': 1.6209, 'learning_rate': 4.670019604609832e-06, 'epoch': 6.54}
{'loss': 1.6268, 'learning_rate': 4.715824767767823e-06, 'epoch': 6.61}
{'loss': 1.6198, 'learning_rate': 4.761629930925815e-06, 'epoch': 6.67}
{'loss': 1.6315, 'learning_rate': 4.807435094083806e-06, 'epoch': 6.73}
{'loss': 1.623, 'learning_rate': 4.853148646915481e-06, 'epoch': 6.8}
{'loss': 1.5898, 'learning_rate': 4.8988621997471555e-06, 'epoch': 6.86}
{'loss': 1.5797, 'learning_rate': 4.944667362905147e-06, 'epoch': 6.93}
{'loss': 1.5641, 'learning_rate': 4.990472526063138e-06, 'epoch': 6.99}
{'loss': 1.5762, 'learning_rate': 4.990953480276297e-06, 'epoch': 7.05}
{'loss': 1.538, 'learning_rate': 4.9795021894868e-06, 'epoch': 7.12}
{'loss': 1.5851, 'learning_rate': 4.9680508986973016e-06, 'epoch': 7.18}
{'loss': 1.5871, 'learning_rate': 4.956599607907803e-06, 'epoch': 7.25}
{'loss': 1.5451, 'learning_rate': 4.945148317118306e-06, 'epoch': 7.31}
{'loss': 1.545, 'learning_rate': 4.933697026328808e-06, 'epoch': 7.37}
{'loss': 1.5491, 'learning_rate': 4.922245735539311e-06, 'epoch': 7.44}
{'loss': 1.5347, 'learning_rate': 4.9107944447498124e-06, 'epoch': 7.5}
{'loss': 1.5473, 'learning_rate': 4.899343153960315e-06, 'epoch': 7.57}
{'loss': 1.5227, 'learning_rate': 4.887914765752396e-06, 'epoch': 7.63}
{'loss': 1.5044, 'learning_rate': 4.876463474962898e-06, 'epoch': 7.7}
{'loss': 1.5237, 'learning_rate': 4.8650121841734005e-06, 'epoch': 7.76}
{'loss': 1.4983, 'learning_rate': 4.853560893383903e-06, 'epoch': 7.82}
{'loss': 1.5086, 'learning_rate': 4.842109602594405e-06, 'epoch': 7.89}
{'loss': 1.4828, 'learning_rate': 4.830658311804907e-06, 'epoch': 7.95}
{'loss': 1.4806, 'learning_rate': 4.819207021015409e-06, 'epoch': 8.02}
{'loss': 1.4988, 'learning_rate': 4.807755730225911e-06, 'epoch': 8.08}
{'loss': 1.4694, 'learning_rate': 4.796304439436414e-06, 'epoch': 8.14}
{'loss': 1.4877, 'learning_rate': 4.784853148646916e-06, 'epoch': 8.21}
{'loss': 1.4882, 'learning_rate': 4.773424760438997e-06, 'epoch': 8.27}
{'loss': 1.4578, 'learning_rate': 4.761973469649499e-06, 'epoch': 8.34}
{'loss': 1.4683, 'learning_rate': 4.750522178860001e-06, 'epoch': 8.4}
{'loss': 1.4513, 'learning_rate': 4.739070888070504e-06, 'epoch': 8.46}
{'loss': 1.4777, 'learning_rate': 4.727619597281006e-06, 'epoch': 8.53}
{'loss': 1.4798, 'learning_rate': 4.716214111654666e-06, 'epoch': 8.59}
{'loss': 1.4353, 'learning_rate': 4.704762820865168e-06, 'epoch': 8.66}
{'loss': 1.4487, 'learning_rate': 4.69331153007567e-06, 'epoch': 8.72}
{'loss': 1.409, 'learning_rate': 4.681860239286173e-06, 'epoch': 8.79}
{'loss': 1.4569, 'learning_rate': 4.670408948496675e-06, 'epoch': 8.85}
{'loss': 1.427, 'learning_rate': 4.6589576577071775e-06, 'epoch': 8.91}
{'loss': 1.4462, 'learning_rate': 4.647529269499258e-06, 'epoch': 8.98}
{'loss': 1.4359, 'learning_rate': 4.63607797870976e-06, 'epoch': 9.04}
{'loss': 1.4287, 'learning_rate': 4.624626687920263e-06, 'epoch': 9.11}
{'loss': 1.3935, 'learning_rate': 4.6131753971307655e-06, 'epoch': 9.17}
{'loss': 1.4189, 'learning_rate': 4.601724106341267e-06, 'epoch': 9.23}
{'loss': 1.4025, 'learning_rate': 4.590272815551769e-06, 'epoch': 9.3}
{'loss': 1.4195, 'learning_rate': 4.578821524762271e-06, 'epoch': 9.36}
{'loss': 1.4043, 'learning_rate': 4.567370233972774e-06, 'epoch': 9.43}
{'loss': 1.4104, 'learning_rate': 4.5559418457648554e-06, 'epoch': 9.49}
{'loss': 1.4069, 'learning_rate': 4.544490554975357e-06, 'epoch': 9.55}
{'loss': 1.4131, 'learning_rate': 4.533039264185859e-06, 'epoch': 9.62}
{'loss': 1.399, 'learning_rate': 4.521587973396361e-06, 'epoch': 9.68}
{'loss': 1.4067, 'learning_rate': 4.510136682606864e-06, 'epoch': 9.75}
{'loss': 1.3989, 'learning_rate': 4.498685391817366e-06, 'epoch': 9.81}
{'loss': 1.395, 'learning_rate': 4.487234101027868e-06, 'epoch': 9.88}
{'loss': 1.3813, 'learning_rate': 4.475782810238371e-06, 'epoch': 9.94}
{'loss': 1.3967, 'learning_rate': 4.464331519448873e-06, 'epoch': 10.0}
{'loss': 1.3733, 'learning_rate': 4.4528802286593745e-06, 'epoch': 10.07}
{'loss': 1.3631, 'learning_rate': 4.441451840451456e-06, 'epoch': 10.13}
{'loss': 1.3682, 'learning_rate': 4.430023452243537e-06, 'epoch': 10.2}
{'loss': 1.3608, 'learning_rate': 4.41857216145404e-06, 'epoch': 10.26}
{'loss': 1.371, 'learning_rate': 4.407120870664542e-06, 'epoch': 10.32}
{'loss': 1.3602, 'learning_rate': 4.3956695798750435e-06, 'epoch': 10.39}
{'loss': 1.3661, 'learning_rate': 4.384218289085546e-06, 'epoch': 10.45}
{'loss': 1.3719, 'learning_rate': 4.372766998296049e-06, 'epoch': 10.52}
{'loss': 1.4004, 'learning_rate': 4.361361512669709e-06, 'epoch': 10.58}
{'loss': 1.3695, 'learning_rate': 4.3499102218802106e-06, 'epoch': 10.65}
{'loss': 1.3647, 'learning_rate': 4.338458931090712e-06, 'epoch': 10.71}
{'loss': 1.3463, 'learning_rate': 4.327007640301215e-06, 'epoch': 10.77}
{'loss': 1.3499, 'learning_rate': 4.315556349511718e-06, 'epoch': 10.84}
{'loss': 1.3533, 'learning_rate': 4.30410505872222e-06, 'epoch': 10.9}
{'loss': 1.3316, 'learning_rate': 4.2926537679327214e-06, 'epoch': 10.97}
{'loss': 1.3574, 'learning_rate': 4.281202477143223e-06, 'epoch': 11.03}
{'loss': 1.3196, 'learning_rate': 4.269751186353726e-06, 'epoch': 11.09}
{'loss': 1.3561, 'learning_rate': 4.258322798145808e-06, 'epoch': 11.16}
{'loss': 1.3183, 'learning_rate': 4.2468944099378886e-06, 'epoch': 11.22}
{'loss': 1.3266, 'learning_rate': 4.23544311914839e-06, 'epoch': 11.29}
{'loss': 1.3253, 'learning_rate': 4.223991828358893e-06, 'epoch': 11.35}
{'loss': 1.3221, 'learning_rate': 4.212540537569395e-06, 'epoch': 11.41}
{'loss': 1.3224, 'learning_rate': 4.201089246779898e-06, 'epoch': 11.48}
{'loss': 1.3262, 'learning_rate': 4.1896379559903994e-06, 'epoch': 11.54}
{'loss': 1.3645, 'learning_rate': 4.178186665200902e-06, 'epoch': 11.61}
{'loss': 1.3219, 'learning_rate': 4.166735374411404e-06, 'epoch': 11.67}
{'loss': 1.3079, 'learning_rate': 4.155306986203485e-06, 'epoch': 11.74}
{'loss': 1.3158, 'learning_rate': 4.1438785979955665e-06, 'epoch': 11.8}
{'loss': 1.3096, 'learning_rate': 4.132427307206069e-06, 'epoch': 11.86}
{'loss': 1.347, 'learning_rate': 4.120976016416571e-06, 'epoch': 11.93}
{'loss': 1.3059, 'learning_rate': 4.109547628208652e-06, 'epoch': 11.99}
{'loss': 1.2869, 'learning_rate': 4.098096337419154e-06, 'epoch': 12.06}
{'loss': 1.3037, 'learning_rate': 4.0866450466296565e-06, 'epoch': 12.12}
{'loss': 1.3213, 'learning_rate': 4.075193755840159e-06, 'epoch': 12.18}
{'loss': 1.3014, 'learning_rate': 4.063742465050661e-06, 'epoch': 12.25}
{'loss': 1.3205, 'learning_rate': 4.052291174261163e-06, 'epoch': 12.31}
{'loss': 1.2906, 'learning_rate': 4.040839883471665e-06, 'epoch': 12.38}
{'loss': 1.3042, 'learning_rate': 4.029388592682167e-06, 'epoch': 12.44}
{'loss': 1.3007, 'learning_rate': 4.017960204474249e-06, 'epoch': 12.5}
{'loss': 1.3042, 'learning_rate': 4.006508913684751e-06, 'epoch': 12.57}
{'loss': 1.2795, 'learning_rate': 3.995057622895253e-06, 'epoch': 12.63}
{'loss': 1.2964, 'learning_rate': 3.983606332105755e-06, 'epoch': 12.7}
{'loss': 1.3041, 'learning_rate': 3.972155041316257e-06, 'epoch': 12.76}
{'loss': 1.3078, 'learning_rate': 3.960726653108339e-06, 'epoch': 12.83}
{'loss': 1.2884, 'learning_rate': 3.949275362318841e-06, 'epoch': 12.89}
{'loss': 1.273, 'learning_rate': 3.9378469741109225e-06, 'epoch': 12.95}
{'loss': 1.2699, 'learning_rate': 3.926395683321424e-06, 'epoch': 13.02}
{'loss': 1.284, 'learning_rate': 3.914944392531926e-06, 'epoch': 13.08}
{'loss': 1.2881, 'learning_rate': 3.903493101742429e-06, 'epoch': 13.15}
{'loss': 1.2863, 'learning_rate': 3.8920418109529316e-06, 'epoch': 13.21}
{'loss': 1.2801, 'learning_rate': 3.8806134227450124e-06, 'epoch': 13.27}
{'loss': 1.2874, 'learning_rate': 3.869162131955514e-06, 'epoch': 13.34}
{'loss': 1.2584, 'learning_rate': 3.857710841166016e-06, 'epoch': 13.4}
{'loss': 1.2655, 'learning_rate': 3.846259550376519e-06, 'epoch': 13.47}
{'loss': 1.2575, 'learning_rate': 3.8348082595870215e-06, 'epoch': 13.53}
{'loss': 1.2903, 'learning_rate': 3.823356968797523e-06, 'epoch': 13.59}
{'loss': 1.2728, 'learning_rate': 3.8119056780080256e-06, 'epoch': 13.66}
{'loss': 1.2593, 'learning_rate': 3.8004543872185274e-06, 'epoch': 13.72}
{'loss': 1.268, 'learning_rate': 3.7890259990106087e-06, 'epoch': 13.79}
{'loss': 1.2724, 'learning_rate': 3.777574708221111e-06, 'epoch': 13.85}
{'loss': 1.2763, 'learning_rate': 3.766146320013192e-06, 'epoch': 13.92}
{'loss': 1.2691, 'learning_rate': 3.7547179318052735e-06, 'epoch': 13.98}
{'loss': 1.2411, 'learning_rate': 3.743266641015776e-06, 'epoch': 14.04}
{'loss': 1.2635, 'learning_rate': 3.7318153502262776e-06, 'epoch': 14.11}
{'loss': 1.2571, 'learning_rate': 3.7203640594367803e-06, 'epoch': 14.17}
{'loss': 1.2562, 'learning_rate': 3.708912768647282e-06, 'epoch': 14.24}
{'loss': 1.2784, 'learning_rate': 3.6974614778577844e-06, 'epoch': 14.3}
{'loss': 1.2574, 'learning_rate': 3.6860101870682867e-06, 'epoch': 14.36}
{'loss': 1.2606, 'learning_rate': 3.6745588962787885e-06, 'epoch': 14.43}
{'loss': 1.2291, 'learning_rate': 3.663107605489291e-06, 'epoch': 14.49}
{'loss': 1.2676, 'learning_rate': 3.6516563146997935e-06, 'epoch': 14.56}
{'loss': 1.2524, 'learning_rate': 3.6402050239102953e-06, 'epoch': 14.62}
{'loss': 1.2667, 'learning_rate': 3.628753733120798e-06, 'epoch': 14.69}
{'loss': 1.2241, 'learning_rate': 3.617325344912879e-06, 'epoch': 14.75}
{'loss': 1.2396, 'learning_rate': 3.605874054123381e-06, 'epoch': 14.81}
{'loss': 1.2229, 'learning_rate': 3.5944227633338834e-06, 'epoch': 14.88}
{'loss': 1.2537, 'learning_rate': 3.5829714725443852e-06, 'epoch': 14.94}
{'loss': 1.2422, 'learning_rate': 3.571520181754888e-06, 'epoch': 15.01}
{'loss': 1.2304, 'learning_rate': 3.5600688909653897e-06, 'epoch': 15.07}
{'loss': 1.2352, 'learning_rate': 3.548617600175892e-06, 'epoch': 15.13}
{'loss': 1.2108, 'learning_rate': 3.5371663093863947e-06, 'epoch': 15.2}
{'loss': 1.2292, 'learning_rate': 3.5257150185968965e-06, 'epoch': 15.26}
{'loss': 1.2268, 'learning_rate': 3.5142637278073988e-06, 'epoch': 15.33}
{'loss': 1.2216, 'learning_rate': 3.502812437017901e-06, 'epoch': 15.39}
{'loss': 1.2467, 'learning_rate': 3.491384048809982e-06, 'epoch': 15.45}
{'loss': 1.242, 'learning_rate': 3.4799327580204846e-06, 'epoch': 15.52}
{'loss': 1.2416, 'learning_rate': 3.4684814672309864e-06, 'epoch': 15.58}
{'loss': 1.2277, 'learning_rate': 3.4570301764414887e-06, 'epoch': 15.65}
{'loss': 1.2753, 'learning_rate': 3.445578885651991e-06, 'epoch': 15.71}
{'loss': 1.213, 'learning_rate': 3.4341275948624932e-06, 'epoch': 15.78}
{'loss': 1.2398, 'learning_rate': 3.4226992066545745e-06, 'epoch': 15.84}
{'loss': 1.2378, 'learning_rate': 3.4112479158650768e-06, 'epoch': 15.9}
{'loss': 1.2119, 'learning_rate': 3.3998195276571576e-06, 'epoch': 15.97}
{'loss': 1.1982, 'learning_rate': 3.3883682368676603e-06, 'epoch': 16.03}
{'loss': 1.2323, 'learning_rate': 3.376916946078162e-06, 'epoch': 16.1}
{'loss': 1.2154, 'learning_rate': 3.3654656552886644e-06, 'epoch': 16.16}
{'loss': 1.2458, 'learning_rate': 3.3540143644991667e-06, 'epoch': 16.22}
{'loss': 1.2281, 'learning_rate': 3.3425630737096685e-06, 'epoch': 16.29}
{'loss': 1.2115, 'learning_rate': 3.331111782920171e-06, 'epoch': 16.35}
{'loss': 1.226, 'learning_rate': 3.319683394712252e-06, 'epoch': 16.42}
{'loss': 1.1917, 'learning_rate': 3.3082321039227543e-06, 'epoch': 16.48}
{'loss': 1.1955, 'learning_rate': 3.296780813133257e-06, 'epoch': 16.54}
{'loss': 1.2074, 'learning_rate': 3.285329522343759e-06, 'epoch': 16.61}
{'loss': 1.2058, 'learning_rate': 3.273878231554261e-06, 'epoch': 16.67}
{'loss': 1.2279, 'learning_rate': 3.2624269407647634e-06, 'epoch': 16.74}
{'loss': 1.2026, 'learning_rate': 3.2509756499752652e-06, 'epoch': 16.8}
{'loss': 1.2044, 'learning_rate': 3.239524359185768e-06, 'epoch': 16.87}
{'loss': 1.1914, 'learning_rate': 3.2280730683962697e-06, 'epoch': 16.93}
{'loss': 1.2065, 'learning_rate': 3.216621777606772e-06, 'epoch': 16.99}
{'loss': 1.1982, 'learning_rate': 3.2051704868172747e-06, 'epoch': 17.06}
{'loss': 1.1923, 'learning_rate': 3.1937191960277765e-06, 'epoch': 17.12}
{'loss': 1.1693, 'learning_rate': 3.182290807819858e-06, 'epoch': 17.19}
{'loss': 1.1836, 'learning_rate': 3.17083951703036e-06, 'epoch': 17.25}
{'loss': 1.1902, 'learning_rate': 3.159388226240862e-06, 'epoch': 17.31}
{'loss': 1.1989, 'learning_rate': 3.1479369354513646e-06, 'epoch': 17.38}
{'loss': 1.2315, 'learning_rate': 3.1364856446618664e-06, 'epoch': 17.44}
{'loss': 1.208, 'learning_rate': 3.1250343538723687e-06, 'epoch': 17.51}
{'loss': 1.1965, 'learning_rate': 3.113628868246029e-06, 'epoch': 17.57}
{'loss': 1.1794, 'learning_rate': 3.102177577456531e-06, 'epoch': 17.63}
{'loss': 1.1948, 'learning_rate': 3.0907262866670335e-06, 'epoch': 17.7}
{'loss': 1.1902, 'learning_rate': 3.0792749958775354e-06, 'epoch': 17.76}
{'loss': 1.1867, 'learning_rate': 3.0678237050880376e-06, 'epoch': 17.83}
{'loss': 1.2216, 'learning_rate': 3.0563724142985403e-06, 'epoch': 17.89}
{'loss': 1.2137, 'learning_rate': 3.044921123509042e-06, 'epoch': 17.96}
{'loss': 1.1956, 'learning_rate': 3.0334698327195444e-06, 'epoch': 18.02}
{'loss': 1.1649, 'learning_rate': 3.0220185419300467e-06, 'epoch': 18.08}
{'loss': 1.1741, 'learning_rate': 3.0105901537221275e-06, 'epoch': 18.15}
{'loss': 1.1755, 'learning_rate': 2.9991388629326302e-06, 'epoch': 18.21}
{'loss': 1.1715, 'learning_rate': 2.987687572143132e-06, 'epoch': 18.28}
{'loss': 1.1741, 'learning_rate': 2.9762362813536343e-06, 'epoch': 18.34}
{'loss': 1.1736, 'learning_rate': 2.9648078931457156e-06, 'epoch': 18.4}
{'loss': 1.2149, 'learning_rate': 2.953356602356218e-06, 'epoch': 18.47}
{'loss': 1.1873, 'learning_rate': 2.94190531156672e-06, 'epoch': 18.53}
{'loss': 1.2135, 'learning_rate': 2.9304769233588014e-06, 'epoch': 18.6}
{'loss': 1.1777, 'learning_rate': 2.9190256325693033e-06, 'epoch': 18.66}
{'loss': 1.1878, 'learning_rate': 2.907574341779806e-06, 'epoch': 18.73}
{'loss': 1.1597, 'learning_rate': 2.896123050990308e-06, 'epoch': 18.79}
{'loss': 1.1797, 'learning_rate': 2.88467176020081e-06, 'epoch': 18.85}
{'loss': 1.1632, 'learning_rate': 2.8732433719928914e-06, 'epoch': 18.92}
{'loss': 1.1811, 'learning_rate': 2.861792081203393e-06, 'epoch': 18.98}
{'loss': 1.1462, 'learning_rate': 2.850340790413896e-06, 'epoch': 19.05}
{'loss': 1.1523, 'learning_rate': 2.8388894996243977e-06, 'epoch': 19.11}
{'loss': 1.1727, 'learning_rate': 2.8274382088349e-06, 'epoch': 19.17}
{'loss': 1.1542, 'learning_rate': 2.8159869180454027e-06, 'epoch': 19.24}
{'loss': 1.1752, 'learning_rate': 2.8045356272559045e-06, 'epoch': 19.3}
{'loss': 1.2071, 'learning_rate': 2.7930843364664068e-06, 'epoch': 19.37}
{'loss': 1.1498, 'learning_rate': 2.781633045676909e-06, 'epoch': 19.43}
{'loss': 1.1586, 'learning_rate': 2.770181754887411e-06, 'epoch': 19.49}
{'loss': 1.1532, 'learning_rate': 2.7587304640979135e-06, 'epoch': 19.56}
{'loss': 1.1791, 'learning_rate': 2.7472791733084154e-06, 'epoch': 19.62}
{'loss': 1.1594, 'learning_rate': 2.7358507851004967e-06, 'epoch': 19.69}
{'loss': 1.1599, 'learning_rate': 2.7243994943109994e-06, 'epoch': 19.75}
{'loss': 1.167, 'learning_rate': 2.712948203521501e-06, 'epoch': 19.82}
{'loss': 1.1695, 'learning_rate': 2.7015198153135825e-06, 'epoch': 19.88}
{'loss': 1.1736, 'learning_rate': 2.6900685245240847e-06, 'epoch': 19.94}
{'loss': 1.1379, 'learning_rate': 2.6786401363161656e-06, 'epoch': 20.01}
{'loss': 1.1451, 'learning_rate': 2.6671888455266683e-06, 'epoch': 20.07}
{'loss': 1.1339, 'learning_rate': 2.65573755473717e-06, 'epoch': 20.14}
{'loss': 1.1485, 'learning_rate': 2.6442862639476724e-06, 'epoch': 20.2}
{'loss': 1.1455, 'learning_rate': 2.6328349731581747e-06, 'epoch': 20.26}
{'loss': 1.1581, 'learning_rate': 2.6213836823686765e-06, 'epoch': 20.33}
{'loss': 1.1457, 'learning_rate': 2.609932391579179e-06, 'epoch': 20.39}
{'loss': 1.15, 'learning_rate': 2.598481100789681e-06, 'epoch': 20.46}
{'loss': 1.1525, 'learning_rate': 2.5870298100001833e-06, 'epoch': 20.52}
{'loss': 1.1799, 'learning_rate': 2.575578519210686e-06, 'epoch': 20.58}
{'loss': 1.1457, 'learning_rate': 2.564150131002767e-06, 'epoch': 20.65}
{'loss': 1.1839, 'learning_rate': 2.552698840213269e-06, 'epoch': 20.71}
{'loss': 1.1775, 'learning_rate': 2.5412933545869294e-06, 'epoch': 20.78}
{'loss': 1.1706, 'learning_rate': 2.5298420637974312e-06, 'epoch': 20.84}
{'loss': 1.1296, 'learning_rate': 2.518390773007934e-06, 'epoch': 20.91}
{'loss': 1.1579, 'learning_rate': 2.506962384800015e-06, 'epoch': 20.97}
{'loss': 1.1389, 'learning_rate': 2.495511094010517e-06, 'epoch': 21.03}
{'loss': 1.1472, 'learning_rate': 2.4840598032210193e-06, 'epoch': 21.1}
{'loss': 1.1474, 'learning_rate': 2.4726085124315216e-06, 'epoch': 21.16}
{'loss': 1.1541, 'learning_rate': 2.461157221642024e-06, 'epoch': 21.23}
{'loss': 1.1573, 'learning_rate': 2.449705930852526e-06, 'epoch': 21.29}
{'loss': 1.1465, 'learning_rate': 2.438254640063028e-06, 'epoch': 21.35}
{'loss': 1.1255, 'learning_rate': 2.42680334927353e-06, 'epoch': 21.42}
{'loss': 1.1454, 'learning_rate': 2.4153520584840325e-06, 'epoch': 21.48}
{'loss': 1.1597, 'learning_rate': 2.4039007676945347e-06, 'epoch': 21.55}
{'loss': 1.1352, 'learning_rate': 2.392449476905037e-06, 'epoch': 21.61}
{'loss': 1.1515, 'learning_rate': 2.380998186115539e-06, 'epoch': 21.68}
{'loss': 1.1531, 'learning_rate': 2.3695468953260415e-06, 'epoch': 21.74}
{'loss': 1.131, 'learning_rate': 2.3580956045365438e-06, 'epoch': 21.8}
{'loss': 1.132, 'learning_rate': 2.3466443137470456e-06, 'epoch': 21.87}
{'loss': 1.1225, 'learning_rate': 2.335193022957548e-06, 'epoch': 21.93}
{'loss': 1.1357, 'learning_rate': 2.32374173216805e-06, 'epoch': 22.0}
{'loss': 1.1253, 'learning_rate': 2.3122904413785524e-06, 'epoch': 22.06}
{'loss': 1.115, 'learning_rate': 2.3008391505890547e-06, 'epoch': 22.12}
{'loss': 1.1395, 'learning_rate': 2.2893878597995565e-06, 'epoch': 22.19}
{'loss': 1.1559, 'learning_rate': 2.277959471591638e-06, 'epoch': 22.25}
{'loss': 1.1365, 'learning_rate': 2.26650818080214e-06, 'epoch': 22.32}
{'loss': 1.131, 'learning_rate': 2.2550797925942213e-06, 'epoch': 22.38}
{'loss': 1.0928, 'learning_rate': 2.2436285018047236e-06, 'epoch': 22.44}
{'loss': 1.1403, 'learning_rate': 2.232177211015226e-06, 'epoch': 22.51}
{'loss': 1.1197, 'learning_rate': 2.220748822807307e-06, 'epoch': 22.57}
{'loss': 1.1306, 'learning_rate': 2.2092975320178094e-06, 'epoch': 22.64}
{'loss': 1.1425, 'learning_rate': 2.1978462412283112e-06, 'epoch': 22.7}
{'loss': 1.1308, 'learning_rate': 2.186394950438814e-06, 'epoch': 22.77}
{'loss': 1.1191, 'learning_rate': 2.1749436596493158e-06, 'epoch': 22.83}
{'loss': 1.1341, 'learning_rate': 2.163492368859818e-06, 'epoch': 22.89}
{'loss': 1.1247, 'learning_rate': 2.1520410780703203e-06, 'epoch': 22.96}
{'loss': 1.1333, 'learning_rate': 2.1405897872808226e-06, 'epoch': 23.02}
{'loss': 1.1384, 'learning_rate': 2.129161399072904e-06, 'epoch': 23.09}
{'loss': 1.1325, 'learning_rate': 2.117710108283406e-06, 'epoch': 23.15}
{'loss': 1.1255, 'learning_rate': 2.106258817493908e-06, 'epoch': 23.21}
{'loss': 1.1304, 'learning_rate': 2.09480752670441e-06, 'epoch': 23.28}
{'loss': 1.123, 'learning_rate': 2.0833562359149125e-06, 'epoch': 23.34}
{'loss': 1.1103, 'learning_rate': 2.0719049451254147e-06, 'epoch': 23.41}
{'loss': 1.1297, 'learning_rate': 2.060476556917496e-06, 'epoch': 23.47}
{'loss': 1.1249, 'learning_rate': 2.049025266127998e-06, 'epoch': 23.53}
{'loss': 1.1115, 'learning_rate': 2.0375739753385005e-06, 'epoch': 23.6}
{'loss': 1.1307, 'learning_rate': 2.0261226845490024e-06, 'epoch': 23.66}
{'loss': 1.138, 'learning_rate': 2.0146713937595046e-06, 'epoch': 23.73}
{'loss': 1.1023, 'learning_rate': 2.003220102970007e-06, 'epoch': 23.79}
{'loss': 1.1291, 'learning_rate': 1.991791714762088e-06, 'epoch': 23.86}
{'loss': 1.1152, 'learning_rate': 1.9803404239725905e-06, 'epoch': 23.92}
{'loss': 1.1221, 'learning_rate': 1.9688891331830927e-06, 'epoch': 23.98}
{'loss': 1.1075, 'learning_rate': 1.9574378423935945e-06, 'epoch': 24.05}
{'loss': 1.119, 'learning_rate': 1.9459865516040972e-06, 'epoch': 24.11}
{'loss': 1.1113, 'learning_rate': 1.934535260814599e-06, 'epoch': 24.18}
{'loss': 1.1131, 'learning_rate': 1.9231068726066804e-06, 'epoch': 24.24}
{'loss': 1.125, 'learning_rate': 1.9116555818171826e-06, 'epoch': 24.3}
{'loss': 1.1025, 'learning_rate': 1.9002042910276847e-06, 'epoch': 24.37}
{'loss': 1.1092, 'learning_rate': 1.8887530002381871e-06, 'epoch': 24.43}
{'loss': 1.1145, 'learning_rate': 1.8773017094486892e-06, 'epoch': 24.5}
{'loss': 1.1056, 'learning_rate': 1.8658733212407703e-06, 'epoch': 24.56}
{'loss': 1.0928, 'learning_rate': 1.8544449330328516e-06, 'epoch': 24.62}
{'loss': 1.124, 'learning_rate': 1.8429936422433538e-06, 'epoch': 24.69}
{'loss': 1.1156, 'learning_rate': 1.831542351453856e-06, 'epoch': 24.75}
{'loss': 1.0885, 'learning_rate': 1.8200910606643581e-06, 'epoch': 24.82}
{'loss': 1.1222, 'learning_rate': 1.8086626724564394e-06, 'epoch': 24.88}
{'loss': 1.0914, 'learning_rate': 1.7972113816669417e-06, 'epoch': 24.95}
{'loss': 1.1321, 'learning_rate': 1.785760090877444e-06, 'epoch': 25.01}
{'loss': 1.1211, 'learning_rate': 1.774308800087946e-06, 'epoch': 25.07}
{'loss': 1.0874, 'learning_rate': 1.7628575092984483e-06, 'epoch': 25.14}
{'loss': 1.1028, 'learning_rate': 1.7514062185089505e-06, 'epoch': 25.2}
{'loss': 1.1061, 'learning_rate': 1.7399549277194528e-06, 'epoch': 25.27}
{'loss': 1.1075, 'learning_rate': 1.7285036369299548e-06, 'epoch': 25.33}
{'loss': 1.1113, 'learning_rate': 1.717052346140457e-06, 'epoch': 25.39}
{'loss': 1.0782, 'learning_rate': 1.7056010553509594e-06, 'epoch': 25.46}
{'loss': 1.1011, 'learning_rate': 1.6941497645614616e-06, 'epoch': 25.52}
{'loss': 1.0839, 'learning_rate': 1.6826984737719637e-06, 'epoch': 25.59}
{'loss': 1.1123, 'learning_rate': 1.671247182982466e-06, 'epoch': 25.65}
{'loss': 1.1035, 'learning_rate': 1.659818794774547e-06, 'epoch': 25.72}
{'loss': 1.1169, 'learning_rate': 1.6483675039850495e-06, 'epoch': 25.78}
{'loss': 1.0871, 'learning_rate': 1.6369162131955515e-06, 'epoch': 25.84}
{'loss': 1.1107, 'learning_rate': 1.6254649224060538e-06, 'epoch': 25.91}
{'loss': 1.1034, 'learning_rate': 1.6140136316165558e-06, 'epoch': 25.97}
{'loss': 1.1272, 'learning_rate': 1.6025852434086373e-06, 'epoch': 26.04}
{'loss': 1.1067, 'learning_rate': 1.5911339526191394e-06, 'epoch': 26.1}
{'loss': 1.0986, 'learning_rate': 1.5797055644112205e-06, 'epoch': 26.16}
{'loss': 1.0861, 'learning_rate': 1.5682542736217227e-06, 'epoch': 26.23}
{'loss': 1.0988, 'learning_rate': 1.556802982832225e-06, 'epoch': 26.29}
{'loss': 1.0924, 'learning_rate': 1.5453516920427273e-06, 'epoch': 26.36}
{'loss': 1.0876, 'learning_rate': 1.5339004012532293e-06, 'epoch': 26.42}
{'loss': 1.0904, 'learning_rate': 1.5224491104637316e-06, 'epoch': 26.48}
{'loss': 1.0848, 'learning_rate': 1.5109978196742338e-06, 'epoch': 26.55}
{'loss': 1.1003, 'learning_rate': 1.499546528884736e-06, 'epoch': 26.61}
{'loss': 1.128, 'learning_rate': 1.4880952380952381e-06, 'epoch': 26.68}
{'loss': 1.0904, 'learning_rate': 1.4766668498873194e-06, 'epoch': 26.74}
{'loss': 1.0906, 'learning_rate': 1.4652155590978217e-06, 'epoch': 26.81}
{'loss': 1.1044, 'learning_rate': 1.453764268308324e-06, 'epoch': 26.87}
{'loss': 1.1122, 'learning_rate': 1.442312977518826e-06, 'epoch': 26.93}
{'loss': 1.0876, 'learning_rate': 1.430884589310907e-06, 'epoch': 27.0}
{'loss': 1.0958, 'learning_rate': 1.4194332985214093e-06, 'epoch': 27.06}
{'loss': 1.1114, 'learning_rate': 1.4079820077319118e-06, 'epoch': 27.13}
{'loss': 1.0876, 'learning_rate': 1.3965536195239929e-06, 'epoch': 27.19}
{'loss': 1.0691, 'learning_rate': 1.385102328734495e-06, 'epoch': 27.25}
{'loss': 1.1083, 'learning_rate': 1.3736510379449972e-06, 'epoch': 27.32}
{'loss': 1.0682, 'learning_rate': 1.3621997471554997e-06, 'epoch': 27.38}
{'loss': 1.0852, 'learning_rate': 1.3507484563660017e-06, 'epoch': 27.45}
{'loss': 1.0973, 'learning_rate': 1.3392971655765038e-06, 'epoch': 27.51}
{'loss': 1.0997, 'learning_rate': 1.327845874787006e-06, 'epoch': 27.57}
{'loss': 1.0967, 'learning_rate': 1.3163945839975085e-06, 'epoch': 27.64}
{'loss': 1.0943, 'learning_rate': 1.3049432932080106e-06, 'epoch': 27.7}
{'loss': 1.0662, 'learning_rate': 1.2934920024185126e-06, 'epoch': 27.77}
{'loss': 1.1167, 'learning_rate': 1.2820407116290149e-06, 'epoch': 27.83}
{'loss': 1.0907, 'learning_rate': 1.2705894208395173e-06, 'epoch': 27.9}
{'loss': 1.1008, 'learning_rate': 1.2591381300500194e-06, 'epoch': 27.96}
{'loss': 1.0833, 'learning_rate': 1.2476868392605214e-06, 'epoch': 28.02}
{'loss': 1.1085, 'learning_rate': 1.236235548471024e-06, 'epoch': 28.09}
{'loss': 1.087, 'learning_rate': 1.224784257681526e-06, 'epoch': 28.15}
{'loss': 1.0882, 'learning_rate': 1.2133329668920282e-06, 'epoch': 28.22}
{'loss': 1.1028, 'learning_rate': 1.2019045786841093e-06, 'epoch': 28.28}
{'loss': 1.0853, 'learning_rate': 1.1904532878946116e-06, 'epoch': 28.34}
{'loss': 1.0972, 'learning_rate': 1.1790019971051138e-06, 'epoch': 28.41}
{'loss': 1.076, 'learning_rate': 1.1675507063156159e-06, 'epoch': 28.47}
{'loss': 1.0955, 'learning_rate': 1.1560994155261181e-06, 'epoch': 28.54}
{'loss': 1.0647, 'learning_rate': 1.1446710273181994e-06, 'epoch': 28.6}
{'loss': 1.0751, 'learning_rate': 1.1332197365287017e-06, 'epoch': 28.66}
{'loss': 1.0884, 'learning_rate': 1.1217684457392037e-06, 'epoch': 28.73}
{'loss': 1.0744, 'learning_rate': 1.110317154949706e-06, 'epoch': 28.79}
{'loss': 1.0979, 'learning_rate': 1.0988658641602083e-06, 'epoch': 28.86}
{'loss': 1.0862, 'learning_rate': 1.0874145733707105e-06, 'epoch': 28.92}
{'loss': 1.0868, 'learning_rate': 1.0759632825812126e-06, 'epoch': 28.99}
{'loss': 1.0946, 'learning_rate': 1.0645119917917148e-06, 'epoch': 29.05}
{'loss': 1.0876, 'learning_rate': 1.0530836035837961e-06, 'epoch': 29.11}
{'loss': 1.0775, 'learning_rate': 1.0416552153758772e-06, 'epoch': 29.18}
{'loss': 1.077, 'learning_rate': 1.0302039245863795e-06, 'epoch': 29.24}
{'loss': 1.073, 'learning_rate': 1.0187526337968817e-06, 'epoch': 29.31}
{'loss': 1.0758, 'learning_rate': 1.0073242455889628e-06, 'epoch': 29.37}
{'loss': 1.0558, 'learning_rate': 9.95872954799465e-07, 'epoch': 29.43}
{'loss': 1.0675, 'learning_rate': 9.844216640099673e-07, 'epoch': 29.5}
{'loss': 1.0795, 'learning_rate': 9.729703732204696e-07, 'epoch': 29.56}
{'loss': 1.0886, 'learning_rate': 9.615190824309716e-07, 'epoch': 29.63}
{'loss': 1.0519, 'learning_rate': 9.500677916414738e-07, 'epoch': 29.69}
{'loss': 1.0846, 'learning_rate': 9.386165008519762e-07, 'epoch': 29.76}
{'loss': 1.0583, 'learning_rate': 9.271652100624782e-07, 'epoch': 29.82}
{'loss': 1.0821, 'learning_rate': 9.157139192729806e-07, 'epoch': 29.88}
{'loss': 1.0937, 'learning_rate': 9.042855310650617e-07, 'epoch': 29.95}
{'loss': 1.0673, 'learning_rate': 8.928571428571429e-07, 'epoch': 30.01}
{'loss': 1.0726, 'learning_rate': 8.814058520676451e-07, 'epoch': 30.08}
{'loss': 1.0547, 'learning_rate': 8.699545612781474e-07, 'epoch': 30.14}
{'loss': 1.0707, 'learning_rate': 8.585032704886495e-07, 'epoch': 30.2}
{'loss': 1.0786, 'learning_rate': 8.470519796991518e-07, 'epoch': 30.27}
{'loss': 1.083, 'learning_rate': 8.356006889096539e-07, 'epoch': 30.33}
{'loss': 1.0705, 'learning_rate': 8.241493981201562e-07, 'epoch': 30.4}
{'loss': 1.0597, 'learning_rate': 8.127210099122374e-07, 'epoch': 30.46}
{'loss': 1.0625, 'learning_rate': 8.012697191227396e-07, 'epoch': 30.52}
{'loss': 1.0861, 'learning_rate': 7.898184283332418e-07, 'epoch': 30.59}
{'loss': 1.0706, 'learning_rate': 7.783671375437441e-07, 'epoch': 30.65}
{'loss': 1.0868, 'learning_rate': 7.669158467542462e-07, 'epoch': 30.72}
{'loss': 1.0814, 'learning_rate': 7.554645559647485e-07, 'epoch': 30.78}
{'loss': 1.0743, 'learning_rate': 7.440361677568296e-07, 'epoch': 30.85}
{'loss': 1.0704, 'learning_rate': 7.325848769673319e-07, 'epoch': 30.91}
{'loss': 1.0731, 'learning_rate': 7.21133586177834e-07, 'epoch': 30.97}
{'loss': 1.0619, 'learning_rate': 7.096822953883361e-07, 'epoch': 31.04}
{'loss': 1.0694, 'learning_rate': 6.982539071804174e-07, 'epoch': 31.1}
{'loss': 1.0573, 'learning_rate': 6.868026163909196e-07, 'epoch': 31.17}
{'loss': 1.0544, 'learning_rate': 6.753513256014218e-07, 'epoch': 31.23}
{'loss': 1.0791, 'learning_rate': 6.63900034811924e-07, 'epoch': 31.29}
{'loss': 1.0563, 'learning_rate': 6.524487440224262e-07, 'epoch': 31.36}
{'loss': 1.0493, 'learning_rate': 6.409974532329284e-07, 'epoch': 31.42}
{'loss': 1.0522, 'learning_rate': 6.295461624434307e-07, 'epoch': 31.49}
{'loss': 1.0819, 'learning_rate': 6.180948716539329e-07, 'epoch': 31.55}
{'loss': 1.0665, 'learning_rate': 6.066435808644351e-07, 'epoch': 31.61}
{'loss': 1.0643, 'learning_rate': 5.951922900749373e-07, 'epoch': 31.68}
{'loss': 1.0744, 'learning_rate': 5.837409992854395e-07, 'epoch': 31.74}
{'loss': 1.081, 'learning_rate': 5.723126110775207e-07, 'epoch': 31.81}
{'loss': 1.0562, 'learning_rate': 5.608613202880228e-07, 'epoch': 31.87}
{'loss': 1.0512, 'learning_rate': 5.494100294985251e-07, 'epoch': 31.94}
{'loss': 1.0525, 'learning_rate': 5.379587387090273e-07, 'epoch': 32.0}
{'loss': 1.0656, 'learning_rate': 5.265074479195295e-07, 'epoch': 32.06}
{'loss': 1.0602, 'learning_rate': 5.150561571300317e-07, 'epoch': 32.13}
{'loss': 1.0837, 'learning_rate': 5.03627768922113e-07, 'epoch': 32.19}
{'loss': 1.0616, 'learning_rate': 4.921764781326151e-07, 'epoch': 32.26}
{'loss': 1.0694, 'learning_rate': 4.807251873431174e-07, 'epoch': 32.32}
{'loss': 1.0645, 'learning_rate': 4.6927389655361953e-07, 'epoch': 32.38}
{'loss': 1.0648, 'learning_rate': 4.578226057641218e-07, 'epoch': 32.45}
{'loss': 1.0745, 'learning_rate': 4.46371314974624e-07, 'epoch': 32.51}
{'loss': 1.0537, 'learning_rate': 4.349200241851262e-07, 'epoch': 32.58}
{'loss': 1.0602, 'learning_rate': 4.234687333956284e-07, 'epoch': 32.64}
{'loss': 1.0815, 'learning_rate': 4.1201744260613063e-07, 'epoch': 32.7}
{'loss': 1.0663, 'learning_rate': 4.0056615181663284e-07, 'epoch': 32.77}
{'loss': 1.0635, 'learning_rate': 3.8911486102713504e-07, 'epoch': 32.83}
{'loss': 1.0785, 'learning_rate': 3.7766357023763725e-07, 'epoch': 32.9}
{'loss': 1.0664, 'learning_rate': 3.6623518202971844e-07, 'epoch': 32.96}
{'loss': 1.0815, 'learning_rate': 3.5478389124022065e-07, 'epoch': 33.03}
{'loss': 1.0755, 'learning_rate': 3.433555030323019e-07, 'epoch': 33.09}
{'loss': 1.0538, 'learning_rate': 3.31904212242804e-07, 'epoch': 33.15}
{'loss': 1.071, 'learning_rate': 3.204529214533062e-07, 'epoch': 33.22}
{'loss': 1.0634, 'learning_rate': 3.0900163066380846e-07, 'epoch': 33.28}
{'loss': 1.0716, 'learning_rate': 2.9755033987431066e-07, 'epoch': 33.35}
{'loss': 1.0724, 'learning_rate': 2.8609904908481287e-07, 'epoch': 33.41}
{'loss': 1.0879, 'learning_rate': 2.7467066087689406e-07, 'epoch': 33.47}
{'loss': 1.0481, 'learning_rate': 2.6321937008739627e-07, 'epoch': 33.54}
{'loss': 1.0462, 'learning_rate': 2.517680792978985e-07, 'epoch': 33.6}
{'loss': 1.0778, 'learning_rate': 2.403167885084007e-07, 'epoch': 33.67}
{'loss': 1.0488, 'learning_rate': 2.288654977189029e-07, 'epoch': 33.73}
{'loss': 1.0617, 'learning_rate': 2.174142069294051e-07, 'epoch': 33.8}
{'loss': 1.0435, 'learning_rate': 2.059629161399073e-07, 'epoch': 33.86}
{'loss': 1.0442, 'learning_rate': 1.9453452793198852e-07, 'epoch': 33.92}
{'loss': 1.0462, 'learning_rate': 1.8310613972406973e-07, 'epoch': 33.99}
{'loss': 1.0508, 'learning_rate': 1.7165484893457194e-07, 'epoch': 34.05}
{'loss': 1.07, 'learning_rate': 1.6020355814507415e-07, 'epoch': 34.12}
{'loss': 1.0766, 'learning_rate': 1.4875226735557633e-07, 'epoch': 34.18}
{'loss': 1.0562, 'learning_rate': 1.3730097656607854e-07, 'epoch': 34.24}
{'loss': 1.0786, 'learning_rate': 1.2584968577658074e-07, 'epoch': 34.31}
{'loss': 1.0681, 'learning_rate': 1.1439839498708295e-07, 'epoch': 34.37}
{'loss': 1.0448, 'learning_rate': 1.0294710419758516e-07, 'epoch': 34.44}
{'loss': 1.0335, 'learning_rate': 9.149581340808737e-08, 'epoch': 34.5}
{'loss': 1.0488, 'learning_rate': 8.006742520016857e-08, 'epoch': 34.56}
{'loss': 1.0506, 'learning_rate': 6.861613441067078e-08, 'epoch': 34.63}
{'loss': 1.066, 'learning_rate': 5.7164843621172984e-08, 'epoch': 34.69}
{'loss': 1.0547, 'learning_rate': 4.571355283167519e-08, 'epoch': 34.76}
{'loss': 1.0699, 'learning_rate': 3.42622620421774e-08, 'epoch': 34.82}
{'loss': 1.0692, 'learning_rate': 2.2810971252679605e-08, 'epoch': 34.89}
{'loss': 1.0313, 'learning_rate': 1.1359680463181812e-08, 'epoch': 34.95}
{'train_runtime': 206196.5627, 'train_samples_per_second': 2.647, 'train_steps_per_second': 1.323, 'train_loss': 1.586001347208576, 'epoch': 35.0}
FINISH
